[2023-09-04T23:57:49.604-0300] {taskinstance.py:1103} INFO - Dependencies all met for dep_context=non-requeueable deps ti=<TaskInstance: Investimento_api_crypto.Extracao_Invest_crypto manual__2023-09-05T02:57:47.330198+00:00 [queued]>
[2023-09-04T23:57:49.612-0300] {taskinstance.py:1103} INFO - Dependencies all met for dep_context=requeueable deps ti=<TaskInstance: Investimento_api_crypto.Extracao_Invest_crypto manual__2023-09-05T02:57:47.330198+00:00 [queued]>
[2023-09-04T23:57:49.613-0300] {taskinstance.py:1308} INFO - Starting attempt 1 of 1
[2023-09-04T23:57:49.628-0300] {taskinstance.py:1327} INFO - Executing <Task(SparkSubmitOperator): Extracao_Invest_crypto> on 2023-09-05 02:57:47.330198+00:00
[2023-09-04T23:57:49.631-0300] {standard_task_runner.py:57} INFO - Started process 5499 to run task
[2023-09-04T23:57:49.635-0300] {standard_task_runner.py:84} INFO - Running: ['airflow', 'tasks', 'run', 'Investimento_api_crypto', 'Extracao_Invest_crypto', 'manual__2023-09-05T02:57:47.330198+00:00', '--job-id', '163', '--raw', '--subdir', 'DAGS_FOLDER/dag_crypto.py', '--cfg-path', '/tmp/tmpbjqxxnmw']
[2023-09-04T23:57:49.636-0300] {standard_task_runner.py:85} INFO - Job 163: Subtask Extracao_Invest_crypto
[2023-09-04T23:57:49.777-0300] {task_command.py:410} INFO - Running <TaskInstance: Investimento_api_crypto.Extracao_Invest_crypto manual__2023-09-05T02:57:47.330198+00:00 [running]> on host VMEnricolm.myguest.virtualbox.org
[2023-09-04T23:57:50.011-0300] {taskinstance.py:1545} INFO - Exporting env vars: AIRFLOW_CTX_DAG_OWNER='airflow' AIRFLOW_CTX_DAG_ID='Investimento_api_crypto' AIRFLOW_CTX_TASK_ID='Extracao_Invest_crypto' AIRFLOW_CTX_EXECUTION_DATE='2023-09-05T02:57:47.330198+00:00' AIRFLOW_CTX_TRY_NUMBER='1' AIRFLOW_CTX_DAG_RUN_ID='manual__2023-09-05T02:57:47.330198+00:00'
[2023-09-04T23:57:50.032-0300] {base.py:73} INFO - Using connection ID 'spark_default' for task execution.
[2023-09-04T23:57:50.034-0300] {spark_submit.py:340} INFO - Spark-Submit cmd: spark-submit --master local --name Extracao_Invest_crypto --queue root.default /home/enricolm/Documents/Sprinklr_Airflow/dadosvm/Airflow_Investimento/Scripts/Operators/Raw_Operators_crypto.py
[2023-09-04T23:57:59.755-0300] {spark_submit.py:491} INFO - 23/09/04 23:57:59 WARN Utils: Your hostname, VMEnricolm resolves to a loopback address: 127.0.1.1; using 192.168.0.53 instead (on interface enp0s3)
[2023-09-04T23:57:59.769-0300] {spark_submit.py:491} INFO - 23/09/04 23:57:59 WARN Utils: Set SPARK_LOCAL_IP if you need to bind to another address
[2023-09-04T23:58:13.704-0300] {spark_submit.py:491} INFO - 23/09/04 23:58:13 INFO SparkContext: Running Spark version 3.4.1
[2023-09-04T23:58:14.113-0300] {spark_submit.py:491} INFO - 23/09/04 23:58:14 WARN NativeCodeLoader: Unable to load native-hadoop library for your platform... using builtin-java classes where applicable
[2023-09-04T23:58:14.455-0300] {spark_submit.py:491} INFO - 23/09/04 23:58:14 INFO ResourceUtils: ==============================================================
[2023-09-04T23:58:14.456-0300] {spark_submit.py:491} INFO - 23/09/04 23:58:14 INFO ResourceUtils: No custom resources configured for spark.driver.
[2023-09-04T23:58:14.456-0300] {spark_submit.py:491} INFO - 23/09/04 23:58:14 INFO ResourceUtils: ==============================================================
[2023-09-04T23:58:14.456-0300] {spark_submit.py:491} INFO - 23/09/04 23:58:14 INFO SparkContext: Submitted application: extracao_Finance
[2023-09-04T23:58:14.543-0300] {spark_submit.py:491} INFO - 23/09/04 23:58:14 INFO ResourceProfile: Default ResourceProfile created, executor resources: Map(cores -> name: cores, amount: 1, script: , vendor: , memory -> name: memory, amount: 1024, script: , vendor: , offHeap -> name: offHeap, amount: 0, script: , vendor: ), task resources: Map(cpus -> name: cpus, amount: 1.0)
[2023-09-04T23:58:14.552-0300] {spark_submit.py:491} INFO - 23/09/04 23:58:14 INFO ResourceProfile: Limiting resource is cpu
[2023-09-04T23:58:14.554-0300] {spark_submit.py:491} INFO - 23/09/04 23:58:14 INFO ResourceProfileManager: Added ResourceProfile id: 0
[2023-09-04T23:58:14.851-0300] {spark_submit.py:491} INFO - 23/09/04 23:58:14 INFO SecurityManager: Changing view acls to: enricolm
[2023-09-04T23:58:14.853-0300] {spark_submit.py:491} INFO - 23/09/04 23:58:14 INFO SecurityManager: Changing modify acls to: enricolm
[2023-09-04T23:58:14.853-0300] {spark_submit.py:491} INFO - 23/09/04 23:58:14 INFO SecurityManager: Changing view acls groups to:
[2023-09-04T23:58:14.853-0300] {spark_submit.py:491} INFO - 23/09/04 23:58:14 INFO SecurityManager: Changing modify acls groups to:
[2023-09-04T23:58:14.854-0300] {spark_submit.py:491} INFO - 23/09/04 23:58:14 INFO SecurityManager: SecurityManager: authentication disabled; ui acls disabled; users with view permissions: enricolm; groups with view permissions: EMPTY; users with modify permissions: enricolm; groups with modify permissions: EMPTY
[2023-09-04T23:58:15.494-0300] {spark_submit.py:491} INFO - 23/09/04 23:58:15 INFO Utils: Successfully started service 'sparkDriver' on port 33029.
[2023-09-04T23:58:15.591-0300] {spark_submit.py:491} INFO - 23/09/04 23:58:15 INFO SparkEnv: Registering MapOutputTracker
[2023-09-04T23:58:15.674-0300] {spark_submit.py:491} INFO - 23/09/04 23:58:15 INFO SparkEnv: Registering BlockManagerMaster
[2023-09-04T23:58:15.724-0300] {spark_submit.py:491} INFO - 23/09/04 23:58:15 INFO BlockManagerMasterEndpoint: Using org.apache.spark.storage.DefaultTopologyMapper for getting topology information
[2023-09-04T23:58:15.725-0300] {spark_submit.py:491} INFO - 23/09/04 23:58:15 INFO BlockManagerMasterEndpoint: BlockManagerMasterEndpoint up
[2023-09-04T23:58:15.760-0300] {spark_submit.py:491} INFO - 23/09/04 23:58:15 INFO SparkEnv: Registering BlockManagerMasterHeartbeat
[2023-09-04T23:58:15.839-0300] {spark_submit.py:491} INFO - 23/09/04 23:58:15 INFO DiskBlockManager: Created local directory at /tmp/blockmgr-252e2b2d-17ef-40fb-87e4-46fdf8979a91
[2023-09-04T23:58:15.877-0300] {spark_submit.py:491} INFO - 23/09/04 23:58:15 INFO MemoryStore: MemoryStore started with capacity 434.4 MiB
[2023-09-04T23:58:15.942-0300] {spark_submit.py:491} INFO - 23/09/04 23:58:15 INFO SparkEnv: Registering OutputCommitCoordinator
[2023-09-04T23:58:16.442-0300] {spark_submit.py:491} INFO - 23/09/04 23:58:16 INFO JettyUtils: Start Jetty 0.0.0.0:4040 for SparkUI
[2023-09-04T23:58:16.605-0300] {spark_submit.py:491} INFO - 23/09/04 23:58:16 INFO Utils: Successfully started service 'SparkUI' on port 4040.
[2023-09-04T23:58:16.872-0300] {spark_submit.py:491} INFO - 23/09/04 23:58:16 INFO Executor: Starting executor ID driver on host 192.168.0.53
[2023-09-04T23:58:16.881-0300] {spark_submit.py:491} INFO - 23/09/04 23:58:16 INFO Executor: Starting executor with user classpath (userClassPathFirst = false): ''
[2023-09-04T23:58:17.022-0300] {spark_submit.py:491} INFO - 23/09/04 23:58:17 INFO Utils: Successfully started service 'org.apache.spark.network.netty.NettyBlockTransferService' on port 36827.
[2023-09-04T23:58:17.022-0300] {spark_submit.py:491} INFO - 23/09/04 23:58:17 INFO NettyBlockTransferService: Server created on 192.168.0.53:36827
[2023-09-04T23:58:17.027-0300] {spark_submit.py:491} INFO - 23/09/04 23:58:17 INFO BlockManager: Using org.apache.spark.storage.RandomBlockReplicationPolicy for block replication policy
[2023-09-04T23:58:17.058-0300] {spark_submit.py:491} INFO - 23/09/04 23:58:17 INFO BlockManagerMaster: Registering BlockManager BlockManagerId(driver, 192.168.0.53, 36827, None)
[2023-09-04T23:58:17.089-0300] {spark_submit.py:491} INFO - 23/09/04 23:58:17 INFO BlockManagerMasterEndpoint: Registering block manager 192.168.0.53:36827 with 434.4 MiB RAM, BlockManagerId(driver, 192.168.0.53, 36827, None)
[2023-09-04T23:58:17.093-0300] {spark_submit.py:491} INFO - 23/09/04 23:58:17 INFO BlockManagerMaster: Registered BlockManager BlockManagerId(driver, 192.168.0.53, 36827, None)
[2023-09-04T23:58:17.094-0300] {spark_submit.py:491} INFO - 23/09/04 23:58:17 INFO BlockManager: Initialized BlockManager: BlockManagerId(driver, 192.168.0.53, 36827, None)
[2023-09-04T23:58:18.057-0300] {spark_submit.py:491} INFO - Criando pasta
[2023-09-04T23:58:21.211-0300] {spark_submit.py:491} INFO - 23/09/04 23:58:21 INFO SharedState: Setting hive.metastore.warehouse.dir ('null') to the value of spark.sql.warehouse.dir.
[2023-09-04T23:58:21.222-0300] {spark_submit.py:491} INFO - 23/09/04 23:58:21 INFO SharedState: Warehouse path is 'file:/home/enricolm/Documents/Sprinklr_Airflow/dadosvm/Airflow_Investimento/spark-warehouse'.
[2023-09-04T23:58:28.915-0300] {spark_submit.py:491} INFO - 23/09/04 23:58:28 INFO HashAggregateExec: spark.sql.codegen.aggregate.map.twolevel.enabled is set to true, but current version of codegened fast hashmap does not support this aggregate.
[2023-09-04T23:58:29.410-0300] {spark_submit.py:491} INFO - 23/09/04 23:58:29 INFO CodeGenerator: Code generated in 396.691712 ms
[2023-09-04T23:58:29.630-0300] {spark_submit.py:491} INFO - 23/09/04 23:58:29 INFO DAGScheduler: Registering RDD 6 (isEmpty at NativeMethodAccessorImpl.java:0) as input to shuffle 0
[2023-09-04T23:58:29.663-0300] {spark_submit.py:491} INFO - 23/09/04 23:58:29 INFO DAGScheduler: Got map stage job 0 (isEmpty at NativeMethodAccessorImpl.java:0) with 1 output partitions
[2023-09-04T23:58:29.663-0300] {spark_submit.py:491} INFO - 23/09/04 23:58:29 INFO DAGScheduler: Final stage: ShuffleMapStage 0 (isEmpty at NativeMethodAccessorImpl.java:0)
[2023-09-04T23:58:29.664-0300] {spark_submit.py:491} INFO - 23/09/04 23:58:29 INFO DAGScheduler: Parents of final stage: List()
[2023-09-04T23:58:29.671-0300] {spark_submit.py:491} INFO - 23/09/04 23:58:29 INFO DAGScheduler: Missing parents: List()
[2023-09-04T23:58:29.692-0300] {spark_submit.py:491} INFO - 23/09/04 23:58:29 INFO DAGScheduler: Submitting ShuffleMapStage 0 (MapPartitionsRDD[6] at isEmpty at NativeMethodAccessorImpl.java:0), which has no missing parents
[2023-09-04T23:58:29.969-0300] {spark_submit.py:491} INFO - 23/09/04 23:58:29 INFO MemoryStore: Block broadcast_0 stored as values in memory (estimated size 30.6 KiB, free 434.4 MiB)
[2023-09-04T23:58:30.063-0300] {spark_submit.py:491} INFO - 23/09/04 23:58:30 INFO MemoryStore: Block broadcast_0_piece0 stored as bytes in memory (estimated size 14.2 KiB, free 434.4 MiB)
[2023-09-04T23:58:30.065-0300] {spark_submit.py:491} INFO - 23/09/04 23:58:30 INFO BlockManagerInfo: Added broadcast_0_piece0 in memory on 192.168.0.53:36827 (size: 14.2 KiB, free: 434.4 MiB)
[2023-09-04T23:58:30.071-0300] {spark_submit.py:491} INFO - 23/09/04 23:58:30 INFO SparkContext: Created broadcast 0 from broadcast at DAGScheduler.scala:1535
[2023-09-04T23:58:30.113-0300] {spark_submit.py:491} INFO - 23/09/04 23:58:30 INFO DAGScheduler: Submitting 1 missing tasks from ShuffleMapStage 0 (MapPartitionsRDD[6] at isEmpty at NativeMethodAccessorImpl.java:0) (first 15 tasks are for partitions Vector(0))
[2023-09-04T23:58:30.114-0300] {spark_submit.py:491} INFO - 23/09/04 23:58:30 INFO TaskSchedulerImpl: Adding task set 0.0 with 1 tasks resource profile 0
[2023-09-04T23:58:30.296-0300] {spark_submit.py:491} INFO - 23/09/04 23:58:30 INFO TaskSetManager: Starting task 0.0 in stage 0.0 (TID 0) (192.168.0.53, executor driver, partition 0, PROCESS_LOCAL, 20208 bytes)
[2023-09-04T23:58:30.355-0300] {spark_submit.py:491} INFO - 23/09/04 23:58:30 INFO Executor: Running task 0.0 in stage 0.0 (TID 0)
[2023-09-04T23:58:31.412-0300] {spark_submit.py:491} INFO - 23/09/04 23:58:31 INFO CodeGenerator: Code generated in 30.597654 ms
[2023-09-04T23:58:31.449-0300] {spark_submit.py:491} INFO - 23/09/04 23:58:31 INFO CodeGenerator: Code generated in 6.497151 ms
[2023-09-04T23:58:31.450-0300] {spark_submit.py:491} INFO - 23/09/04 23:58:31 INFO CodeGenerator: Code generated in 7.571004 ms
[2023-09-04T23:58:31.649-0300] {spark_submit.py:491} INFO - 23/09/04 23:58:31 INFO PythonRunner: Times: total = 895, boot = 733, init = 162, finish = 0
[2023-09-04T23:58:32.168-0300] {spark_submit.py:491} INFO - 23/09/04 23:58:32 INFO Executor: Finished task 0.0 in stage 0.0 (TID 0). 3014 bytes result sent to driver
[2023-09-04T23:58:32.238-0300] {spark_submit.py:491} INFO - 23/09/04 23:58:32 INFO TaskSetManager: Finished task 0.0 in stage 0.0 (TID 0) in 1967 ms on 192.168.0.53 (executor driver) (1/1)
[2023-09-04T23:58:32.243-0300] {spark_submit.py:491} INFO - 23/09/04 23:58:32 INFO PythonAccumulatorV2: Connected to AccumulatorServer at host: 127.0.0.1 port: 36239
[2023-09-04T23:58:32.248-0300] {spark_submit.py:491} INFO - 23/09/04 23:58:32 INFO TaskSchedulerImpl: Removed TaskSet 0.0, whose tasks have all completed, from pool
[2023-09-04T23:58:32.277-0300] {spark_submit.py:491} INFO - 23/09/04 23:58:32 INFO DAGScheduler: ShuffleMapStage 0 (isEmpty at NativeMethodAccessorImpl.java:0) finished in 2,520 s
[2023-09-04T23:58:32.283-0300] {spark_submit.py:491} INFO - 23/09/04 23:58:32 INFO DAGScheduler: looking for newly runnable stages
[2023-09-04T23:58:32.284-0300] {spark_submit.py:491} INFO - 23/09/04 23:58:32 INFO DAGScheduler: running: HashSet()
[2023-09-04T23:58:32.289-0300] {spark_submit.py:491} INFO - 23/09/04 23:58:32 INFO DAGScheduler: waiting: HashSet()
[2023-09-04T23:58:32.290-0300] {spark_submit.py:491} INFO - 23/09/04 23:58:32 INFO DAGScheduler: failed: HashSet()
[2023-09-04T23:58:32.329-0300] {spark_submit.py:491} INFO - 23/09/04 23:58:32 INFO ShufflePartitionsUtil: For shuffle(0), advisory target size: 67108864, actual target size 1048576, minimum partition size: 1048576
[2023-09-04T23:58:32.358-0300] {spark_submit.py:491} INFO - 23/09/04 23:58:32 INFO HashAggregateExec: spark.sql.codegen.aggregate.map.twolevel.enabled is set to true, but current version of codegened fast hashmap does not support this aggregate.
[2023-09-04T23:58:32.411-0300] {spark_submit.py:491} INFO - 23/09/04 23:58:32 INFO CodeGenerator: Code generated in 22.640865 ms
[2023-09-04T23:58:32.510-0300] {spark_submit.py:491} INFO - 23/09/04 23:58:32 INFO SparkContext: Starting job: isEmpty at NativeMethodAccessorImpl.java:0
[2023-09-04T23:58:32.517-0300] {spark_submit.py:491} INFO - 23/09/04 23:58:32 INFO DAGScheduler: Got job 1 (isEmpty at NativeMethodAccessorImpl.java:0) with 1 output partitions
[2023-09-04T23:58:32.517-0300] {spark_submit.py:491} INFO - 23/09/04 23:58:32 INFO DAGScheduler: Final stage: ResultStage 2 (isEmpty at NativeMethodAccessorImpl.java:0)
[2023-09-04T23:58:32.517-0300] {spark_submit.py:491} INFO - 23/09/04 23:58:32 INFO DAGScheduler: Parents of final stage: List(ShuffleMapStage 1)
[2023-09-04T23:58:32.517-0300] {spark_submit.py:491} INFO - 23/09/04 23:58:32 INFO DAGScheduler: Missing parents: List()
[2023-09-04T23:58:32.517-0300] {spark_submit.py:491} INFO - 23/09/04 23:58:32 INFO DAGScheduler: Submitting ResultStage 2 (MapPartitionsRDD[9] at isEmpty at NativeMethodAccessorImpl.java:0), which has no missing parents
[2023-09-04T23:58:32.564-0300] {spark_submit.py:491} INFO - 23/09/04 23:58:32 INFO MemoryStore: Block broadcast_1 stored as values in memory (estimated size 33.5 KiB, free 434.3 MiB)
[2023-09-04T23:58:32.608-0300] {spark_submit.py:491} INFO - 23/09/04 23:58:32 INFO MemoryStore: Block broadcast_1_piece0 stored as bytes in memory (estimated size 15.8 KiB, free 434.3 MiB)
[2023-09-04T23:58:32.608-0300] {spark_submit.py:491} INFO - 23/09/04 23:58:32 INFO BlockManagerInfo: Added broadcast_1_piece0 in memory on 192.168.0.53:36827 (size: 15.8 KiB, free: 434.4 MiB)
[2023-09-04T23:58:32.608-0300] {spark_submit.py:491} INFO - 23/09/04 23:58:32 INFO SparkContext: Created broadcast 1 from broadcast at DAGScheduler.scala:1535
[2023-09-04T23:58:32.610-0300] {spark_submit.py:491} INFO - 23/09/04 23:58:32 INFO DAGScheduler: Submitting 1 missing tasks from ResultStage 2 (MapPartitionsRDD[9] at isEmpty at NativeMethodAccessorImpl.java:0) (first 15 tasks are for partitions Vector(0))
[2023-09-04T23:58:32.611-0300] {spark_submit.py:491} INFO - 23/09/04 23:58:32 INFO TaskSchedulerImpl: Adding task set 2.0 with 1 tasks resource profile 0
[2023-09-04T23:58:32.619-0300] {spark_submit.py:491} INFO - 23/09/04 23:58:32 INFO TaskSetManager: Starting task 0.0 in stage 2.0 (TID 1) (192.168.0.53, executor driver, partition 0, NODE_LOCAL, 7437 bytes)
[2023-09-04T23:58:32.624-0300] {spark_submit.py:491} INFO - 23/09/04 23:58:32 INFO Executor: Running task 0.0 in stage 2.0 (TID 1)
[2023-09-04T23:58:32.775-0300] {spark_submit.py:491} INFO - 23/09/04 23:58:32 INFO ShuffleBlockFetcherIterator: Getting 1 (11.8 KiB) non-empty blocks including 1 (11.8 KiB) local and 0 (0.0 B) host-local and 0 (0.0 B) push-merged-local and 0 (0.0 B) remote blocks
[2023-09-04T23:58:32.778-0300] {spark_submit.py:491} INFO - 23/09/04 23:58:32 INFO ShuffleBlockFetcherIterator: Started 0 remote fetches in 15 ms
[2023-09-04T23:58:32.845-0300] {spark_submit.py:491} INFO - 23/09/04 23:58:32 INFO Executor: Finished task 0.0 in stage 2.0 (TID 1). 5358 bytes result sent to driver
[2023-09-04T23:58:32.849-0300] {spark_submit.py:491} INFO - 23/09/04 23:58:32 INFO TaskSetManager: Finished task 0.0 in stage 2.0 (TID 1) in 233 ms on 192.168.0.53 (executor driver) (1/1)
[2023-09-04T23:58:32.850-0300] {spark_submit.py:491} INFO - 23/09/04 23:58:32 INFO TaskSchedulerImpl: Removed TaskSet 2.0, whose tasks have all completed, from pool
[2023-09-04T23:58:32.851-0300] {spark_submit.py:491} INFO - 23/09/04 23:58:32 INFO DAGScheduler: ResultStage 2 (isEmpty at NativeMethodAccessorImpl.java:0) finished in 0,293 s
[2023-09-04T23:58:32.853-0300] {spark_submit.py:491} INFO - 23/09/04 23:58:32 INFO DAGScheduler: Job 1 is finished. Cancelling potential speculative or zombie tasks for this job
[2023-09-04T23:58:32.855-0300] {spark_submit.py:491} INFO - 23/09/04 23:58:32 INFO TaskSchedulerImpl: Killing all running tasks in stage 2: Stage finished
[2023-09-04T23:58:32.862-0300] {spark_submit.py:491} INFO - 23/09/04 23:58:32 INFO DAGScheduler: Job 1 finished: isEmpty at NativeMethodAccessorImpl.java:0, took 0,349931 s
[2023-09-04T23:58:33.124-0300] {spark_submit.py:491} INFO - 23/09/04 23:58:33 INFO CodeGenerator: Code generated in 76.171408 ms
[2023-09-04T23:58:33.146-0300] {spark_submit.py:491} INFO - 23/09/04 23:58:33 INFO DAGScheduler: Registering RDD 11 (toPandas at /home/enricolm/Documents/Sprinklr_Airflow/dadosvm/Airflow_Investimento/Scripts/Operators/Raw_Operators_crypto.py:60) as input to shuffle 1
[2023-09-04T23:58:33.146-0300] {spark_submit.py:491} INFO - 23/09/04 23:58:33 INFO DAGScheduler: Got map stage job 2 (toPandas at /home/enricolm/Documents/Sprinklr_Airflow/dadosvm/Airflow_Investimento/Scripts/Operators/Raw_Operators_crypto.py:60) with 1 output partitions
[2023-09-04T23:58:33.146-0300] {spark_submit.py:491} INFO - 23/09/04 23:58:33 INFO DAGScheduler: Final stage: ShuffleMapStage 3 (toPandas at /home/enricolm/Documents/Sprinklr_Airflow/dadosvm/Airflow_Investimento/Scripts/Operators/Raw_Operators_crypto.py:60)
[2023-09-04T23:58:33.147-0300] {spark_submit.py:491} INFO - 23/09/04 23:58:33 INFO DAGScheduler: Parents of final stage: List()
[2023-09-04T23:58:33.147-0300] {spark_submit.py:491} INFO - 23/09/04 23:58:33 INFO DAGScheduler: Missing parents: List()
[2023-09-04T23:58:33.153-0300] {spark_submit.py:491} INFO - 23/09/04 23:58:33 INFO DAGScheduler: Submitting ShuffleMapStage 3 (MapPartitionsRDD[11] at toPandas at /home/enricolm/Documents/Sprinklr_Airflow/dadosvm/Airflow_Investimento/Scripts/Operators/Raw_Operators_crypto.py:60), which has no missing parents
[2023-09-04T23:58:33.171-0300] {spark_submit.py:491} INFO - 23/09/04 23:58:33 INFO MemoryStore: Block broadcast_2 stored as values in memory (estimated size 53.3 KiB, free 434.3 MiB)
[2023-09-04T23:58:33.205-0300] {spark_submit.py:491} INFO - 23/09/04 23:58:33 INFO MemoryStore: Block broadcast_2_piece0 stored as bytes in memory (estimated size 21.9 KiB, free 434.2 MiB)
[2023-09-04T23:58:33.206-0300] {spark_submit.py:491} INFO - 23/09/04 23:58:33 INFO BlockManagerInfo: Added broadcast_2_piece0 in memory on 192.168.0.53:36827 (size: 21.9 KiB, free: 434.3 MiB)
[2023-09-04T23:58:33.266-0300] {spark_submit.py:491} INFO - 23/09/04 23:58:33 INFO SparkContext: Created broadcast 2 from broadcast at DAGScheduler.scala:1535
[2023-09-04T23:58:33.268-0300] {spark_submit.py:491} INFO - 23/09/04 23:58:33 INFO DAGScheduler: Submitting 1 missing tasks from ShuffleMapStage 3 (MapPartitionsRDD[11] at toPandas at /home/enricolm/Documents/Sprinklr_Airflow/dadosvm/Airflow_Investimento/Scripts/Operators/Raw_Operators_crypto.py:60) (first 15 tasks are for partitions Vector(0))
[2023-09-04T23:58:33.312-0300] {spark_submit.py:491} INFO - 23/09/04 23:58:33 INFO TaskSchedulerImpl: Adding task set 3.0 with 1 tasks resource profile 0
[2023-09-04T23:58:33.317-0300] {spark_submit.py:491} INFO - 23/09/04 23:58:33 INFO TaskSetManager: Starting task 0.0 in stage 3.0 (TID 2) (192.168.0.53, executor driver, partition 0, PROCESS_LOCAL, 20208 bytes)
[2023-09-04T23:58:33.318-0300] {spark_submit.py:491} INFO - 23/09/04 23:58:33 INFO Executor: Running task 0.0 in stage 3.0 (TID 2)
[2023-09-04T23:58:33.358-0300] {spark_submit.py:491} INFO - 23/09/04 23:58:33 INFO BlockManagerInfo: Removed broadcast_1_piece0 on 192.168.0.53:36827 in memory (size: 15.8 KiB, free: 434.4 MiB)
[2023-09-04T23:58:33.471-0300] {spark_submit.py:491} INFO - 23/09/04 23:58:33 INFO CodeGenerator: Code generated in 45.352526 ms
[2023-09-04T23:58:33.558-0300] {spark_submit.py:491} INFO - 23/09/04 23:58:33 INFO CodeGenerator: Code generated in 21.291597 ms
[2023-09-04T23:58:33.599-0300] {spark_submit.py:491} INFO - 23/09/04 23:58:33 INFO PythonRunner: Times: total = 134, boot = -1841, init = 1974, finish = 1
[2023-09-04T23:58:33.657-0300] {spark_submit.py:491} INFO - 23/09/04 23:58:33 INFO BlockManagerInfo: Removed broadcast_0_piece0 on 192.168.0.53:36827 in memory (size: 14.2 KiB, free: 434.4 MiB)
[2023-09-04T23:58:33.751-0300] {spark_submit.py:491} INFO - 23/09/04 23:58:33 INFO Executor: Finished task 0.0 in stage 3.0 (TID 2). 3014 bytes result sent to driver
[2023-09-04T23:58:33.774-0300] {spark_submit.py:491} INFO - 23/09/04 23:58:33 INFO TaskSetManager: Finished task 0.0 in stage 3.0 (TID 2) in 460 ms on 192.168.0.53 (executor driver) (1/1)
[2023-09-04T23:58:33.775-0300] {spark_submit.py:491} INFO - 23/09/04 23:58:33 INFO TaskSchedulerImpl: Removed TaskSet 3.0, whose tasks have all completed, from pool
[2023-09-04T23:58:33.776-0300] {spark_submit.py:491} INFO - 23/09/04 23:58:33 INFO DAGScheduler: ShuffleMapStage 3 (toPandas at /home/enricolm/Documents/Sprinklr_Airflow/dadosvm/Airflow_Investimento/Scripts/Operators/Raw_Operators_crypto.py:60) finished in 0,625 s
[2023-09-04T23:58:33.777-0300] {spark_submit.py:491} INFO - 23/09/04 23:58:33 INFO DAGScheduler: looking for newly runnable stages
[2023-09-04T23:58:33.777-0300] {spark_submit.py:491} INFO - 23/09/04 23:58:33 INFO DAGScheduler: running: HashSet()
[2023-09-04T23:58:33.777-0300] {spark_submit.py:491} INFO - 23/09/04 23:58:33 INFO DAGScheduler: waiting: HashSet()
[2023-09-04T23:58:33.777-0300] {spark_submit.py:491} INFO - 23/09/04 23:58:33 INFO DAGScheduler: failed: HashSet()
[2023-09-04T23:58:33.787-0300] {spark_submit.py:491} INFO - 23/09/04 23:58:33 INFO ShufflePartitionsUtil: For shuffle(1), advisory target size: 67108864, actual target size 1048576, minimum partition size: 1048576
[2023-09-04T23:58:33.800-0300] {spark_submit.py:491} INFO - 23/09/04 23:58:33 INFO HashAggregateExec: spark.sql.codegen.aggregate.map.twolevel.enabled is set to true, but current version of codegened fast hashmap does not support this aggregate.
[2023-09-04T23:58:33.974-0300] {spark_submit.py:491} INFO - 23/09/04 23:58:33 INFO CodeGenerator: Code generated in 103.320644 ms
[2023-09-04T23:58:34.005-0300] {spark_submit.py:491} INFO - 23/09/04 23:58:34 INFO SparkContext: Starting job: toPandas at /home/enricolm/Documents/Sprinklr_Airflow/dadosvm/Airflow_Investimento/Scripts/Operators/Raw_Operators_crypto.py:60
[2023-09-04T23:58:34.025-0300] {spark_submit.py:491} INFO - 23/09/04 23:58:34 INFO DAGScheduler: Got job 3 (toPandas at /home/enricolm/Documents/Sprinklr_Airflow/dadosvm/Airflow_Investimento/Scripts/Operators/Raw_Operators_crypto.py:60) with 1 output partitions
[2023-09-04T23:58:34.025-0300] {spark_submit.py:491} INFO - 23/09/04 23:58:34 INFO DAGScheduler: Final stage: ResultStage 5 (toPandas at /home/enricolm/Documents/Sprinklr_Airflow/dadosvm/Airflow_Investimento/Scripts/Operators/Raw_Operators_crypto.py:60)
[2023-09-04T23:58:34.026-0300] {spark_submit.py:491} INFO - 23/09/04 23:58:34 INFO DAGScheduler: Parents of final stage: List(ShuffleMapStage 4)
[2023-09-04T23:58:34.026-0300] {spark_submit.py:491} INFO - 23/09/04 23:58:34 INFO DAGScheduler: Missing parents: List()
[2023-09-04T23:58:34.027-0300] {spark_submit.py:491} INFO - 23/09/04 23:58:34 INFO DAGScheduler: Submitting ResultStage 5 (MapPartitionsRDD[14] at toPandas at /home/enricolm/Documents/Sprinklr_Airflow/dadosvm/Airflow_Investimento/Scripts/Operators/Raw_Operators_crypto.py:60), which has no missing parents
[2023-09-04T23:58:34.040-0300] {spark_submit.py:491} INFO - 23/09/04 23:58:34 INFO MemoryStore: Block broadcast_3 stored as values in memory (estimated size 59.1 KiB, free 434.3 MiB)
[2023-09-04T23:58:34.046-0300] {spark_submit.py:491} INFO - 23/09/04 23:58:34 INFO MemoryStore: Block broadcast_3_piece0 stored as bytes in memory (estimated size 22.9 KiB, free 434.2 MiB)
[2023-09-04T23:58:34.046-0300] {spark_submit.py:491} INFO - 23/09/04 23:58:34 INFO BlockManagerInfo: Added broadcast_3_piece0 in memory on 192.168.0.53:36827 (size: 22.9 KiB, free: 434.4 MiB)
[2023-09-04T23:58:34.053-0300] {spark_submit.py:491} INFO - 23/09/04 23:58:34 INFO SparkContext: Created broadcast 3 from broadcast at DAGScheduler.scala:1535
[2023-09-04T23:58:34.073-0300] {spark_submit.py:491} INFO - 23/09/04 23:58:34 INFO DAGScheduler: Submitting 1 missing tasks from ResultStage 5 (MapPartitionsRDD[14] at toPandas at /home/enricolm/Documents/Sprinklr_Airflow/dadosvm/Airflow_Investimento/Scripts/Operators/Raw_Operators_crypto.py:60) (first 15 tasks are for partitions Vector(0))
[2023-09-04T23:58:34.073-0300] {spark_submit.py:491} INFO - 23/09/04 23:58:34 INFO TaskSchedulerImpl: Adding task set 5.0 with 1 tasks resource profile 0
[2023-09-04T23:58:34.075-0300] {spark_submit.py:491} INFO - 23/09/04 23:58:34 INFO TaskSetManager: Starting task 0.0 in stage 5.0 (TID 3) (192.168.0.53, executor driver, partition 0, NODE_LOCAL, 7437 bytes)
[2023-09-04T23:58:34.078-0300] {spark_submit.py:491} INFO - 23/09/04 23:58:34 INFO Executor: Running task 0.0 in stage 5.0 (TID 3)
[2023-09-04T23:58:34.100-0300] {spark_submit.py:491} INFO - 23/09/04 23:58:34 INFO ShuffleBlockFetcherIterator: Getting 1 (16.4 KiB) non-empty blocks including 1 (16.4 KiB) local and 0 (0.0 B) host-local and 0 (0.0 B) push-merged-local and 0 (0.0 B) remote blocks
[2023-09-04T23:58:34.100-0300] {spark_submit.py:491} INFO - 23/09/04 23:58:34 INFO ShuffleBlockFetcherIterator: Started 0 remote fetches in 1 ms
[2023-09-04T23:58:34.126-0300] {spark_submit.py:491} INFO - 23/09/04 23:58:34 INFO Executor: Finished task 0.0 in stage 5.0 (TID 3). 9691 bytes result sent to driver
[2023-09-04T23:58:34.130-0300] {spark_submit.py:491} INFO - 23/09/04 23:58:34 INFO TaskSetManager: Finished task 0.0 in stage 5.0 (TID 3) in 55 ms on 192.168.0.53 (executor driver) (1/1)
[2023-09-04T23:58:34.133-0300] {spark_submit.py:491} INFO - 23/09/04 23:58:34 INFO DAGScheduler: ResultStage 5 (toPandas at /home/enricolm/Documents/Sprinklr_Airflow/dadosvm/Airflow_Investimento/Scripts/Operators/Raw_Operators_crypto.py:60) finished in 0,100 s
[2023-09-04T23:58:34.133-0300] {spark_submit.py:491} INFO - 23/09/04 23:58:34 INFO DAGScheduler: Job 3 is finished. Cancelling potential speculative or zombie tasks for this job
[2023-09-04T23:58:34.133-0300] {spark_submit.py:491} INFO - 23/09/04 23:58:34 INFO TaskSchedulerImpl: Removed TaskSet 5.0, whose tasks have all completed, from pool
[2023-09-04T23:58:34.134-0300] {spark_submit.py:491} INFO - 23/09/04 23:58:34 INFO TaskSchedulerImpl: Killing all running tasks in stage 5: Stage finished
[2023-09-04T23:58:34.137-0300] {spark_submit.py:491} INFO - 23/09/04 23:58:34 INFO DAGScheduler: Job 3 finished: toPandas at /home/enricolm/Documents/Sprinklr_Airflow/dadosvm/Airflow_Investimento/Scripts/Operators/Raw_Operators_crypto.py:60, took 0,128068 s
[2023-09-04T23:58:34.304-0300] {spark_submit.py:491} INFO - 23/09/04 23:58:34 INFO SparkContext: SparkContext is stopping with exitCode 0.
[2023-09-04T23:58:34.328-0300] {spark_submit.py:491} INFO - 23/09/04 23:58:34 INFO SparkUI: Stopped Spark web UI at http://192.168.0.53:4040
[2023-09-04T23:58:34.416-0300] {spark_submit.py:491} INFO - 23/09/04 23:58:34 INFO MapOutputTrackerMasterEndpoint: MapOutputTrackerMasterEndpoint stopped!
[2023-09-04T23:58:34.526-0300] {spark_submit.py:491} INFO - 23/09/04 23:58:34 INFO MemoryStore: MemoryStore cleared
[2023-09-04T23:58:34.526-0300] {spark_submit.py:491} INFO - 23/09/04 23:58:34 INFO BlockManager: BlockManager stopped
[2023-09-04T23:58:34.542-0300] {spark_submit.py:491} INFO - 23/09/04 23:58:34 INFO BlockManagerMaster: BlockManagerMaster stopped
[2023-09-04T23:58:34.546-0300] {spark_submit.py:491} INFO - 23/09/04 23:58:34 INFO OutputCommitCoordinator$OutputCommitCoordinatorEndpoint: OutputCommitCoordinator stopped!
[2023-09-04T23:58:34.580-0300] {spark_submit.py:491} INFO - 23/09/04 23:58:34 INFO SparkContext: Successfully stopped SparkContext
[2023-09-04T23:58:35.317-0300] {spark_submit.py:491} INFO - 23/09/04 23:58:35 INFO ShutdownHookManager: Shutdown hook called
[2023-09-04T23:58:35.318-0300] {spark_submit.py:491} INFO - 23/09/04 23:58:35 INFO ShutdownHookManager: Deleting directory /tmp/spark-b65c4010-6465-44f2-9862-30dbc910473b
[2023-09-04T23:58:35.329-0300] {spark_submit.py:491} INFO - 23/09/04 23:58:35 INFO ShutdownHookManager: Deleting directory /tmp/spark-705e549a-6d5e-4dc8-bff2-40daaeb56508/pyspark-2ec35695-ec5d-4547-a558-bff9e5497ee7
[2023-09-04T23:58:35.335-0300] {spark_submit.py:491} INFO - 23/09/04 23:58:35 INFO ShutdownHookManager: Deleting directory /tmp/spark-705e549a-6d5e-4dc8-bff2-40daaeb56508
[2023-09-04T23:58:35.440-0300] {taskinstance.py:1345} INFO - Marking task as SUCCESS. dag_id=Investimento_api_crypto, task_id=Extracao_Invest_crypto, execution_date=20230905T025747, start_date=20230905T025749, end_date=20230905T025835
[2023-09-04T23:58:35.478-0300] {local_task_job_runner.py:225} INFO - Task exited with return code 0
[2023-09-04T23:58:35.511-0300] {taskinstance.py:2653} INFO - 1 downstream tasks scheduled from follow-on schedule check
