[2023-08-09T17:47:59.536-0300] {taskinstance.py:1103} INFO - Dependencies all met for dep_context=non-requeueable deps ti=<TaskInstance: Investimento_api.Extracao_Invest manual__2023-08-09T20:47:57.049289+00:00 [queued]>
[2023-08-09T17:47:59.540-0300] {taskinstance.py:1103} INFO - Dependencies all met for dep_context=requeueable deps ti=<TaskInstance: Investimento_api.Extracao_Invest manual__2023-08-09T20:47:57.049289+00:00 [queued]>
[2023-08-09T17:47:59.540-0300] {taskinstance.py:1308} INFO - Starting attempt 1 of 1
[2023-08-09T17:47:59.553-0300] {taskinstance.py:1327} INFO - Executing <Task(SparkSubmitOperator): Extracao_Invest> on 2023-08-09 20:47:57.049289+00:00
[2023-08-09T17:47:59.554-0300] {standard_task_runner.py:57} INFO - Started process 6593 to run task
[2023-08-09T17:47:59.558-0300] {standard_task_runner.py:84} INFO - Running: ['airflow', 'tasks', 'run', 'Investimento_api', 'Extracao_Invest', 'manual__2023-08-09T20:47:57.049289+00:00', '--job-id', '19', '--raw', '--subdir', 'DAGS_FOLDER/dag.py', '--cfg-path', '/tmp/tmp1c9oik37']
[2023-08-09T17:47:59.559-0300] {standard_task_runner.py:85} INFO - Job 19: Subtask Extracao_Invest
[2023-08-09T17:47:59.597-0300] {task_command.py:410} INFO - Running <TaskInstance: Investimento_api.Extracao_Invest manual__2023-08-09T20:47:57.049289+00:00 [running]> on host VMEnricolm.myguest.virtualbox.org
[2023-08-09T17:47:59.738-0300] {taskinstance.py:1545} INFO - Exporting env vars: AIRFLOW_CTX_DAG_OWNER='airflow' AIRFLOW_CTX_DAG_ID='Investimento_api' AIRFLOW_CTX_TASK_ID='Extracao_Invest' AIRFLOW_CTX_EXECUTION_DATE='2023-08-09T20:47:57.049289+00:00' AIRFLOW_CTX_TRY_NUMBER='1' AIRFLOW_CTX_DAG_RUN_ID='manual__2023-08-09T20:47:57.049289+00:00'
[2023-08-09T17:47:59.742-0300] {base.py:73} INFO - Using connection ID 'spark_default' for task execution.
[2023-08-09T17:47:59.743-0300] {spark_submit.py:340} INFO - Spark-Submit cmd: spark-submit --master local --name Extracao_Invest /home/enricolm/Documents/Sprinklr_Airflow/dadosvm/Airflow_Investimento/Scripts/Operators/Raw_Operator.py
[2023-08-09T17:48:01.242-0300] {spark_submit.py:491} INFO - 23/08/09 17:48:01 WARN Utils: Your hostname, VMEnricolm resolves to a loopback address: 127.0.1.1; using 192.168.0.63 instead (on interface enp0s3)
[2023-08-09T17:48:01.245-0300] {spark_submit.py:491} INFO - 23/08/09 17:48:01 WARN Utils: Set SPARK_LOCAL_IP if you need to bind to another address
[2023-08-09T17:48:01.825-0300] {spark_submit.py:491} INFO - Traceback (most recent call last):
[2023-08-09T17:48:01.826-0300] {spark_submit.py:491} INFO - File "/home/enricolm/Documents/Sprinklr_Airflow/dadosvm/Airflow_Investimento/Scripts/Operators/Raw_Operator.py", line 2, in <module>
[2023-08-09T17:48:01.826-0300] {spark_submit.py:491} INFO - import yfinance
[2023-08-09T17:48:01.826-0300] {spark_submit.py:491} INFO - ModuleNotFoundError: No module named 'yfinance'
[2023-08-09T17:48:01.835-0300] {spark_submit.py:491} INFO - 23/08/09 17:48:01 INFO ShutdownHookManager: Shutdown hook called
[2023-08-09T17:48:01.836-0300] {spark_submit.py:491} INFO - 23/08/09 17:48:01 INFO ShutdownHookManager: Deleting directory /tmp/spark-3ff7e6cc-8402-40d6-9c14-09d2550e0920
[2023-08-09T17:48:01.887-0300] {taskinstance.py:1824} ERROR - Task failed with exception
Traceback (most recent call last):
  File "/home/enricolm/Documents/Sprinklr_Airflow/dadosvm/Airflow_Investimento/venv/lib/python3.10/site-packages/airflow/providers/apache/spark/operators/spark_submit.py", line 156, in execute
    self._hook.submit(self._application)
  File "/home/enricolm/Documents/Sprinklr_Airflow/dadosvm/Airflow_Investimento/venv/lib/python3.10/site-packages/airflow/providers/apache/spark/hooks/spark_submit.py", line 422, in submit
    raise AirflowException(
airflow.exceptions.AirflowException: Cannot execute: spark-submit --master local --name Extracao_Invest /home/enricolm/Documents/Sprinklr_Airflow/dadosvm/Airflow_Investimento/Scripts/Operators/Raw_Operator.py. Error code is: 1.
[2023-08-09T17:48:01.889-0300] {taskinstance.py:1345} INFO - Marking task as FAILED. dag_id=Investimento_api, task_id=Extracao_Invest, execution_date=20230809T204757, start_date=20230809T204759, end_date=20230809T204801
[2023-08-09T17:48:01.902-0300] {standard_task_runner.py:104} ERROR - Failed to execute job 19 for task Extracao_Invest (Cannot execute: spark-submit --master local --name Extracao_Invest /home/enricolm/Documents/Sprinklr_Airflow/dadosvm/Airflow_Investimento/Scripts/Operators/Raw_Operator.py. Error code is: 1.; 6593)
[2023-08-09T17:48:01.939-0300] {local_task_job_runner.py:225} INFO - Task exited with return code 1
[2023-08-09T17:48:01.979-0300] {taskinstance.py:2653} INFO - 0 downstream tasks scheduled from follow-on schedule check
