[2023-08-09T17:46:26.163-0300] {taskinstance.py:1103} INFO - Dependencies all met for dep_context=non-requeueable deps ti=<TaskInstance: Investimento_api.Extracao_Invest manual__2023-08-09T20:46:23.158175+00:00 [queued]>
[2023-08-09T17:46:26.168-0300] {taskinstance.py:1103} INFO - Dependencies all met for dep_context=requeueable deps ti=<TaskInstance: Investimento_api.Extracao_Invest manual__2023-08-09T20:46:23.158175+00:00 [queued]>
[2023-08-09T17:46:26.169-0300] {taskinstance.py:1308} INFO - Starting attempt 1 of 1
[2023-08-09T17:46:26.188-0300] {taskinstance.py:1327} INFO - Executing <Task(SparkSubmitOperator): Extracao_Invest> on 2023-08-09 20:46:23.158175+00:00
[2023-08-09T17:46:26.190-0300] {standard_task_runner.py:57} INFO - Started process 6408 to run task
[2023-08-09T17:46:26.192-0300] {standard_task_runner.py:84} INFO - Running: ['airflow', 'tasks', 'run', 'Investimento_api', 'Extracao_Invest', 'manual__2023-08-09T20:46:23.158175+00:00', '--job-id', '17', '--raw', '--subdir', 'DAGS_FOLDER/dag.py', '--cfg-path', '/tmp/tmpohumv8gh']
[2023-08-09T17:46:26.194-0300] {standard_task_runner.py:85} INFO - Job 17: Subtask Extracao_Invest
[2023-08-09T17:46:26.223-0300] {task_command.py:410} INFO - Running <TaskInstance: Investimento_api.Extracao_Invest manual__2023-08-09T20:46:23.158175+00:00 [running]> on host VMEnricolm.myguest.virtualbox.org
[2023-08-09T17:46:26.302-0300] {taskinstance.py:1545} INFO - Exporting env vars: AIRFLOW_CTX_DAG_OWNER='airflow' AIRFLOW_CTX_DAG_ID='Investimento_api' AIRFLOW_CTX_TASK_ID='Extracao_Invest' AIRFLOW_CTX_EXECUTION_DATE='2023-08-09T20:46:23.158175+00:00' AIRFLOW_CTX_TRY_NUMBER='1' AIRFLOW_CTX_DAG_RUN_ID='manual__2023-08-09T20:46:23.158175+00:00'
[2023-08-09T17:46:26.305-0300] {base.py:73} INFO - Using connection ID 'spark_default' for task execution.
[2023-08-09T17:46:26.306-0300] {spark_submit.py:340} INFO - Spark-Submit cmd: spark-submit --master local --name Extracao_Invest /home/enricolm/Documents/Sprinklr_Airflow/dadosvm/Airflow_Investimento/Scripts/Operators/Raw_Operator.py
[2023-08-09T17:46:31.032-0300] {spark_submit.py:491} INFO - 23/08/09 17:46:31 WARN Utils: Your hostname, VMEnricolm resolves to a loopback address: 127.0.1.1; using 192.168.0.63 instead (on interface enp0s3)
[2023-08-09T17:46:31.033-0300] {spark_submit.py:491} INFO - 23/08/09 17:46:31 WARN Utils: Set SPARK_LOCAL_IP if you need to bind to another address
[2023-08-09T17:46:32.115-0300] {spark_submit.py:491} INFO - Traceback (most recent call last):
[2023-08-09T17:46:32.116-0300] {spark_submit.py:491} INFO - File "/home/enricolm/Documents/Sprinklr_Airflow/dadosvm/Airflow_Investimento/Scripts/Operators/Raw_Operator.py", line 2, in <module>
[2023-08-09T17:46:32.116-0300] {spark_submit.py:491} INFO - import yfinance
[2023-08-09T17:46:32.116-0300] {spark_submit.py:491} INFO - ModuleNotFoundError: No module named 'yfinance'
[2023-08-09T17:46:32.143-0300] {spark_submit.py:491} INFO - 23/08/09 17:46:32 INFO ShutdownHookManager: Shutdown hook called
[2023-08-09T17:46:32.145-0300] {spark_submit.py:491} INFO - 23/08/09 17:46:32 INFO ShutdownHookManager: Deleting directory /tmp/spark-70cd9dc0-b596-4ac3-8117-dfaeb8869224
[2023-08-09T17:46:32.172-0300] {taskinstance.py:1824} ERROR - Task failed with exception
Traceback (most recent call last):
  File "/home/enricolm/Documents/Sprinklr_Airflow/dadosvm/Airflow_Investimento/venv/lib/python3.10/site-packages/airflow/providers/apache/spark/operators/spark_submit.py", line 156, in execute
    self._hook.submit(self._application)
  File "/home/enricolm/Documents/Sprinklr_Airflow/dadosvm/Airflow_Investimento/venv/lib/python3.10/site-packages/airflow/providers/apache/spark/hooks/spark_submit.py", line 422, in submit
    raise AirflowException(
airflow.exceptions.AirflowException: Cannot execute: spark-submit --master local --name Extracao_Invest /home/enricolm/Documents/Sprinklr_Airflow/dadosvm/Airflow_Investimento/Scripts/Operators/Raw_Operator.py. Error code is: 1.
[2023-08-09T17:46:32.175-0300] {taskinstance.py:1345} INFO - Marking task as FAILED. dag_id=Investimento_api, task_id=Extracao_Invest, execution_date=20230809T204623, start_date=20230809T204626, end_date=20230809T204632
[2023-08-09T17:46:32.210-0300] {standard_task_runner.py:104} ERROR - Failed to execute job 17 for task Extracao_Invest (Cannot execute: spark-submit --master local --name Extracao_Invest /home/enricolm/Documents/Sprinklr_Airflow/dadosvm/Airflow_Investimento/Scripts/Operators/Raw_Operator.py. Error code is: 1.; 6408)
[2023-08-09T17:46:32.219-0300] {local_task_job_runner.py:225} INFO - Task exited with return code 1
[2023-08-09T17:46:32.227-0300] {taskinstance.py:2653} INFO - 0 downstream tasks scheduled from follow-on schedule check
