[2023-09-04T23:58:37.367-0300] {taskinstance.py:1103} INFO - Dependencies all met for dep_context=non-requeueable deps ti=<TaskInstance: Investimento_api.Extracao_Invest manual__2023-09-05T02:57:54.456244+00:00 [queued]>
[2023-09-04T23:58:37.376-0300] {taskinstance.py:1103} INFO - Dependencies all met for dep_context=requeueable deps ti=<TaskInstance: Investimento_api.Extracao_Invest manual__2023-09-05T02:57:54.456244+00:00 [queued]>
[2023-09-04T23:58:37.377-0300] {taskinstance.py:1308} INFO - Starting attempt 1 of 1
[2023-09-04T23:58:37.392-0300] {taskinstance.py:1327} INFO - Executing <Task(SparkSubmitOperator): Extracao_Invest> on 2023-09-05 02:57:54.456244+00:00
[2023-09-04T23:58:37.418-0300] {standard_task_runner.py:57} INFO - Started process 5766 to run task
[2023-09-04T23:58:37.424-0300] {standard_task_runner.py:84} INFO - Running: ['airflow', 'tasks', 'run', 'Investimento_api', 'Extracao_Invest', 'manual__2023-09-05T02:57:54.456244+00:00', '--job-id', '164', '--raw', '--subdir', 'DAGS_FOLDER/dag.py', '--cfg-path', '/tmp/tmpgofwj1eu']
[2023-09-04T23:58:37.426-0300] {standard_task_runner.py:85} INFO - Job 164: Subtask Extracao_Invest
[2023-09-04T23:58:37.562-0300] {task_command.py:410} INFO - Running <TaskInstance: Investimento_api.Extracao_Invest manual__2023-09-05T02:57:54.456244+00:00 [running]> on host VMEnricolm.myguest.virtualbox.org
[2023-09-04T23:58:37.678-0300] {taskinstance.py:1545} INFO - Exporting env vars: AIRFLOW_CTX_DAG_OWNER='airflow' AIRFLOW_CTX_DAG_ID='Investimento_api' AIRFLOW_CTX_TASK_ID='Extracao_Invest' AIRFLOW_CTX_EXECUTION_DATE='2023-09-05T02:57:54.456244+00:00' AIRFLOW_CTX_TRY_NUMBER='1' AIRFLOW_CTX_DAG_RUN_ID='manual__2023-09-05T02:57:54.456244+00:00'
[2023-09-04T23:58:37.699-0300] {base.py:73} INFO - Using connection ID 'spark_default' for task execution.
[2023-09-04T23:58:37.700-0300] {spark_submit.py:340} INFO - Spark-Submit cmd: spark-submit --master local --name Extracao_Invest --queue root.default /home/enricolm/Documents/Sprinklr_Airflow/dadosvm/Airflow_Investimento/Scripts/Operators/Raw_Operator.py
[2023-09-04T23:58:43.289-0300] {spark_submit.py:491} INFO - 23/09/04 23:58:43 WARN Utils: Your hostname, VMEnricolm resolves to a loopback address: 127.0.1.1; using 192.168.0.53 instead (on interface enp0s3)
[2023-09-04T23:58:43.292-0300] {spark_submit.py:491} INFO - 23/09/04 23:58:43 WARN Utils: Set SPARK_LOCAL_IP if you need to bind to another address
[2023-09-04T23:58:45.627-0300] {spark_submit.py:491} INFO - 23/09/04 23:58:45 INFO SparkContext: Running Spark version 3.4.1
[2023-09-04T23:58:45.731-0300] {spark_submit.py:491} INFO - 23/09/04 23:58:45 WARN NativeCodeLoader: Unable to load native-hadoop library for your platform... using builtin-java classes where applicable
[2023-09-04T23:58:45.854-0300] {spark_submit.py:491} INFO - 23/09/04 23:58:45 INFO ResourceUtils: ==============================================================
[2023-09-04T23:58:45.855-0300] {spark_submit.py:491} INFO - 23/09/04 23:58:45 INFO ResourceUtils: No custom resources configured for spark.driver.
[2023-09-04T23:58:45.855-0300] {spark_submit.py:491} INFO - 23/09/04 23:58:45 INFO ResourceUtils: ==============================================================
[2023-09-04T23:58:45.855-0300] {spark_submit.py:491} INFO - 23/09/04 23:58:45 INFO SparkContext: Submitted application: extracao_Finance
[2023-09-04T23:58:45.912-0300] {spark_submit.py:491} INFO - 23/09/04 23:58:45 INFO ResourceProfile: Default ResourceProfile created, executor resources: Map(cores -> name: cores, amount: 1, script: , vendor: , memory -> name: memory, amount: 1024, script: , vendor: , offHeap -> name: offHeap, amount: 0, script: , vendor: ), task resources: Map(cpus -> name: cpus, amount: 1.0)
[2023-09-04T23:58:45.913-0300] {spark_submit.py:491} INFO - 23/09/04 23:58:45 INFO ResourceProfile: Limiting resource is cpu
[2023-09-04T23:58:45.913-0300] {spark_submit.py:491} INFO - 23/09/04 23:58:45 INFO ResourceProfileManager: Added ResourceProfile id: 0
[2023-09-04T23:58:46.015-0300] {spark_submit.py:491} INFO - 23/09/04 23:58:46 INFO SecurityManager: Changing view acls to: enricolm
[2023-09-04T23:58:46.015-0300] {spark_submit.py:491} INFO - 23/09/04 23:58:46 INFO SecurityManager: Changing modify acls to: enricolm
[2023-09-04T23:58:46.016-0300] {spark_submit.py:491} INFO - 23/09/04 23:58:46 INFO SecurityManager: Changing view acls groups to:
[2023-09-04T23:58:46.016-0300] {spark_submit.py:491} INFO - 23/09/04 23:58:46 INFO SecurityManager: Changing modify acls groups to:
[2023-09-04T23:58:46.016-0300] {spark_submit.py:491} INFO - 23/09/04 23:58:46 INFO SecurityManager: SecurityManager: authentication disabled; ui acls disabled; users with view permissions: enricolm; groups with view permissions: EMPTY; users with modify permissions: enricolm; groups with modify permissions: EMPTY
[2023-09-04T23:58:46.406-0300] {spark_submit.py:491} INFO - 23/09/04 23:58:46 INFO Utils: Successfully started service 'sparkDriver' on port 44649.
[2023-09-04T23:58:46.576-0300] {spark_submit.py:491} INFO - 23/09/04 23:58:46 INFO SparkEnv: Registering MapOutputTracker
[2023-09-04T23:58:46.659-0300] {spark_submit.py:491} INFO - 23/09/04 23:58:46 INFO SparkEnv: Registering BlockManagerMaster
[2023-09-04T23:58:46.732-0300] {spark_submit.py:491} INFO - 23/09/04 23:58:46 INFO BlockManagerMasterEndpoint: Using org.apache.spark.storage.DefaultTopologyMapper for getting topology information
[2023-09-04T23:58:46.736-0300] {spark_submit.py:491} INFO - 23/09/04 23:58:46 INFO BlockManagerMasterEndpoint: BlockManagerMasterEndpoint up
[2023-09-04T23:58:46.773-0300] {spark_submit.py:491} INFO - 23/09/04 23:58:46 INFO SparkEnv: Registering BlockManagerMasterHeartbeat
[2023-09-04T23:58:46.840-0300] {spark_submit.py:491} INFO - 23/09/04 23:58:46 INFO DiskBlockManager: Created local directory at /tmp/blockmgr-ea803f57-4987-4b40-9b34-9e067c829dbd
[2023-09-04T23:58:46.869-0300] {spark_submit.py:491} INFO - 23/09/04 23:58:46 INFO MemoryStore: MemoryStore started with capacity 434.4 MiB
[2023-09-04T23:58:46.906-0300] {spark_submit.py:491} INFO - 23/09/04 23:58:46 INFO SparkEnv: Registering OutputCommitCoordinator
[2023-09-04T23:58:47.181-0300] {spark_submit.py:491} INFO - 23/09/04 23:58:47 INFO JettyUtils: Start Jetty 0.0.0.0:4040 for SparkUI
[2023-09-04T23:58:47.358-0300] {spark_submit.py:491} INFO - 23/09/04 23:58:47 INFO Utils: Successfully started service 'SparkUI' on port 4040.
[2023-09-04T23:58:47.593-0300] {spark_submit.py:491} INFO - 23/09/04 23:58:47 INFO Executor: Starting executor ID driver on host 192.168.0.53
[2023-09-04T23:58:47.604-0300] {spark_submit.py:491} INFO - 23/09/04 23:58:47 INFO Executor: Starting executor with user classpath (userClassPathFirst = false): ''
[2023-09-04T23:58:47.677-0300] {spark_submit.py:491} INFO - 23/09/04 23:58:47 INFO Utils: Successfully started service 'org.apache.spark.network.netty.NettyBlockTransferService' on port 35993.
[2023-09-04T23:58:47.677-0300] {spark_submit.py:491} INFO - 23/09/04 23:58:47 INFO NettyBlockTransferService: Server created on 192.168.0.53:35993
[2023-09-04T23:58:47.679-0300] {spark_submit.py:491} INFO - 23/09/04 23:58:47 INFO BlockManager: Using org.apache.spark.storage.RandomBlockReplicationPolicy for block replication policy
[2023-09-04T23:58:47.688-0300] {spark_submit.py:491} INFO - 23/09/04 23:58:47 INFO BlockManagerMaster: Registering BlockManager BlockManagerId(driver, 192.168.0.53, 35993, None)
[2023-09-04T23:58:47.690-0300] {spark_submit.py:491} INFO - 23/09/04 23:58:47 INFO BlockManagerMasterEndpoint: Registering block manager 192.168.0.53:35993 with 434.4 MiB RAM, BlockManagerId(driver, 192.168.0.53, 35993, None)
[2023-09-04T23:58:47.703-0300] {spark_submit.py:491} INFO - 23/09/04 23:58:47 INFO BlockManagerMaster: Registered BlockManager BlockManagerId(driver, 192.168.0.53, 35993, None)
[2023-09-04T23:58:47.705-0300] {spark_submit.py:491} INFO - 23/09/04 23:58:47 INFO BlockManager: Initialized BlockManager: BlockManagerId(driver, 192.168.0.53, 35993, None)
[2023-09-04T23:58:48.331-0300] {spark_submit.py:491} INFO - Criando pasta
[2023-09-04T23:58:50.993-0300] {spark_submit.py:491} INFO - 23/09/04 23:58:50 INFO SharedState: Setting hive.metastore.warehouse.dir ('null') to the value of spark.sql.warehouse.dir.
[2023-09-04T23:58:51.005-0300] {spark_submit.py:491} INFO - 23/09/04 23:58:51 INFO SharedState: Warehouse path is 'file:/home/enricolm/Documents/Sprinklr_Airflow/dadosvm/Airflow_Investimento/spark-warehouse'.
[2023-09-04T23:58:55.516-0300] {spark_submit.py:491} INFO - 23/09/04 23:58:55 INFO HashAggregateExec: spark.sql.codegen.aggregate.map.twolevel.enabled is set to true, but current version of codegened fast hashmap does not support this aggregate.
[2023-09-04T23:58:56.015-0300] {spark_submit.py:491} INFO - 23/09/04 23:58:56 INFO CodeGenerator: Code generated in 419.805051 ms
[2023-09-04T23:58:56.169-0300] {spark_submit.py:491} INFO - 23/09/04 23:58:56 INFO DAGScheduler: Registering RDD 6 (isEmpty at NativeMethodAccessorImpl.java:0) as input to shuffle 0
[2023-09-04T23:58:56.200-0300] {spark_submit.py:491} INFO - 23/09/04 23:58:56 INFO DAGScheduler: Got map stage job 0 (isEmpty at NativeMethodAccessorImpl.java:0) with 1 output partitions
[2023-09-04T23:58:56.201-0300] {spark_submit.py:491} INFO - 23/09/04 23:58:56 INFO DAGScheduler: Final stage: ShuffleMapStage 0 (isEmpty at NativeMethodAccessorImpl.java:0)
[2023-09-04T23:58:56.201-0300] {spark_submit.py:491} INFO - 23/09/04 23:58:56 INFO DAGScheduler: Parents of final stage: List()
[2023-09-04T23:58:56.202-0300] {spark_submit.py:491} INFO - 23/09/04 23:58:56 INFO DAGScheduler: Missing parents: List()
[2023-09-04T23:58:56.209-0300] {spark_submit.py:491} INFO - 23/09/04 23:58:56 INFO DAGScheduler: Submitting ShuffleMapStage 0 (MapPartitionsRDD[6] at isEmpty at NativeMethodAccessorImpl.java:0), which has no missing parents
[2023-09-04T23:58:56.451-0300] {spark_submit.py:491} INFO - 23/09/04 23:58:56 INFO MemoryStore: Block broadcast_0 stored as values in memory (estimated size 30.5 KiB, free 434.4 MiB)
[2023-09-04T23:58:56.527-0300] {spark_submit.py:491} INFO - 23/09/04 23:58:56 INFO MemoryStore: Block broadcast_0_piece0 stored as bytes in memory (estimated size 14.2 KiB, free 434.4 MiB)
[2023-09-04T23:58:56.532-0300] {spark_submit.py:491} INFO - 23/09/04 23:58:56 INFO BlockManagerInfo: Added broadcast_0_piece0 in memory on 192.168.0.53:35993 (size: 14.2 KiB, free: 434.4 MiB)
[2023-09-04T23:58:56.536-0300] {spark_submit.py:491} INFO - 23/09/04 23:58:56 INFO SparkContext: Created broadcast 0 from broadcast at DAGScheduler.scala:1535
[2023-09-04T23:58:56.556-0300] {spark_submit.py:491} INFO - 23/09/04 23:58:56 INFO DAGScheduler: Submitting 1 missing tasks from ShuffleMapStage 0 (MapPartitionsRDD[6] at isEmpty at NativeMethodAccessorImpl.java:0) (first 15 tasks are for partitions Vector(0))
[2023-09-04T23:58:56.557-0300] {spark_submit.py:491} INFO - 23/09/04 23:58:56 INFO TaskSchedulerImpl: Adding task set 0.0 with 1 tasks resource profile 0
[2023-09-04T23:58:56.635-0300] {spark_submit.py:491} INFO - 23/09/04 23:58:56 INFO TaskSetManager: Starting task 0.0 in stage 0.0 (TID 0) (192.168.0.53, executor driver, partition 0, PROCESS_LOCAL, 19140 bytes)
[2023-09-04T23:58:56.680-0300] {spark_submit.py:491} INFO - 23/09/04 23:58:56 INFO Executor: Running task 0.0 in stage 0.0 (TID 0)
[2023-09-04T23:58:57.571-0300] {spark_submit.py:491} INFO - 23/09/04 23:58:57 INFO CodeGenerator: Code generated in 25.804997 ms
[2023-09-04T23:58:57.598-0300] {spark_submit.py:491} INFO - 23/09/04 23:58:57 INFO CodeGenerator: Code generated in 15.317448 ms
[2023-09-04T23:58:57.613-0300] {spark_submit.py:491} INFO - 23/09/04 23:58:57 INFO CodeGenerator: Code generated in 10.822173 ms
[2023-09-04T23:58:57.667-0300] {spark_submit.py:491} INFO - 23/09/04 23:58:57 INFO PythonRunner: Times: total = 702, boot = 596, init = 106, finish = 0
[2023-09-04T23:58:57.849-0300] {spark_submit.py:491} INFO - 23/09/04 23:58:57 INFO Executor: Finished task 0.0 in stage 0.0 (TID 0). 3014 bytes result sent to driver
[2023-09-04T23:58:57.871-0300] {spark_submit.py:491} INFO - 23/09/04 23:58:57 INFO TaskSetManager: Finished task 0.0 in stage 0.0 (TID 0) in 1263 ms on 192.168.0.53 (executor driver) (1/1)
[2023-09-04T23:58:57.874-0300] {spark_submit.py:491} INFO - 23/09/04 23:58:57 INFO TaskSchedulerImpl: Removed TaskSet 0.0, whose tasks have all completed, from pool
[2023-09-04T23:58:57.877-0300] {spark_submit.py:491} INFO - 23/09/04 23:58:57 INFO PythonAccumulatorV2: Connected to AccumulatorServer at host: 127.0.0.1 port: 46037
[2023-09-04T23:58:57.889-0300] {spark_submit.py:491} INFO - 23/09/04 23:58:57 INFO DAGScheduler: ShuffleMapStage 0 (isEmpty at NativeMethodAccessorImpl.java:0) finished in 1,645 s
[2023-09-04T23:58:57.890-0300] {spark_submit.py:491} INFO - 23/09/04 23:58:57 INFO DAGScheduler: looking for newly runnable stages
[2023-09-04T23:58:57.891-0300] {spark_submit.py:491} INFO - 23/09/04 23:58:57 INFO DAGScheduler: running: HashSet()
[2023-09-04T23:58:57.892-0300] {spark_submit.py:491} INFO - 23/09/04 23:58:57 INFO DAGScheduler: waiting: HashSet()
[2023-09-04T23:58:57.892-0300] {spark_submit.py:491} INFO - 23/09/04 23:58:57 INFO DAGScheduler: failed: HashSet()
[2023-09-04T23:58:57.919-0300] {spark_submit.py:491} INFO - 23/09/04 23:58:57 INFO ShufflePartitionsUtil: For shuffle(0), advisory target size: 67108864, actual target size 1048576, minimum partition size: 1048576
[2023-09-04T23:58:57.956-0300] {spark_submit.py:491} INFO - 23/09/04 23:58:57 INFO HashAggregateExec: spark.sql.codegen.aggregate.map.twolevel.enabled is set to true, but current version of codegened fast hashmap does not support this aggregate.
[2023-09-04T23:58:58.009-0300] {spark_submit.py:491} INFO - 23/09/04 23:58:58 INFO CodeGenerator: Code generated in 32.25018 ms
[2023-09-04T23:58:58.062-0300] {spark_submit.py:491} INFO - 23/09/04 23:58:58 INFO SparkContext: Starting job: isEmpty at NativeMethodAccessorImpl.java:0
[2023-09-04T23:58:58.066-0300] {spark_submit.py:491} INFO - 23/09/04 23:58:58 INFO DAGScheduler: Got job 1 (isEmpty at NativeMethodAccessorImpl.java:0) with 1 output partitions
[2023-09-04T23:58:58.066-0300] {spark_submit.py:491} INFO - 23/09/04 23:58:58 INFO DAGScheduler: Final stage: ResultStage 2 (isEmpty at NativeMethodAccessorImpl.java:0)
[2023-09-04T23:58:58.067-0300] {spark_submit.py:491} INFO - 23/09/04 23:58:58 INFO DAGScheduler: Parents of final stage: List(ShuffleMapStage 1)
[2023-09-04T23:58:58.067-0300] {spark_submit.py:491} INFO - 23/09/04 23:58:58 INFO DAGScheduler: Missing parents: List()
[2023-09-04T23:58:58.073-0300] {spark_submit.py:491} INFO - 23/09/04 23:58:58 INFO DAGScheduler: Submitting ResultStage 2 (MapPartitionsRDD[9] at isEmpty at NativeMethodAccessorImpl.java:0), which has no missing parents
[2023-09-04T23:58:58.120-0300] {spark_submit.py:491} INFO - 23/09/04 23:58:58 INFO MemoryStore: Block broadcast_1 stored as values in memory (estimated size 33.3 KiB, free 434.3 MiB)
[2023-09-04T23:58:58.155-0300] {spark_submit.py:491} INFO - 23/09/04 23:58:58 INFO MemoryStore: Block broadcast_1_piece0 stored as bytes in memory (estimated size 15.7 KiB, free 434.3 MiB)
[2023-09-04T23:58:58.179-0300] {spark_submit.py:491} INFO - 23/09/04 23:58:58 INFO BlockManagerInfo: Added broadcast_1_piece0 in memory on 192.168.0.53:35993 (size: 15.7 KiB, free: 434.4 MiB)
[2023-09-04T23:58:58.180-0300] {spark_submit.py:491} INFO - 23/09/04 23:58:58 INFO SparkContext: Created broadcast 1 from broadcast at DAGScheduler.scala:1535
[2023-09-04T23:58:58.180-0300] {spark_submit.py:491} INFO - 23/09/04 23:58:58 INFO DAGScheduler: Submitting 1 missing tasks from ResultStage 2 (MapPartitionsRDD[9] at isEmpty at NativeMethodAccessorImpl.java:0) (first 15 tasks are for partitions Vector(0))
[2023-09-04T23:58:58.180-0300] {spark_submit.py:491} INFO - 23/09/04 23:58:58 INFO TaskSchedulerImpl: Adding task set 2.0 with 1 tasks resource profile 0
[2023-09-04T23:58:58.204-0300] {spark_submit.py:491} INFO - 23/09/04 23:58:58 INFO TaskSetManager: Starting task 0.0 in stage 2.0 (TID 1) (192.168.0.53, executor driver, partition 0, NODE_LOCAL, 7437 bytes)
[2023-09-04T23:58:58.226-0300] {spark_submit.py:491} INFO - 23/09/04 23:58:58 INFO Executor: Running task 0.0 in stage 2.0 (TID 1)
[2023-09-04T23:58:58.557-0300] {spark_submit.py:491} INFO - 23/09/04 23:58:58 INFO ShuffleBlockFetcherIterator: Getting 1 (12.3 KiB) non-empty blocks including 1 (12.3 KiB) local and 0 (0.0 B) host-local and 0 (0.0 B) push-merged-local and 0 (0.0 B) remote blocks
[2023-09-04T23:58:58.562-0300] {spark_submit.py:491} INFO - 23/09/04 23:58:58 INFO BlockManagerInfo: Removed broadcast_0_piece0 on 192.168.0.53:35993 in memory (size: 14.2 KiB, free: 434.4 MiB)
[2023-09-04T23:58:58.605-0300] {spark_submit.py:491} INFO - 23/09/04 23:58:58 INFO ShuffleBlockFetcherIterator: Started 0 remote fetches in 97 ms
[2023-09-04T23:58:58.731-0300] {spark_submit.py:491} INFO - 23/09/04 23:58:58 INFO Executor: Finished task 0.0 in stage 2.0 (TID 1). 5358 bytes result sent to driver
[2023-09-04T23:58:58.741-0300] {spark_submit.py:491} INFO - 23/09/04 23:58:58 INFO TaskSetManager: Finished task 0.0 in stage 2.0 (TID 1) in 555 ms on 192.168.0.53 (executor driver) (1/1)
[2023-09-04T23:58:58.742-0300] {spark_submit.py:491} INFO - 23/09/04 23:58:58 INFO TaskSchedulerImpl: Removed TaskSet 2.0, whose tasks have all completed, from pool
[2023-09-04T23:58:58.746-0300] {spark_submit.py:491} INFO - 23/09/04 23:58:58 INFO DAGScheduler: ResultStage 2 (isEmpty at NativeMethodAccessorImpl.java:0) finished in 0,650 s
[2023-09-04T23:58:58.749-0300] {spark_submit.py:491} INFO - 23/09/04 23:58:58 INFO DAGScheduler: Job 1 is finished. Cancelling potential speculative or zombie tasks for this job
[2023-09-04T23:58:58.762-0300] {spark_submit.py:491} INFO - 23/09/04 23:58:58 INFO TaskSchedulerImpl: Killing all running tasks in stage 2: Stage finished
[2023-09-04T23:58:58.773-0300] {spark_submit.py:491} INFO - 23/09/04 23:58:58 INFO DAGScheduler: Job 1 finished: isEmpty at NativeMethodAccessorImpl.java:0, took 0,701281 s
[2023-09-04T23:58:59.014-0300] {spark_submit.py:491} INFO - 23/09/04 23:58:59 INFO CodeGenerator: Code generated in 70.339313 ms
[2023-09-04T23:58:59.070-0300] {spark_submit.py:491} INFO - 23/09/04 23:58:59 INFO DAGScheduler: Registering RDD 11 (toPandas at /home/enricolm/Documents/Sprinklr_Airflow/dadosvm/Airflow_Investimento/Scripts/Operators/Raw_Operator.py:60) as input to shuffle 1
[2023-09-04T23:58:59.071-0300] {spark_submit.py:491} INFO - 23/09/04 23:58:59 INFO DAGScheduler: Got map stage job 2 (toPandas at /home/enricolm/Documents/Sprinklr_Airflow/dadosvm/Airflow_Investimento/Scripts/Operators/Raw_Operator.py:60) with 1 output partitions
[2023-09-04T23:58:59.071-0300] {spark_submit.py:491} INFO - 23/09/04 23:58:59 INFO DAGScheduler: Final stage: ShuffleMapStage 3 (toPandas at /home/enricolm/Documents/Sprinklr_Airflow/dadosvm/Airflow_Investimento/Scripts/Operators/Raw_Operator.py:60)
[2023-09-04T23:58:59.072-0300] {spark_submit.py:491} INFO - 23/09/04 23:58:59 INFO DAGScheduler: Parents of final stage: List()
[2023-09-04T23:58:59.072-0300] {spark_submit.py:491} INFO - 23/09/04 23:58:59 INFO DAGScheduler: Missing parents: List()
[2023-09-04T23:58:59.072-0300] {spark_submit.py:491} INFO - 23/09/04 23:58:59 INFO DAGScheduler: Submitting ShuffleMapStage 3 (MapPartitionsRDD[11] at toPandas at /home/enricolm/Documents/Sprinklr_Airflow/dadosvm/Airflow_Investimento/Scripts/Operators/Raw_Operator.py:60), which has no missing parents
[2023-09-04T23:58:59.106-0300] {spark_submit.py:491} INFO - 23/09/04 23:58:59 INFO MemoryStore: Block broadcast_2 stored as values in memory (estimated size 50.5 KiB, free 434.3 MiB)
[2023-09-04T23:58:59.157-0300] {spark_submit.py:491} INFO - 23/09/04 23:58:59 INFO MemoryStore: Block broadcast_2_piece0 stored as bytes in memory (estimated size 21.0 KiB, free 434.3 MiB)
[2023-09-04T23:58:59.159-0300] {spark_submit.py:491} INFO - 23/09/04 23:58:59 INFO BlockManagerInfo: Added broadcast_2_piece0 in memory on 192.168.0.53:35993 (size: 21.0 KiB, free: 434.4 MiB)
[2023-09-04T23:58:59.161-0300] {spark_submit.py:491} INFO - 23/09/04 23:58:59 INFO SparkContext: Created broadcast 2 from broadcast at DAGScheduler.scala:1535
[2023-09-04T23:58:59.162-0300] {spark_submit.py:491} INFO - 23/09/04 23:58:59 INFO DAGScheduler: Submitting 1 missing tasks from ShuffleMapStage 3 (MapPartitionsRDD[11] at toPandas at /home/enricolm/Documents/Sprinklr_Airflow/dadosvm/Airflow_Investimento/Scripts/Operators/Raw_Operator.py:60) (first 15 tasks are for partitions Vector(0))
[2023-09-04T23:58:59.162-0300] {spark_submit.py:491} INFO - 23/09/04 23:58:59 INFO TaskSchedulerImpl: Adding task set 3.0 with 1 tasks resource profile 0
[2023-09-04T23:58:59.163-0300] {spark_submit.py:491} INFO - 23/09/04 23:58:59 INFO TaskSetManager: Starting task 0.0 in stage 3.0 (TID 2) (192.168.0.53, executor driver, partition 0, PROCESS_LOCAL, 19140 bytes)
[2023-09-04T23:58:59.164-0300] {spark_submit.py:491} INFO - 23/09/04 23:58:59 INFO Executor: Running task 0.0 in stage 3.0 (TID 2)
[2023-09-04T23:58:59.189-0300] {spark_submit.py:491} INFO - 23/09/04 23:58:59 INFO BlockManagerInfo: Removed broadcast_1_piece0 on 192.168.0.53:35993 in memory (size: 15.7 KiB, free: 434.4 MiB)
[2023-09-04T23:58:59.313-0300] {spark_submit.py:491} INFO - 23/09/04 23:58:59 INFO CodeGenerator: Code generated in 6.615511 ms
[2023-09-04T23:58:59.338-0300] {spark_submit.py:491} INFO - 23/09/04 23:58:59 INFO CodeGenerator: Code generated in 12.432546 ms
[2023-09-04T23:58:59.402-0300] {spark_submit.py:491} INFO - 23/09/04 23:58:59 INFO PythonRunner: Times: total = 155, boot = -1575, init = 1730, finish = 0
[2023-09-04T23:58:59.477-0300] {spark_submit.py:491} INFO - 23/09/04 23:58:59 INFO Executor: Finished task 0.0 in stage 3.0 (TID 2). 3014 bytes result sent to driver
[2023-09-04T23:58:59.557-0300] {spark_submit.py:491} INFO - 23/09/04 23:58:59 INFO TaskSetManager: Finished task 0.0 in stage 3.0 (TID 2) in 394 ms on 192.168.0.53 (executor driver) (1/1)
[2023-09-04T23:58:59.558-0300] {spark_submit.py:491} INFO - 23/09/04 23:58:59 INFO TaskSchedulerImpl: Removed TaskSet 3.0, whose tasks have all completed, from pool
[2023-09-04T23:58:59.560-0300] {spark_submit.py:491} INFO - 23/09/04 23:58:59 INFO DAGScheduler: ShuffleMapStage 3 (toPandas at /home/enricolm/Documents/Sprinklr_Airflow/dadosvm/Airflow_Investimento/Scripts/Operators/Raw_Operator.py:60) finished in 0,486 s
[2023-09-04T23:58:59.561-0300] {spark_submit.py:491} INFO - 23/09/04 23:58:59 INFO DAGScheduler: looking for newly runnable stages
[2023-09-04T23:58:59.561-0300] {spark_submit.py:491} INFO - 23/09/04 23:58:59 INFO DAGScheduler: running: HashSet()
[2023-09-04T23:58:59.562-0300] {spark_submit.py:491} INFO - 23/09/04 23:58:59 INFO DAGScheduler: waiting: HashSet()
[2023-09-04T23:58:59.563-0300] {spark_submit.py:491} INFO - 23/09/04 23:58:59 INFO DAGScheduler: failed: HashSet()
[2023-09-04T23:58:59.567-0300] {spark_submit.py:491} INFO - 23/09/04 23:58:59 INFO ShufflePartitionsUtil: For shuffle(1), advisory target size: 67108864, actual target size 1048576, minimum partition size: 1048576
[2023-09-04T23:58:59.589-0300] {spark_submit.py:491} INFO - 23/09/04 23:58:59 INFO HashAggregateExec: spark.sql.codegen.aggregate.map.twolevel.enabled is set to true, but current version of codegened fast hashmap does not support this aggregate.
[2023-09-04T23:58:59.677-0300] {spark_submit.py:491} INFO - 23/09/04 23:58:59 INFO CodeGenerator: Code generated in 39.79968 ms
[2023-09-04T23:58:59.715-0300] {spark_submit.py:491} INFO - 23/09/04 23:58:59 INFO SparkContext: Starting job: toPandas at /home/enricolm/Documents/Sprinklr_Airflow/dadosvm/Airflow_Investimento/Scripts/Operators/Raw_Operator.py:60
[2023-09-04T23:58:59.717-0300] {spark_submit.py:491} INFO - 23/09/04 23:58:59 INFO DAGScheduler: Got job 3 (toPandas at /home/enricolm/Documents/Sprinklr_Airflow/dadosvm/Airflow_Investimento/Scripts/Operators/Raw_Operator.py:60) with 1 output partitions
[2023-09-04T23:58:59.717-0300] {spark_submit.py:491} INFO - 23/09/04 23:58:59 INFO DAGScheduler: Final stage: ResultStage 5 (toPandas at /home/enricolm/Documents/Sprinklr_Airflow/dadosvm/Airflow_Investimento/Scripts/Operators/Raw_Operator.py:60)
[2023-09-04T23:58:59.717-0300] {spark_submit.py:491} INFO - 23/09/04 23:58:59 INFO DAGScheduler: Parents of final stage: List(ShuffleMapStage 4)
[2023-09-04T23:58:59.717-0300] {spark_submit.py:491} INFO - 23/09/04 23:58:59 INFO DAGScheduler: Missing parents: List()
[2023-09-04T23:58:59.721-0300] {spark_submit.py:491} INFO - 23/09/04 23:58:59 INFO DAGScheduler: Submitting ResultStage 5 (MapPartitionsRDD[14] at toPandas at /home/enricolm/Documents/Sprinklr_Airflow/dadosvm/Airflow_Investimento/Scripts/Operators/Raw_Operator.py:60), which has no missing parents
[2023-09-04T23:58:59.746-0300] {spark_submit.py:491} INFO - 23/09/04 23:58:59 INFO MemoryStore: Block broadcast_3 stored as values in memory (estimated size 54.6 KiB, free 434.3 MiB)
[2023-09-04T23:58:59.762-0300] {spark_submit.py:491} INFO - 23/09/04 23:58:59 INFO MemoryStore: Block broadcast_3_piece0 stored as bytes in memory (estimated size 22.0 KiB, free 434.3 MiB)
[2023-09-04T23:58:59.764-0300] {spark_submit.py:491} INFO - 23/09/04 23:58:59 INFO BlockManagerInfo: Added broadcast_3_piece0 in memory on 192.168.0.53:35993 (size: 22.0 KiB, free: 434.4 MiB)
[2023-09-04T23:58:59.767-0300] {spark_submit.py:491} INFO - 23/09/04 23:58:59 INFO SparkContext: Created broadcast 3 from broadcast at DAGScheduler.scala:1535
[2023-09-04T23:58:59.810-0300] {spark_submit.py:491} INFO - 23/09/04 23:58:59 INFO DAGScheduler: Submitting 1 missing tasks from ResultStage 5 (MapPartitionsRDD[14] at toPandas at /home/enricolm/Documents/Sprinklr_Airflow/dadosvm/Airflow_Investimento/Scripts/Operators/Raw_Operator.py:60) (first 15 tasks are for partitions Vector(0))
[2023-09-04T23:58:59.810-0300] {spark_submit.py:491} INFO - 23/09/04 23:58:59 INFO BlockManagerInfo: Removed broadcast_2_piece0 on 192.168.0.53:35993 in memory (size: 21.0 KiB, free: 434.4 MiB)
[2023-09-04T23:58:59.811-0300] {spark_submit.py:491} INFO - 23/09/04 23:58:59 INFO TaskSchedulerImpl: Adding task set 5.0 with 1 tasks resource profile 0
[2023-09-04T23:58:59.812-0300] {spark_submit.py:491} INFO - 23/09/04 23:58:59 INFO TaskSetManager: Starting task 0.0 in stage 5.0 (TID 3) (192.168.0.53, executor driver, partition 0, NODE_LOCAL, 7437 bytes)
[2023-09-04T23:58:59.814-0300] {spark_submit.py:491} INFO - 23/09/04 23:58:59 INFO Executor: Running task 0.0 in stage 5.0 (TID 3)
[2023-09-04T23:58:59.862-0300] {spark_submit.py:491} INFO - 23/09/04 23:58:59 INFO ShuffleBlockFetcherIterator: Getting 1 (18.0 KiB) non-empty blocks including 1 (18.0 KiB) local and 0 (0.0 B) host-local and 0 (0.0 B) push-merged-local and 0 (0.0 B) remote blocks
[2023-09-04T23:58:59.862-0300] {spark_submit.py:491} INFO - 23/09/04 23:58:59 INFO ShuffleBlockFetcherIterator: Started 0 remote fetches in 1 ms
[2023-09-04T23:58:59.920-0300] {spark_submit.py:491} INFO - 23/09/04 23:58:59 INFO Executor: Finished task 0.0 in stage 5.0 (TID 3). 10775 bytes result sent to driver
[2023-09-04T23:58:59.929-0300] {spark_submit.py:491} INFO - 23/09/04 23:58:59 INFO TaskSetManager: Finished task 0.0 in stage 5.0 (TID 3) in 116 ms on 192.168.0.53 (executor driver) (1/1)
[2023-09-04T23:58:59.931-0300] {spark_submit.py:491} INFO - 23/09/04 23:58:59 INFO TaskSchedulerImpl: Removed TaskSet 5.0, whose tasks have all completed, from pool
[2023-09-04T23:58:59.931-0300] {spark_submit.py:491} INFO - 23/09/04 23:58:59 INFO DAGScheduler: ResultStage 5 (toPandas at /home/enricolm/Documents/Sprinklr_Airflow/dadosvm/Airflow_Investimento/Scripts/Operators/Raw_Operator.py:60) finished in 0,187 s
[2023-09-04T23:58:59.931-0300] {spark_submit.py:491} INFO - 23/09/04 23:58:59 INFO DAGScheduler: Job 3 is finished. Cancelling potential speculative or zombie tasks for this job
[2023-09-04T23:58:59.932-0300] {spark_submit.py:491} INFO - 23/09/04 23:58:59 INFO TaskSchedulerImpl: Killing all running tasks in stage 5: Stage finished
[2023-09-04T23:58:59.934-0300] {spark_submit.py:491} INFO - 23/09/04 23:58:59 INFO DAGScheduler: Job 3 finished: toPandas at /home/enricolm/Documents/Sprinklr_Airflow/dadosvm/Airflow_Investimento/Scripts/Operators/Raw_Operator.py:60, took 0,217765 s
[2023-09-04T23:59:00.033-0300] {spark_submit.py:491} INFO - 23/09/04 23:59:00 INFO SparkContext: SparkContext is stopping with exitCode 0.
[2023-09-04T23:59:00.073-0300] {spark_submit.py:491} INFO - 23/09/04 23:59:00 INFO SparkUI: Stopped Spark web UI at http://192.168.0.53:4040
[2023-09-04T23:59:00.146-0300] {spark_submit.py:491} INFO - 23/09/04 23:59:00 INFO MapOutputTrackerMasterEndpoint: MapOutputTrackerMasterEndpoint stopped!
[2023-09-04T23:59:00.162-0300] {spark_submit.py:491} INFO - 23/09/04 23:59:00 INFO MemoryStore: MemoryStore cleared
[2023-09-04T23:59:00.167-0300] {spark_submit.py:491} INFO - 23/09/04 23:59:00 INFO BlockManager: BlockManager stopped
[2023-09-04T23:59:00.219-0300] {spark_submit.py:491} INFO - 23/09/04 23:59:00 INFO BlockManagerMaster: BlockManagerMaster stopped
[2023-09-04T23:59:00.227-0300] {spark_submit.py:491} INFO - 23/09/04 23:59:00 INFO OutputCommitCoordinator$OutputCommitCoordinatorEndpoint: OutputCommitCoordinator stopped!
[2023-09-04T23:59:00.262-0300] {spark_submit.py:491} INFO - 23/09/04 23:59:00 INFO SparkContext: Successfully stopped SparkContext
[2023-09-04T23:59:01.177-0300] {spark_submit.py:491} INFO - 23/09/04 23:59:01 INFO ShutdownHookManager: Shutdown hook called
[2023-09-04T23:59:01.178-0300] {spark_submit.py:491} INFO - 23/09/04 23:59:01 INFO ShutdownHookManager: Deleting directory /tmp/spark-13d39c40-67b8-4a0a-9da0-e1da44436a49
[2023-09-04T23:59:01.206-0300] {spark_submit.py:491} INFO - 23/09/04 23:59:01 INFO ShutdownHookManager: Deleting directory /tmp/spark-ef94a16f-7683-45da-af24-070746cc1a5f
[2023-09-04T23:59:01.213-0300] {spark_submit.py:491} INFO - 23/09/04 23:59:01 INFO ShutdownHookManager: Deleting directory /tmp/spark-ef94a16f-7683-45da-af24-070746cc1a5f/pyspark-2a4a8c97-39ba-492f-b7ab-9f6bc1541c01
[2023-09-04T23:59:01.323-0300] {taskinstance.py:1345} INFO - Marking task as SUCCESS. dag_id=Investimento_api, task_id=Extracao_Invest, execution_date=20230905T025754, start_date=20230905T025837, end_date=20230905T025901
[2023-09-04T23:59:01.426-0300] {local_task_job_runner.py:225} INFO - Task exited with return code 0
[2023-09-04T23:59:01.456-0300] {taskinstance.py:2653} INFO - 1 downstream tasks scheduled from follow-on schedule check
