[2023-08-28T23:06:46.417-0300] {taskinstance.py:1103} INFO - Dependencies all met for dep_context=non-requeueable deps ti=<TaskInstance: Investimento_api.Extracao_Invest manual__2023-08-29T02:06:38.116570+00:00 [queued]>
[2023-08-28T23:06:46.423-0300] {taskinstance.py:1103} INFO - Dependencies all met for dep_context=requeueable deps ti=<TaskInstance: Investimento_api.Extracao_Invest manual__2023-08-29T02:06:38.116570+00:00 [queued]>
[2023-08-28T23:06:46.423-0300] {taskinstance.py:1308} INFO - Starting attempt 1 of 1
[2023-08-28T23:06:46.679-0300] {taskinstance.py:1327} INFO - Executing <Task(SparkSubmitOperator): Extracao_Invest> on 2023-08-29 02:06:38.116570+00:00
[2023-08-28T23:06:46.683-0300] {standard_task_runner.py:57} INFO - Started process 29714 to run task
[2023-08-28T23:06:46.696-0300] {standard_task_runner.py:84} INFO - Running: ['airflow', 'tasks', 'run', 'Investimento_api', 'Extracao_Invest', 'manual__2023-08-29T02:06:38.116570+00:00', '--job-id', '37', '--raw', '--subdir', 'DAGS_FOLDER/dag.py', '--cfg-path', '/tmp/tmp7dfwos0k']
[2023-08-28T23:06:46.697-0300] {standard_task_runner.py:85} INFO - Job 37: Subtask Extracao_Invest
[2023-08-28T23:06:47.040-0300] {task_command.py:410} INFO - Running <TaskInstance: Investimento_api.Extracao_Invest manual__2023-08-29T02:06:38.116570+00:00 [running]> on host VMEnricolm.myguest.virtualbox.org
[2023-08-28T23:06:47.608-0300] {taskinstance.py:1545} INFO - Exporting env vars: AIRFLOW_CTX_DAG_OWNER='airflow' AIRFLOW_CTX_DAG_ID='Investimento_api' AIRFLOW_CTX_TASK_ID='Extracao_Invest' AIRFLOW_CTX_EXECUTION_DATE='2023-08-29T02:06:38.116570+00:00' AIRFLOW_CTX_TRY_NUMBER='1' AIRFLOW_CTX_DAG_RUN_ID='manual__2023-08-29T02:06:38.116570+00:00'
[2023-08-28T23:06:47.663-0300] {base.py:73} INFO - Using connection ID 'spark_default' for task execution.
[2023-08-28T23:06:47.667-0300] {spark_submit.py:340} INFO - Spark-Submit cmd: spark-submit --master local --name Extracao_Invest /home/enricolm/Documents/Sprinklr_Airflow/dadosvm/Airflow_Investimento/Scripts/Operators/Raw_Operator.py
[2023-08-28T23:06:52.319-0300] {spark_submit.py:491} INFO - 23/08/28 23:06:52 WARN Utils: Your hostname, VMEnricolm resolves to a loopback address: 127.0.1.1; using 192.168.0.53 instead (on interface enp0s3)
[2023-08-28T23:06:52.322-0300] {spark_submit.py:491} INFO - 23/08/28 23:06:52 WARN Utils: Set SPARK_LOCAL_IP if you need to bind to another address
[2023-08-28T23:06:56.077-0300] {spark_submit.py:491} INFO - 23/08/28 23:06:56 INFO SparkContext: Running Spark version 3.4.1
[2023-08-28T23:06:56.214-0300] {spark_submit.py:491} INFO - 23/08/28 23:06:56 WARN NativeCodeLoader: Unable to load native-hadoop library for your platform... using builtin-java classes where applicable
[2023-08-28T23:06:56.316-0300] {spark_submit.py:491} INFO - 23/08/28 23:06:56 INFO ResourceUtils: ==============================================================
[2023-08-28T23:06:56.317-0300] {spark_submit.py:491} INFO - 23/08/28 23:06:56 INFO ResourceUtils: No custom resources configured for spark.driver.
[2023-08-28T23:06:56.318-0300] {spark_submit.py:491} INFO - 23/08/28 23:06:56 INFO ResourceUtils: ==============================================================
[2023-08-28T23:06:56.318-0300] {spark_submit.py:491} INFO - 23/08/28 23:06:56 INFO SparkContext: Submitted application: extracao_Finance
[2023-08-28T23:06:56.343-0300] {spark_submit.py:491} INFO - 23/08/28 23:06:56 INFO ResourceProfile: Default ResourceProfile created, executor resources: Map(cores -> name: cores, amount: 1, script: , vendor: , memory -> name: memory, amount: 1024, script: , vendor: , offHeap -> name: offHeap, amount: 0, script: , vendor: ), task resources: Map(cpus -> name: cpus, amount: 1.0)
[2023-08-28T23:06:56.348-0300] {spark_submit.py:491} INFO - 23/08/28 23:06:56 INFO ResourceProfile: Limiting resource is cpu
[2023-08-28T23:06:56.350-0300] {spark_submit.py:491} INFO - 23/08/28 23:06:56 INFO ResourceProfileManager: Added ResourceProfile id: 0
[2023-08-28T23:06:56.509-0300] {spark_submit.py:491} INFO - 23/08/28 23:06:56 INFO SecurityManager: Changing view acls to: enricolm
[2023-08-28T23:06:56.510-0300] {spark_submit.py:491} INFO - 23/08/28 23:06:56 INFO SecurityManager: Changing modify acls to: enricolm
[2023-08-28T23:06:56.512-0300] {spark_submit.py:491} INFO - 23/08/28 23:06:56 INFO SecurityManager: Changing view acls groups to:
[2023-08-28T23:06:56.514-0300] {spark_submit.py:491} INFO - 23/08/28 23:06:56 INFO SecurityManager: Changing modify acls groups to:
[2023-08-28T23:06:56.515-0300] {spark_submit.py:491} INFO - 23/08/28 23:06:56 INFO SecurityManager: SecurityManager: authentication disabled; ui acls disabled; users with view permissions: enricolm; groups with view permissions: EMPTY; users with modify permissions: enricolm; groups with modify permissions: EMPTY
[2023-08-28T23:06:56.768-0300] {spark_submit.py:491} INFO - 23/08/28 23:06:56 INFO Utils: Successfully started service 'sparkDriver' on port 36425.
[2023-08-28T23:06:56.815-0300] {spark_submit.py:491} INFO - 23/08/28 23:06:56 INFO SparkEnv: Registering MapOutputTracker
[2023-08-28T23:06:56.851-0300] {spark_submit.py:491} INFO - 23/08/28 23:06:56 INFO SparkEnv: Registering BlockManagerMaster
[2023-08-28T23:06:56.892-0300] {spark_submit.py:491} INFO - 23/08/28 23:06:56 INFO BlockManagerMasterEndpoint: Using org.apache.spark.storage.DefaultTopologyMapper for getting topology information
[2023-08-28T23:06:56.893-0300] {spark_submit.py:491} INFO - 23/08/28 23:06:56 INFO BlockManagerMasterEndpoint: BlockManagerMasterEndpoint up
[2023-08-28T23:06:56.899-0300] {spark_submit.py:491} INFO - 23/08/28 23:06:56 INFO SparkEnv: Registering BlockManagerMasterHeartbeat
[2023-08-28T23:06:56.921-0300] {spark_submit.py:491} INFO - 23/08/28 23:06:56 INFO DiskBlockManager: Created local directory at /tmp/blockmgr-c8be30ae-0fba-4777-a07e-941fcfd9f5ea
[2023-08-28T23:06:56.940-0300] {spark_submit.py:491} INFO - 23/08/28 23:06:56 INFO MemoryStore: MemoryStore started with capacity 434.4 MiB
[2023-08-28T23:06:56.959-0300] {spark_submit.py:491} INFO - 23/08/28 23:06:56 INFO SparkEnv: Registering OutputCommitCoordinator
[2023-08-28T23:06:57.112-0300] {spark_submit.py:491} INFO - 23/08/28 23:06:57 INFO JettyUtils: Start Jetty 0.0.0.0:4040 for SparkUI
[2023-08-28T23:06:57.196-0300] {spark_submit.py:491} INFO - 23/08/28 23:06:57 INFO Utils: Successfully started service 'SparkUI' on port 4040.
[2023-08-28T23:06:57.323-0300] {spark_submit.py:491} INFO - 23/08/28 23:06:57 INFO Executor: Starting executor ID driver on host 192.168.0.53
[2023-08-28T23:06:57.332-0300] {spark_submit.py:491} INFO - 23/08/28 23:06:57 INFO Executor: Starting executor with user classpath (userClassPathFirst = false): ''
[2023-08-28T23:06:57.362-0300] {spark_submit.py:491} INFO - 23/08/28 23:06:57 INFO Utils: Successfully started service 'org.apache.spark.network.netty.NettyBlockTransferService' on port 32837.
[2023-08-28T23:06:57.363-0300] {spark_submit.py:491} INFO - 23/08/28 23:06:57 INFO NettyBlockTransferService: Server created on 192.168.0.53:32837
[2023-08-28T23:06:57.365-0300] {spark_submit.py:491} INFO - 23/08/28 23:06:57 INFO BlockManager: Using org.apache.spark.storage.RandomBlockReplicationPolicy for block replication policy
[2023-08-28T23:06:57.371-0300] {spark_submit.py:491} INFO - 23/08/28 23:06:57 INFO BlockManagerMaster: Registering BlockManager BlockManagerId(driver, 192.168.0.53, 32837, None)
[2023-08-28T23:06:57.375-0300] {spark_submit.py:491} INFO - 23/08/28 23:06:57 INFO BlockManagerMasterEndpoint: Registering block manager 192.168.0.53:32837 with 434.4 MiB RAM, BlockManagerId(driver, 192.168.0.53, 32837, None)
[2023-08-28T23:06:57.380-0300] {spark_submit.py:491} INFO - 23/08/28 23:06:57 INFO BlockManagerMaster: Registered BlockManager BlockManagerId(driver, 192.168.0.53, 32837, None)
[2023-08-28T23:06:57.382-0300] {spark_submit.py:491} INFO - 23/08/28 23:06:57 INFO BlockManager: Initialized BlockManager: BlockManagerId(driver, 192.168.0.53, 32837, None)
[2023-08-28T23:06:57.917-0300] {spark_submit.py:491} INFO - Criando pasta
[2023-08-28T23:07:01.559-0300] {spark_submit.py:491} INFO - 23/08/28 23:07:01 INFO SharedState: Setting hive.metastore.warehouse.dir ('null') to the value of spark.sql.warehouse.dir.
[2023-08-28T23:07:01.609-0300] {spark_submit.py:491} INFO - 23/08/28 23:07:01 INFO SharedState: Warehouse path is 'file:/home/enricolm/Documents/Sprinklr_Airflow/dadosvm/Airflow_Investimento/spark-warehouse'.
[2023-08-28T23:07:09.306-0300] {spark_submit.py:491} INFO - 23/08/28 23:07:09 INFO HashAggregateExec: spark.sql.codegen.aggregate.map.twolevel.enabled is set to true, but current version of codegened fast hashmap does not support this aggregate.
[2023-08-28T23:07:09.774-0300] {spark_submit.py:491} INFO - 23/08/28 23:07:09 INFO CodeGenerator: Code generated in 392.788075 ms
[2023-08-28T23:07:09.932-0300] {spark_submit.py:491} INFO - 23/08/28 23:07:09 INFO DAGScheduler: Registering RDD 6 (isEmpty at NativeMethodAccessorImpl.java:0) as input to shuffle 0
[2023-08-28T23:07:09.943-0300] {spark_submit.py:491} INFO - 23/08/28 23:07:09 INFO DAGScheduler: Got map stage job 0 (isEmpty at NativeMethodAccessorImpl.java:0) with 1 output partitions
[2023-08-28T23:07:09.944-0300] {spark_submit.py:491} INFO - 23/08/28 23:07:09 INFO DAGScheduler: Final stage: ShuffleMapStage 0 (isEmpty at NativeMethodAccessorImpl.java:0)
[2023-08-28T23:07:09.944-0300] {spark_submit.py:491} INFO - 23/08/28 23:07:09 INFO DAGScheduler: Parents of final stage: List()
[2023-08-28T23:07:09.948-0300] {spark_submit.py:491} INFO - 23/08/28 23:07:09 INFO DAGScheduler: Missing parents: List()
[2023-08-28T23:07:09.951-0300] {spark_submit.py:491} INFO - 23/08/28 23:07:09 INFO DAGScheduler: Submitting ShuffleMapStage 0 (MapPartitionsRDD[6] at isEmpty at NativeMethodAccessorImpl.java:0), which has no missing parents
[2023-08-28T23:07:10.151-0300] {spark_submit.py:491} INFO - 23/08/28 23:07:10 INFO MemoryStore: Block broadcast_0 stored as values in memory (estimated size 30.5 KiB, free 434.4 MiB)
[2023-08-28T23:07:10.187-0300] {spark_submit.py:491} INFO - 23/08/28 23:07:10 INFO MemoryStore: Block broadcast_0_piece0 stored as bytes in memory (estimated size 14.2 KiB, free 434.4 MiB)
[2023-08-28T23:07:10.190-0300] {spark_submit.py:491} INFO - 23/08/28 23:07:10 INFO BlockManagerInfo: Added broadcast_0_piece0 in memory on 192.168.0.53:32837 (size: 14.2 KiB, free: 434.4 MiB)
[2023-08-28T23:07:10.195-0300] {spark_submit.py:491} INFO - 23/08/28 23:07:10 INFO SparkContext: Created broadcast 0 from broadcast at DAGScheduler.scala:1535
[2023-08-28T23:07:10.208-0300] {spark_submit.py:491} INFO - 23/08/28 23:07:10 INFO DAGScheduler: Submitting 1 missing tasks from ShuffleMapStage 0 (MapPartitionsRDD[6] at isEmpty at NativeMethodAccessorImpl.java:0) (first 15 tasks are for partitions Vector(0))
[2023-08-28T23:07:10.210-0300] {spark_submit.py:491} INFO - 23/08/28 23:07:10 INFO TaskSchedulerImpl: Adding task set 0.0 with 1 tasks resource profile 0
[2023-08-28T23:07:10.275-0300] {spark_submit.py:491} INFO - 23/08/28 23:07:10 INFO TaskSetManager: Starting task 0.0 in stage 0.0 (TID 0) (192.168.0.53, executor driver, partition 0, PROCESS_LOCAL, 7566 bytes)
[2023-08-28T23:07:10.294-0300] {spark_submit.py:491} INFO - 23/08/28 23:07:10 INFO Executor: Running task 0.0 in stage 0.0 (TID 0)
[2023-08-28T23:07:11.303-0300] {spark_submit.py:491} INFO - 23/08/28 23:07:11 INFO CodeGenerator: Code generated in 53.456239 ms
[2023-08-28T23:07:11.332-0300] {spark_submit.py:491} INFO - 23/08/28 23:07:11 INFO CodeGenerator: Code generated in 5.014579 ms
[2023-08-28T23:07:11.368-0300] {spark_submit.py:491} INFO - 23/08/28 23:07:11 INFO CodeGenerator: Code generated in 10.450404 ms
[2023-08-28T23:07:11.448-0300] {spark_submit.py:491} INFO - 23/08/28 23:07:11 INFO PythonRunner: Times: total = 754, boot = 673, init = 80, finish = 1
[2023-08-28T23:07:11.659-0300] {spark_submit.py:491} INFO - 23/08/28 23:07:11 INFO Executor: Finished task 0.0 in stage 0.0 (TID 0). 3014 bytes result sent to driver
[2023-08-28T23:07:11.673-0300] {spark_submit.py:491} INFO - 23/08/28 23:07:11 INFO TaskSetManager: Finished task 0.0 in stage 0.0 (TID 0) in 1408 ms on 192.168.0.53 (executor driver) (1/1)
[2023-08-28T23:07:11.680-0300] {spark_submit.py:491} INFO - 23/08/28 23:07:11 INFO PythonAccumulatorV2: Connected to AccumulatorServer at host: 127.0.0.1 port: 43865
[2023-08-28T23:07:11.686-0300] {spark_submit.py:491} INFO - 23/08/28 23:07:11 INFO TaskSchedulerImpl: Removed TaskSet 0.0, whose tasks have all completed, from pool
[2023-08-28T23:07:11.703-0300] {spark_submit.py:491} INFO - 23/08/28 23:07:11 INFO DAGScheduler: ShuffleMapStage 0 (isEmpty at NativeMethodAccessorImpl.java:0) finished in 1,726 s
[2023-08-28T23:07:11.706-0300] {spark_submit.py:491} INFO - 23/08/28 23:07:11 INFO DAGScheduler: looking for newly runnable stages
[2023-08-28T23:07:11.707-0300] {spark_submit.py:491} INFO - 23/08/28 23:07:11 INFO DAGScheduler: running: HashSet()
[2023-08-28T23:07:11.708-0300] {spark_submit.py:491} INFO - 23/08/28 23:07:11 INFO DAGScheduler: waiting: HashSet()
[2023-08-28T23:07:11.708-0300] {spark_submit.py:491} INFO - 23/08/28 23:07:11 INFO DAGScheduler: failed: HashSet()
[2023-08-28T23:07:11.753-0300] {spark_submit.py:491} INFO - 23/08/28 23:07:11 INFO ShufflePartitionsUtil: For shuffle(0), advisory target size: 67108864, actual target size 1048576, minimum partition size: 1048576
[2023-08-28T23:07:11.842-0300] {spark_submit.py:491} INFO - 23/08/28 23:07:11 INFO HashAggregateExec: spark.sql.codegen.aggregate.map.twolevel.enabled is set to true, but current version of codegened fast hashmap does not support this aggregate.
[2023-08-28T23:07:11.992-0300] {spark_submit.py:491} INFO - 23/08/28 23:07:11 INFO CodeGenerator: Code generated in 145.643329 ms
[2023-08-28T23:07:12.220-0300] {spark_submit.py:491} INFO - 23/08/28 23:07:12 INFO SparkContext: Starting job: isEmpty at NativeMethodAccessorImpl.java:0
[2023-08-28T23:07:12.251-0300] {spark_submit.py:491} INFO - 23/08/28 23:07:12 INFO DAGScheduler: Got job 1 (isEmpty at NativeMethodAccessorImpl.java:0) with 1 output partitions
[2023-08-28T23:07:12.251-0300] {spark_submit.py:491} INFO - 23/08/28 23:07:12 INFO DAGScheduler: Final stage: ResultStage 2 (isEmpty at NativeMethodAccessorImpl.java:0)
[2023-08-28T23:07:12.273-0300] {spark_submit.py:491} INFO - 23/08/28 23:07:12 INFO DAGScheduler: Parents of final stage: List(ShuffleMapStage 1)
[2023-08-28T23:07:12.280-0300] {spark_submit.py:491} INFO - 23/08/28 23:07:12 INFO DAGScheduler: Missing parents: List()
[2023-08-28T23:07:12.289-0300] {spark_submit.py:491} INFO - 23/08/28 23:07:12 INFO DAGScheduler: Submitting ResultStage 2 (MapPartitionsRDD[9] at isEmpty at NativeMethodAccessorImpl.java:0), which has no missing parents
[2023-08-28T23:07:12.460-0300] {spark_submit.py:491} INFO - 23/08/28 23:07:12 INFO MemoryStore: Block broadcast_1 stored as values in memory (estimated size 33.3 KiB, free 434.3 MiB)
[2023-08-28T23:07:12.563-0300] {spark_submit.py:491} INFO - 23/08/28 23:07:12 INFO MemoryStore: Block broadcast_1_piece0 stored as bytes in memory (estimated size 15.7 KiB, free 434.3 MiB)
[2023-08-28T23:07:12.564-0300] {spark_submit.py:491} INFO - 23/08/28 23:07:12 INFO BlockManagerInfo: Added broadcast_1_piece0 in memory on 192.168.0.53:32837 (size: 15.7 KiB, free: 434.4 MiB)
[2023-08-28T23:07:12.606-0300] {spark_submit.py:491} INFO - 23/08/28 23:07:12 INFO SparkContext: Created broadcast 1 from broadcast at DAGScheduler.scala:1535
[2023-08-28T23:07:12.606-0300] {spark_submit.py:491} INFO - 23/08/28 23:07:12 INFO DAGScheduler: Submitting 1 missing tasks from ResultStage 2 (MapPartitionsRDD[9] at isEmpty at NativeMethodAccessorImpl.java:0) (first 15 tasks are for partitions Vector(0))
[2023-08-28T23:07:12.607-0300] {spark_submit.py:491} INFO - 23/08/28 23:07:12 INFO TaskSchedulerImpl: Adding task set 2.0 with 1 tasks resource profile 0
[2023-08-28T23:07:13.057-0300] {spark_submit.py:491} INFO - 23/08/28 23:07:13 INFO BlockManagerInfo: Removed broadcast_0_piece0 on 192.168.0.53:32837 in memory (size: 14.2 KiB, free: 434.4 MiB)
[2023-08-28T23:07:13.059-0300] {spark_submit.py:491} INFO - 23/08/28 23:07:13 INFO TaskSetManager: Starting task 0.0 in stage 2.0 (TID 1) (192.168.0.53, executor driver, partition 0, NODE_LOCAL, 7437 bytes)
[2023-08-28T23:07:13.061-0300] {spark_submit.py:491} INFO - 23/08/28 23:07:13 INFO Executor: Running task 0.0 in stage 2.0 (TID 1)
[2023-08-28T23:07:13.704-0300] {spark_submit.py:491} INFO - 23/08/28 23:07:13 INFO ShuffleBlockFetcherIterator: Getting 1 (97.0 B) non-empty blocks including 1 (97.0 B) local and 0 (0.0 B) host-local and 0 (0.0 B) push-merged-local and 0 (0.0 B) remote blocks
[2023-08-28T23:07:13.726-0300] {spark_submit.py:491} INFO - 23/08/28 23:07:13 INFO ShuffleBlockFetcherIterator: Started 0 remote fetches in 30 ms
[2023-08-28T23:07:13.971-0300] {spark_submit.py:491} INFO - 23/08/28 23:07:13 INFO Executor: Finished task 0.0 in stage 2.0 (TID 1). 5358 bytes result sent to driver
[2023-08-28T23:07:13.987-0300] {spark_submit.py:491} INFO - 23/08/28 23:07:13 INFO TaskSetManager: Finished task 0.0 in stage 2.0 (TID 1) in 1152 ms on 192.168.0.53 (executor driver) (1/1)
[2023-08-28T23:07:13.987-0300] {spark_submit.py:491} INFO - 23/08/28 23:07:13 INFO TaskSchedulerImpl: Removed TaskSet 2.0, whose tasks have all completed, from pool
[2023-08-28T23:07:13.992-0300] {spark_submit.py:491} INFO - 23/08/28 23:07:13 INFO DAGScheduler: ResultStage 2 (isEmpty at NativeMethodAccessorImpl.java:0) finished in 1,683 s
[2023-08-28T23:07:13.992-0300] {spark_submit.py:491} INFO - 23/08/28 23:07:13 INFO DAGScheduler: Job 1 is finished. Cancelling potential speculative or zombie tasks for this job
[2023-08-28T23:07:13.992-0300] {spark_submit.py:491} INFO - 23/08/28 23:07:13 INFO TaskSchedulerImpl: Killing all running tasks in stage 2: Stage finished
[2023-08-28T23:07:13.992-0300] {spark_submit.py:491} INFO - 23/08/28 23:07:13 INFO DAGScheduler: Job 1 finished: isEmpty at NativeMethodAccessorImpl.java:0, took 1,772692 s
[2023-08-28T23:07:15.101-0300] {spark_submit.py:491} INFO - 23/08/28 23:07:15 INFO CodeGenerator: Code generated in 77.915514 ms
[2023-08-28T23:07:15.127-0300] {spark_submit.py:491} INFO - 23/08/28 23:07:15 INFO DAGScheduler: Registering RDD 11 (csv at NativeMethodAccessorImpl.java:0) as input to shuffle 1
[2023-08-28T23:07:15.129-0300] {spark_submit.py:491} INFO - 23/08/28 23:07:15 INFO DAGScheduler: Got map stage job 2 (csv at NativeMethodAccessorImpl.java:0) with 1 output partitions
[2023-08-28T23:07:15.129-0300] {spark_submit.py:491} INFO - 23/08/28 23:07:15 INFO DAGScheduler: Final stage: ShuffleMapStage 3 (csv at NativeMethodAccessorImpl.java:0)
[2023-08-28T23:07:15.130-0300] {spark_submit.py:491} INFO - 23/08/28 23:07:15 INFO DAGScheduler: Parents of final stage: List()
[2023-08-28T23:07:15.130-0300] {spark_submit.py:491} INFO - 23/08/28 23:07:15 INFO DAGScheduler: Missing parents: List()
[2023-08-28T23:07:15.131-0300] {spark_submit.py:491} INFO - 23/08/28 23:07:15 INFO BlockManagerInfo: Removed broadcast_1_piece0 on 192.168.0.53:32837 in memory (size: 15.7 KiB, free: 434.4 MiB)
[2023-08-28T23:07:15.132-0300] {spark_submit.py:491} INFO - 23/08/28 23:07:15 INFO DAGScheduler: Submitting ShuffleMapStage 3 (MapPartitionsRDD[11] at csv at NativeMethodAccessorImpl.java:0), which has no missing parents
[2023-08-28T23:07:15.144-0300] {spark_submit.py:491} INFO - 23/08/28 23:07:15 INFO MemoryStore: Block broadcast_2 stored as values in memory (estimated size 50.5 KiB, free 434.4 MiB)
[2023-08-28T23:07:15.154-0300] {spark_submit.py:491} INFO - 23/08/28 23:07:15 INFO MemoryStore: Block broadcast_2_piece0 stored as bytes in memory (estimated size 21.0 KiB, free 434.3 MiB)
[2023-08-28T23:07:15.155-0300] {spark_submit.py:491} INFO - 23/08/28 23:07:15 INFO BlockManagerInfo: Added broadcast_2_piece0 in memory on 192.168.0.53:32837 (size: 21.0 KiB, free: 434.4 MiB)
[2023-08-28T23:07:15.156-0300] {spark_submit.py:491} INFO - 23/08/28 23:07:15 INFO SparkContext: Created broadcast 2 from broadcast at DAGScheduler.scala:1535
[2023-08-28T23:07:15.157-0300] {spark_submit.py:491} INFO - 23/08/28 23:07:15 INFO DAGScheduler: Submitting 1 missing tasks from ShuffleMapStage 3 (MapPartitionsRDD[11] at csv at NativeMethodAccessorImpl.java:0) (first 15 tasks are for partitions Vector(0))
[2023-08-28T23:07:15.158-0300] {spark_submit.py:491} INFO - 23/08/28 23:07:15 INFO TaskSchedulerImpl: Adding task set 3.0 with 1 tasks resource profile 0
[2023-08-28T23:07:15.159-0300] {spark_submit.py:491} INFO - 23/08/28 23:07:15 INFO TaskSetManager: Starting task 0.0 in stage 3.0 (TID 2) (192.168.0.53, executor driver, partition 0, PROCESS_LOCAL, 7566 bytes)
[2023-08-28T23:07:15.160-0300] {spark_submit.py:491} INFO - 23/08/28 23:07:15 INFO Executor: Running task 0.0 in stage 3.0 (TID 2)
[2023-08-28T23:07:15.197-0300] {spark_submit.py:491} INFO - 23/08/28 23:07:15 INFO CodeGenerator: Code generated in 6.598119 ms
[2023-08-28T23:07:15.216-0300] {spark_submit.py:491} INFO - 23/08/28 23:07:15 INFO CodeGenerator: Code generated in 10.077624 ms
[2023-08-28T23:07:15.258-0300] {spark_submit.py:491} INFO - 23/08/28 23:07:15 INFO PythonRunner: Times: total = 81, boot = -3957, init = 4038, finish = 0
[2023-08-28T23:07:15.268-0300] {spark_submit.py:491} INFO - 23/08/28 23:07:15 INFO Executor: Finished task 0.0 in stage 3.0 (TID 2). 2928 bytes result sent to driver
[2023-08-28T23:07:15.270-0300] {spark_submit.py:491} INFO - 23/08/28 23:07:15 INFO TaskSetManager: Finished task 0.0 in stage 3.0 (TID 2) in 111 ms on 192.168.0.53 (executor driver) (1/1)
[2023-08-28T23:07:15.271-0300] {spark_submit.py:491} INFO - 23/08/28 23:07:15 INFO TaskSchedulerImpl: Removed TaskSet 3.0, whose tasks have all completed, from pool
[2023-08-28T23:07:15.273-0300] {spark_submit.py:491} INFO - 23/08/28 23:07:15 INFO DAGScheduler: ShuffleMapStage 3 (csv at NativeMethodAccessorImpl.java:0) finished in 0,139 s
[2023-08-28T23:07:15.274-0300] {spark_submit.py:491} INFO - 23/08/28 23:07:15 INFO DAGScheduler: looking for newly runnable stages
[2023-08-28T23:07:15.274-0300] {spark_submit.py:491} INFO - 23/08/28 23:07:15 INFO DAGScheduler: running: HashSet()
[2023-08-28T23:07:15.274-0300] {spark_submit.py:491} INFO - 23/08/28 23:07:15 INFO DAGScheduler: waiting: HashSet()
[2023-08-28T23:07:15.274-0300] {spark_submit.py:491} INFO - 23/08/28 23:07:15 INFO DAGScheduler: failed: HashSet()
[2023-08-28T23:07:15.281-0300] {spark_submit.py:491} INFO - 23/08/28 23:07:15 INFO ShufflePartitionsUtil: For shuffle(1), advisory target size: 67108864, actual target size 1048576, minimum partition size: 1048576
[2023-08-28T23:07:15.536-0300] {spark_submit.py:491} INFO - 23/08/28 23:07:15 INFO FileOutputCommitter: File Output Committer Algorithm version is 1
[2023-08-28T23:07:15.536-0300] {spark_submit.py:491} INFO - 23/08/28 23:07:15 INFO FileOutputCommitter: FileOutputCommitter skip cleanup _temporary folders under output directory:false, ignore cleanup failures: false
[2023-08-28T23:07:15.537-0300] {spark_submit.py:491} INFO - 23/08/28 23:07:15 INFO SQLHadoopMapReduceCommitProtocol: Using output committer class org.apache.hadoop.mapreduce.lib.output.FileOutputCommitter
[2023-08-28T23:07:15.729-0300] {spark_submit.py:491} INFO - 23/08/28 23:07:15 INFO HashAggregateExec: spark.sql.codegen.aggregate.map.twolevel.enabled is set to true, but current version of codegened fast hashmap does not support this aggregate.
[2023-08-28T23:07:15.774-0300] {spark_submit.py:491} INFO - 23/08/28 23:07:15 INFO CodeGenerator: Code generated in 26.712685 ms
[2023-08-28T23:07:15.888-0300] {spark_submit.py:491} INFO - 23/08/28 23:07:15 INFO SparkContext: Starting job: csv at NativeMethodAccessorImpl.java:0
[2023-08-28T23:07:15.890-0300] {spark_submit.py:491} INFO - 23/08/28 23:07:15 INFO DAGScheduler: Got job 3 (csv at NativeMethodAccessorImpl.java:0) with 1 output partitions
[2023-08-28T23:07:15.891-0300] {spark_submit.py:491} INFO - 23/08/28 23:07:15 INFO DAGScheduler: Final stage: ResultStage 5 (csv at NativeMethodAccessorImpl.java:0)
[2023-08-28T23:07:15.891-0300] {spark_submit.py:491} INFO - 23/08/28 23:07:15 INFO DAGScheduler: Parents of final stage: List(ShuffleMapStage 4)
[2023-08-28T23:07:15.891-0300] {spark_submit.py:491} INFO - 23/08/28 23:07:15 INFO DAGScheduler: Missing parents: List()
[2023-08-28T23:07:15.894-0300] {spark_submit.py:491} INFO - 23/08/28 23:07:15 INFO DAGScheduler: Submitting ResultStage 5 (MapPartitionsRDD[15] at csv at NativeMethodAccessorImpl.java:0), which has no missing parents
[2023-08-28T23:07:15.983-0300] {spark_submit.py:491} INFO - 23/08/28 23:07:15 INFO BlockManagerInfo: Removed broadcast_2_piece0 on 192.168.0.53:32837 in memory (size: 21.0 KiB, free: 434.4 MiB)
[2023-08-28T23:07:15.995-0300] {spark_submit.py:491} INFO - 23/08/28 23:07:15 INFO MemoryStore: Block broadcast_3 stored as values in memory (estimated size 256.8 KiB, free 434.1 MiB)
[2023-08-28T23:07:16.012-0300] {spark_submit.py:491} INFO - 23/08/28 23:07:16 INFO MemoryStore: Block broadcast_3_piece0 stored as bytes in memory (estimated size 93.6 KiB, free 434.1 MiB)
[2023-08-28T23:07:16.015-0300] {spark_submit.py:491} INFO - 23/08/28 23:07:16 INFO BlockManagerInfo: Added broadcast_3_piece0 in memory on 192.168.0.53:32837 (size: 93.6 KiB, free: 434.3 MiB)
[2023-08-28T23:07:16.017-0300] {spark_submit.py:491} INFO - 23/08/28 23:07:16 INFO SparkContext: Created broadcast 3 from broadcast at DAGScheduler.scala:1535
[2023-08-28T23:07:16.019-0300] {spark_submit.py:491} INFO - 23/08/28 23:07:16 INFO DAGScheduler: Submitting 1 missing tasks from ResultStage 5 (MapPartitionsRDD[15] at csv at NativeMethodAccessorImpl.java:0) (first 15 tasks are for partitions Vector(0))
[2023-08-28T23:07:16.019-0300] {spark_submit.py:491} INFO - 23/08/28 23:07:16 INFO TaskSchedulerImpl: Adding task set 5.0 with 1 tasks resource profile 0
[2023-08-28T23:07:16.026-0300] {spark_submit.py:491} INFO - 23/08/28 23:07:16 INFO TaskSetManager: Starting task 0.0 in stage 5.0 (TID 3) (192.168.0.53, executor driver, partition 0, NODE_LOCAL, 7784 bytes)
[2023-08-28T23:07:16.027-0300] {spark_submit.py:491} INFO - 23/08/28 23:07:16 INFO Executor: Running task 0.0 in stage 5.0 (TID 3)
[2023-08-28T23:07:16.118-0300] {spark_submit.py:491} INFO - 23/08/28 23:07:16 INFO FileOutputCommitter: File Output Committer Algorithm version is 1
[2023-08-28T23:07:16.119-0300] {spark_submit.py:491} INFO - 23/08/28 23:07:16 INFO FileOutputCommitter: FileOutputCommitter skip cleanup _temporary folders under output directory:false, ignore cleanup failures: false
[2023-08-28T23:07:16.119-0300] {spark_submit.py:491} INFO - 23/08/28 23:07:16 INFO SQLHadoopMapReduceCommitProtocol: Using output committer class org.apache.hadoop.mapreduce.lib.output.FileOutputCommitter
[2023-08-28T23:07:16.403-0300] {spark_submit.py:491} INFO - 23/08/28 23:07:16 INFO ShuffleBlockFetcherIterator: Getting 1 (142.0 B) non-empty blocks including 1 (142.0 B) local and 0 (0.0 B) host-local and 0 (0.0 B) push-merged-local and 0 (0.0 B) remote blocks
[2023-08-28T23:07:16.404-0300] {spark_submit.py:491} INFO - 23/08/28 23:07:16 INFO ShuffleBlockFetcherIterator: Started 0 remote fetches in 2 ms
[2023-08-28T23:07:16.465-0300] {spark_submit.py:491} INFO - 23/08/28 23:07:16 INFO FileOutputCommitter: Saved output of task 'attempt_202308282307157706903126258887427_0005_m_000000_3' to file:/home/enricolm/Documents/Sprinklr_Airflow/dadosvm/Airflow_Investimento/datalake/Raw/Data=2023-08-22/_temporary/0/task_202308282307157706903126258887427_0005_m_000000
[2023-08-28T23:07:16.466-0300] {spark_submit.py:491} INFO - 23/08/28 23:07:16 INFO SparkHadoopMapRedUtil: attempt_202308282307157706903126258887427_0005_m_000000_3: Committed. Elapsed time: 1 ms.
[2023-08-28T23:07:16.486-0300] {spark_submit.py:491} INFO - 23/08/28 23:07:16 INFO Executor: Finished task 0.0 in stage 5.0 (TID 3). 6555 bytes result sent to driver
[2023-08-28T23:07:16.492-0300] {spark_submit.py:491} INFO - 23/08/28 23:07:16 INFO TaskSetManager: Finished task 0.0 in stage 5.0 (TID 3) in 472 ms on 192.168.0.53 (executor driver) (1/1)
[2023-08-28T23:07:16.493-0300] {spark_submit.py:491} INFO - 23/08/28 23:07:16 INFO TaskSchedulerImpl: Removed TaskSet 5.0, whose tasks have all completed, from pool
[2023-08-28T23:07:16.495-0300] {spark_submit.py:491} INFO - 23/08/28 23:07:16 INFO DAGScheduler: ResultStage 5 (csv at NativeMethodAccessorImpl.java:0) finished in 0,602 s
[2023-08-28T23:07:16.495-0300] {spark_submit.py:491} INFO - 23/08/28 23:07:16 INFO DAGScheduler: Job 3 is finished. Cancelling potential speculative or zombie tasks for this job
[2023-08-28T23:07:16.495-0300] {spark_submit.py:491} INFO - 23/08/28 23:07:16 INFO TaskSchedulerImpl: Killing all running tasks in stage 5: Stage finished
[2023-08-28T23:07:16.496-0300] {spark_submit.py:491} INFO - 23/08/28 23:07:16 INFO DAGScheduler: Job 3 finished: csv at NativeMethodAccessorImpl.java:0, took 0,608400 s
[2023-08-28T23:07:16.502-0300] {spark_submit.py:491} INFO - 23/08/28 23:07:16 INFO FileFormatWriter: Start to commit write Job f3e82794-f4c1-42fc-a8fd-cb0020a0a98b.
[2023-08-28T23:07:16.575-0300] {spark_submit.py:491} INFO - 23/08/28 23:07:16 INFO FileFormatWriter: Write Job f3e82794-f4c1-42fc-a8fd-cb0020a0a98b committed. Elapsed time: 71 ms.
[2023-08-28T23:07:16.579-0300] {spark_submit.py:491} INFO - 23/08/28 23:07:16 INFO FileFormatWriter: Finished processing stats for write job f3e82794-f4c1-42fc-a8fd-cb0020a0a98b.
[2023-08-28T23:07:16.602-0300] {spark_submit.py:491} INFO - 23/08/28 23:07:16 INFO SparkContext: SparkContext is stopping with exitCode 0.
[2023-08-28T23:07:16.740-0300] {spark_submit.py:491} INFO - 23/08/28 23:07:16 INFO SparkUI: Stopped Spark web UI at http://192.168.0.53:4040
[2023-08-28T23:07:16.799-0300] {spark_submit.py:491} INFO - 23/08/28 23:07:16 INFO MapOutputTrackerMasterEndpoint: MapOutputTrackerMasterEndpoint stopped!
[2023-08-28T23:07:16.826-0300] {spark_submit.py:491} INFO - 23/08/28 23:07:16 INFO MemoryStore: MemoryStore cleared
[2023-08-28T23:07:16.829-0300] {spark_submit.py:491} INFO - 23/08/28 23:07:16 INFO BlockManager: BlockManager stopped
[2023-08-28T23:07:16.838-0300] {spark_submit.py:491} INFO - 23/08/28 23:07:16 INFO BlockManagerMaster: BlockManagerMaster stopped
[2023-08-28T23:07:16.845-0300] {spark_submit.py:491} INFO - 23/08/28 23:07:16 INFO OutputCommitCoordinator$OutputCommitCoordinatorEndpoint: OutputCommitCoordinator stopped!
[2023-08-28T23:07:16.865-0300] {spark_submit.py:491} INFO - 23/08/28 23:07:16 INFO SparkContext: Successfully stopped SparkContext
[2023-08-28T23:07:17.505-0300] {spark_submit.py:491} INFO - [[34m2023-08-28T23:07:17.504-0300[0m] {[34mclientserver.py:[0m543} INFO[0m - Closing down clientserver connection[0m
[2023-08-28T23:07:17.908-0300] {spark_submit.py:491} INFO - 23/08/28 23:07:17 INFO ShutdownHookManager: Shutdown hook called
[2023-08-28T23:07:17.919-0300] {spark_submit.py:491} INFO - 23/08/28 23:07:17 INFO ShutdownHookManager: Deleting directory /tmp/spark-ee2028bc-9fb4-48ec-a02f-6c502d9e9a39
[2023-08-28T23:07:17.974-0300] {spark_submit.py:491} INFO - 23/08/28 23:07:17 INFO ShutdownHookManager: Deleting directory /tmp/spark-ca8ff946-5feb-4ca6-a6bc-e4ee26f3160a/pyspark-6b7010e8-1fdb-47ab-b357-51a79a62e626
[2023-08-28T23:07:17.987-0300] {spark_submit.py:491} INFO - 23/08/28 23:07:17 INFO ShutdownHookManager: Deleting directory /tmp/spark-ca8ff946-5feb-4ca6-a6bc-e4ee26f3160a
[2023-08-28T23:07:18.787-0300] {taskinstance.py:1345} INFO - Marking task as SUCCESS. dag_id=Investimento_api, task_id=Extracao_Invest, execution_date=20230829T020638, start_date=20230829T020646, end_date=20230829T020718
[2023-08-28T23:07:19.521-0300] {local_task_job_runner.py:225} INFO - Task exited with return code 0
[2023-08-28T23:07:19.604-0300] {taskinstance.py:2653} INFO - 1 downstream tasks scheduled from follow-on schedule check
