[2023-09-04T20:01:47.752-0300] {taskinstance.py:1103} INFO - Dependencies all met for dep_context=non-requeueable deps ti=<TaskInstance: Investimento_api_crypto.Insert_Postgres_crypto manual__2023-09-04T23:01:26.469420+00:00 [queued]>
[2023-09-04T20:01:47.782-0300] {taskinstance.py:1103} INFO - Dependencies all met for dep_context=requeueable deps ti=<TaskInstance: Investimento_api_crypto.Insert_Postgres_crypto manual__2023-09-04T23:01:26.469420+00:00 [queued]>
[2023-09-04T20:01:47.783-0300] {taskinstance.py:1308} INFO - Starting attempt 1 of 1
[2023-09-04T20:01:47.797-0300] {taskinstance.py:1327} INFO - Executing <Task(PostgresOperator): Insert_Postgres_crypto> on 2023-09-04 23:01:26.469420+00:00
[2023-09-04T20:01:47.801-0300] {standard_task_runner.py:57} INFO - Started process 58807 to run task
[2023-09-04T20:01:47.805-0300] {standard_task_runner.py:84} INFO - Running: ['airflow', 'tasks', 'run', 'Investimento_api_crypto', 'Insert_Postgres_crypto', 'manual__2023-09-04T23:01:26.469420+00:00', '--job-id', '90', '--raw', '--subdir', 'DAGS_FOLDER/dag_crypto.py', '--cfg-path', '/tmp/tmp5chdc_4q']
[2023-09-04T20:01:47.806-0300] {standard_task_runner.py:85} INFO - Job 90: Subtask Insert_Postgres_crypto
[2023-09-04T20:01:47.903-0300] {task_command.py:410} INFO - Running <TaskInstance: Investimento_api_crypto.Insert_Postgres_crypto manual__2023-09-04T23:01:26.469420+00:00 [running]> on host VMEnricolm.myguest.virtualbox.org
[2023-09-04T20:01:48.034-0300] {taskinstance.py:1545} INFO - Exporting env vars: AIRFLOW_CTX_DAG_OWNER='airflow' AIRFLOW_CTX_DAG_ID='Investimento_api_crypto' AIRFLOW_CTX_TASK_ID='Insert_Postgres_crypto' AIRFLOW_CTX_EXECUTION_DATE='2023-09-04T23:01:26.469420+00:00' AIRFLOW_CTX_TRY_NUMBER='1' AIRFLOW_CTX_DAG_RUN_ID='manual__2023-09-04T23:01:26.469420+00:00'
[2023-09-04T20:01:48.035-0300] {sql.py:265} INFO - Executing: COPY Apple_table FROM '/home/enricolm/Documents/Sprinklr_Airflow/dadosvm/Airflow_Investimento/datalake/Raw/crypto/Data=2023-09-03/data.csv' CSV HEADER;
[2023-09-04T20:01:48.060-0300] {base.py:73} INFO - Using connection ID 'postgres_default' for task execution.
[2023-09-04T20:01:48.142-0300] {warnings.py:109} WARNING - /home/enricolm/Documents/Sprinklr_Airflow/dadosvm/Airflow_Investimento/venv/lib/python3.10/site-packages/airflow/models/connection.py:372: AirflowProviderDeprecationWarning: The "schema" arg has been renamed to "database" as it contained the database name.Please use "database" to set the database name.
  return hook_class(**{hook.connection_id_attribute_name: self.conn_id}, **hook_params)

[2023-09-04T20:01:48.160-0300] {base.py:73} INFO - Using connection ID 'postgres_default' for task execution.
[2023-09-04T20:01:48.174-0300] {sql.py:375} INFO - Running statement: COPY Apple_table FROM '/home/enricolm/Documents/Sprinklr_Airflow/dadosvm/Airflow_Investimento/datalake/Raw/crypto/Data=2023-09-03/data.csv' CSV HEADER;, parameters: None
[2023-09-04T20:01:48.179-0300] {taskinstance.py:1824} ERROR - Task failed with exception
Traceback (most recent call last):
  File "/home/enricolm/Documents/Sprinklr_Airflow/dadosvm/Airflow_Investimento/venv/lib/python3.10/site-packages/airflow/providers/common/sql/operators/sql.py", line 271, in execute
    output = hook.run(
  File "/home/enricolm/Documents/Sprinklr_Airflow/dadosvm/Airflow_Investimento/venv/lib/python3.10/site-packages/airflow/providers/common/sql/hooks/sql.py", line 349, in run
    self._run_command(cur, sql_statement, parameters)
  File "/home/enricolm/Documents/Sprinklr_Airflow/dadosvm/Airflow_Investimento/venv/lib/python3.10/site-packages/airflow/providers/common/sql/hooks/sql.py", line 380, in _run_command
    cur.execute(sql_statement)
psycopg2.errors.UndefinedTable: relation "apple_table" does not exist

[2023-09-04T20:01:48.201-0300] {taskinstance.py:1345} INFO - Marking task as FAILED. dag_id=Investimento_api_crypto, task_id=Insert_Postgres_crypto, execution_date=20230904T230126, start_date=20230904T230147, end_date=20230904T230148
[2023-09-04T20:01:48.229-0300] {standard_task_runner.py:104} ERROR - Failed to execute job 90 for task Insert_Postgres_crypto (relation "apple_table" does not exist
; 58807)
[2023-09-04T20:01:48.278-0300] {local_task_job_runner.py:225} INFO - Task exited with return code 1
[2023-09-04T20:01:48.306-0300] {taskinstance.py:2653} INFO - 0 downstream tasks scheduled from follow-on schedule check
