[2023-09-04T17:04:05.478-0300] {taskinstance.py:1103} INFO - Dependencies all met for dep_context=non-requeueable deps ti=<TaskInstance: Investimento_api.Extracao_Invest manual__2023-09-04T20:04:04.754252+00:00 [queued]>
[2023-09-04T17:04:05.491-0300] {taskinstance.py:1103} INFO - Dependencies all met for dep_context=requeueable deps ti=<TaskInstance: Investimento_api.Extracao_Invest manual__2023-09-04T20:04:04.754252+00:00 [queued]>
[2023-09-04T17:04:05.492-0300] {taskinstance.py:1308} INFO - Starting attempt 1 of 1
[2023-09-04T17:04:05.516-0300] {taskinstance.py:1327} INFO - Executing <Task(SparkSubmitOperator): Extracao_Invest> on 2023-09-04 20:04:04.754252+00:00
[2023-09-04T17:04:05.520-0300] {standard_task_runner.py:57} INFO - Started process 41734 to run task
[2023-09-04T17:04:05.523-0300] {standard_task_runner.py:84} INFO - Running: ['airflow', 'tasks', 'run', 'Investimento_api', 'Extracao_Invest', 'manual__2023-09-04T20:04:04.754252+00:00', '--job-id', '78', '--raw', '--subdir', 'DAGS_FOLDER/dag.py', '--cfg-path', '/tmp/tmpdxkx4yxy']
[2023-09-04T17:04:05.524-0300] {standard_task_runner.py:85} INFO - Job 78: Subtask Extracao_Invest
[2023-09-04T17:04:05.616-0300] {task_command.py:410} INFO - Running <TaskInstance: Investimento_api.Extracao_Invest manual__2023-09-04T20:04:04.754252+00:00 [running]> on host VMEnricolm.myguest.virtualbox.org
[2023-09-04T17:04:05.745-0300] {taskinstance.py:1545} INFO - Exporting env vars: AIRFLOW_CTX_DAG_OWNER='airflow' AIRFLOW_CTX_DAG_ID='Investimento_api' AIRFLOW_CTX_TASK_ID='Extracao_Invest' AIRFLOW_CTX_EXECUTION_DATE='2023-09-04T20:04:04.754252+00:00' AIRFLOW_CTX_TRY_NUMBER='1' AIRFLOW_CTX_DAG_RUN_ID='manual__2023-09-04T20:04:04.754252+00:00'
[2023-09-04T17:04:05.768-0300] {base.py:73} INFO - Using connection ID 'spark_default' for task execution.
[2023-09-04T17:04:05.769-0300] {spark_submit.py:340} INFO - Spark-Submit cmd: spark-submit --master local --name Extracao_Invest --queue root.default /home/enricolm/Documents/Sprinklr_Airflow/dadosvm/Airflow_Investimento/Scripts/Operators/Raw_Operator.py
[2023-09-04T17:04:10.174-0300] {spark_submit.py:491} INFO - 23/09/04 17:04:10 WARN Utils: Your hostname, VMEnricolm resolves to a loopback address: 127.0.1.1; using 192.168.0.53 instead (on interface enp0s3)
[2023-09-04T17:04:10.176-0300] {spark_submit.py:491} INFO - 23/09/04 17:04:10 WARN Utils: Set SPARK_LOCAL_IP if you need to bind to another address
[2023-09-04T17:04:13.987-0300] {spark_submit.py:491} INFO - 23/09/04 17:04:13 INFO SparkContext: Running Spark version 3.4.1
[2023-09-04T17:04:14.303-0300] {spark_submit.py:491} INFO - 23/09/04 17:04:14 WARN NativeCodeLoader: Unable to load native-hadoop library for your platform... using builtin-java classes where applicable
[2023-09-04T17:04:14.677-0300] {spark_submit.py:491} INFO - 23/09/04 17:04:14 INFO ResourceUtils: ==============================================================
[2023-09-04T17:04:14.679-0300] {spark_submit.py:491} INFO - 23/09/04 17:04:14 INFO ResourceUtils: No custom resources configured for spark.driver.
[2023-09-04T17:04:14.681-0300] {spark_submit.py:491} INFO - 23/09/04 17:04:14 INFO ResourceUtils: ==============================================================
[2023-09-04T17:04:14.681-0300] {spark_submit.py:491} INFO - 23/09/04 17:04:14 INFO SparkContext: Submitted application: extracao_Finance
[2023-09-04T17:04:14.748-0300] {spark_submit.py:491} INFO - 23/09/04 17:04:14 INFO ResourceProfile: Default ResourceProfile created, executor resources: Map(cores -> name: cores, amount: 1, script: , vendor: , memory -> name: memory, amount: 1024, script: , vendor: , offHeap -> name: offHeap, amount: 0, script: , vendor: ), task resources: Map(cpus -> name: cpus, amount: 1.0)
[2023-09-04T17:04:14.759-0300] {spark_submit.py:491} INFO - 23/09/04 17:04:14 INFO ResourceProfile: Limiting resource is cpu
[2023-09-04T17:04:14.761-0300] {spark_submit.py:491} INFO - 23/09/04 17:04:14 INFO ResourceProfileManager: Added ResourceProfile id: 0
[2023-09-04T17:04:15.274-0300] {spark_submit.py:491} INFO - 23/09/04 17:04:15 INFO SecurityManager: Changing view acls to: enricolm
[2023-09-04T17:04:15.275-0300] {spark_submit.py:491} INFO - 23/09/04 17:04:15 INFO SecurityManager: Changing modify acls to: enricolm
[2023-09-04T17:04:15.276-0300] {spark_submit.py:491} INFO - 23/09/04 17:04:15 INFO SecurityManager: Changing view acls groups to:
[2023-09-04T17:04:15.276-0300] {spark_submit.py:491} INFO - 23/09/04 17:04:15 INFO SecurityManager: Changing modify acls groups to:
[2023-09-04T17:04:15.277-0300] {spark_submit.py:491} INFO - 23/09/04 17:04:15 INFO SecurityManager: SecurityManager: authentication disabled; ui acls disabled; users with view permissions: enricolm; groups with view permissions: EMPTY; users with modify permissions: enricolm; groups with modify permissions: EMPTY
[2023-09-04T17:04:15.875-0300] {spark_submit.py:491} INFO - 23/09/04 17:04:15 INFO Utils: Successfully started service 'sparkDriver' on port 44007.
[2023-09-04T17:04:15.992-0300] {spark_submit.py:491} INFO - 23/09/04 17:04:15 INFO SparkEnv: Registering MapOutputTracker
[2023-09-04T17:04:16.122-0300] {spark_submit.py:491} INFO - 23/09/04 17:04:16 INFO SparkEnv: Registering BlockManagerMaster
[2023-09-04T17:04:16.172-0300] {spark_submit.py:491} INFO - 23/09/04 17:04:16 INFO BlockManagerMasterEndpoint: Using org.apache.spark.storage.DefaultTopologyMapper for getting topology information
[2023-09-04T17:04:16.173-0300] {spark_submit.py:491} INFO - 23/09/04 17:04:16 INFO BlockManagerMasterEndpoint: BlockManagerMasterEndpoint up
[2023-09-04T17:04:16.179-0300] {spark_submit.py:491} INFO - 23/09/04 17:04:16 INFO SparkEnv: Registering BlockManagerMasterHeartbeat
[2023-09-04T17:04:16.231-0300] {spark_submit.py:491} INFO - 23/09/04 17:04:16 INFO DiskBlockManager: Created local directory at /tmp/blockmgr-ff56d6ac-48dc-416c-bbcf-3952a3bce7ee
[2023-09-04T17:04:16.308-0300] {spark_submit.py:491} INFO - 23/09/04 17:04:16 INFO MemoryStore: MemoryStore started with capacity 434.4 MiB
[2023-09-04T17:04:16.372-0300] {spark_submit.py:491} INFO - 23/09/04 17:04:16 INFO SparkEnv: Registering OutputCommitCoordinator
[2023-09-04T17:04:16.791-0300] {spark_submit.py:491} INFO - 23/09/04 17:04:16 INFO JettyUtils: Start Jetty 0.0.0.0:4040 for SparkUI
[2023-09-04T17:04:17.159-0300] {spark_submit.py:491} INFO - 23/09/04 17:04:17 INFO Utils: Successfully started service 'SparkUI' on port 4040.
[2023-09-04T17:04:17.445-0300] {spark_submit.py:491} INFO - 23/09/04 17:04:17 INFO Executor: Starting executor ID driver on host 192.168.0.53
[2023-09-04T17:04:17.457-0300] {spark_submit.py:491} INFO - 23/09/04 17:04:17 INFO Executor: Starting executor with user classpath (userClassPathFirst = false): ''
[2023-09-04T17:04:17.541-0300] {spark_submit.py:491} INFO - 23/09/04 17:04:17 INFO Utils: Successfully started service 'org.apache.spark.network.netty.NettyBlockTransferService' on port 41251.
[2023-09-04T17:04:17.541-0300] {spark_submit.py:491} INFO - 23/09/04 17:04:17 INFO NettyBlockTransferService: Server created on 192.168.0.53:41251
[2023-09-04T17:04:17.545-0300] {spark_submit.py:491} INFO - 23/09/04 17:04:17 INFO BlockManager: Using org.apache.spark.storage.RandomBlockReplicationPolicy for block replication policy
[2023-09-04T17:04:17.562-0300] {spark_submit.py:491} INFO - 23/09/04 17:04:17 INFO BlockManagerMaster: Registering BlockManager BlockManagerId(driver, 192.168.0.53, 41251, None)
[2023-09-04T17:04:17.567-0300] {spark_submit.py:491} INFO - 23/09/04 17:04:17 INFO BlockManagerMasterEndpoint: Registering block manager 192.168.0.53:41251 with 434.4 MiB RAM, BlockManagerId(driver, 192.168.0.53, 41251, None)
[2023-09-04T17:04:17.572-0300] {spark_submit.py:491} INFO - 23/09/04 17:04:17 INFO BlockManagerMaster: Registered BlockManager BlockManagerId(driver, 192.168.0.53, 41251, None)
[2023-09-04T17:04:17.573-0300] {spark_submit.py:491} INFO - 23/09/04 17:04:17 INFO BlockManager: Initialized BlockManager: BlockManagerId(driver, 192.168.0.53, 41251, None)
[2023-09-04T17:04:18.076-0300] {spark_submit.py:491} INFO - Criando pasta
[2023-09-04T17:04:21.013-0300] {spark_submit.py:491} INFO - 23/09/04 17:04:21 INFO SharedState: Setting hive.metastore.warehouse.dir ('null') to the value of spark.sql.warehouse.dir.
[2023-09-04T17:04:21.034-0300] {spark_submit.py:491} INFO - 23/09/04 17:04:21 INFO SharedState: Warehouse path is 'file:/home/enricolm/Documents/Sprinklr_Airflow/dadosvm/Airflow_Investimento/spark-warehouse'.
[2023-09-04T17:04:27.074-0300] {spark_submit.py:491} INFO - 23/09/04 17:04:27 INFO HashAggregateExec: spark.sql.codegen.aggregate.map.twolevel.enabled is set to true, but current version of codegened fast hashmap does not support this aggregate.
[2023-09-04T17:04:27.426-0300] {spark_submit.py:491} INFO - 23/09/04 17:04:27 INFO CodeGenerator: Code generated in 253.397925 ms
[2023-09-04T17:04:27.556-0300] {spark_submit.py:491} INFO - 23/09/04 17:04:27 INFO DAGScheduler: Registering RDD 6 (isEmpty at NativeMethodAccessorImpl.java:0) as input to shuffle 0
[2023-09-04T17:04:27.570-0300] {spark_submit.py:491} INFO - 23/09/04 17:04:27 INFO DAGScheduler: Got map stage job 0 (isEmpty at NativeMethodAccessorImpl.java:0) with 1 output partitions
[2023-09-04T17:04:27.570-0300] {spark_submit.py:491} INFO - 23/09/04 17:04:27 INFO DAGScheduler: Final stage: ShuffleMapStage 0 (isEmpty at NativeMethodAccessorImpl.java:0)
[2023-09-04T17:04:27.570-0300] {spark_submit.py:491} INFO - 23/09/04 17:04:27 INFO DAGScheduler: Parents of final stage: List()
[2023-09-04T17:04:27.572-0300] {spark_submit.py:491} INFO - 23/09/04 17:04:27 INFO DAGScheduler: Missing parents: List()
[2023-09-04T17:04:27.619-0300] {spark_submit.py:491} INFO - 23/09/04 17:04:27 INFO DAGScheduler: Submitting ShuffleMapStage 0 (MapPartitionsRDD[6] at isEmpty at NativeMethodAccessorImpl.java:0), which has no missing parents
[2023-09-04T17:04:27.721-0300] {spark_submit.py:491} INFO - 23/09/04 17:04:27 INFO MemoryStore: Block broadcast_0 stored as values in memory (estimated size 30.5 KiB, free 434.4 MiB)
[2023-09-04T17:04:27.809-0300] {spark_submit.py:491} INFO - 23/09/04 17:04:27 INFO MemoryStore: Block broadcast_0_piece0 stored as bytes in memory (estimated size 14.2 KiB, free 434.4 MiB)
[2023-09-04T17:04:27.814-0300] {spark_submit.py:491} INFO - 23/09/04 17:04:27 INFO BlockManagerInfo: Added broadcast_0_piece0 in memory on 192.168.0.53:41251 (size: 14.2 KiB, free: 434.4 MiB)
[2023-09-04T17:04:27.819-0300] {spark_submit.py:491} INFO - 23/09/04 17:04:27 INFO SparkContext: Created broadcast 0 from broadcast at DAGScheduler.scala:1535
[2023-09-04T17:04:27.864-0300] {spark_submit.py:491} INFO - 23/09/04 17:04:27 INFO DAGScheduler: Submitting 1 missing tasks from ShuffleMapStage 0 (MapPartitionsRDD[6] at isEmpty at NativeMethodAccessorImpl.java:0) (first 15 tasks are for partitions Vector(0))
[2023-09-04T17:04:27.865-0300] {spark_submit.py:491} INFO - 23/09/04 17:04:27 INFO TaskSchedulerImpl: Adding task set 0.0 with 1 tasks resource profile 0
[2023-09-04T17:04:27.984-0300] {spark_submit.py:491} INFO - 23/09/04 17:04:27 INFO TaskSetManager: Starting task 0.0 in stage 0.0 (TID 0) (192.168.0.53, executor driver, partition 0, PROCESS_LOCAL, 19140 bytes)
[2023-09-04T17:04:28.047-0300] {spark_submit.py:491} INFO - 23/09/04 17:04:28 INFO Executor: Running task 0.0 in stage 0.0 (TID 0)
[2023-09-04T17:04:29.023-0300] {spark_submit.py:491} INFO - 23/09/04 17:04:29 INFO CodeGenerator: Code generated in 56.889597 ms
[2023-09-04T17:04:29.081-0300] {spark_submit.py:491} INFO - 23/09/04 17:04:29 INFO CodeGenerator: Code generated in 7.828027 ms
[2023-09-04T17:04:29.097-0300] {spark_submit.py:491} INFO - 23/09/04 17:04:29 INFO CodeGenerator: Code generated in 10.446947 ms
[2023-09-04T17:04:29.237-0300] {spark_submit.py:491} INFO - 23/09/04 17:04:29 INFO PythonRunner: Times: total = 715, boot = 599, init = 115, finish = 1
[2023-09-04T17:04:29.493-0300] {spark_submit.py:491} INFO - 23/09/04 17:04:29 INFO Executor: Finished task 0.0 in stage 0.0 (TID 0). 3014 bytes result sent to driver
[2023-09-04T17:04:29.513-0300] {spark_submit.py:491} INFO - 23/09/04 17:04:29 INFO TaskSetManager: Finished task 0.0 in stage 0.0 (TID 0) in 1554 ms on 192.168.0.53 (executor driver) (1/1)
[2023-09-04T17:04:29.535-0300] {spark_submit.py:491} INFO - 23/09/04 17:04:29 INFO TaskSchedulerImpl: Removed TaskSet 0.0, whose tasks have all completed, from pool
[2023-09-04T17:04:29.542-0300] {spark_submit.py:491} INFO - 23/09/04 17:04:29 INFO PythonAccumulatorV2: Connected to AccumulatorServer at host: 127.0.0.1 port: 40727
[2023-09-04T17:04:29.570-0300] {spark_submit.py:491} INFO - 23/09/04 17:04:29 INFO DAGScheduler: ShuffleMapStage 0 (isEmpty at NativeMethodAccessorImpl.java:0) finished in 1,933 s
[2023-09-04T17:04:29.571-0300] {spark_submit.py:491} INFO - 23/09/04 17:04:29 INFO DAGScheduler: looking for newly runnable stages
[2023-09-04T17:04:29.571-0300] {spark_submit.py:491} INFO - 23/09/04 17:04:29 INFO DAGScheduler: running: HashSet()
[2023-09-04T17:04:29.572-0300] {spark_submit.py:491} INFO - 23/09/04 17:04:29 INFO DAGScheduler: waiting: HashSet()
[2023-09-04T17:04:29.572-0300] {spark_submit.py:491} INFO - 23/09/04 17:04:29 INFO DAGScheduler: failed: HashSet()
[2023-09-04T17:04:29.606-0300] {spark_submit.py:491} INFO - 23/09/04 17:04:29 INFO ShufflePartitionsUtil: For shuffle(0), advisory target size: 67108864, actual target size 1048576, minimum partition size: 1048576
[2023-09-04T17:04:29.632-0300] {spark_submit.py:491} INFO - 23/09/04 17:04:29 INFO HashAggregateExec: spark.sql.codegen.aggregate.map.twolevel.enabled is set to true, but current version of codegened fast hashmap does not support this aggregate.
[2023-09-04T17:04:29.659-0300] {spark_submit.py:491} INFO - 23/09/04 17:04:29 INFO CodeGenerator: Code generated in 22.534118 ms
[2023-09-04T17:04:29.720-0300] {spark_submit.py:491} INFO - 23/09/04 17:04:29 INFO SparkContext: Starting job: isEmpty at NativeMethodAccessorImpl.java:0
[2023-09-04T17:04:29.726-0300] {spark_submit.py:491} INFO - 23/09/04 17:04:29 INFO DAGScheduler: Got job 1 (isEmpty at NativeMethodAccessorImpl.java:0) with 1 output partitions
[2023-09-04T17:04:29.726-0300] {spark_submit.py:491} INFO - 23/09/04 17:04:29 INFO DAGScheduler: Final stage: ResultStage 2 (isEmpty at NativeMethodAccessorImpl.java:0)
[2023-09-04T17:04:29.726-0300] {spark_submit.py:491} INFO - 23/09/04 17:04:29 INFO DAGScheduler: Parents of final stage: List(ShuffleMapStage 1)
[2023-09-04T17:04:29.728-0300] {spark_submit.py:491} INFO - 23/09/04 17:04:29 INFO DAGScheduler: Missing parents: List()
[2023-09-04T17:04:29.731-0300] {spark_submit.py:491} INFO - 23/09/04 17:04:29 INFO DAGScheduler: Submitting ResultStage 2 (MapPartitionsRDD[9] at isEmpty at NativeMethodAccessorImpl.java:0), which has no missing parents
[2023-09-04T17:04:29.755-0300] {spark_submit.py:491} INFO - 23/09/04 17:04:29 INFO MemoryStore: Block broadcast_1 stored as values in memory (estimated size 33.3 KiB, free 434.3 MiB)
[2023-09-04T17:04:29.771-0300] {spark_submit.py:491} INFO - 23/09/04 17:04:29 INFO MemoryStore: Block broadcast_1_piece0 stored as bytes in memory (estimated size 15.7 KiB, free 434.3 MiB)
[2023-09-04T17:04:29.773-0300] {spark_submit.py:491} INFO - 23/09/04 17:04:29 INFO BlockManagerInfo: Added broadcast_1_piece0 in memory on 192.168.0.53:41251 (size: 15.7 KiB, free: 434.4 MiB)
[2023-09-04T17:04:29.774-0300] {spark_submit.py:491} INFO - 23/09/04 17:04:29 INFO SparkContext: Created broadcast 1 from broadcast at DAGScheduler.scala:1535
[2023-09-04T17:04:29.776-0300] {spark_submit.py:491} INFO - 23/09/04 17:04:29 INFO DAGScheduler: Submitting 1 missing tasks from ResultStage 2 (MapPartitionsRDD[9] at isEmpty at NativeMethodAccessorImpl.java:0) (first 15 tasks are for partitions Vector(0))
[2023-09-04T17:04:29.777-0300] {spark_submit.py:491} INFO - 23/09/04 17:04:29 INFO TaskSchedulerImpl: Adding task set 2.0 with 1 tasks resource profile 0
[2023-09-04T17:04:29.793-0300] {spark_submit.py:491} INFO - 23/09/04 17:04:29 INFO TaskSetManager: Starting task 0.0 in stage 2.0 (TID 1) (192.168.0.53, executor driver, partition 0, NODE_LOCAL, 7437 bytes)
[2023-09-04T17:04:29.794-0300] {spark_submit.py:491} INFO - 23/09/04 17:04:29 INFO Executor: Running task 0.0 in stage 2.0 (TID 1)
[2023-09-04T17:04:29.874-0300] {spark_submit.py:491} INFO - 23/09/04 17:04:29 INFO ShuffleBlockFetcherIterator: Getting 1 (12.3 KiB) non-empty blocks including 1 (12.3 KiB) local and 0 (0.0 B) host-local and 0 (0.0 B) push-merged-local and 0 (0.0 B) remote blocks
[2023-09-04T17:04:29.881-0300] {spark_submit.py:491} INFO - 23/09/04 17:04:29 INFO ShuffleBlockFetcherIterator: Started 0 remote fetches in 23 ms
[2023-09-04T17:04:29.943-0300] {spark_submit.py:491} INFO - 23/09/04 17:04:29 INFO Executor: Finished task 0.0 in stage 2.0 (TID 1). 5358 bytes result sent to driver
[2023-09-04T17:04:29.948-0300] {spark_submit.py:491} INFO - 23/09/04 17:04:29 INFO TaskSetManager: Finished task 0.0 in stage 2.0 (TID 1) in 158 ms on 192.168.0.53 (executor driver) (1/1)
[2023-09-04T17:04:29.948-0300] {spark_submit.py:491} INFO - 23/09/04 17:04:29 INFO TaskSchedulerImpl: Removed TaskSet 2.0, whose tasks have all completed, from pool
[2023-09-04T17:04:29.950-0300] {spark_submit.py:491} INFO - 23/09/04 17:04:29 INFO DAGScheduler: ResultStage 2 (isEmpty at NativeMethodAccessorImpl.java:0) finished in 0,202 s
[2023-09-04T17:04:29.957-0300] {spark_submit.py:491} INFO - 23/09/04 17:04:29 INFO DAGScheduler: Job 1 is finished. Cancelling potential speculative or zombie tasks for this job
[2023-09-04T17:04:29.961-0300] {spark_submit.py:491} INFO - 23/09/04 17:04:29 INFO TaskSchedulerImpl: Killing all running tasks in stage 2: Stage finished
[2023-09-04T17:04:29.961-0300] {spark_submit.py:491} INFO - 23/09/04 17:04:29 INFO DAGScheduler: Job 1 finished: isEmpty at NativeMethodAccessorImpl.java:0, took 0,239647 s
[2023-09-04T17:04:30.134-0300] {spark_submit.py:491} INFO - 23/09/04 17:04:30 INFO BlockManagerInfo: Removed broadcast_0_piece0 on 192.168.0.53:41251 in memory (size: 14.2 KiB, free: 434.4 MiB)
[2023-09-04T17:04:30.424-0300] {spark_submit.py:491} INFO - 23/09/04 17:04:30 INFO CodeGenerator: Code generated in 214.466659 ms
[2023-09-04T17:04:30.436-0300] {spark_submit.py:491} INFO - 23/09/04 17:04:30 INFO DAGScheduler: Registering RDD 11 (toPandas at /home/enricolm/Documents/Sprinklr_Airflow/dadosvm/Airflow_Investimento/Scripts/Operators/Raw_Operator.py:60) as input to shuffle 1
[2023-09-04T17:04:30.436-0300] {spark_submit.py:491} INFO - 23/09/04 17:04:30 INFO DAGScheduler: Got map stage job 2 (toPandas at /home/enricolm/Documents/Sprinklr_Airflow/dadosvm/Airflow_Investimento/Scripts/Operators/Raw_Operator.py:60) with 1 output partitions
[2023-09-04T17:04:30.436-0300] {spark_submit.py:491} INFO - 23/09/04 17:04:30 INFO DAGScheduler: Final stage: ShuffleMapStage 3 (toPandas at /home/enricolm/Documents/Sprinklr_Airflow/dadosvm/Airflow_Investimento/Scripts/Operators/Raw_Operator.py:60)
[2023-09-04T17:04:30.436-0300] {spark_submit.py:491} INFO - 23/09/04 17:04:30 INFO DAGScheduler: Parents of final stage: List()
[2023-09-04T17:04:30.436-0300] {spark_submit.py:491} INFO - 23/09/04 17:04:30 INFO DAGScheduler: Missing parents: List()
[2023-09-04T17:04:30.454-0300] {spark_submit.py:491} INFO - 23/09/04 17:04:30 INFO DAGScheduler: Submitting ShuffleMapStage 3 (MapPartitionsRDD[11] at toPandas at /home/enricolm/Documents/Sprinklr_Airflow/dadosvm/Airflow_Investimento/Scripts/Operators/Raw_Operator.py:60), which has no missing parents
[2023-09-04T17:04:30.468-0300] {spark_submit.py:491} INFO - 23/09/04 17:04:30 INFO MemoryStore: Block broadcast_2 stored as values in memory (estimated size 50.5 KiB, free 434.3 MiB)
[2023-09-04T17:04:30.483-0300] {spark_submit.py:491} INFO - 23/09/04 17:04:30 INFO MemoryStore: Block broadcast_2_piece0 stored as bytes in memory (estimated size 21.0 KiB, free 434.3 MiB)
[2023-09-04T17:04:30.485-0300] {spark_submit.py:491} INFO - 23/09/04 17:04:30 INFO BlockManagerInfo: Added broadcast_2_piece0 in memory on 192.168.0.53:41251 (size: 21.0 KiB, free: 434.4 MiB)
[2023-09-04T17:04:30.486-0300] {spark_submit.py:491} INFO - 23/09/04 17:04:30 INFO SparkContext: Created broadcast 2 from broadcast at DAGScheduler.scala:1535
[2023-09-04T17:04:30.486-0300] {spark_submit.py:491} INFO - 23/09/04 17:04:30 INFO DAGScheduler: Submitting 1 missing tasks from ShuffleMapStage 3 (MapPartitionsRDD[11] at toPandas at /home/enricolm/Documents/Sprinklr_Airflow/dadosvm/Airflow_Investimento/Scripts/Operators/Raw_Operator.py:60) (first 15 tasks are for partitions Vector(0))
[2023-09-04T17:04:30.487-0300] {spark_submit.py:491} INFO - 23/09/04 17:04:30 INFO TaskSchedulerImpl: Adding task set 3.0 with 1 tasks resource profile 0
[2023-09-04T17:04:30.491-0300] {spark_submit.py:491} INFO - 23/09/04 17:04:30 INFO TaskSetManager: Starting task 0.0 in stage 3.0 (TID 2) (192.168.0.53, executor driver, partition 0, PROCESS_LOCAL, 19140 bytes)
[2023-09-04T17:04:30.491-0300] {spark_submit.py:491} INFO - 23/09/04 17:04:30 INFO Executor: Running task 0.0 in stage 3.0 (TID 2)
[2023-09-04T17:04:30.495-0300] {spark_submit.py:491} INFO - 23/09/04 17:04:30 INFO BlockManagerInfo: Removed broadcast_1_piece0 on 192.168.0.53:41251 in memory (size: 15.7 KiB, free: 434.4 MiB)
[2023-09-04T17:04:30.576-0300] {spark_submit.py:491} INFO - 23/09/04 17:04:30 INFO CodeGenerator: Code generated in 9.353738 ms
[2023-09-04T17:04:31.045-0300] {spark_submit.py:491} INFO - 23/09/04 17:04:31 INFO CodeGenerator: Code generated in 460.858082 ms
[2023-09-04T17:04:31.157-0300] {spark_submit.py:491} INFO - 23/09/04 17:04:31 INFO PythonRunner: Times: total = 102, boot = -1592, init = 1694, finish = 0
[2023-09-04T17:04:31.317-0300] {spark_submit.py:491} INFO - 23/09/04 17:04:31 INFO Executor: Finished task 0.0 in stage 3.0 (TID 2). 2971 bytes result sent to driver
[2023-09-04T17:04:31.319-0300] {spark_submit.py:491} INFO - 23/09/04 17:04:31 INFO TaskSetManager: Finished task 0.0 in stage 3.0 (TID 2) in 832 ms on 192.168.0.53 (executor driver) (1/1)
[2023-09-04T17:04:31.319-0300] {spark_submit.py:491} INFO - 23/09/04 17:04:31 INFO TaskSchedulerImpl: Removed TaskSet 3.0, whose tasks have all completed, from pool
[2023-09-04T17:04:31.329-0300] {spark_submit.py:491} INFO - 23/09/04 17:04:31 INFO DAGScheduler: ShuffleMapStage 3 (toPandas at /home/enricolm/Documents/Sprinklr_Airflow/dadosvm/Airflow_Investimento/Scripts/Operators/Raw_Operator.py:60) finished in 0,873 s
[2023-09-04T17:04:31.332-0300] {spark_submit.py:491} INFO - 23/09/04 17:04:31 INFO DAGScheduler: looking for newly runnable stages
[2023-09-04T17:04:31.332-0300] {spark_submit.py:491} INFO - 23/09/04 17:04:31 INFO DAGScheduler: running: HashSet()
[2023-09-04T17:04:31.332-0300] {spark_submit.py:491} INFO - 23/09/04 17:04:31 INFO DAGScheduler: waiting: HashSet()
[2023-09-04T17:04:31.333-0300] {spark_submit.py:491} INFO - 23/09/04 17:04:31 INFO DAGScheduler: failed: HashSet()
[2023-09-04T17:04:31.339-0300] {spark_submit.py:491} INFO - 23/09/04 17:04:31 INFO ShufflePartitionsUtil: For shuffle(1), advisory target size: 67108864, actual target size 1048576, minimum partition size: 1048576
[2023-09-04T17:04:31.352-0300] {spark_submit.py:491} INFO - 23/09/04 17:04:31 INFO HashAggregateExec: spark.sql.codegen.aggregate.map.twolevel.enabled is set to true, but current version of codegened fast hashmap does not support this aggregate.
[2023-09-04T17:04:31.503-0300] {spark_submit.py:491} INFO - 23/09/04 17:04:31 INFO BlockManagerInfo: Removed broadcast_2_piece0 on 192.168.0.53:41251 in memory (size: 21.0 KiB, free: 434.4 MiB)
[2023-09-04T17:04:31.526-0300] {spark_submit.py:491} INFO - 23/09/04 17:04:31 INFO CodeGenerator: Code generated in 77.952883 ms
[2023-09-04T17:04:31.556-0300] {spark_submit.py:491} INFO - 23/09/04 17:04:31 INFO SparkContext: Starting job: toPandas at /home/enricolm/Documents/Sprinklr_Airflow/dadosvm/Airflow_Investimento/Scripts/Operators/Raw_Operator.py:60
[2023-09-04T17:04:31.557-0300] {spark_submit.py:491} INFO - 23/09/04 17:04:31 INFO DAGScheduler: Got job 3 (toPandas at /home/enricolm/Documents/Sprinklr_Airflow/dadosvm/Airflow_Investimento/Scripts/Operators/Raw_Operator.py:60) with 1 output partitions
[2023-09-04T17:04:31.557-0300] {spark_submit.py:491} INFO - 23/09/04 17:04:31 INFO DAGScheduler: Final stage: ResultStage 5 (toPandas at /home/enricolm/Documents/Sprinklr_Airflow/dadosvm/Airflow_Investimento/Scripts/Operators/Raw_Operator.py:60)
[2023-09-04T17:04:31.557-0300] {spark_submit.py:491} INFO - 23/09/04 17:04:31 INFO DAGScheduler: Parents of final stage: List(ShuffleMapStage 4)
[2023-09-04T17:04:31.557-0300] {spark_submit.py:491} INFO - 23/09/04 17:04:31 INFO DAGScheduler: Missing parents: List()
[2023-09-04T17:04:31.559-0300] {spark_submit.py:491} INFO - 23/09/04 17:04:31 INFO DAGScheduler: Submitting ResultStage 5 (MapPartitionsRDD[14] at toPandas at /home/enricolm/Documents/Sprinklr_Airflow/dadosvm/Airflow_Investimento/Scripts/Operators/Raw_Operator.py:60), which has no missing parents
[2023-09-04T17:04:31.570-0300] {spark_submit.py:491} INFO - 23/09/04 17:04:31 INFO MemoryStore: Block broadcast_3 stored as values in memory (estimated size 54.6 KiB, free 434.3 MiB)
[2023-09-04T17:04:31.576-0300] {spark_submit.py:491} INFO - 23/09/04 17:04:31 INFO MemoryStore: Block broadcast_3_piece0 stored as bytes in memory (estimated size 22.0 KiB, free 434.3 MiB)
[2023-09-04T17:04:31.577-0300] {spark_submit.py:491} INFO - 23/09/04 17:04:31 INFO BlockManagerInfo: Added broadcast_3_piece0 in memory on 192.168.0.53:41251 (size: 22.0 KiB, free: 434.4 MiB)
[2023-09-04T17:04:31.578-0300] {spark_submit.py:491} INFO - 23/09/04 17:04:31 INFO SparkContext: Created broadcast 3 from broadcast at DAGScheduler.scala:1535
[2023-09-04T17:04:31.581-0300] {spark_submit.py:491} INFO - 23/09/04 17:04:31 INFO DAGScheduler: Submitting 1 missing tasks from ResultStage 5 (MapPartitionsRDD[14] at toPandas at /home/enricolm/Documents/Sprinklr_Airflow/dadosvm/Airflow_Investimento/Scripts/Operators/Raw_Operator.py:60) (first 15 tasks are for partitions Vector(0))
[2023-09-04T17:04:31.581-0300] {spark_submit.py:491} INFO - 23/09/04 17:04:31 INFO TaskSchedulerImpl: Adding task set 5.0 with 1 tasks resource profile 0
[2023-09-04T17:04:31.584-0300] {spark_submit.py:491} INFO - 23/09/04 17:04:31 INFO TaskSetManager: Starting task 0.0 in stage 5.0 (TID 3) (192.168.0.53, executor driver, partition 0, NODE_LOCAL, 7437 bytes)
[2023-09-04T17:04:31.585-0300] {spark_submit.py:491} INFO - 23/09/04 17:04:31 INFO Executor: Running task 0.0 in stage 5.0 (TID 3)
[2023-09-04T17:04:31.598-0300] {spark_submit.py:491} INFO - 23/09/04 17:04:31 INFO ShuffleBlockFetcherIterator: Getting 1 (18.0 KiB) non-empty blocks including 1 (18.0 KiB) local and 0 (0.0 B) host-local and 0 (0.0 B) push-merged-local and 0 (0.0 B) remote blocks
[2023-09-04T17:04:31.598-0300] {spark_submit.py:491} INFO - 23/09/04 17:04:31 INFO ShuffleBlockFetcherIterator: Started 0 remote fetches in 1 ms
[2023-09-04T17:04:31.625-0300] {spark_submit.py:491} INFO - 23/09/04 17:04:31 INFO Executor: Finished task 0.0 in stage 5.0 (TID 3). 10775 bytes result sent to driver
[2023-09-04T17:04:31.633-0300] {spark_submit.py:491} INFO - 23/09/04 17:04:31 INFO TaskSetManager: Finished task 0.0 in stage 5.0 (TID 3) in 49 ms on 192.168.0.53 (executor driver) (1/1)
[2023-09-04T17:04:31.633-0300] {spark_submit.py:491} INFO - 23/09/04 17:04:31 INFO TaskSchedulerImpl: Removed TaskSet 5.0, whose tasks have all completed, from pool
[2023-09-04T17:04:31.635-0300] {spark_submit.py:491} INFO - 23/09/04 17:04:31 INFO DAGScheduler: ResultStage 5 (toPandas at /home/enricolm/Documents/Sprinklr_Airflow/dadosvm/Airflow_Investimento/Scripts/Operators/Raw_Operator.py:60) finished in 0,068 s
[2023-09-04T17:04:31.635-0300] {spark_submit.py:491} INFO - 23/09/04 17:04:31 INFO DAGScheduler: Job 3 is finished. Cancelling potential speculative or zombie tasks for this job
[2023-09-04T17:04:31.635-0300] {spark_submit.py:491} INFO - 23/09/04 17:04:31 INFO TaskSchedulerImpl: Killing all running tasks in stage 5: Stage finished
[2023-09-04T17:04:31.639-0300] {spark_submit.py:491} INFO - 23/09/04 17:04:31 INFO DAGScheduler: Job 3 finished: toPandas at /home/enricolm/Documents/Sprinklr_Airflow/dadosvm/Airflow_Investimento/Scripts/Operators/Raw_Operator.py:60, took 0,082751 s
[2023-09-04T17:04:31.859-0300] {spark_submit.py:491} INFO - 23/09/04 17:04:31 INFO SparkContext: SparkContext is stopping with exitCode 0.
[2023-09-04T17:04:31.888-0300] {spark_submit.py:491} INFO - 23/09/04 17:04:31 INFO SparkUI: Stopped Spark web UI at http://192.168.0.53:4040
[2023-09-04T17:04:31.954-0300] {spark_submit.py:491} INFO - 23/09/04 17:04:31 INFO MapOutputTrackerMasterEndpoint: MapOutputTrackerMasterEndpoint stopped!
[2023-09-04T17:04:32.086-0300] {spark_submit.py:491} INFO - 23/09/04 17:04:32 INFO MemoryStore: MemoryStore cleared
[2023-09-04T17:04:32.087-0300] {spark_submit.py:491} INFO - 23/09/04 17:04:32 INFO BlockManager: BlockManager stopped
[2023-09-04T17:04:32.114-0300] {spark_submit.py:491} INFO - 23/09/04 17:04:32 INFO BlockManagerMaster: BlockManagerMaster stopped
[2023-09-04T17:04:32.119-0300] {spark_submit.py:491} INFO - 23/09/04 17:04:32 INFO OutputCommitCoordinator$OutputCommitCoordinatorEndpoint: OutputCommitCoordinator stopped!
[2023-09-04T17:04:32.137-0300] {spark_submit.py:491} INFO - 23/09/04 17:04:32 INFO SparkContext: Successfully stopped SparkContext
[2023-09-04T17:04:32.870-0300] {spark_submit.py:491} INFO - 23/09/04 17:04:32 INFO ShutdownHookManager: Shutdown hook called
[2023-09-04T17:04:32.870-0300] {spark_submit.py:491} INFO - 23/09/04 17:04:32 INFO ShutdownHookManager: Deleting directory /tmp/spark-7d4eed11-33b5-4844-901b-abb8058666a5
[2023-09-04T17:04:32.876-0300] {spark_submit.py:491} INFO - 23/09/04 17:04:32 INFO ShutdownHookManager: Deleting directory /tmp/spark-b3ed05fd-21ac-45af-a649-584a1e21cbc8
[2023-09-04T17:04:32.885-0300] {spark_submit.py:491} INFO - 23/09/04 17:04:32 INFO ShutdownHookManager: Deleting directory /tmp/spark-7d4eed11-33b5-4844-901b-abb8058666a5/pyspark-cc495ff3-4db2-4ebf-8c5f-b03f1951279b
[2023-09-04T17:04:32.971-0300] {taskinstance.py:1345} INFO - Marking task as SUCCESS. dag_id=Investimento_api, task_id=Extracao_Invest, execution_date=20230904T200404, start_date=20230904T200405, end_date=20230904T200432
[2023-09-04T17:04:32.999-0300] {local_task_job_runner.py:225} INFO - Task exited with return code 0
[2023-09-04T17:04:33.026-0300] {taskinstance.py:2653} INFO - 1 downstream tasks scheduled from follow-on schedule check
