[2023-08-28T19:17:58.292-0300] {taskinstance.py:1103} INFO - Dependencies all met for dep_context=non-requeueable deps ti=<TaskInstance: Investimento_api.Extracao_Invest manual__2023-08-28T22:17:52.735177+00:00 [queued]>
[2023-08-28T19:17:58.298-0300] {taskinstance.py:1103} INFO - Dependencies all met for dep_context=requeueable deps ti=<TaskInstance: Investimento_api.Extracao_Invest manual__2023-08-28T22:17:52.735177+00:00 [queued]>
[2023-08-28T19:17:58.298-0300] {taskinstance.py:1308} INFO - Starting attempt 1 of 1
[2023-08-28T19:17:58.347-0300] {taskinstance.py:1327} INFO - Executing <Task(SparkSubmitOperator): Extracao_Invest> on 2023-08-28 22:17:52.735177+00:00
[2023-08-28T19:17:58.354-0300] {standard_task_runner.py:84} INFO - Running: ['airflow', 'tasks', 'run', 'Investimento_api', 'Extracao_Invest', 'manual__2023-08-28T22:17:52.735177+00:00', '--job-id', '33', '--raw', '--subdir', 'DAGS_FOLDER/dag.py', '--cfg-path', '/tmp/tmpvns0wjh_']
[2023-08-28T19:17:58.362-0300] {standard_task_runner.py:85} INFO - Job 33: Subtask Extracao_Invest
[2023-08-28T19:17:58.351-0300] {standard_task_runner.py:57} INFO - Started process 15367 to run task
[2023-08-28T19:17:58.520-0300] {task_command.py:410} INFO - Running <TaskInstance: Investimento_api.Extracao_Invest manual__2023-08-28T22:17:52.735177+00:00 [running]> on host VMEnricolm.myguest.virtualbox.org
[2023-08-28T19:17:58.621-0300] {taskinstance.py:1545} INFO - Exporting env vars: AIRFLOW_CTX_DAG_OWNER='airflow' AIRFLOW_CTX_DAG_ID='Investimento_api' AIRFLOW_CTX_TASK_ID='Extracao_Invest' AIRFLOW_CTX_EXECUTION_DATE='2023-08-28T22:17:52.735177+00:00' AIRFLOW_CTX_TRY_NUMBER='1' AIRFLOW_CTX_DAG_RUN_ID='manual__2023-08-28T22:17:52.735177+00:00'
[2023-08-28T19:17:58.639-0300] {base.py:73} INFO - Using connection ID 'spark_default' for task execution.
[2023-08-28T19:17:58.640-0300] {spark_submit.py:340} INFO - Spark-Submit cmd: spark-submit --master local --name Extracao_Invest /home/enricolm/Documents/Sprinklr_Airflow/dadosvm/Airflow_Investimento/Scripts/Operators/Raw_Operator.py
[2023-08-28T19:18:06.569-0300] {spark_submit.py:491} INFO - 23/08/28 19:18:06 WARN Utils: Your hostname, VMEnricolm resolves to a loopback address: 127.0.1.1; using 192.168.0.53 instead (on interface enp0s3)
[2023-08-28T19:18:06.576-0300] {spark_submit.py:491} INFO - 23/08/28 19:18:06 WARN Utils: Set SPARK_LOCAL_IP if you need to bind to another address
[2023-08-28T19:18:13.614-0300] {spark_submit.py:491} INFO - 23/08/28 19:18:13 INFO SparkContext: Running Spark version 3.4.1
[2023-08-28T19:18:14.227-0300] {spark_submit.py:491} INFO - 23/08/28 19:18:14 WARN NativeCodeLoader: Unable to load native-hadoop library for your platform... using builtin-java classes where applicable
[2023-08-28T19:18:14.529-0300] {spark_submit.py:491} INFO - 23/08/28 19:18:14 INFO ResourceUtils: ==============================================================
[2023-08-28T19:18:14.530-0300] {spark_submit.py:491} INFO - 23/08/28 19:18:14 INFO ResourceUtils: No custom resources configured for spark.driver.
[2023-08-28T19:18:14.531-0300] {spark_submit.py:491} INFO - 23/08/28 19:18:14 INFO ResourceUtils: ==============================================================
[2023-08-28T19:18:14.531-0300] {spark_submit.py:491} INFO - 23/08/28 19:18:14 INFO SparkContext: Submitted application: extracao_Finance
[2023-08-28T19:18:14.600-0300] {spark_submit.py:491} INFO - 23/08/28 19:18:14 INFO ResourceProfile: Default ResourceProfile created, executor resources: Map(cores -> name: cores, amount: 1, script: , vendor: , memory -> name: memory, amount: 1024, script: , vendor: , offHeap -> name: offHeap, amount: 0, script: , vendor: ), task resources: Map(cpus -> name: cpus, amount: 1.0)
[2023-08-28T19:18:14.604-0300] {spark_submit.py:491} INFO - 23/08/28 19:18:14 INFO ResourceProfile: Limiting resource is cpu
[2023-08-28T19:18:14.605-0300] {spark_submit.py:491} INFO - 23/08/28 19:18:14 INFO ResourceProfileManager: Added ResourceProfile id: 0
[2023-08-28T19:18:14.854-0300] {spark_submit.py:491} INFO - 23/08/28 19:18:14 INFO SecurityManager: Changing view acls to: enricolm
[2023-08-28T19:18:14.855-0300] {spark_submit.py:491} INFO - 23/08/28 19:18:14 INFO SecurityManager: Changing modify acls to: enricolm
[2023-08-28T19:18:14.856-0300] {spark_submit.py:491} INFO - 23/08/28 19:18:14 INFO SecurityManager: Changing view acls groups to:
[2023-08-28T19:18:14.857-0300] {spark_submit.py:491} INFO - 23/08/28 19:18:14 INFO SecurityManager: Changing modify acls groups to:
[2023-08-28T19:18:14.857-0300] {spark_submit.py:491} INFO - 23/08/28 19:18:14 INFO SecurityManager: SecurityManager: authentication disabled; ui acls disabled; users with view permissions: enricolm; groups with view permissions: EMPTY; users with modify permissions: enricolm; groups with modify permissions: EMPTY
[2023-08-28T19:18:15.366-0300] {spark_submit.py:491} INFO - 23/08/28 19:18:15 INFO Utils: Successfully started service 'sparkDriver' on port 38601.
[2023-08-28T19:18:15.471-0300] {spark_submit.py:491} INFO - 23/08/28 19:18:15 INFO SparkEnv: Registering MapOutputTracker
[2023-08-28T19:18:15.540-0300] {spark_submit.py:491} INFO - 23/08/28 19:18:15 INFO SparkEnv: Registering BlockManagerMaster
[2023-08-28T19:18:15.584-0300] {spark_submit.py:491} INFO - 23/08/28 19:18:15 INFO BlockManagerMasterEndpoint: Using org.apache.spark.storage.DefaultTopologyMapper for getting topology information
[2023-08-28T19:18:15.584-0300] {spark_submit.py:491} INFO - 23/08/28 19:18:15 INFO BlockManagerMasterEndpoint: BlockManagerMasterEndpoint up
[2023-08-28T19:18:15.600-0300] {spark_submit.py:491} INFO - 23/08/28 19:18:15 INFO SparkEnv: Registering BlockManagerMasterHeartbeat
[2023-08-28T19:18:15.668-0300] {spark_submit.py:491} INFO - 23/08/28 19:18:15 INFO DiskBlockManager: Created local directory at /tmp/blockmgr-ed2eb94b-5b80-4838-b023-7c5339f2ebe3
[2023-08-28T19:18:15.715-0300] {spark_submit.py:491} INFO - 23/08/28 19:18:15 INFO MemoryStore: MemoryStore started with capacity 434.4 MiB
[2023-08-28T19:18:15.781-0300] {spark_submit.py:491} INFO - 23/08/28 19:18:15 INFO SparkEnv: Registering OutputCommitCoordinator
[2023-08-28T19:18:16.199-0300] {spark_submit.py:491} INFO - 23/08/28 19:18:16 INFO JettyUtils: Start Jetty 0.0.0.0:4040 for SparkUI
[2023-08-28T19:18:16.323-0300] {spark_submit.py:491} INFO - 23/08/28 19:18:16 INFO Utils: Successfully started service 'SparkUI' on port 4040.
[2023-08-28T19:18:16.521-0300] {spark_submit.py:491} INFO - 23/08/28 19:18:16 INFO Executor: Starting executor ID driver on host 192.168.0.53
[2023-08-28T19:18:16.529-0300] {spark_submit.py:491} INFO - 23/08/28 19:18:16 INFO Executor: Starting executor with user classpath (userClassPathFirst = false): ''
[2023-08-28T19:18:16.588-0300] {spark_submit.py:491} INFO - 23/08/28 19:18:16 INFO Utils: Successfully started service 'org.apache.spark.network.netty.NettyBlockTransferService' on port 44899.
[2023-08-28T19:18:16.588-0300] {spark_submit.py:491} INFO - 23/08/28 19:18:16 INFO NettyBlockTransferService: Server created on 192.168.0.53:44899
[2023-08-28T19:18:16.594-0300] {spark_submit.py:491} INFO - 23/08/28 19:18:16 INFO BlockManager: Using org.apache.spark.storage.RandomBlockReplicationPolicy for block replication policy
[2023-08-28T19:18:16.604-0300] {spark_submit.py:491} INFO - 23/08/28 19:18:16 INFO BlockManagerMaster: Registering BlockManager BlockManagerId(driver, 192.168.0.53, 44899, None)
[2023-08-28T19:18:16.610-0300] {spark_submit.py:491} INFO - 23/08/28 19:18:16 INFO BlockManagerMasterEndpoint: Registering block manager 192.168.0.53:44899 with 434.4 MiB RAM, BlockManagerId(driver, 192.168.0.53, 44899, None)
[2023-08-28T19:18:16.615-0300] {spark_submit.py:491} INFO - 23/08/28 19:18:16 INFO BlockManagerMaster: Registered BlockManager BlockManagerId(driver, 192.168.0.53, 44899, None)
[2023-08-28T19:18:16.617-0300] {spark_submit.py:491} INFO - 23/08/28 19:18:16 INFO BlockManager: Initialized BlockManager: BlockManagerId(driver, 192.168.0.53, 44899, None)
[2023-08-28T19:18:18.210-0300] {spark_submit.py:491} INFO - [[34m2023-08-28T19:18:18.209-0300[0m] {[34mbase.py:[0m292} ERROR[0m - AAPL: No price data found, symbol may be delisted (1d 2023-08-27 -> 2023-08-28)[0m
[2023-08-28T19:18:18.535-0300] {spark_submit.py:491} INFO - 23/08/28 19:18:18 INFO SharedState: Setting hive.metastore.warehouse.dir ('null') to the value of spark.sql.warehouse.dir.
[2023-08-28T19:18:18.623-0300] {spark_submit.py:491} INFO - 23/08/28 19:18:18 INFO SharedState: Warehouse path is 'file:/home/enricolm/Documents/Sprinklr_Airflow/dadosvm/Airflow_Investimento/spark-warehouse'.
[2023-08-28T19:18:20.657-0300] {spark_submit.py:491} INFO - Traceback (most recent call last):
[2023-08-28T19:18:20.658-0300] {spark_submit.py:491} INFO - File "/home/enricolm/Documents/Sprinklr_Airflow/dadosvm/Airflow_Investimento/Scripts/Operators/Raw_Operator.py", line 60, in <module>
[2023-08-28T19:18:20.658-0300] {spark_submit.py:491} INFO - extracao.execute()
[2023-08-28T19:18:20.659-0300] {spark_submit.py:491} INFO - File "/home/enricolm/Documents/Sprinklr_Airflow/dadosvm/Airflow_Investimento/Scripts/Operators/Raw_Operator.py", line 51, in execute
[2023-08-28T19:18:20.659-0300] {spark_submit.py:491} INFO - self.extraindo_dados()
[2023-08-28T19:18:20.659-0300] {spark_submit.py:491} INFO - File "/home/enricolm/Documents/Sprinklr_Airflow/dadosvm/Airflow_Investimento/Scripts/Operators/Raw_Operator.py", line 36, in extraindo_dados
[2023-08-28T19:18:20.659-0300] {spark_submit.py:491} INFO - dados = self.spark.createDataFrame(dados_hist)
[2023-08-28T19:18:20.660-0300] {spark_submit.py:491} INFO - File "/opt/spark/python/lib/pyspark.zip/pyspark/sql/session.py", line 1273, in createDataFrame
[2023-08-28T19:18:20.660-0300] {spark_submit.py:491} INFO - File "/opt/spark/python/lib/pyspark.zip/pyspark/sql/pandas/conversion.py", line 440, in createDataFrame
[2023-08-28T19:18:20.660-0300] {spark_submit.py:491} INFO - File "/opt/spark/python/lib/pyspark.zip/pyspark/sql/session.py", line 1318, in _create_dataframe
[2023-08-28T19:18:20.661-0300] {spark_submit.py:491} INFO - File "/opt/spark/python/lib/pyspark.zip/pyspark/sql/session.py", line 962, in _createFromLocal
[2023-08-28T19:18:20.662-0300] {spark_submit.py:491} INFO - File "/opt/spark/python/lib/pyspark.zip/pyspark/sql/session.py", line 832, in _inferSchemaFromList
[2023-08-28T19:18:20.662-0300] {spark_submit.py:491} INFO - ValueError: can not infer schema from empty dataset
[2023-08-28T19:18:20.662-0300] {spark_submit.py:491} INFO - [[34m2023-08-28T19:18:20.660-0300[0m] {[34mclientserver.py:[0m543} INFO[0m - Closing down clientserver connection[0m
[2023-08-28T19:18:20.939-0300] {spark_submit.py:491} INFO - 23/08/28 19:18:20 INFO SparkContext: Invoking stop() from shutdown hook
[2023-08-28T19:18:20.940-0300] {spark_submit.py:491} INFO - 23/08/28 19:18:20 INFO SparkContext: SparkContext is stopping with exitCode 0.
[2023-08-28T19:18:20.979-0300] {spark_submit.py:491} INFO - 23/08/28 19:18:20 INFO SparkUI: Stopped Spark web UI at http://192.168.0.53:4040
[2023-08-28T19:18:21.010-0300] {spark_submit.py:491} INFO - 23/08/28 19:18:21 INFO MapOutputTrackerMasterEndpoint: MapOutputTrackerMasterEndpoint stopped!
[2023-08-28T19:18:21.038-0300] {spark_submit.py:491} INFO - 23/08/28 19:18:21 INFO MemoryStore: MemoryStore cleared
[2023-08-28T19:18:21.038-0300] {spark_submit.py:491} INFO - 23/08/28 19:18:21 INFO BlockManager: BlockManager stopped
[2023-08-28T19:18:21.045-0300] {spark_submit.py:491} INFO - 23/08/28 19:18:21 INFO BlockManagerMaster: BlockManagerMaster stopped
[2023-08-28T19:18:21.049-0300] {spark_submit.py:491} INFO - 23/08/28 19:18:21 INFO OutputCommitCoordinator$OutputCommitCoordinatorEndpoint: OutputCommitCoordinator stopped!
[2023-08-28T19:18:21.097-0300] {spark_submit.py:491} INFO - 23/08/28 19:18:21 INFO SparkContext: Successfully stopped SparkContext
[2023-08-28T19:18:21.098-0300] {spark_submit.py:491} INFO - 23/08/28 19:18:21 INFO ShutdownHookManager: Shutdown hook called
[2023-08-28T19:18:21.098-0300] {spark_submit.py:491} INFO - 23/08/28 19:18:21 INFO ShutdownHookManager: Deleting directory /tmp/spark-bab7f0cd-fd8b-467d-97f4-a0346cee0ec8
[2023-08-28T19:18:21.104-0300] {spark_submit.py:491} INFO - 23/08/28 19:18:21 INFO ShutdownHookManager: Deleting directory /tmp/spark-49921176-815c-4b6a-b12e-1b550751e758
[2023-08-28T19:18:21.108-0300] {spark_submit.py:491} INFO - 23/08/28 19:18:21 INFO ShutdownHookManager: Deleting directory /tmp/spark-49921176-815c-4b6a-b12e-1b550751e758/pyspark-1d6d82bf-b27d-40ed-9ed2-d1ac926034eb
[2023-08-28T19:18:21.165-0300] {taskinstance.py:1824} ERROR - Task failed with exception
Traceback (most recent call last):
  File "/home/enricolm/Documents/Sprinklr_Airflow/dadosvm/Airflow_Investimento/venv/lib/python3.10/site-packages/airflow/providers/apache/spark/operators/spark_submit.py", line 156, in execute
    self._hook.submit(self._application)
  File "/home/enricolm/Documents/Sprinklr_Airflow/dadosvm/Airflow_Investimento/venv/lib/python3.10/site-packages/airflow/providers/apache/spark/hooks/spark_submit.py", line 422, in submit
    raise AirflowException(
airflow.exceptions.AirflowException: Cannot execute: spark-submit --master local --name Extracao_Invest /home/enricolm/Documents/Sprinklr_Airflow/dadosvm/Airflow_Investimento/Scripts/Operators/Raw_Operator.py. Error code is: 1.
[2023-08-28T19:18:21.195-0300] {taskinstance.py:1345} INFO - Marking task as FAILED. dag_id=Investimento_api, task_id=Extracao_Invest, execution_date=20230828T221752, start_date=20230828T221758, end_date=20230828T221821
[2023-08-28T19:18:21.242-0300] {standard_task_runner.py:104} ERROR - Failed to execute job 33 for task Extracao_Invest (Cannot execute: spark-submit --master local --name Extracao_Invest /home/enricolm/Documents/Sprinklr_Airflow/dadosvm/Airflow_Investimento/Scripts/Operators/Raw_Operator.py. Error code is: 1.; 15367)
[2023-08-28T19:18:21.255-0300] {local_task_job_runner.py:225} INFO - Task exited with return code 1
[2023-08-28T19:18:21.264-0300] {taskinstance.py:2653} INFO - 0 downstream tasks scheduled from follow-on schedule check
