[2023-09-04T17:01:40.994-0300] {taskinstance.py:1103} INFO - Dependencies all met for dep_context=non-requeueable deps ti=<TaskInstance: Investimento_api.Extracao_Invest manual__2023-09-04T20:01:39.583540+00:00 [queued]>
[2023-09-04T17:01:41.002-0300] {taskinstance.py:1103} INFO - Dependencies all met for dep_context=requeueable deps ti=<TaskInstance: Investimento_api.Extracao_Invest manual__2023-09-04T20:01:39.583540+00:00 [queued]>
[2023-09-04T17:01:41.003-0300] {taskinstance.py:1308} INFO - Starting attempt 1 of 1
[2023-09-04T17:01:41.018-0300] {taskinstance.py:1327} INFO - Executing <Task(SparkSubmitOperator): Extracao_Invest> on 2023-09-04 20:01:39.583540+00:00
[2023-09-04T17:01:41.024-0300] {standard_task_runner.py:57} INFO - Started process 40383 to run task
[2023-09-04T17:01:41.027-0300] {standard_task_runner.py:84} INFO - Running: ['airflow', 'tasks', 'run', 'Investimento_api', 'Extracao_Invest', 'manual__2023-09-04T20:01:39.583540+00:00', '--job-id', '76', '--raw', '--subdir', 'DAGS_FOLDER/dag.py', '--cfg-path', '/tmp/tmpwj91ty10']
[2023-09-04T17:01:41.029-0300] {standard_task_runner.py:85} INFO - Job 76: Subtask Extracao_Invest
[2023-09-04T17:01:41.124-0300] {task_command.py:410} INFO - Running <TaskInstance: Investimento_api.Extracao_Invest manual__2023-09-04T20:01:39.583540+00:00 [running]> on host VMEnricolm.myguest.virtualbox.org
[2023-09-04T17:01:41.290-0300] {taskinstance.py:1545} INFO - Exporting env vars: AIRFLOW_CTX_DAG_OWNER='airflow' AIRFLOW_CTX_DAG_ID='Investimento_api' AIRFLOW_CTX_TASK_ID='Extracao_Invest' AIRFLOW_CTX_EXECUTION_DATE='2023-09-04T20:01:39.583540+00:00' AIRFLOW_CTX_TRY_NUMBER='1' AIRFLOW_CTX_DAG_RUN_ID='manual__2023-09-04T20:01:39.583540+00:00'
[2023-09-04T17:01:41.321-0300] {base.py:73} INFO - Using connection ID 'spark_default' for task execution.
[2023-09-04T17:01:41.323-0300] {spark_submit.py:340} INFO - Spark-Submit cmd: spark-submit --master local --name Extracao_Invest --queue root.default /home/enricolm/Documents/Sprinklr_Airflow/dadosvm/Airflow_Investimento/Scripts/Operators/Raw_Operator.py
[2023-09-04T17:01:43.580-0300] {spark_submit.py:491} INFO - 23/09/04 17:01:43 WARN Utils: Your hostname, VMEnricolm resolves to a loopback address: 127.0.1.1; using 192.168.0.53 instead (on interface enp0s3)
[2023-09-04T17:01:43.589-0300] {spark_submit.py:491} INFO - 23/09/04 17:01:43 WARN Utils: Set SPARK_LOCAL_IP if you need to bind to another address
[2023-09-04T17:01:45.542-0300] {spark_submit.py:491} INFO - 23/09/04 17:01:45 INFO SparkContext: Running Spark version 3.4.1
[2023-09-04T17:01:45.619-0300] {spark_submit.py:491} INFO - 23/09/04 17:01:45 WARN NativeCodeLoader: Unable to load native-hadoop library for your platform... using builtin-java classes where applicable
[2023-09-04T17:01:45.730-0300] {spark_submit.py:491} INFO - 23/09/04 17:01:45 INFO ResourceUtils: ==============================================================
[2023-09-04T17:01:45.730-0300] {spark_submit.py:491} INFO - 23/09/04 17:01:45 INFO ResourceUtils: No custom resources configured for spark.driver.
[2023-09-04T17:01:45.731-0300] {spark_submit.py:491} INFO - 23/09/04 17:01:45 INFO ResourceUtils: ==============================================================
[2023-09-04T17:01:45.731-0300] {spark_submit.py:491} INFO - 23/09/04 17:01:45 INFO SparkContext: Submitted application: extracao_Finance
[2023-09-04T17:01:45.755-0300] {spark_submit.py:491} INFO - 23/09/04 17:01:45 INFO ResourceProfile: Default ResourceProfile created, executor resources: Map(cores -> name: cores, amount: 1, script: , vendor: , memory -> name: memory, amount: 1024, script: , vendor: , offHeap -> name: offHeap, amount: 0, script: , vendor: ), task resources: Map(cpus -> name: cpus, amount: 1.0)
[2023-09-04T17:01:45.762-0300] {spark_submit.py:491} INFO - 23/09/04 17:01:45 INFO ResourceProfile: Limiting resource is cpu
[2023-09-04T17:01:45.765-0300] {spark_submit.py:491} INFO - 23/09/04 17:01:45 INFO ResourceProfileManager: Added ResourceProfile id: 0
[2023-09-04T17:01:45.849-0300] {spark_submit.py:491} INFO - 23/09/04 17:01:45 INFO SecurityManager: Changing view acls to: enricolm
[2023-09-04T17:01:45.850-0300] {spark_submit.py:491} INFO - 23/09/04 17:01:45 INFO SecurityManager: Changing modify acls to: enricolm
[2023-09-04T17:01:45.863-0300] {spark_submit.py:491} INFO - 23/09/04 17:01:45 INFO SecurityManager: Changing view acls groups to:
[2023-09-04T17:01:45.880-0300] {spark_submit.py:491} INFO - 23/09/04 17:01:45 INFO SecurityManager: Changing modify acls groups to:
[2023-09-04T17:01:45.880-0300] {spark_submit.py:491} INFO - 23/09/04 17:01:45 INFO SecurityManager: SecurityManager: authentication disabled; ui acls disabled; users with view permissions: enricolm; groups with view permissions: EMPTY; users with modify permissions: enricolm; groups with modify permissions: EMPTY
[2023-09-04T17:01:46.302-0300] {spark_submit.py:491} INFO - 23/09/04 17:01:46 INFO Utils: Successfully started service 'sparkDriver' on port 45651.
[2023-09-04T17:01:46.353-0300] {spark_submit.py:491} INFO - 23/09/04 17:01:46 INFO SparkEnv: Registering MapOutputTracker
[2023-09-04T17:01:46.520-0300] {spark_submit.py:491} INFO - 23/09/04 17:01:46 INFO SparkEnv: Registering BlockManagerMaster
[2023-09-04T17:01:46.564-0300] {spark_submit.py:491} INFO - 23/09/04 17:01:46 INFO BlockManagerMasterEndpoint: Using org.apache.spark.storage.DefaultTopologyMapper for getting topology information
[2023-09-04T17:01:46.566-0300] {spark_submit.py:491} INFO - 23/09/04 17:01:46 INFO BlockManagerMasterEndpoint: BlockManagerMasterEndpoint up
[2023-09-04T17:01:46.574-0300] {spark_submit.py:491} INFO - 23/09/04 17:01:46 INFO SparkEnv: Registering BlockManagerMasterHeartbeat
[2023-09-04T17:01:46.613-0300] {spark_submit.py:491} INFO - 23/09/04 17:01:46 INFO DiskBlockManager: Created local directory at /tmp/blockmgr-60b1b906-6e99-4e49-834c-5d642a717f4b
[2023-09-04T17:01:46.634-0300] {spark_submit.py:491} INFO - 23/09/04 17:01:46 INFO MemoryStore: MemoryStore started with capacity 434.4 MiB
[2023-09-04T17:01:46.662-0300] {spark_submit.py:491} INFO - 23/09/04 17:01:46 INFO SparkEnv: Registering OutputCommitCoordinator
[2023-09-04T17:01:46.927-0300] {spark_submit.py:491} INFO - 23/09/04 17:01:46 INFO JettyUtils: Start Jetty 0.0.0.0:4040 for SparkUI
[2023-09-04T17:01:47.073-0300] {spark_submit.py:491} INFO - 23/09/04 17:01:47 INFO Utils: Successfully started service 'SparkUI' on port 4040.
[2023-09-04T17:01:47.391-0300] {spark_submit.py:491} INFO - 23/09/04 17:01:47 INFO Executor: Starting executor ID driver on host 192.168.0.53
[2023-09-04T17:01:47.425-0300] {spark_submit.py:491} INFO - 23/09/04 17:01:47 INFO Executor: Starting executor with user classpath (userClassPathFirst = false): ''
[2023-09-04T17:01:47.485-0300] {spark_submit.py:491} INFO - 23/09/04 17:01:47 INFO Utils: Successfully started service 'org.apache.spark.network.netty.NettyBlockTransferService' on port 36789.
[2023-09-04T17:01:47.485-0300] {spark_submit.py:491} INFO - 23/09/04 17:01:47 INFO NettyBlockTransferService: Server created on 192.168.0.53:36789
[2023-09-04T17:01:47.487-0300] {spark_submit.py:491} INFO - 23/09/04 17:01:47 INFO BlockManager: Using org.apache.spark.storage.RandomBlockReplicationPolicy for block replication policy
[2023-09-04T17:01:47.500-0300] {spark_submit.py:491} INFO - 23/09/04 17:01:47 INFO BlockManagerMaster: Registering BlockManager BlockManagerId(driver, 192.168.0.53, 36789, None)
[2023-09-04T17:01:47.514-0300] {spark_submit.py:491} INFO - 23/09/04 17:01:47 INFO BlockManagerMasterEndpoint: Registering block manager 192.168.0.53:36789 with 434.4 MiB RAM, BlockManagerId(driver, 192.168.0.53, 36789, None)
[2023-09-04T17:01:47.521-0300] {spark_submit.py:491} INFO - 23/09/04 17:01:47 INFO BlockManagerMaster: Registered BlockManager BlockManagerId(driver, 192.168.0.53, 36789, None)
[2023-09-04T17:01:47.526-0300] {spark_submit.py:491} INFO - 23/09/04 17:01:47 INFO BlockManager: Initialized BlockManager: BlockManagerId(driver, 192.168.0.53, 36789, None)
[2023-09-04T17:01:48.094-0300] {spark_submit.py:491} INFO - Criando pasta
[2023-09-04T17:01:51.165-0300] {spark_submit.py:491} INFO - 23/09/04 17:01:51 INFO SharedState: Setting hive.metastore.warehouse.dir ('null') to the value of spark.sql.warehouse.dir.
[2023-09-04T17:01:51.178-0300] {spark_submit.py:491} INFO - 23/09/04 17:01:51 INFO SharedState: Warehouse path is 'file:/home/enricolm/Documents/Sprinklr_Airflow/dadosvm/Airflow_Investimento/spark-warehouse'.
[2023-09-04T17:01:56.755-0300] {spark_submit.py:491} INFO - 23/09/04 17:01:56 INFO HashAggregateExec: spark.sql.codegen.aggregate.map.twolevel.enabled is set to true, but current version of codegened fast hashmap does not support this aggregate.
[2023-09-04T17:01:57.297-0300] {spark_submit.py:491} INFO - 23/09/04 17:01:57 INFO CodeGenerator: Code generated in 345.64794 ms
[2023-09-04T17:01:57.447-0300] {spark_submit.py:491} INFO - 23/09/04 17:01:57 INFO DAGScheduler: Registering RDD 6 (isEmpty at NativeMethodAccessorImpl.java:0) as input to shuffle 0
[2023-09-04T17:01:57.465-0300] {spark_submit.py:491} INFO - 23/09/04 17:01:57 INFO DAGScheduler: Got map stage job 0 (isEmpty at NativeMethodAccessorImpl.java:0) with 1 output partitions
[2023-09-04T17:01:57.466-0300] {spark_submit.py:491} INFO - 23/09/04 17:01:57 INFO DAGScheduler: Final stage: ShuffleMapStage 0 (isEmpty at NativeMethodAccessorImpl.java:0)
[2023-09-04T17:01:57.466-0300] {spark_submit.py:491} INFO - 23/09/04 17:01:57 INFO DAGScheduler: Parents of final stage: List()
[2023-09-04T17:01:57.468-0300] {spark_submit.py:491} INFO - 23/09/04 17:01:57 INFO DAGScheduler: Missing parents: List()
[2023-09-04T17:01:57.479-0300] {spark_submit.py:491} INFO - 23/09/04 17:01:57 INFO DAGScheduler: Submitting ShuffleMapStage 0 (MapPartitionsRDD[6] at isEmpty at NativeMethodAccessorImpl.java:0), which has no missing parents
[2023-09-04T17:01:57.622-0300] {spark_submit.py:491} INFO - 23/09/04 17:01:57 INFO MemoryStore: Block broadcast_0 stored as values in memory (estimated size 30.5 KiB, free 434.4 MiB)
[2023-09-04T17:01:57.665-0300] {spark_submit.py:491} INFO - 23/09/04 17:01:57 INFO MemoryStore: Block broadcast_0_piece0 stored as bytes in memory (estimated size 14.2 KiB, free 434.4 MiB)
[2023-09-04T17:01:57.669-0300] {spark_submit.py:491} INFO - 23/09/04 17:01:57 INFO BlockManagerInfo: Added broadcast_0_piece0 in memory on 192.168.0.53:36789 (size: 14.2 KiB, free: 434.4 MiB)
[2023-09-04T17:01:57.672-0300] {spark_submit.py:491} INFO - 23/09/04 17:01:57 INFO SparkContext: Created broadcast 0 from broadcast at DAGScheduler.scala:1535
[2023-09-04T17:01:57.691-0300] {spark_submit.py:491} INFO - 23/09/04 17:01:57 INFO DAGScheduler: Submitting 1 missing tasks from ShuffleMapStage 0 (MapPartitionsRDD[6] at isEmpty at NativeMethodAccessorImpl.java:0) (first 15 tasks are for partitions Vector(0))
[2023-09-04T17:01:57.693-0300] {spark_submit.py:491} INFO - 23/09/04 17:01:57 INFO TaskSchedulerImpl: Adding task set 0.0 with 1 tasks resource profile 0
[2023-09-04T17:01:57.756-0300] {spark_submit.py:491} INFO - 23/09/04 17:01:57 INFO TaskSetManager: Starting task 0.0 in stage 0.0 (TID 0) (192.168.0.53, executor driver, partition 0, PROCESS_LOCAL, 19140 bytes)
[2023-09-04T17:01:57.783-0300] {spark_submit.py:491} INFO - 23/09/04 17:01:57 INFO Executor: Running task 0.0 in stage 0.0 (TID 0)
[2023-09-04T17:01:59.557-0300] {spark_submit.py:491} INFO - 23/09/04 17:01:59 INFO CodeGenerator: Code generated in 18.891041 ms
[2023-09-04T17:01:59.584-0300] {spark_submit.py:491} INFO - 23/09/04 17:01:59 INFO CodeGenerator: Code generated in 7.851242 ms
[2023-09-04T17:01:59.612-0300] {spark_submit.py:491} INFO - 23/09/04 17:01:59 INFO CodeGenerator: Code generated in 24.859543 ms
[2023-09-04T17:01:59.764-0300] {spark_submit.py:491} INFO - 23/09/04 17:01:59 INFO PythonRunner: Times: total = 1756, boot = 1471, init = 284, finish = 1
[2023-09-04T17:01:59.901-0300] {spark_submit.py:491} INFO - 23/09/04 17:01:59 INFO Executor: Finished task 0.0 in stage 0.0 (TID 0). 3014 bytes result sent to driver
[2023-09-04T17:01:59.933-0300] {spark_submit.py:491} INFO - 23/09/04 17:01:59 INFO TaskSetManager: Finished task 0.0 in stage 0.0 (TID 0) in 2191 ms on 192.168.0.53 (executor driver) (1/1)
[2023-09-04T17:01:59.935-0300] {spark_submit.py:491} INFO - 23/09/04 17:01:59 INFO TaskSchedulerImpl: Removed TaskSet 0.0, whose tasks have all completed, from pool
[2023-09-04T17:01:59.939-0300] {spark_submit.py:491} INFO - 23/09/04 17:01:59 INFO PythonAccumulatorV2: Connected to AccumulatorServer at host: 127.0.0.1 port: 36351
[2023-09-04T17:01:59.944-0300] {spark_submit.py:491} INFO - 23/09/04 17:01:59 INFO DAGScheduler: ShuffleMapStage 0 (isEmpty at NativeMethodAccessorImpl.java:0) finished in 2,449 s
[2023-09-04T17:01:59.946-0300] {spark_submit.py:491} INFO - 23/09/04 17:01:59 INFO DAGScheduler: looking for newly runnable stages
[2023-09-04T17:01:59.947-0300] {spark_submit.py:491} INFO - 23/09/04 17:01:59 INFO DAGScheduler: running: HashSet()
[2023-09-04T17:01:59.948-0300] {spark_submit.py:491} INFO - 23/09/04 17:01:59 INFO DAGScheduler: waiting: HashSet()
[2023-09-04T17:01:59.948-0300] {spark_submit.py:491} INFO - 23/09/04 17:01:59 INFO DAGScheduler: failed: HashSet()
[2023-09-04T17:01:59.979-0300] {spark_submit.py:491} INFO - 23/09/04 17:01:59 INFO ShufflePartitionsUtil: For shuffle(0), advisory target size: 67108864, actual target size 1048576, minimum partition size: 1048576
[2023-09-04T17:02:00.015-0300] {spark_submit.py:491} INFO - 23/09/04 17:02:00 INFO HashAggregateExec: spark.sql.codegen.aggregate.map.twolevel.enabled is set to true, but current version of codegened fast hashmap does not support this aggregate.
[2023-09-04T17:02:00.041-0300] {spark_submit.py:491} INFO - 23/09/04 17:02:00 INFO CodeGenerator: Code generated in 22.531398 ms
[2023-09-04T17:02:00.087-0300] {spark_submit.py:491} INFO - 23/09/04 17:02:00 INFO SparkContext: Starting job: isEmpty at NativeMethodAccessorImpl.java:0
[2023-09-04T17:02:00.090-0300] {spark_submit.py:491} INFO - 23/09/04 17:02:00 INFO DAGScheduler: Got job 1 (isEmpty at NativeMethodAccessorImpl.java:0) with 1 output partitions
[2023-09-04T17:02:00.090-0300] {spark_submit.py:491} INFO - 23/09/04 17:02:00 INFO DAGScheduler: Final stage: ResultStage 2 (isEmpty at NativeMethodAccessorImpl.java:0)
[2023-09-04T17:02:00.091-0300] {spark_submit.py:491} INFO - 23/09/04 17:02:00 INFO DAGScheduler: Parents of final stage: List(ShuffleMapStage 1)
[2023-09-04T17:02:00.092-0300] {spark_submit.py:491} INFO - 23/09/04 17:02:00 INFO DAGScheduler: Missing parents: List()
[2023-09-04T17:02:00.098-0300] {spark_submit.py:491} INFO - 23/09/04 17:02:00 INFO DAGScheduler: Submitting ResultStage 2 (MapPartitionsRDD[9] at isEmpty at NativeMethodAccessorImpl.java:0), which has no missing parents
[2023-09-04T17:02:00.124-0300] {spark_submit.py:491} INFO - 23/09/04 17:02:00 INFO MemoryStore: Block broadcast_1 stored as values in memory (estimated size 33.3 KiB, free 434.3 MiB)
[2023-09-04T17:02:00.152-0300] {spark_submit.py:491} INFO - 23/09/04 17:02:00 INFO MemoryStore: Block broadcast_1_piece0 stored as bytes in memory (estimated size 15.7 KiB, free 434.3 MiB)
[2023-09-04T17:02:00.162-0300] {spark_submit.py:491} INFO - 23/09/04 17:02:00 INFO BlockManagerInfo: Added broadcast_1_piece0 in memory on 192.168.0.53:36789 (size: 15.7 KiB, free: 434.4 MiB)
[2023-09-04T17:02:00.172-0300] {spark_submit.py:491} INFO - 23/09/04 17:02:00 INFO SparkContext: Created broadcast 1 from broadcast at DAGScheduler.scala:1535
[2023-09-04T17:02:00.205-0300] {spark_submit.py:491} INFO - 23/09/04 17:02:00 INFO DAGScheduler: Submitting 1 missing tasks from ResultStage 2 (MapPartitionsRDD[9] at isEmpty at NativeMethodAccessorImpl.java:0) (first 15 tasks are for partitions Vector(0))
[2023-09-04T17:02:00.205-0300] {spark_submit.py:491} INFO - 23/09/04 17:02:00 INFO TaskSchedulerImpl: Adding task set 2.0 with 1 tasks resource profile 0
[2023-09-04T17:02:00.235-0300] {spark_submit.py:491} INFO - 23/09/04 17:02:00 INFO BlockManagerInfo: Removed broadcast_0_piece0 on 192.168.0.53:36789 in memory (size: 14.2 KiB, free: 434.4 MiB)
[2023-09-04T17:02:00.242-0300] {spark_submit.py:491} INFO - 23/09/04 17:02:00 INFO TaskSetManager: Starting task 0.0 in stage 2.0 (TID 1) (192.168.0.53, executor driver, partition 0, NODE_LOCAL, 7437 bytes)
[2023-09-04T17:02:00.243-0300] {spark_submit.py:491} INFO - 23/09/04 17:02:00 INFO Executor: Running task 0.0 in stage 2.0 (TID 1)
[2023-09-04T17:02:00.464-0300] {spark_submit.py:491} INFO - 23/09/04 17:02:00 INFO ShuffleBlockFetcherIterator: Getting 1 (12.3 KiB) non-empty blocks including 1 (12.3 KiB) local and 0 (0.0 B) host-local and 0 (0.0 B) push-merged-local and 0 (0.0 B) remote blocks
[2023-09-04T17:02:00.490-0300] {spark_submit.py:491} INFO - 23/09/04 17:02:00 INFO ShuffleBlockFetcherIterator: Started 0 remote fetches in 35 ms
[2023-09-04T17:02:00.713-0300] {spark_submit.py:491} INFO - 23/09/04 17:02:00 INFO Executor: Finished task 0.0 in stage 2.0 (TID 1). 5358 bytes result sent to driver
[2023-09-04T17:02:00.762-0300] {spark_submit.py:491} INFO - 23/09/04 17:02:00 INFO TaskSetManager: Finished task 0.0 in stage 2.0 (TID 1) in 528 ms on 192.168.0.53 (executor driver) (1/1)
[2023-09-04T17:02:00.763-0300] {spark_submit.py:491} INFO - 23/09/04 17:02:00 INFO TaskSchedulerImpl: Removed TaskSet 2.0, whose tasks have all completed, from pool
[2023-09-04T17:02:00.770-0300] {spark_submit.py:491} INFO - 23/09/04 17:02:00 INFO DAGScheduler: ResultStage 2 (isEmpty at NativeMethodAccessorImpl.java:0) finished in 0,650 s
[2023-09-04T17:02:00.772-0300] {spark_submit.py:491} INFO - 23/09/04 17:02:00 INFO DAGScheduler: Job 1 is finished. Cancelling potential speculative or zombie tasks for this job
[2023-09-04T17:02:00.772-0300] {spark_submit.py:491} INFO - 23/09/04 17:02:00 INFO TaskSchedulerImpl: Killing all running tasks in stage 2: Stage finished
[2023-09-04T17:02:00.776-0300] {spark_submit.py:491} INFO - 23/09/04 17:02:00 INFO DAGScheduler: Job 1 finished: isEmpty at NativeMethodAccessorImpl.java:0, took 0,688334 s
[2023-09-04T17:02:01.126-0300] {spark_submit.py:491} INFO - 23/09/04 17:02:01 INFO CodeGenerator: Code generated in 161.697776 ms
[2023-09-04T17:02:01.159-0300] {spark_submit.py:491} INFO - 23/09/04 17:02:01 INFO DAGScheduler: Registering RDD 11 (toPandas at /home/enricolm/Documents/Sprinklr_Airflow/dadosvm/Airflow_Investimento/Scripts/Operators/Raw_Operator.py:60) as input to shuffle 1
[2023-09-04T17:02:01.162-0300] {spark_submit.py:491} INFO - 23/09/04 17:02:01 INFO DAGScheduler: Got map stage job 2 (toPandas at /home/enricolm/Documents/Sprinklr_Airflow/dadosvm/Airflow_Investimento/Scripts/Operators/Raw_Operator.py:60) with 1 output partitions
[2023-09-04T17:02:01.171-0300] {spark_submit.py:491} INFO - 23/09/04 17:02:01 INFO DAGScheduler: Final stage: ShuffleMapStage 3 (toPandas at /home/enricolm/Documents/Sprinklr_Airflow/dadosvm/Airflow_Investimento/Scripts/Operators/Raw_Operator.py:60)
[2023-09-04T17:02:01.172-0300] {spark_submit.py:491} INFO - 23/09/04 17:02:01 INFO DAGScheduler: Parents of final stage: List()
[2023-09-04T17:02:01.172-0300] {spark_submit.py:491} INFO - 23/09/04 17:02:01 INFO DAGScheduler: Missing parents: List()
[2023-09-04T17:02:01.172-0300] {spark_submit.py:491} INFO - 23/09/04 17:02:01 INFO DAGScheduler: Submitting ShuffleMapStage 3 (MapPartitionsRDD[11] at toPandas at /home/enricolm/Documents/Sprinklr_Airflow/dadosvm/Airflow_Investimento/Scripts/Operators/Raw_Operator.py:60), which has no missing parents
[2023-09-04T17:02:01.196-0300] {spark_submit.py:491} INFO - 23/09/04 17:02:01 INFO MemoryStore: Block broadcast_2 stored as values in memory (estimated size 50.5 KiB, free 434.3 MiB)
[2023-09-04T17:02:01.262-0300] {spark_submit.py:491} INFO - 23/09/04 17:02:01 INFO MemoryStore: Block broadcast_2_piece0 stored as bytes in memory (estimated size 21.1 KiB, free 434.3 MiB)
[2023-09-04T17:02:01.271-0300] {spark_submit.py:491} INFO - 23/09/04 17:02:01 INFO BlockManagerInfo: Added broadcast_2_piece0 in memory on 192.168.0.53:36789 (size: 21.1 KiB, free: 434.4 MiB)
[2023-09-04T17:02:01.271-0300] {spark_submit.py:491} INFO - 23/09/04 17:02:01 INFO SparkContext: Created broadcast 2 from broadcast at DAGScheduler.scala:1535
[2023-09-04T17:02:01.271-0300] {spark_submit.py:491} INFO - 23/09/04 17:02:01 INFO DAGScheduler: Submitting 1 missing tasks from ShuffleMapStage 3 (MapPartitionsRDD[11] at toPandas at /home/enricolm/Documents/Sprinklr_Airflow/dadosvm/Airflow_Investimento/Scripts/Operators/Raw_Operator.py:60) (first 15 tasks are for partitions Vector(0))
[2023-09-04T17:02:01.272-0300] {spark_submit.py:491} INFO - 23/09/04 17:02:01 INFO TaskSchedulerImpl: Adding task set 3.0 with 1 tasks resource profile 0
[2023-09-04T17:02:01.272-0300] {spark_submit.py:491} INFO - 23/09/04 17:02:01 INFO TaskSetManager: Starting task 0.0 in stage 3.0 (TID 2) (192.168.0.53, executor driver, partition 0, PROCESS_LOCAL, 19140 bytes)
[2023-09-04T17:02:01.277-0300] {spark_submit.py:491} INFO - 23/09/04 17:02:01 INFO Executor: Running task 0.0 in stage 3.0 (TID 2)
[2023-09-04T17:02:01.323-0300] {spark_submit.py:491} INFO - 23/09/04 17:02:01 INFO BlockManagerInfo: Removed broadcast_1_piece0 on 192.168.0.53:36789 in memory (size: 15.7 KiB, free: 434.4 MiB)
[2023-09-04T17:02:01.430-0300] {spark_submit.py:491} INFO - 23/09/04 17:02:01 INFO CodeGenerator: Code generated in 6.821277 ms
[2023-09-04T17:02:01.547-0300] {spark_submit.py:491} INFO - 23/09/04 17:02:01 INFO CodeGenerator: Code generated in 56.135786 ms
[2023-09-04T17:02:01.643-0300] {spark_submit.py:491} INFO - 23/09/04 17:02:01 INFO PythonRunner: Times: total = 206, boot = -1609, init = 1815, finish = 0
[2023-09-04T17:02:01.889-0300] {spark_submit.py:491} INFO - 23/09/04 17:02:01 INFO Executor: Finished task 0.0 in stage 3.0 (TID 2). 3014 bytes result sent to driver
[2023-09-04T17:02:01.895-0300] {spark_submit.py:491} INFO - 23/09/04 17:02:01 INFO TaskSetManager: Finished task 0.0 in stage 3.0 (TID 2) in 623 ms on 192.168.0.53 (executor driver) (1/1)
[2023-09-04T17:02:01.895-0300] {spark_submit.py:491} INFO - 23/09/04 17:02:01 INFO TaskSchedulerImpl: Removed TaskSet 3.0, whose tasks have all completed, from pool
[2023-09-04T17:02:01.897-0300] {spark_submit.py:491} INFO - 23/09/04 17:02:01 INFO DAGScheduler: ShuffleMapStage 3 (toPandas at /home/enricolm/Documents/Sprinklr_Airflow/dadosvm/Airflow_Investimento/Scripts/Operators/Raw_Operator.py:60) finished in 0,725 s
[2023-09-04T17:02:01.897-0300] {spark_submit.py:491} INFO - 23/09/04 17:02:01 INFO DAGScheduler: looking for newly runnable stages
[2023-09-04T17:02:01.898-0300] {spark_submit.py:491} INFO - 23/09/04 17:02:01 INFO DAGScheduler: running: HashSet()
[2023-09-04T17:02:01.900-0300] {spark_submit.py:491} INFO - 23/09/04 17:02:01 INFO DAGScheduler: waiting: HashSet()
[2023-09-04T17:02:01.901-0300] {spark_submit.py:491} INFO - 23/09/04 17:02:01 INFO DAGScheduler: failed: HashSet()
[2023-09-04T17:02:01.907-0300] {spark_submit.py:491} INFO - 23/09/04 17:02:01 INFO ShufflePartitionsUtil: For shuffle(1), advisory target size: 67108864, actual target size 1048576, minimum partition size: 1048576
[2023-09-04T17:02:01.922-0300] {spark_submit.py:491} INFO - 23/09/04 17:02:01 INFO HashAggregateExec: spark.sql.codegen.aggregate.map.twolevel.enabled is set to true, but current version of codegened fast hashmap does not support this aggregate.
[2023-09-04T17:02:02.060-0300] {spark_submit.py:491} INFO - 23/09/04 17:02:02 INFO CodeGenerator: Code generated in 92.539304 ms
[2023-09-04T17:02:02.106-0300] {spark_submit.py:491} INFO - 23/09/04 17:02:02 INFO SparkContext: Starting job: toPandas at /home/enricolm/Documents/Sprinklr_Airflow/dadosvm/Airflow_Investimento/Scripts/Operators/Raw_Operator.py:60
[2023-09-04T17:02:02.107-0300] {spark_submit.py:491} INFO - 23/09/04 17:02:02 INFO DAGScheduler: Got job 3 (toPandas at /home/enricolm/Documents/Sprinklr_Airflow/dadosvm/Airflow_Investimento/Scripts/Operators/Raw_Operator.py:60) with 1 output partitions
[2023-09-04T17:02:02.107-0300] {spark_submit.py:491} INFO - 23/09/04 17:02:02 INFO DAGScheduler: Final stage: ResultStage 5 (toPandas at /home/enricolm/Documents/Sprinklr_Airflow/dadosvm/Airflow_Investimento/Scripts/Operators/Raw_Operator.py:60)
[2023-09-04T17:02:02.107-0300] {spark_submit.py:491} INFO - 23/09/04 17:02:02 INFO DAGScheduler: Parents of final stage: List(ShuffleMapStage 4)
[2023-09-04T17:02:02.107-0300] {spark_submit.py:491} INFO - 23/09/04 17:02:02 INFO DAGScheduler: Missing parents: List()
[2023-09-04T17:02:02.111-0300] {spark_submit.py:491} INFO - 23/09/04 17:02:02 INFO DAGScheduler: Submitting ResultStage 5 (MapPartitionsRDD[14] at toPandas at /home/enricolm/Documents/Sprinklr_Airflow/dadosvm/Airflow_Investimento/Scripts/Operators/Raw_Operator.py:60), which has no missing parents
[2023-09-04T17:02:02.123-0300] {spark_submit.py:491} INFO - 23/09/04 17:02:02 INFO MemoryStore: Block broadcast_3 stored as values in memory (estimated size 54.6 KiB, free 434.3 MiB)
[2023-09-04T17:02:02.169-0300] {spark_submit.py:491} INFO - 23/09/04 17:02:02 INFO MemoryStore: Block broadcast_3_piece0 stored as bytes in memory (estimated size 22.0 KiB, free 434.3 MiB)
[2023-09-04T17:02:02.170-0300] {spark_submit.py:491} INFO - 23/09/04 17:02:02 INFO BlockManagerInfo: Added broadcast_3_piece0 in memory on 192.168.0.53:36789 (size: 22.0 KiB, free: 434.4 MiB)
[2023-09-04T17:02:02.172-0300] {spark_submit.py:491} INFO - 23/09/04 17:02:02 INFO BlockManagerInfo: Removed broadcast_2_piece0 on 192.168.0.53:36789 in memory (size: 21.1 KiB, free: 434.4 MiB)
[2023-09-04T17:02:02.172-0300] {spark_submit.py:491} INFO - 23/09/04 17:02:02 INFO SparkContext: Created broadcast 3 from broadcast at DAGScheduler.scala:1535
[2023-09-04T17:02:02.174-0300] {spark_submit.py:491} INFO - 23/09/04 17:02:02 INFO DAGScheduler: Submitting 1 missing tasks from ResultStage 5 (MapPartitionsRDD[14] at toPandas at /home/enricolm/Documents/Sprinklr_Airflow/dadosvm/Airflow_Investimento/Scripts/Operators/Raw_Operator.py:60) (first 15 tasks are for partitions Vector(0))
[2023-09-04T17:02:02.175-0300] {spark_submit.py:491} INFO - 23/09/04 17:02:02 INFO TaskSchedulerImpl: Adding task set 5.0 with 1 tasks resource profile 0
[2023-09-04T17:02:02.178-0300] {spark_submit.py:491} INFO - 23/09/04 17:02:02 INFO TaskSetManager: Starting task 0.0 in stage 5.0 (TID 3) (192.168.0.53, executor driver, partition 0, NODE_LOCAL, 7437 bytes)
[2023-09-04T17:02:02.180-0300] {spark_submit.py:491} INFO - 23/09/04 17:02:02 INFO Executor: Running task 0.0 in stage 5.0 (TID 3)
[2023-09-04T17:02:02.249-0300] {spark_submit.py:491} INFO - 23/09/04 17:02:02 INFO ShuffleBlockFetcherIterator: Getting 1 (18.0 KiB) non-empty blocks including 1 (18.0 KiB) local and 0 (0.0 B) host-local and 0 (0.0 B) push-merged-local and 0 (0.0 B) remote blocks
[2023-09-04T17:02:02.249-0300] {spark_submit.py:491} INFO - 23/09/04 17:02:02 INFO ShuffleBlockFetcherIterator: Started 0 remote fetches in 1 ms
[2023-09-04T17:02:02.336-0300] {spark_submit.py:491} INFO - 23/09/04 17:02:02 INFO Executor: Finished task 0.0 in stage 5.0 (TID 3). 10775 bytes result sent to driver
[2023-09-04T17:02:02.342-0300] {spark_submit.py:491} INFO - 23/09/04 17:02:02 INFO TaskSetManager: Finished task 0.0 in stage 5.0 (TID 3) in 164 ms on 192.168.0.53 (executor driver) (1/1)
[2023-09-04T17:02:02.342-0300] {spark_submit.py:491} INFO - 23/09/04 17:02:02 INFO TaskSchedulerImpl: Removed TaskSet 5.0, whose tasks have all completed, from pool
[2023-09-04T17:02:02.413-0300] {spark_submit.py:491} INFO - 23/09/04 17:02:02 INFO DAGScheduler: ResultStage 5 (toPandas at /home/enricolm/Documents/Sprinklr_Airflow/dadosvm/Airflow_Investimento/Scripts/Operators/Raw_Operator.py:60) finished in 0,267 s
[2023-09-04T17:02:02.414-0300] {spark_submit.py:491} INFO - 23/09/04 17:02:02 INFO DAGScheduler: Job 3 is finished. Cancelling potential speculative or zombie tasks for this job
[2023-09-04T17:02:02.414-0300] {spark_submit.py:491} INFO - 23/09/04 17:02:02 INFO TaskSchedulerImpl: Killing all running tasks in stage 5: Stage finished
[2023-09-04T17:02:02.414-0300] {spark_submit.py:491} INFO - 23/09/04 17:02:02 INFO DAGScheduler: Job 3 finished: toPandas at /home/enricolm/Documents/Sprinklr_Airflow/dadosvm/Airflow_Investimento/Scripts/Operators/Raw_Operator.py:60, took 0,307174 s
[2023-09-04T17:02:02.519-0300] {spark_submit.py:491} INFO - 23/09/04 17:02:02 INFO SparkContext: SparkContext is stopping with exitCode 0.
[2023-09-04T17:02:02.556-0300] {spark_submit.py:491} INFO - 23/09/04 17:02:02 INFO SparkUI: Stopped Spark web UI at http://192.168.0.53:4040
[2023-09-04T17:02:02.619-0300] {spark_submit.py:491} INFO - 23/09/04 17:02:02 INFO MapOutputTrackerMasterEndpoint: MapOutputTrackerMasterEndpoint stopped!
[2023-09-04T17:02:02.641-0300] {spark_submit.py:491} INFO - 23/09/04 17:02:02 INFO MemoryStore: MemoryStore cleared
[2023-09-04T17:02:02.641-0300] {spark_submit.py:491} INFO - 23/09/04 17:02:02 INFO BlockManager: BlockManager stopped
[2023-09-04T17:02:02.649-0300] {spark_submit.py:491} INFO - 23/09/04 17:02:02 INFO BlockManagerMaster: BlockManagerMaster stopped
[2023-09-04T17:02:02.651-0300] {spark_submit.py:491} INFO - 23/09/04 17:02:02 INFO OutputCommitCoordinator$OutputCommitCoordinatorEndpoint: OutputCommitCoordinator stopped!
[2023-09-04T17:02:02.690-0300] {spark_submit.py:491} INFO - 23/09/04 17:02:02 INFO SparkContext: Successfully stopped SparkContext
[2023-09-04T17:02:03.474-0300] {spark_submit.py:491} INFO - 23/09/04 17:02:03 INFO ShutdownHookManager: Shutdown hook called
[2023-09-04T17:02:03.474-0300] {spark_submit.py:491} INFO - 23/09/04 17:02:03 INFO ShutdownHookManager: Deleting directory /tmp/spark-0b7c6c56-3c82-491e-b70b-529cb46a58a1/pyspark-445e4061-fec1-4708-8074-d5da178ba46a
[2023-09-04T17:02:03.483-0300] {spark_submit.py:491} INFO - 23/09/04 17:02:03 INFO ShutdownHookManager: Deleting directory /tmp/spark-7660d831-5e56-4889-aaa9-2e4ed346d3cb
[2023-09-04T17:02:03.505-0300] {spark_submit.py:491} INFO - 23/09/04 17:02:03 INFO ShutdownHookManager: Deleting directory /tmp/spark-0b7c6c56-3c82-491e-b70b-529cb46a58a1
[2023-09-04T17:02:03.644-0300] {taskinstance.py:1345} INFO - Marking task as SUCCESS. dag_id=Investimento_api, task_id=Extracao_Invest, execution_date=20230904T200139, start_date=20230904T200140, end_date=20230904T200203
[2023-09-04T17:02:03.705-0300] {local_task_job_runner.py:225} INFO - Task exited with return code 0
[2023-09-04T17:02:03.738-0300] {taskinstance.py:2653} INFO - 1 downstream tasks scheduled from follow-on schedule check
