[2023-09-04T11:24:16.933-0300] {taskinstance.py:1103} INFO - Dependencies all met for dep_context=non-requeueable deps ti=<TaskInstance: Investimento_api.Extracao_Invest manual__2023-09-04T14:24:15.911378+00:00 [queued]>
[2023-09-04T11:24:16.942-0300] {taskinstance.py:1103} INFO - Dependencies all met for dep_context=requeueable deps ti=<TaskInstance: Investimento_api.Extracao_Invest manual__2023-09-04T14:24:15.911378+00:00 [queued]>
[2023-09-04T11:24:16.942-0300] {taskinstance.py:1308} INFO - Starting attempt 1 of 1
[2023-09-04T11:24:16.957-0300] {taskinstance.py:1327} INFO - Executing <Task(SparkSubmitOperator): Extracao_Invest> on 2023-09-04 14:24:15.911378+00:00
[2023-09-04T11:24:16.961-0300] {standard_task_runner.py:57} INFO - Started process 24651 to run task
[2023-09-04T11:24:16.965-0300] {standard_task_runner.py:84} INFO - Running: ['airflow', 'tasks', 'run', 'Investimento_api', 'Extracao_Invest', 'manual__2023-09-04T14:24:15.911378+00:00', '--job-id', '67', '--raw', '--subdir', 'DAGS_FOLDER/dag.py', '--cfg-path', '/tmp/tmptwmpqtkc']
[2023-09-04T11:24:16.968-0300] {standard_task_runner.py:85} INFO - Job 67: Subtask Extracao_Invest
[2023-09-04T11:24:17.053-0300] {task_command.py:410} INFO - Running <TaskInstance: Investimento_api.Extracao_Invest manual__2023-09-04T14:24:15.911378+00:00 [running]> on host VMEnricolm.myguest.virtualbox.org
[2023-09-04T11:24:17.225-0300] {taskinstance.py:1545} INFO - Exporting env vars: AIRFLOW_CTX_DAG_OWNER='airflow' AIRFLOW_CTX_DAG_ID='Investimento_api' AIRFLOW_CTX_TASK_ID='Extracao_Invest' AIRFLOW_CTX_EXECUTION_DATE='2023-09-04T14:24:15.911378+00:00' AIRFLOW_CTX_TRY_NUMBER='1' AIRFLOW_CTX_DAG_RUN_ID='manual__2023-09-04T14:24:15.911378+00:00'
[2023-09-04T11:24:17.242-0300] {base.py:73} INFO - Using connection ID 'spark_default' for task execution.
[2023-09-04T11:24:17.243-0300] {spark_submit.py:340} INFO - Spark-Submit cmd: spark-submit --master local --name Extracao_Invest --queue root.default /home/enricolm/Documents/Sprinklr_Airflow/dadosvm/Airflow_Investimento/Scripts/Operators/Raw_Operator.py
[2023-09-04T11:24:19.537-0300] {spark_submit.py:491} INFO - 23/09/04 11:24:19 WARN Utils: Your hostname, VMEnricolm resolves to a loopback address: 127.0.1.1; using 192.168.0.53 instead (on interface enp0s3)
[2023-09-04T11:24:19.540-0300] {spark_submit.py:491} INFO - 23/09/04 11:24:19 WARN Utils: Set SPARK_LOCAL_IP if you need to bind to another address
[2023-09-04T11:24:21.495-0300] {spark_submit.py:491} INFO - 23/09/04 11:24:21 INFO SparkContext: Running Spark version 3.4.1
[2023-09-04T11:24:21.559-0300] {spark_submit.py:491} INFO - 23/09/04 11:24:21 WARN NativeCodeLoader: Unable to load native-hadoop library for your platform... using builtin-java classes where applicable
[2023-09-04T11:24:21.677-0300] {spark_submit.py:491} INFO - 23/09/04 11:24:21 INFO ResourceUtils: ==============================================================
[2023-09-04T11:24:21.678-0300] {spark_submit.py:491} INFO - 23/09/04 11:24:21 INFO ResourceUtils: No custom resources configured for spark.driver.
[2023-09-04T11:24:21.679-0300] {spark_submit.py:491} INFO - 23/09/04 11:24:21 INFO ResourceUtils: ==============================================================
[2023-09-04T11:24:21.679-0300] {spark_submit.py:491} INFO - 23/09/04 11:24:21 INFO SparkContext: Submitted application: extracao_Finance
[2023-09-04T11:24:21.701-0300] {spark_submit.py:491} INFO - 23/09/04 11:24:21 INFO ResourceProfile: Default ResourceProfile created, executor resources: Map(cores -> name: cores, amount: 1, script: , vendor: , memory -> name: memory, amount: 1024, script: , vendor: , offHeap -> name: offHeap, amount: 0, script: , vendor: ), task resources: Map(cpus -> name: cpus, amount: 1.0)
[2023-09-04T11:24:21.710-0300] {spark_submit.py:491} INFO - 23/09/04 11:24:21 INFO ResourceProfile: Limiting resource is cpu
[2023-09-04T11:24:21.711-0300] {spark_submit.py:491} INFO - 23/09/04 11:24:21 INFO ResourceProfileManager: Added ResourceProfile id: 0
[2023-09-04T11:24:21.775-0300] {spark_submit.py:491} INFO - 23/09/04 11:24:21 INFO SecurityManager: Changing view acls to: enricolm
[2023-09-04T11:24:21.776-0300] {spark_submit.py:491} INFO - 23/09/04 11:24:21 INFO SecurityManager: Changing modify acls to: enricolm
[2023-09-04T11:24:21.777-0300] {spark_submit.py:491} INFO - 23/09/04 11:24:21 INFO SecurityManager: Changing view acls groups to:
[2023-09-04T11:24:21.777-0300] {spark_submit.py:491} INFO - 23/09/04 11:24:21 INFO SecurityManager: Changing modify acls groups to:
[2023-09-04T11:24:21.777-0300] {spark_submit.py:491} INFO - 23/09/04 11:24:21 INFO SecurityManager: SecurityManager: authentication disabled; ui acls disabled; users with view permissions: enricolm; groups with view permissions: EMPTY; users with modify permissions: enricolm; groups with modify permissions: EMPTY
[2023-09-04T11:24:22.092-0300] {spark_submit.py:491} INFO - 23/09/04 11:24:22 INFO Utils: Successfully started service 'sparkDriver' on port 39889.
[2023-09-04T11:24:22.130-0300] {spark_submit.py:491} INFO - 23/09/04 11:24:22 INFO SparkEnv: Registering MapOutputTracker
[2023-09-04T11:24:22.244-0300] {spark_submit.py:491} INFO - 23/09/04 11:24:22 INFO SparkEnv: Registering BlockManagerMaster
[2023-09-04T11:24:22.268-0300] {spark_submit.py:491} INFO - 23/09/04 11:24:22 INFO BlockManagerMasterEndpoint: Using org.apache.spark.storage.DefaultTopologyMapper for getting topology information
[2023-09-04T11:24:22.269-0300] {spark_submit.py:491} INFO - 23/09/04 11:24:22 INFO BlockManagerMasterEndpoint: BlockManagerMasterEndpoint up
[2023-09-04T11:24:22.279-0300] {spark_submit.py:491} INFO - 23/09/04 11:24:22 INFO SparkEnv: Registering BlockManagerMasterHeartbeat
[2023-09-04T11:24:22.302-0300] {spark_submit.py:491} INFO - 23/09/04 11:24:22 INFO DiskBlockManager: Created local directory at /tmp/blockmgr-ff715daa-ffc2-4ffc-a370-7dd3dc919874
[2023-09-04T11:24:22.320-0300] {spark_submit.py:491} INFO - 23/09/04 11:24:22 INFO MemoryStore: MemoryStore started with capacity 434.4 MiB
[2023-09-04T11:24:22.380-0300] {spark_submit.py:491} INFO - 23/09/04 11:24:22 INFO SparkEnv: Registering OutputCommitCoordinator
[2023-09-04T11:24:22.576-0300] {spark_submit.py:491} INFO - 23/09/04 11:24:22 INFO JettyUtils: Start Jetty 0.0.0.0:4040 for SparkUI
[2023-09-04T11:24:22.659-0300] {spark_submit.py:491} INFO - 23/09/04 11:24:22 INFO Utils: Successfully started service 'SparkUI' on port 4040.
[2023-09-04T11:24:22.799-0300] {spark_submit.py:491} INFO - 23/09/04 11:24:22 INFO Executor: Starting executor ID driver on host 192.168.0.53
[2023-09-04T11:24:22.807-0300] {spark_submit.py:491} INFO - 23/09/04 11:24:22 INFO Executor: Starting executor with user classpath (userClassPathFirst = false): ''
[2023-09-04T11:24:22.837-0300] {spark_submit.py:491} INFO - 23/09/04 11:24:22 INFO Utils: Successfully started service 'org.apache.spark.network.netty.NettyBlockTransferService' on port 41085.
[2023-09-04T11:24:22.837-0300] {spark_submit.py:491} INFO - 23/09/04 11:24:22 INFO NettyBlockTransferService: Server created on 192.168.0.53:41085
[2023-09-04T11:24:22.840-0300] {spark_submit.py:491} INFO - 23/09/04 11:24:22 INFO BlockManager: Using org.apache.spark.storage.RandomBlockReplicationPolicy for block replication policy
[2023-09-04T11:24:22.848-0300] {spark_submit.py:491} INFO - 23/09/04 11:24:22 INFO BlockManagerMaster: Registering BlockManager BlockManagerId(driver, 192.168.0.53, 41085, None)
[2023-09-04T11:24:22.853-0300] {spark_submit.py:491} INFO - 23/09/04 11:24:22 INFO BlockManagerMasterEndpoint: Registering block manager 192.168.0.53:41085 with 434.4 MiB RAM, BlockManagerId(driver, 192.168.0.53, 41085, None)
[2023-09-04T11:24:22.855-0300] {spark_submit.py:491} INFO - 23/09/04 11:24:22 INFO BlockManagerMaster: Registered BlockManager BlockManagerId(driver, 192.168.0.53, 41085, None)
[2023-09-04T11:24:22.857-0300] {spark_submit.py:491} INFO - 23/09/04 11:24:22 INFO BlockManager: Initialized BlockManager: BlockManagerId(driver, 192.168.0.53, 41085, None)
[2023-09-04T11:24:23.399-0300] {spark_submit.py:491} INFO - Criando pasta
[2023-09-04T11:24:25.789-0300] {spark_submit.py:491} INFO - AAPL: No price data found, symbol may be delisted (1d 2023-09-04 -> 2023-09-04)
[2023-09-04T11:24:25.789-0300] {spark_submit.py:491} INFO - No price data found for the given date range.
[2023-09-04T11:24:25.789-0300] {spark_submit.py:491} INFO - Nothing to Add
[2023-09-04T11:24:25.789-0300] {spark_submit.py:491} INFO - 23/09/04 11:24:25 INFO SparkContext: SparkContext is stopping with exitCode 0.
[2023-09-04T11:24:25.821-0300] {spark_submit.py:491} INFO - 23/09/04 11:24:25 INFO SparkUI: Stopped Spark web UI at http://192.168.0.53:4040
[2023-09-04T11:24:25.872-0300] {spark_submit.py:491} INFO - 23/09/04 11:24:25 INFO MapOutputTrackerMasterEndpoint: MapOutputTrackerMasterEndpoint stopped!
[2023-09-04T11:24:25.902-0300] {spark_submit.py:491} INFO - 23/09/04 11:24:25 INFO MemoryStore: MemoryStore cleared
[2023-09-04T11:24:25.903-0300] {spark_submit.py:491} INFO - 23/09/04 11:24:25 INFO BlockManager: BlockManager stopped
[2023-09-04T11:24:25.913-0300] {spark_submit.py:491} INFO - 23/09/04 11:24:25 INFO BlockManagerMaster: BlockManagerMaster stopped
[2023-09-04T11:24:25.918-0300] {spark_submit.py:491} INFO - 23/09/04 11:24:25 INFO OutputCommitCoordinator$OutputCommitCoordinatorEndpoint: OutputCommitCoordinator stopped!
[2023-09-04T11:24:25.930-0300] {spark_submit.py:491} INFO - 23/09/04 11:24:25 INFO SparkContext: Successfully stopped SparkContext
[2023-09-04T11:24:26.362-0300] {spark_submit.py:491} INFO - 23/09/04 11:24:26 INFO ShutdownHookManager: Shutdown hook called
[2023-09-04T11:24:26.362-0300] {spark_submit.py:491} INFO - 23/09/04 11:24:26 INFO ShutdownHookManager: Deleting directory /tmp/spark-ee75cac6-4cc9-4826-8df4-5308533561d4
[2023-09-04T11:24:26.368-0300] {spark_submit.py:491} INFO - 23/09/04 11:24:26 INFO ShutdownHookManager: Deleting directory /tmp/spark-a3a0a8c4-e3f5-4eca-bab9-fdd6a0263843
[2023-09-04T11:24:26.375-0300] {spark_submit.py:491} INFO - 23/09/04 11:24:26 INFO ShutdownHookManager: Deleting directory /tmp/spark-a3a0a8c4-e3f5-4eca-bab9-fdd6a0263843/pyspark-c1f2025b-5981-4a25-9cc0-e8257934fbc9
[2023-09-04T11:24:26.436-0300] {taskinstance.py:1345} INFO - Marking task as SUCCESS. dag_id=Investimento_api, task_id=Extracao_Invest, execution_date=20230904T142415, start_date=20230904T142416, end_date=20230904T142426
[2023-09-04T11:24:26.476-0300] {local_task_job_runner.py:225} INFO - Task exited with return code 0
[2023-09-04T11:24:26.506-0300] {taskinstance.py:2653} INFO - 1 downstream tasks scheduled from follow-on schedule check
