[2023-08-08T15:53:22.351-0300] {processor.py:157} INFO - Started process (PID=5908) to work on /home/enricolm/Documents/Sprinklr_Airflow/dadosvm/Airflow_Investimento/venv/lib/python3.8/site-packages/airflow/example_dags/example_subdag_operator.py
[2023-08-08T15:53:22.352-0300] {processor.py:826} INFO - Processing file /home/enricolm/Documents/Sprinklr_Airflow/dadosvm/Airflow_Investimento/venv/lib/python3.8/site-packages/airflow/example_dags/example_subdag_operator.py for tasks to queue
[2023-08-08T15:53:22.352-0300] {logging_mixin.py:150} INFO - [2023-08-08T15:53:22.352-0300] {dagbag.py:541} INFO - Filling up the DagBag from /home/enricolm/Documents/Sprinklr_Airflow/dadosvm/Airflow_Investimento/venv/lib/python3.8/site-packages/airflow/example_dags/example_subdag_operator.py
[2023-08-08T15:53:22.374-0300] {processor.py:836} INFO - DAG(s) dict_keys(['example_subdag_operator.section-1', 'example_subdag_operator.section-2', 'example_subdag_operator']) retrieved from /home/enricolm/Documents/Sprinklr_Airflow/dadosvm/Airflow_Investimento/venv/lib/python3.8/site-packages/airflow/example_dags/example_subdag_operator.py
[2023-08-08T15:53:22.536-0300] {logging_mixin.py:150} INFO - [2023-08-08T15:53:22.536-0300] {manager.py:504} INFO - Created Permission View: can read on DAG:example_subdag_operator
[2023-08-08T15:53:22.545-0300] {logging_mixin.py:150} INFO - [2023-08-08T15:53:22.545-0300] {manager.py:504} INFO - Created Permission View: can edit on DAG:example_subdag_operator
[2023-08-08T15:53:22.552-0300] {logging_mixin.py:150} INFO - [2023-08-08T15:53:22.552-0300] {manager.py:504} INFO - Created Permission View: can delete on DAG:example_subdag_operator
[2023-08-08T15:53:22.560-0300] {logging_mixin.py:150} INFO - [2023-08-08T15:53:22.560-0300] {dag.py:2742} INFO - Sync 3 DAGs
[2023-08-08T15:53:22.568-0300] {logging_mixin.py:150} INFO - [2023-08-08T15:53:22.567-0300] {dag.py:2763} INFO - Creating ORM DAG for example_subdag_operator
[2023-08-08T15:53:22.568-0300] {logging_mixin.py:150} INFO - [2023-08-08T15:53:22.568-0300] {dag.py:2763} INFO - Creating ORM DAG for example_subdag_operator.section-2
[2023-08-08T15:53:22.568-0300] {logging_mixin.py:150} INFO - [2023-08-08T15:53:22.568-0300] {dag.py:2763} INFO - Creating ORM DAG for example_subdag_operator.section-1
[2023-08-08T15:53:22.575-0300] {logging_mixin.py:150} INFO - [2023-08-08T15:53:22.574-0300] {dag.py:3504} INFO - Setting next_dagrun for example_subdag_operator to 2022-01-01T00:00:00+00:00, run_after=2022-01-01T00:00:00+00:00
[2023-08-08T15:53:22.575-0300] {logging_mixin.py:150} INFO - [2023-08-08T15:53:22.575-0300] {dag.py:3504} INFO - Setting next_dagrun for example_subdag_operator.section-1 to None, run_after=None
[2023-08-08T15:53:22.575-0300] {logging_mixin.py:150} INFO - [2023-08-08T15:53:22.575-0300] {dag.py:3504} INFO - Setting next_dagrun for example_subdag_operator.section-2 to None, run_after=None
[2023-08-08T15:53:22.581-0300] {logging_mixin.py:150} INFO - [2023-08-08T15:53:22.581-0300] {dag.py:2742} INFO - Sync 2 DAGs
[2023-08-08T15:53:22.584-0300] {logging_mixin.py:150} INFO - [2023-08-08T15:53:22.584-0300] {dag.py:3504} INFO - Setting next_dagrun for example_subdag_operator.section-1 to None, run_after=None
[2023-08-08T15:53:22.586-0300] {logging_mixin.py:150} INFO - [2023-08-08T15:53:22.586-0300] {dag.py:3504} INFO - Setting next_dagrun for example_subdag_operator.section-2 to None, run_after=None
[2023-08-08T15:53:22.601-0300] {processor.py:179} INFO - Processing /home/enricolm/Documents/Sprinklr_Airflow/dadosvm/Airflow_Investimento/venv/lib/python3.8/site-packages/airflow/example_dags/example_subdag_operator.py took 0.252 seconds
[2023-08-08T15:54:20.657-0300] {processor.py:157} INFO - Started process (PID=6391) to work on /home/enricolm/Documents/Sprinklr_Airflow/dadosvm/Airflow_Investimento/venv/lib/python3.8/site-packages/airflow/example_dags/example_subdag_operator.py
[2023-08-08T15:54:20.671-0300] {processor.py:826} INFO - Processing file /home/enricolm/Documents/Sprinklr_Airflow/dadosvm/Airflow_Investimento/venv/lib/python3.8/site-packages/airflow/example_dags/example_subdag_operator.py for tasks to queue
[2023-08-08T15:54:20.672-0300] {logging_mixin.py:150} INFO - [2023-08-08T15:54:20.672-0300] {dagbag.py:541} INFO - Filling up the DagBag from /home/enricolm/Documents/Sprinklr_Airflow/dadosvm/Airflow_Investimento/venv/lib/python3.8/site-packages/airflow/example_dags/example_subdag_operator.py
[2023-08-08T15:54:20.689-0300] {processor.py:836} INFO - DAG(s) dict_keys(['example_subdag_operator.section-1', 'example_subdag_operator.section-2', 'example_subdag_operator']) retrieved from /home/enricolm/Documents/Sprinklr_Airflow/dadosvm/Airflow_Investimento/venv/lib/python3.8/site-packages/airflow/example_dags/example_subdag_operator.py
[2023-08-08T15:54:20.703-0300] {logging_mixin.py:150} INFO - [2023-08-08T15:54:20.703-0300] {dag.py:2742} INFO - Sync 3 DAGs
[2023-08-08T15:54:20.718-0300] {logging_mixin.py:150} INFO - [2023-08-08T15:54:20.718-0300] {dag.py:3504} INFO - Setting next_dagrun for example_subdag_operator to 2022-01-01T00:00:00+00:00, run_after=2022-01-01T00:00:00+00:00
[2023-08-08T15:54:20.720-0300] {logging_mixin.py:150} INFO - [2023-08-08T15:54:20.720-0300] {dag.py:3504} INFO - Setting next_dagrun for example_subdag_operator.section-1 to None, run_after=None
[2023-08-08T15:54:20.721-0300] {logging_mixin.py:150} INFO - [2023-08-08T15:54:20.721-0300] {dag.py:3504} INFO - Setting next_dagrun for example_subdag_operator.section-2 to None, run_after=None
[2023-08-08T15:54:20.725-0300] {logging_mixin.py:150} INFO - [2023-08-08T15:54:20.725-0300] {dag.py:2742} INFO - Sync 2 DAGs
[2023-08-08T15:54:20.729-0300] {logging_mixin.py:150} INFO - [2023-08-08T15:54:20.728-0300] {dag.py:3504} INFO - Setting next_dagrun for example_subdag_operator.section-1 to None, run_after=None
[2023-08-08T15:54:20.729-0300] {logging_mixin.py:150} INFO - [2023-08-08T15:54:20.729-0300] {dag.py:3504} INFO - Setting next_dagrun for example_subdag_operator.section-2 to None, run_after=None
[2023-08-08T15:54:20.759-0300] {processor.py:179} INFO - Processing /home/enricolm/Documents/Sprinklr_Airflow/dadosvm/Airflow_Investimento/venv/lib/python3.8/site-packages/airflow/example_dags/example_subdag_operator.py took 0.104 seconds
[2023-08-08T15:55:03.955-0300] {processor.py:157} INFO - Started process (PID=6622) to work on /home/enricolm/Documents/Sprinklr_Airflow/dadosvm/Airflow_Investimento/venv/lib/python3.8/site-packages/airflow/example_dags/example_subdag_operator.py
[2023-08-08T15:55:03.969-0300] {processor.py:826} INFO - Processing file /home/enricolm/Documents/Sprinklr_Airflow/dadosvm/Airflow_Investimento/venv/lib/python3.8/site-packages/airflow/example_dags/example_subdag_operator.py for tasks to queue
[2023-08-08T15:55:03.970-0300] {logging_mixin.py:150} INFO - [2023-08-08T15:55:03.970-0300] {dagbag.py:541} INFO - Filling up the DagBag from /home/enricolm/Documents/Sprinklr_Airflow/dadosvm/Airflow_Investimento/venv/lib/python3.8/site-packages/airflow/example_dags/example_subdag_operator.py
[2023-08-08T15:55:03.996-0300] {processor.py:836} INFO - DAG(s) dict_keys(['example_subdag_operator.section-1', 'example_subdag_operator.section-2', 'example_subdag_operator']) retrieved from /home/enricolm/Documents/Sprinklr_Airflow/dadosvm/Airflow_Investimento/venv/lib/python3.8/site-packages/airflow/example_dags/example_subdag_operator.py
[2023-08-08T15:55:03.999-0300] {logging_mixin.py:150} INFO - [2023-08-08T15:55:03.999-0300] {dag.py:2742} INFO - Sync 3 DAGs
[2023-08-08T15:55:04.165-0300] {logging_mixin.py:150} INFO - [2023-08-08T15:55:04.165-0300] {dag.py:3504} INFO - Setting next_dagrun for example_subdag_operator to 2022-01-01T00:00:00+00:00, run_after=2022-01-01T00:00:00+00:00
[2023-08-08T15:55:04.168-0300] {logging_mixin.py:150} INFO - [2023-08-08T15:55:04.168-0300] {dag.py:3504} INFO - Setting next_dagrun for example_subdag_operator.section-1 to None, run_after=None
[2023-08-08T15:55:04.169-0300] {logging_mixin.py:150} INFO - [2023-08-08T15:55:04.169-0300] {dag.py:3504} INFO - Setting next_dagrun for example_subdag_operator.section-2 to None, run_after=None
[2023-08-08T15:55:04.175-0300] {logging_mixin.py:150} INFO - [2023-08-08T15:55:04.174-0300] {dag.py:2742} INFO - Sync 2 DAGs
[2023-08-08T15:55:04.178-0300] {logging_mixin.py:150} INFO - [2023-08-08T15:55:04.178-0300] {dag.py:3504} INFO - Setting next_dagrun for example_subdag_operator.section-1 to None, run_after=None
[2023-08-08T15:55:04.179-0300] {logging_mixin.py:150} INFO - [2023-08-08T15:55:04.179-0300] {dag.py:3504} INFO - Setting next_dagrun for example_subdag_operator.section-2 to None, run_after=None
[2023-08-08T15:55:04.192-0300] {processor.py:179} INFO - Processing /home/enricolm/Documents/Sprinklr_Airflow/dadosvm/Airflow_Investimento/venv/lib/python3.8/site-packages/airflow/example_dags/example_subdag_operator.py took 0.239 seconds
