[2023-08-08T15:53:35.939-0300] {processor.py:157} INFO - Started process (PID=5934) to work on /home/enricolm/Documents/Sprinklr_Airflow/dadosvm/Airflow_Investimento/venv/lib/python3.8/site-packages/airflow/example_dags/example_xcomargs.py
[2023-08-08T15:53:35.940-0300] {processor.py:826} INFO - Processing file /home/enricolm/Documents/Sprinklr_Airflow/dadosvm/Airflow_Investimento/venv/lib/python3.8/site-packages/airflow/example_dags/example_xcomargs.py for tasks to queue
[2023-08-08T15:53:35.941-0300] {logging_mixin.py:150} INFO - [2023-08-08T15:53:35.940-0300] {dagbag.py:541} INFO - Filling up the DagBag from /home/enricolm/Documents/Sprinklr_Airflow/dadosvm/Airflow_Investimento/venv/lib/python3.8/site-packages/airflow/example_dags/example_xcomargs.py
[2023-08-08T15:53:35.948-0300] {processor.py:836} INFO - DAG(s) dict_keys(['example_xcom_args', 'example_xcom_args_with_operators']) retrieved from /home/enricolm/Documents/Sprinklr_Airflow/dadosvm/Airflow_Investimento/venv/lib/python3.8/site-packages/airflow/example_dags/example_xcomargs.py
[2023-08-08T15:53:36.076-0300] {logging_mixin.py:150} INFO - [2023-08-08T15:53:36.076-0300] {manager.py:504} INFO - Created Permission View: can read on DAG:example_xcom_args
[2023-08-08T15:53:36.121-0300] {logging_mixin.py:150} INFO - [2023-08-08T15:53:36.121-0300] {manager.py:504} INFO - Created Permission View: can edit on DAG:example_xcom_args
[2023-08-08T15:53:36.135-0300] {logging_mixin.py:150} INFO - [2023-08-08T15:53:36.135-0300] {manager.py:504} INFO - Created Permission View: can delete on DAG:example_xcom_args
[2023-08-08T15:53:36.172-0300] {logging_mixin.py:150} INFO - [2023-08-08T15:53:36.171-0300] {manager.py:504} INFO - Created Permission View: can read on DAG:example_xcom_args_with_operators
[2023-08-08T15:53:36.179-0300] {logging_mixin.py:150} INFO - [2023-08-08T15:53:36.179-0300] {manager.py:504} INFO - Created Permission View: can edit on DAG:example_xcom_args_with_operators
[2023-08-08T15:53:36.186-0300] {logging_mixin.py:150} INFO - [2023-08-08T15:53:36.186-0300] {manager.py:504} INFO - Created Permission View: can delete on DAG:example_xcom_args_with_operators
[2023-08-08T15:53:36.191-0300] {logging_mixin.py:150} INFO - [2023-08-08T15:53:36.191-0300] {dag.py:2742} INFO - Sync 2 DAGs
[2023-08-08T15:53:36.199-0300] {logging_mixin.py:150} INFO - [2023-08-08T15:53:36.199-0300] {dag.py:2763} INFO - Creating ORM DAG for example_xcom_args
[2023-08-08T15:53:36.200-0300] {logging_mixin.py:150} INFO - [2023-08-08T15:53:36.200-0300] {dag.py:2763} INFO - Creating ORM DAG for example_xcom_args_with_operators
[2023-08-08T15:53:36.207-0300] {logging_mixin.py:150} INFO - [2023-08-08T15:53:36.207-0300] {dag.py:3504} INFO - Setting next_dagrun for example_xcom_args to None, run_after=None
[2023-08-08T15:53:36.208-0300] {logging_mixin.py:150} INFO - [2023-08-08T15:53:36.207-0300] {dag.py:3504} INFO - Setting next_dagrun for example_xcom_args_with_operators to None, run_after=None
[2023-08-08T15:53:36.255-0300] {processor.py:179} INFO - Processing /home/enricolm/Documents/Sprinklr_Airflow/dadosvm/Airflow_Investimento/venv/lib/python3.8/site-packages/airflow/example_dags/example_xcomargs.py took 0.318 seconds
[2023-08-08T15:55:16.707-0300] {processor.py:157} INFO - Started process (PID=6670) to work on /home/enricolm/Documents/Sprinklr_Airflow/dadosvm/Airflow_Investimento/venv/lib/python3.8/site-packages/airflow/example_dags/example_xcomargs.py
[2023-08-08T15:55:16.726-0300] {processor.py:826} INFO - Processing file /home/enricolm/Documents/Sprinklr_Airflow/dadosvm/Airflow_Investimento/venv/lib/python3.8/site-packages/airflow/example_dags/example_xcomargs.py for tasks to queue
[2023-08-08T15:55:16.727-0300] {logging_mixin.py:150} INFO - [2023-08-08T15:55:16.727-0300] {dagbag.py:541} INFO - Filling up the DagBag from /home/enricolm/Documents/Sprinklr_Airflow/dadosvm/Airflow_Investimento/venv/lib/python3.8/site-packages/airflow/example_dags/example_xcomargs.py
[2023-08-08T15:55:16.734-0300] {processor.py:836} INFO - DAG(s) dict_keys(['example_xcom_args_with_operators', 'example_xcom_args']) retrieved from /home/enricolm/Documents/Sprinklr_Airflow/dadosvm/Airflow_Investimento/venv/lib/python3.8/site-packages/airflow/example_dags/example_xcomargs.py
[2023-08-08T15:55:16.743-0300] {logging_mixin.py:150} INFO - [2023-08-08T15:55:16.743-0300] {dag.py:2742} INFO - Sync 2 DAGs
[2023-08-08T15:55:16.773-0300] {logging_mixin.py:150} INFO - [2023-08-08T15:55:16.772-0300] {dag.py:3504} INFO - Setting next_dagrun for example_xcom_args to None, run_after=None
[2023-08-08T15:55:16.775-0300] {logging_mixin.py:150} INFO - [2023-08-08T15:55:16.775-0300] {dag.py:3504} INFO - Setting next_dagrun for example_xcom_args_with_operators to None, run_after=None
[2023-08-08T15:55:16.851-0300] {processor.py:179} INFO - Processing /home/enricolm/Documents/Sprinklr_Airflow/dadosvm/Airflow_Investimento/venv/lib/python3.8/site-packages/airflow/example_dags/example_xcomargs.py took 0.149 seconds
