[2023-08-08T15:54:06.051-0300] {processor.py:157} INFO - Started process (PID=6324) to work on /home/enricolm/Documents/Sprinklr_Airflow/dadosvm/Airflow_Investimento/venv/lib/python3.8/site-packages/airflow/example_dags/example_datasets.py
[2023-08-08T15:54:06.052-0300] {processor.py:826} INFO - Processing file /home/enricolm/Documents/Sprinklr_Airflow/dadosvm/Airflow_Investimento/venv/lib/python3.8/site-packages/airflow/example_dags/example_datasets.py for tasks to queue
[2023-08-08T15:54:06.053-0300] {logging_mixin.py:150} INFO - [2023-08-08T15:54:06.052-0300] {dagbag.py:541} INFO - Filling up the DagBag from /home/enricolm/Documents/Sprinklr_Airflow/dadosvm/Airflow_Investimento/venv/lib/python3.8/site-packages/airflow/example_dags/example_datasets.py
[2023-08-08T15:54:06.060-0300] {processor.py:836} INFO - DAG(s) dict_keys(['dataset_consumes_1_and_2', 'dataset_produces_1', 'dataset_consumes_unknown_never_scheduled', 'dataset_consumes_1', 'dataset_consumes_1_never_scheduled', 'dataset_produces_2']) retrieved from /home/enricolm/Documents/Sprinklr_Airflow/dadosvm/Airflow_Investimento/venv/lib/python3.8/site-packages/airflow/example_dags/example_datasets.py
[2023-08-08T15:54:06.136-0300] {logging_mixin.py:150} INFO - [2023-08-08T15:54:06.136-0300] {manager.py:504} INFO - Created Permission View: can read on DAG:dataset_consumes_1_and_2
[2023-08-08T15:54:06.145-0300] {logging_mixin.py:150} INFO - [2023-08-08T15:54:06.145-0300] {manager.py:504} INFO - Created Permission View: can edit on DAG:dataset_consumes_1_and_2
[2023-08-08T15:54:06.153-0300] {logging_mixin.py:150} INFO - [2023-08-08T15:54:06.152-0300] {manager.py:504} INFO - Created Permission View: can delete on DAG:dataset_consumes_1_and_2
[2023-08-08T15:54:06.174-0300] {logging_mixin.py:150} INFO - [2023-08-08T15:54:06.174-0300] {manager.py:504} INFO - Created Permission View: can read on DAG:dataset_produces_1
[2023-08-08T15:54:06.181-0300] {logging_mixin.py:150} INFO - [2023-08-08T15:54:06.181-0300] {manager.py:504} INFO - Created Permission View: can edit on DAG:dataset_produces_1
[2023-08-08T15:54:06.188-0300] {logging_mixin.py:150} INFO - [2023-08-08T15:54:06.187-0300] {manager.py:504} INFO - Created Permission View: can delete on DAG:dataset_produces_1
[2023-08-08T15:54:06.205-0300] {logging_mixin.py:150} INFO - [2023-08-08T15:54:06.204-0300] {manager.py:504} INFO - Created Permission View: can read on DAG:dataset_consumes_unknown_never_scheduled
[2023-08-08T15:54:06.212-0300] {logging_mixin.py:150} INFO - [2023-08-08T15:54:06.212-0300] {manager.py:504} INFO - Created Permission View: can edit on DAG:dataset_consumes_unknown_never_scheduled
[2023-08-08T15:54:06.219-0300] {logging_mixin.py:150} INFO - [2023-08-08T15:54:06.219-0300] {manager.py:504} INFO - Created Permission View: can delete on DAG:dataset_consumes_unknown_never_scheduled
[2023-08-08T15:54:06.235-0300] {logging_mixin.py:150} INFO - [2023-08-08T15:54:06.235-0300] {manager.py:504} INFO - Created Permission View: can read on DAG:dataset_consumes_1
[2023-08-08T15:54:06.243-0300] {logging_mixin.py:150} INFO - [2023-08-08T15:54:06.243-0300] {manager.py:504} INFO - Created Permission View: can edit on DAG:dataset_consumes_1
[2023-08-08T15:54:06.250-0300] {logging_mixin.py:150} INFO - [2023-08-08T15:54:06.250-0300] {manager.py:504} INFO - Created Permission View: can delete on DAG:dataset_consumes_1
[2023-08-08T15:54:06.267-0300] {logging_mixin.py:150} INFO - [2023-08-08T15:54:06.267-0300] {manager.py:504} INFO - Created Permission View: can read on DAG:dataset_consumes_1_never_scheduled
[2023-08-08T15:54:06.274-0300] {logging_mixin.py:150} INFO - [2023-08-08T15:54:06.273-0300] {manager.py:504} INFO - Created Permission View: can edit on DAG:dataset_consumes_1_never_scheduled
[2023-08-08T15:54:06.280-0300] {logging_mixin.py:150} INFO - [2023-08-08T15:54:06.280-0300] {manager.py:504} INFO - Created Permission View: can delete on DAG:dataset_consumes_1_never_scheduled
[2023-08-08T15:54:06.297-0300] {logging_mixin.py:150} INFO - [2023-08-08T15:54:06.297-0300] {manager.py:504} INFO - Created Permission View: can read on DAG:dataset_produces_2
[2023-08-08T15:54:06.303-0300] {logging_mixin.py:150} INFO - [2023-08-08T15:54:06.303-0300] {manager.py:504} INFO - Created Permission View: can edit on DAG:dataset_produces_2
[2023-08-08T15:54:06.310-0300] {logging_mixin.py:150} INFO - [2023-08-08T15:54:06.310-0300] {manager.py:504} INFO - Created Permission View: can delete on DAG:dataset_produces_2
[2023-08-08T15:54:06.314-0300] {logging_mixin.py:150} INFO - [2023-08-08T15:54:06.314-0300] {dag.py:2742} INFO - Sync 6 DAGs
[2023-08-08T15:54:06.321-0300] {logging_mixin.py:150} INFO - [2023-08-08T15:54:06.321-0300] {dag.py:2763} INFO - Creating ORM DAG for dataset_consumes_1_never_scheduled
[2023-08-08T15:54:06.321-0300] {logging_mixin.py:150} INFO - [2023-08-08T15:54:06.321-0300] {dag.py:2763} INFO - Creating ORM DAG for dataset_consumes_1
[2023-08-08T15:54:06.322-0300] {logging_mixin.py:150} INFO - [2023-08-08T15:54:06.322-0300] {dag.py:2763} INFO - Creating ORM DAG for dataset_consumes_1_and_2
[2023-08-08T15:54:06.322-0300] {logging_mixin.py:150} INFO - [2023-08-08T15:54:06.322-0300] {dag.py:2763} INFO - Creating ORM DAG for dataset_produces_1
[2023-08-08T15:54:06.322-0300] {logging_mixin.py:150} INFO - [2023-08-08T15:54:06.322-0300] {dag.py:2763} INFO - Creating ORM DAG for dataset_consumes_unknown_never_scheduled
[2023-08-08T15:54:06.323-0300] {logging_mixin.py:150} INFO - [2023-08-08T15:54:06.323-0300] {dag.py:2763} INFO - Creating ORM DAG for dataset_produces_2
[2023-08-08T15:54:06.330-0300] {logging_mixin.py:150} INFO - [2023-08-08T15:54:06.329-0300] {dag.py:3504} INFO - Setting next_dagrun for dataset_consumes_1 to None, run_after=None
[2023-08-08T15:54:06.330-0300] {logging_mixin.py:150} INFO - [2023-08-08T15:54:06.330-0300] {dag.py:3504} INFO - Setting next_dagrun for dataset_consumes_1_and_2 to None, run_after=None
[2023-08-08T15:54:06.330-0300] {logging_mixin.py:150} INFO - [2023-08-08T15:54:06.330-0300] {dag.py:3504} INFO - Setting next_dagrun for dataset_consumes_1_never_scheduled to None, run_after=None
[2023-08-08T15:54:06.331-0300] {logging_mixin.py:150} INFO - [2023-08-08T15:54:06.331-0300] {dag.py:3504} INFO - Setting next_dagrun for dataset_consumes_unknown_never_scheduled to None, run_after=None
[2023-08-08T15:54:06.332-0300] {logging_mixin.py:150} INFO - [2023-08-08T15:54:06.332-0300] {dag.py:3504} INFO - Setting next_dagrun for dataset_produces_1 to 2023-08-07T00:00:00+00:00, run_after=2023-08-08T00:00:00+00:00
[2023-08-08T15:54:06.333-0300] {logging_mixin.py:150} INFO - [2023-08-08T15:54:06.333-0300] {dag.py:3504} INFO - Setting next_dagrun for dataset_produces_2 to None, run_after=None
[2023-08-08T15:54:06.359-0300] {processor.py:179} INFO - Processing /home/enricolm/Documents/Sprinklr_Airflow/dadosvm/Airflow_Investimento/venv/lib/python3.8/site-packages/airflow/example_dags/example_datasets.py took 0.310 seconds
[2023-08-08T15:55:36.962-0300] {processor.py:157} INFO - Started process (PID=6802) to work on /home/enricolm/Documents/Sprinklr_Airflow/dadosvm/Airflow_Investimento/venv/lib/python3.8/site-packages/airflow/example_dags/example_datasets.py
[2023-08-08T15:55:36.963-0300] {processor.py:826} INFO - Processing file /home/enricolm/Documents/Sprinklr_Airflow/dadosvm/Airflow_Investimento/venv/lib/python3.8/site-packages/airflow/example_dags/example_datasets.py for tasks to queue
[2023-08-08T15:55:36.964-0300] {logging_mixin.py:150} INFO - [2023-08-08T15:55:36.963-0300] {dagbag.py:541} INFO - Filling up the DagBag from /home/enricolm/Documents/Sprinklr_Airflow/dadosvm/Airflow_Investimento/venv/lib/python3.8/site-packages/airflow/example_dags/example_datasets.py
[2023-08-08T15:55:36.971-0300] {processor.py:836} INFO - DAG(s) dict_keys(['dataset_consumes_1_and_2', 'dataset_produces_1', 'dataset_produces_2', 'dataset_consumes_unknown_never_scheduled', 'dataset_consumes_1', 'dataset_consumes_1_never_scheduled']) retrieved from /home/enricolm/Documents/Sprinklr_Airflow/dadosvm/Airflow_Investimento/venv/lib/python3.8/site-packages/airflow/example_dags/example_datasets.py
[2023-08-08T15:55:36.999-0300] {logging_mixin.py:150} INFO - [2023-08-08T15:55:36.999-0300] {dag.py:2742} INFO - Sync 6 DAGs
[2023-08-08T15:55:37.017-0300] {logging_mixin.py:150} INFO - [2023-08-08T15:55:37.017-0300] {dag.py:3504} INFO - Setting next_dagrun for dataset_consumes_1 to None, run_after=None
[2023-08-08T15:55:37.021-0300] {logging_mixin.py:150} INFO - [2023-08-08T15:55:37.021-0300] {dag.py:3504} INFO - Setting next_dagrun for dataset_consumes_1_and_2 to None, run_after=None
[2023-08-08T15:55:37.022-0300] {logging_mixin.py:150} INFO - [2023-08-08T15:55:37.021-0300] {dag.py:3504} INFO - Setting next_dagrun for dataset_consumes_1_never_scheduled to None, run_after=None
[2023-08-08T15:55:37.022-0300] {logging_mixin.py:150} INFO - [2023-08-08T15:55:37.022-0300] {dag.py:3504} INFO - Setting next_dagrun for dataset_consumes_unknown_never_scheduled to None, run_after=None
[2023-08-08T15:55:37.024-0300] {logging_mixin.py:150} INFO - [2023-08-08T15:55:37.024-0300] {dag.py:3504} INFO - Setting next_dagrun for dataset_produces_1 to 2023-08-07T00:00:00+00:00, run_after=2023-08-08T00:00:00+00:00
[2023-08-08T15:55:37.025-0300] {logging_mixin.py:150} INFO - [2023-08-08T15:55:37.025-0300] {dag.py:3504} INFO - Setting next_dagrun for dataset_produces_2 to None, run_after=None
[2023-08-08T15:55:37.071-0300] {processor.py:179} INFO - Processing /home/enricolm/Documents/Sprinklr_Airflow/dadosvm/Airflow_Investimento/venv/lib/python3.8/site-packages/airflow/example_dags/example_datasets.py took 0.112 seconds
