[2023-08-08T15:54:00.972-0300] {processor.py:157} INFO - Started process (PID=6320) to work on /home/enricolm/Documents/Sprinklr_Airflow/dadosvm/Airflow_Investimento/venv/lib/python3.8/site-packages/airflow/example_dags/example_external_task_marker_dag.py
[2023-08-08T15:54:00.973-0300] {processor.py:826} INFO - Processing file /home/enricolm/Documents/Sprinklr_Airflow/dadosvm/Airflow_Investimento/venv/lib/python3.8/site-packages/airflow/example_dags/example_external_task_marker_dag.py for tasks to queue
[2023-08-08T15:54:00.973-0300] {logging_mixin.py:150} INFO - [2023-08-08T15:54:00.973-0300] {dagbag.py:541} INFO - Filling up the DagBag from /home/enricolm/Documents/Sprinklr_Airflow/dadosvm/Airflow_Investimento/venv/lib/python3.8/site-packages/airflow/example_dags/example_external_task_marker_dag.py
[2023-08-08T15:54:00.978-0300] {processor.py:836} INFO - DAG(s) dict_keys(['example_external_task_marker_parent', 'example_external_task_marker_child']) retrieved from /home/enricolm/Documents/Sprinklr_Airflow/dadosvm/Airflow_Investimento/venv/lib/python3.8/site-packages/airflow/example_dags/example_external_task_marker_dag.py
[2023-08-08T15:54:01.092-0300] {logging_mixin.py:150} INFO - [2023-08-08T15:54:01.092-0300] {manager.py:504} INFO - Created Permission View: can read on DAG:example_external_task_marker_parent
[2023-08-08T15:54:01.183-0300] {logging_mixin.py:150} INFO - [2023-08-08T15:54:01.183-0300] {manager.py:504} INFO - Created Permission View: can edit on DAG:example_external_task_marker_parent
[2023-08-08T15:54:01.200-0300] {logging_mixin.py:150} INFO - [2023-08-08T15:54:01.200-0300] {manager.py:504} INFO - Created Permission View: can delete on DAG:example_external_task_marker_parent
[2023-08-08T15:54:01.282-0300] {logging_mixin.py:150} INFO - [2023-08-08T15:54:01.282-0300] {manager.py:504} INFO - Created Permission View: can read on DAG:example_external_task_marker_child
[2023-08-08T15:54:01.290-0300] {logging_mixin.py:150} INFO - [2023-08-08T15:54:01.290-0300] {manager.py:504} INFO - Created Permission View: can edit on DAG:example_external_task_marker_child
[2023-08-08T15:54:01.300-0300] {logging_mixin.py:150} INFO - [2023-08-08T15:54:01.300-0300] {manager.py:504} INFO - Created Permission View: can delete on DAG:example_external_task_marker_child
[2023-08-08T15:54:01.307-0300] {logging_mixin.py:150} INFO - [2023-08-08T15:54:01.307-0300] {dag.py:2742} INFO - Sync 2 DAGs
[2023-08-08T15:54:01.317-0300] {logging_mixin.py:150} INFO - [2023-08-08T15:54:01.317-0300] {dag.py:2763} INFO - Creating ORM DAG for example_external_task_marker_child
[2023-08-08T15:54:01.318-0300] {logging_mixin.py:150} INFO - [2023-08-08T15:54:01.318-0300] {dag.py:2763} INFO - Creating ORM DAG for example_external_task_marker_parent
[2023-08-08T15:54:01.330-0300] {logging_mixin.py:150} INFO - [2023-08-08T15:54:01.330-0300] {dag.py:3504} INFO - Setting next_dagrun for example_external_task_marker_child to None, run_after=None
[2023-08-08T15:54:01.331-0300] {logging_mixin.py:150} INFO - [2023-08-08T15:54:01.331-0300] {dag.py:3504} INFO - Setting next_dagrun for example_external_task_marker_parent to None, run_after=None
[2023-08-08T15:54:01.357-0300] {processor.py:179} INFO - Processing /home/enricolm/Documents/Sprinklr_Airflow/dadosvm/Airflow_Investimento/venv/lib/python3.8/site-packages/airflow/example_dags/example_external_task_marker_dag.py took 0.387 seconds
[2023-08-08T15:55:34.013-0300] {processor.py:157} INFO - Started process (PID=6779) to work on /home/enricolm/Documents/Sprinklr_Airflow/dadosvm/Airflow_Investimento/venv/lib/python3.8/site-packages/airflow/example_dags/example_external_task_marker_dag.py
[2023-08-08T15:55:34.014-0300] {processor.py:826} INFO - Processing file /home/enricolm/Documents/Sprinklr_Airflow/dadosvm/Airflow_Investimento/venv/lib/python3.8/site-packages/airflow/example_dags/example_external_task_marker_dag.py for tasks to queue
[2023-08-08T15:55:34.015-0300] {logging_mixin.py:150} INFO - [2023-08-08T15:55:34.015-0300] {dagbag.py:541} INFO - Filling up the DagBag from /home/enricolm/Documents/Sprinklr_Airflow/dadosvm/Airflow_Investimento/venv/lib/python3.8/site-packages/airflow/example_dags/example_external_task_marker_dag.py
[2023-08-08T15:55:34.020-0300] {processor.py:836} INFO - DAG(s) dict_keys(['example_external_task_marker_child', 'example_external_task_marker_parent']) retrieved from /home/enricolm/Documents/Sprinklr_Airflow/dadosvm/Airflow_Investimento/venv/lib/python3.8/site-packages/airflow/example_dags/example_external_task_marker_dag.py
[2023-08-08T15:55:34.043-0300] {logging_mixin.py:150} INFO - [2023-08-08T15:55:34.043-0300] {dag.py:2742} INFO - Sync 2 DAGs
[2023-08-08T15:55:34.067-0300] {logging_mixin.py:150} INFO - [2023-08-08T15:55:34.066-0300] {dag.py:3504} INFO - Setting next_dagrun for example_external_task_marker_child to None, run_after=None
[2023-08-08T15:55:34.070-0300] {logging_mixin.py:150} INFO - [2023-08-08T15:55:34.070-0300] {dag.py:3504} INFO - Setting next_dagrun for example_external_task_marker_parent to None, run_after=None
[2023-08-08T15:55:34.094-0300] {processor.py:179} INFO - Processing /home/enricolm/Documents/Sprinklr_Airflow/dadosvm/Airflow_Investimento/venv/lib/python3.8/site-packages/airflow/example_dags/example_external_task_marker_dag.py took 0.083 seconds
