[2023-08-08T15:53:23.885-0300] {processor.py:157} INFO - Started process (PID=5910) to work on /home/enricolm/Documents/Sprinklr_Airflow/dadosvm/Airflow_Investimento/venv/lib/python3.8/site-packages/airflow/example_dags/example_python_operator.py
[2023-08-08T15:53:23.886-0300] {processor.py:826} INFO - Processing file /home/enricolm/Documents/Sprinklr_Airflow/dadosvm/Airflow_Investimento/venv/lib/python3.8/site-packages/airflow/example_dags/example_python_operator.py for tasks to queue
[2023-08-08T15:53:23.886-0300] {logging_mixin.py:150} INFO - [2023-08-08T15:53:23.886-0300] {dagbag.py:541} INFO - Filling up the DagBag from /home/enricolm/Documents/Sprinklr_Airflow/dadosvm/Airflow_Investimento/venv/lib/python3.8/site-packages/airflow/example_dags/example_python_operator.py
[2023-08-08T15:53:23.896-0300] {processor.py:836} INFO - DAG(s) dict_keys(['example_python_operator']) retrieved from /home/enricolm/Documents/Sprinklr_Airflow/dadosvm/Airflow_Investimento/venv/lib/python3.8/site-packages/airflow/example_dags/example_python_operator.py
[2023-08-08T15:53:24.002-0300] {logging_mixin.py:150} INFO - [2023-08-08T15:53:24.002-0300] {manager.py:504} INFO - Created Permission View: can read on DAG:example_python_operator
[2023-08-08T15:53:24.020-0300] {logging_mixin.py:150} INFO - [2023-08-08T15:53:24.020-0300] {manager.py:504} INFO - Created Permission View: can edit on DAG:example_python_operator
[2023-08-08T15:53:24.038-0300] {logging_mixin.py:150} INFO - [2023-08-08T15:53:24.038-0300] {manager.py:504} INFO - Created Permission View: can delete on DAG:example_python_operator
[2023-08-08T15:53:24.047-0300] {logging_mixin.py:150} INFO - [2023-08-08T15:53:24.047-0300] {dag.py:2742} INFO - Sync 1 DAGs
[2023-08-08T15:53:24.056-0300] {logging_mixin.py:150} INFO - [2023-08-08T15:53:24.055-0300] {dag.py:2763} INFO - Creating ORM DAG for example_python_operator
[2023-08-08T15:53:24.063-0300] {logging_mixin.py:150} INFO - [2023-08-08T15:53:24.063-0300] {dag.py:3504} INFO - Setting next_dagrun for example_python_operator to None, run_after=None
[2023-08-08T15:53:24.088-0300] {processor.py:179} INFO - Processing /home/enricolm/Documents/Sprinklr_Airflow/dadosvm/Airflow_Investimento/venv/lib/python3.8/site-packages/airflow/example_dags/example_python_operator.py took 0.206 seconds
[2023-08-08T15:54:21.898-0300] {processor.py:157} INFO - Started process (PID=6392) to work on /home/enricolm/Documents/Sprinklr_Airflow/dadosvm/Airflow_Investimento/venv/lib/python3.8/site-packages/airflow/example_dags/example_python_operator.py
[2023-08-08T15:54:21.899-0300] {processor.py:826} INFO - Processing file /home/enricolm/Documents/Sprinklr_Airflow/dadosvm/Airflow_Investimento/venv/lib/python3.8/site-packages/airflow/example_dags/example_python_operator.py for tasks to queue
[2023-08-08T15:54:21.899-0300] {logging_mixin.py:150} INFO - [2023-08-08T15:54:21.899-0300] {dagbag.py:541} INFO - Filling up the DagBag from /home/enricolm/Documents/Sprinklr_Airflow/dadosvm/Airflow_Investimento/venv/lib/python3.8/site-packages/airflow/example_dags/example_python_operator.py
[2023-08-08T15:54:21.959-0300] {processor.py:836} INFO - DAG(s) dict_keys(['example_python_operator']) retrieved from /home/enricolm/Documents/Sprinklr_Airflow/dadosvm/Airflow_Investimento/venv/lib/python3.8/site-packages/airflow/example_dags/example_python_operator.py
[2023-08-08T15:54:21.977-0300] {logging_mixin.py:150} INFO - [2023-08-08T15:54:21.976-0300] {dag.py:2742} INFO - Sync 1 DAGs
[2023-08-08T15:54:21.991-0300] {logging_mixin.py:150} INFO - [2023-08-08T15:54:21.991-0300] {dag.py:3504} INFO - Setting next_dagrun for example_python_operator to None, run_after=None
[2023-08-08T15:54:22.009-0300] {processor.py:179} INFO - Processing /home/enricolm/Documents/Sprinklr_Airflow/dadosvm/Airflow_Investimento/venv/lib/python3.8/site-packages/airflow/example_dags/example_python_operator.py took 0.113 seconds
[2023-08-08T15:55:05.580-0300] {processor.py:157} INFO - Started process (PID=6639) to work on /home/enricolm/Documents/Sprinklr_Airflow/dadosvm/Airflow_Investimento/venv/lib/python3.8/site-packages/airflow/example_dags/example_python_operator.py
[2023-08-08T15:55:05.610-0300] {processor.py:826} INFO - Processing file /home/enricolm/Documents/Sprinklr_Airflow/dadosvm/Airflow_Investimento/venv/lib/python3.8/site-packages/airflow/example_dags/example_python_operator.py for tasks to queue
[2023-08-08T15:55:05.611-0300] {logging_mixin.py:150} INFO - [2023-08-08T15:55:05.610-0300] {dagbag.py:541} INFO - Filling up the DagBag from /home/enricolm/Documents/Sprinklr_Airflow/dadosvm/Airflow_Investimento/venv/lib/python3.8/site-packages/airflow/example_dags/example_python_operator.py
[2023-08-08T15:55:05.623-0300] {processor.py:836} INFO - DAG(s) dict_keys(['example_python_operator']) retrieved from /home/enricolm/Documents/Sprinklr_Airflow/dadosvm/Airflow_Investimento/venv/lib/python3.8/site-packages/airflow/example_dags/example_python_operator.py
[2023-08-08T15:55:05.631-0300] {logging_mixin.py:150} INFO - [2023-08-08T15:55:05.631-0300] {dag.py:2742} INFO - Sync 1 DAGs
[2023-08-08T15:55:05.666-0300] {logging_mixin.py:150} INFO - [2023-08-08T15:55:05.666-0300] {dag.py:3504} INFO - Setting next_dagrun for example_python_operator to None, run_after=None
[2023-08-08T15:55:05.723-0300] {processor.py:179} INFO - Processing /home/enricolm/Documents/Sprinklr_Airflow/dadosvm/Airflow_Investimento/venv/lib/python3.8/site-packages/airflow/example_dags/example_python_operator.py took 0.147 seconds
