[2023-08-08T15:54:08.323-0300] {processor.py:157} INFO - Started process (PID=6334) to work on /home/enricolm/Documents/Sprinklr_Airflow/dadosvm/Airflow_Investimento/venv/lib/python3.8/site-packages/airflow/example_dags/example_branch_datetime_operator.py
[2023-08-08T15:54:08.324-0300] {processor.py:826} INFO - Processing file /home/enricolm/Documents/Sprinklr_Airflow/dadosvm/Airflow_Investimento/venv/lib/python3.8/site-packages/airflow/example_dags/example_branch_datetime_operator.py for tasks to queue
[2023-08-08T15:54:08.325-0300] {logging_mixin.py:150} INFO - [2023-08-08T15:54:08.324-0300] {dagbag.py:541} INFO - Filling up the DagBag from /home/enricolm/Documents/Sprinklr_Airflow/dadosvm/Airflow_Investimento/venv/lib/python3.8/site-packages/airflow/example_dags/example_branch_datetime_operator.py
[2023-08-08T15:54:08.332-0300] {processor.py:836} INFO - DAG(s) dict_keys(['example_branch_datetime_operator_3', 'example_branch_datetime_operator', 'example_branch_datetime_operator_2']) retrieved from /home/enricolm/Documents/Sprinklr_Airflow/dadosvm/Airflow_Investimento/venv/lib/python3.8/site-packages/airflow/example_dags/example_branch_datetime_operator.py
[2023-08-08T15:54:08.407-0300] {logging_mixin.py:150} INFO - [2023-08-08T15:54:08.407-0300] {manager.py:504} INFO - Created Permission View: can read on DAG:example_branch_datetime_operator_3
[2023-08-08T15:54:08.417-0300] {logging_mixin.py:150} INFO - [2023-08-08T15:54:08.417-0300] {manager.py:504} INFO - Created Permission View: can edit on DAG:example_branch_datetime_operator_3
[2023-08-08T15:54:08.424-0300] {logging_mixin.py:150} INFO - [2023-08-08T15:54:08.424-0300] {manager.py:504} INFO - Created Permission View: can delete on DAG:example_branch_datetime_operator_3
[2023-08-08T15:54:08.447-0300] {logging_mixin.py:150} INFO - [2023-08-08T15:54:08.447-0300] {manager.py:504} INFO - Created Permission View: can read on DAG:example_branch_datetime_operator
[2023-08-08T15:54:08.454-0300] {logging_mixin.py:150} INFO - [2023-08-08T15:54:08.454-0300] {manager.py:504} INFO - Created Permission View: can edit on DAG:example_branch_datetime_operator
[2023-08-08T15:54:08.461-0300] {logging_mixin.py:150} INFO - [2023-08-08T15:54:08.460-0300] {manager.py:504} INFO - Created Permission View: can delete on DAG:example_branch_datetime_operator
[2023-08-08T15:54:08.478-0300] {logging_mixin.py:150} INFO - [2023-08-08T15:54:08.477-0300] {manager.py:504} INFO - Created Permission View: can read on DAG:example_branch_datetime_operator_2
[2023-08-08T15:54:08.484-0300] {logging_mixin.py:150} INFO - [2023-08-08T15:54:08.484-0300] {manager.py:504} INFO - Created Permission View: can edit on DAG:example_branch_datetime_operator_2
[2023-08-08T15:54:08.491-0300] {logging_mixin.py:150} INFO - [2023-08-08T15:54:08.491-0300] {manager.py:504} INFO - Created Permission View: can delete on DAG:example_branch_datetime_operator_2
[2023-08-08T15:54:08.495-0300] {logging_mixin.py:150} INFO - [2023-08-08T15:54:08.495-0300] {dag.py:2742} INFO - Sync 3 DAGs
[2023-08-08T15:54:08.502-0300] {logging_mixin.py:150} INFO - [2023-08-08T15:54:08.502-0300] {dag.py:2763} INFO - Creating ORM DAG for example_branch_datetime_operator
[2023-08-08T15:54:08.502-0300] {logging_mixin.py:150} INFO - [2023-08-08T15:54:08.502-0300] {dag.py:2763} INFO - Creating ORM DAG for example_branch_datetime_operator_2
[2023-08-08T15:54:08.503-0300] {logging_mixin.py:150} INFO - [2023-08-08T15:54:08.503-0300] {dag.py:2763} INFO - Creating ORM DAG for example_branch_datetime_operator_3
[2023-08-08T15:54:08.510-0300] {logging_mixin.py:150} INFO - [2023-08-08T15:54:08.510-0300] {dag.py:3504} INFO - Setting next_dagrun for example_branch_datetime_operator to 2023-08-07T00:00:00+00:00, run_after=2023-08-08T00:00:00+00:00
[2023-08-08T15:54:08.512-0300] {logging_mixin.py:150} INFO - [2023-08-08T15:54:08.511-0300] {dag.py:3504} INFO - Setting next_dagrun for example_branch_datetime_operator_2 to 2023-08-07T00:00:00+00:00, run_after=2023-08-08T00:00:00+00:00
[2023-08-08T15:54:08.513-0300] {logging_mixin.py:150} INFO - [2023-08-08T15:54:08.513-0300] {dag.py:3504} INFO - Setting next_dagrun for example_branch_datetime_operator_3 to 2023-08-07T00:00:00+00:00, run_after=2023-08-08T00:00:00+00:00
[2023-08-08T15:54:08.530-0300] {processor.py:179} INFO - Processing /home/enricolm/Documents/Sprinklr_Airflow/dadosvm/Airflow_Investimento/venv/lib/python3.8/site-packages/airflow/example_dags/example_branch_datetime_operator.py took 0.209 seconds
