[2023-09-05T00:15:28.333-0300] {taskinstance.py:1103} INFO - Dependencies all met for dep_context=non-requeueable deps ti=<TaskInstance: Investimento_api_crypto.Extracao_Invest_crypto manual__2023-09-05T03:15:27.576167+00:00 [queued]>
[2023-09-05T00:15:28.354-0300] {taskinstance.py:1103} INFO - Dependencies all met for dep_context=requeueable deps ti=<TaskInstance: Investimento_api_crypto.Extracao_Invest_crypto manual__2023-09-05T03:15:27.576167+00:00 [queued]>
[2023-09-05T00:15:28.354-0300] {taskinstance.py:1308} INFO - Starting attempt 1 of 1
[2023-09-05T00:15:28.371-0300] {taskinstance.py:1327} INFO - Executing <Task(SparkSubmitOperator): Extracao_Invest_crypto> on 2023-09-05 03:15:27.576167+00:00
[2023-09-05T00:15:28.374-0300] {standard_task_runner.py:57} INFO - Started process 9145 to run task
[2023-09-05T00:15:28.381-0300] {standard_task_runner.py:84} INFO - Running: ['airflow', 'tasks', 'run', 'Investimento_api_crypto', 'Extracao_Invest_crypto', 'manual__2023-09-05T03:15:27.576167+00:00', '--job-id', '169', '--raw', '--subdir', 'DAGS_FOLDER/dag_crypto.py', '--cfg-path', '/tmp/tmpn_iy5f7x']
[2023-09-05T00:15:28.381-0300] {standard_task_runner.py:85} INFO - Job 169: Subtask Extracao_Invest_crypto
[2023-09-05T00:15:28.497-0300] {task_command.py:410} INFO - Running <TaskInstance: Investimento_api_crypto.Extracao_Invest_crypto manual__2023-09-05T03:15:27.576167+00:00 [running]> on host VMEnricolm.myguest.virtualbox.org
[2023-09-05T00:15:28.645-0300] {taskinstance.py:1545} INFO - Exporting env vars: AIRFLOW_CTX_DAG_OWNER='airflow' AIRFLOW_CTX_DAG_ID='Investimento_api_crypto' AIRFLOW_CTX_TASK_ID='Extracao_Invest_crypto' AIRFLOW_CTX_EXECUTION_DATE='2023-09-05T03:15:27.576167+00:00' AIRFLOW_CTX_TRY_NUMBER='1' AIRFLOW_CTX_DAG_RUN_ID='manual__2023-09-05T03:15:27.576167+00:00'
[2023-09-05T00:15:28.666-0300] {base.py:73} INFO - Using connection ID 'spark_default' for task execution.
[2023-09-05T00:15:28.668-0300] {spark_submit.py:340} INFO - Spark-Submit cmd: spark-submit --master local --name Extracao_Invest_crypto --queue root.default /home/enricolm/Documents/Sprinklr_Airflow/dadosvm/Airflow_Investimento/Scripts/Operators/Raw_Operators_crypto.py
[2023-09-05T00:15:31.260-0300] {spark_submit.py:491} INFO - 23/09/05 00:15:31 WARN Utils: Your hostname, VMEnricolm resolves to a loopback address: 127.0.1.1; using 192.168.0.53 instead (on interface enp0s3)
[2023-09-05T00:15:31.262-0300] {spark_submit.py:491} INFO - 23/09/05 00:15:31 WARN Utils: Set SPARK_LOCAL_IP if you need to bind to another address
[2023-09-05T00:15:33.592-0300] {spark_submit.py:491} INFO - 23/09/05 00:15:33 INFO SparkContext: Running Spark version 3.4.1
[2023-09-05T00:15:33.954-0300] {spark_submit.py:491} INFO - 23/09/05 00:15:33 WARN NativeCodeLoader: Unable to load native-hadoop library for your platform... using builtin-java classes where applicable
[2023-09-05T00:15:34.304-0300] {spark_submit.py:491} INFO - 23/09/05 00:15:34 INFO ResourceUtils: ==============================================================
[2023-09-05T00:15:34.304-0300] {spark_submit.py:491} INFO - 23/09/05 00:15:34 INFO ResourceUtils: No custom resources configured for spark.driver.
[2023-09-05T00:15:34.304-0300] {spark_submit.py:491} INFO - 23/09/05 00:15:34 INFO ResourceUtils: ==============================================================
[2023-09-05T00:15:34.304-0300] {spark_submit.py:491} INFO - 23/09/05 00:15:34 INFO SparkContext: Submitted application: extracao_Finance
[2023-09-05T00:15:34.357-0300] {spark_submit.py:491} INFO - 23/09/05 00:15:34 INFO ResourceProfile: Default ResourceProfile created, executor resources: Map(cores -> name: cores, amount: 1, script: , vendor: , memory -> name: memory, amount: 1024, script: , vendor: , offHeap -> name: offHeap, amount: 0, script: , vendor: ), task resources: Map(cpus -> name: cpus, amount: 1.0)
[2023-09-05T00:15:34.364-0300] {spark_submit.py:491} INFO - 23/09/05 00:15:34 INFO ResourceProfile: Limiting resource is cpu
[2023-09-05T00:15:34.369-0300] {spark_submit.py:491} INFO - 23/09/05 00:15:34 INFO ResourceProfileManager: Added ResourceProfile id: 0
[2023-09-05T00:15:34.624-0300] {spark_submit.py:491} INFO - 23/09/05 00:15:34 INFO SecurityManager: Changing view acls to: enricolm
[2023-09-05T00:15:34.625-0300] {spark_submit.py:491} INFO - 23/09/05 00:15:34 INFO SecurityManager: Changing modify acls to: enricolm
[2023-09-05T00:15:34.626-0300] {spark_submit.py:491} INFO - 23/09/05 00:15:34 INFO SecurityManager: Changing view acls groups to:
[2023-09-05T00:15:34.626-0300] {spark_submit.py:491} INFO - 23/09/05 00:15:34 INFO SecurityManager: Changing modify acls groups to:
[2023-09-05T00:15:34.627-0300] {spark_submit.py:491} INFO - 23/09/05 00:15:34 INFO SecurityManager: SecurityManager: authentication disabled; ui acls disabled; users with view permissions: enricolm; groups with view permissions: EMPTY; users with modify permissions: enricolm; groups with modify permissions: EMPTY
[2023-09-05T00:15:35.164-0300] {spark_submit.py:491} INFO - 23/09/05 00:15:35 INFO Utils: Successfully started service 'sparkDriver' on port 45785.
[2023-09-05T00:15:35.267-0300] {spark_submit.py:491} INFO - 23/09/05 00:15:35 INFO SparkEnv: Registering MapOutputTracker
[2023-09-05T00:15:35.316-0300] {spark_submit.py:491} INFO - 23/09/05 00:15:35 INFO SparkEnv: Registering BlockManagerMaster
[2023-09-05T00:15:35.356-0300] {spark_submit.py:491} INFO - 23/09/05 00:15:35 INFO BlockManagerMasterEndpoint: Using org.apache.spark.storage.DefaultTopologyMapper for getting topology information
[2023-09-05T00:15:35.356-0300] {spark_submit.py:491} INFO - 23/09/05 00:15:35 INFO BlockManagerMasterEndpoint: BlockManagerMasterEndpoint up
[2023-09-05T00:15:35.363-0300] {spark_submit.py:491} INFO - 23/09/05 00:15:35 INFO SparkEnv: Registering BlockManagerMasterHeartbeat
[2023-09-05T00:15:35.434-0300] {spark_submit.py:491} INFO - 23/09/05 00:15:35 INFO DiskBlockManager: Created local directory at /tmp/blockmgr-4bc020f4-2d02-458e-a663-815ee0fbb3e4
[2023-09-05T00:15:35.491-0300] {spark_submit.py:491} INFO - 23/09/05 00:15:35 INFO MemoryStore: MemoryStore started with capacity 434.4 MiB
[2023-09-05T00:15:35.519-0300] {spark_submit.py:491} INFO - 23/09/05 00:15:35 INFO SparkEnv: Registering OutputCommitCoordinator
[2023-09-05T00:15:35.991-0300] {spark_submit.py:491} INFO - 23/09/05 00:15:35 INFO JettyUtils: Start Jetty 0.0.0.0:4040 for SparkUI
[2023-09-05T00:15:36.139-0300] {spark_submit.py:491} INFO - 23/09/05 00:15:36 INFO Utils: Successfully started service 'SparkUI' on port 4040.
[2023-09-05T00:15:36.434-0300] {spark_submit.py:491} INFO - 23/09/05 00:15:36 INFO Executor: Starting executor ID driver on host 192.168.0.53
[2023-09-05T00:15:36.446-0300] {spark_submit.py:491} INFO - 23/09/05 00:15:36 INFO Executor: Starting executor with user classpath (userClassPathFirst = false): ''
[2023-09-05T00:15:36.547-0300] {spark_submit.py:491} INFO - 23/09/05 00:15:36 INFO Utils: Successfully started service 'org.apache.spark.network.netty.NettyBlockTransferService' on port 37961.
[2023-09-05T00:15:36.549-0300] {spark_submit.py:491} INFO - 23/09/05 00:15:36 INFO NettyBlockTransferService: Server created on 192.168.0.53:37961
[2023-09-05T00:15:36.553-0300] {spark_submit.py:491} INFO - 23/09/05 00:15:36 INFO BlockManager: Using org.apache.spark.storage.RandomBlockReplicationPolicy for block replication policy
[2023-09-05T00:15:36.566-0300] {spark_submit.py:491} INFO - 23/09/05 00:15:36 INFO BlockManagerMaster: Registering BlockManager BlockManagerId(driver, 192.168.0.53, 37961, None)
[2023-09-05T00:15:36.572-0300] {spark_submit.py:491} INFO - 23/09/05 00:15:36 INFO BlockManagerMasterEndpoint: Registering block manager 192.168.0.53:37961 with 434.4 MiB RAM, BlockManagerId(driver, 192.168.0.53, 37961, None)
[2023-09-05T00:15:36.595-0300] {spark_submit.py:491} INFO - 23/09/05 00:15:36 INFO BlockManagerMaster: Registered BlockManager BlockManagerId(driver, 192.168.0.53, 37961, None)
[2023-09-05T00:15:36.598-0300] {spark_submit.py:491} INFO - 23/09/05 00:15:36 INFO BlockManager: Initialized BlockManager: BlockManagerId(driver, 192.168.0.53, 37961, None)
[2023-09-05T00:15:38.070-0300] {spark_submit.py:491} INFO - Criando pasta
[2023-09-05T00:15:41.046-0300] {spark_submit.py:491} INFO - 23/09/05 00:15:41 INFO SharedState: Setting hive.metastore.warehouse.dir ('null') to the value of spark.sql.warehouse.dir.
[2023-09-05T00:15:41.060-0300] {spark_submit.py:491} INFO - 23/09/05 00:15:41 INFO SharedState: Warehouse path is 'file:/home/enricolm/Documents/Sprinklr_Airflow/dadosvm/Airflow_Investimento/spark-warehouse'.
[2023-09-05T00:15:47.945-0300] {spark_submit.py:491} INFO - 23/09/05 00:15:47 INFO HashAggregateExec: spark.sql.codegen.aggregate.map.twolevel.enabled is set to true, but current version of codegened fast hashmap does not support this aggregate.
[2023-09-05T00:15:48.451-0300] {spark_submit.py:491} INFO - 23/09/05 00:15:48 INFO CodeGenerator: Code generated in 419.685653 ms
[2023-09-05T00:15:48.697-0300] {spark_submit.py:491} INFO - 23/09/05 00:15:48 INFO DAGScheduler: Registering RDD 6 (isEmpty at NativeMethodAccessorImpl.java:0) as input to shuffle 0
[2023-09-05T00:15:48.748-0300] {spark_submit.py:491} INFO - 23/09/05 00:15:48 INFO DAGScheduler: Got map stage job 0 (isEmpty at NativeMethodAccessorImpl.java:0) with 1 output partitions
[2023-09-05T00:15:48.748-0300] {spark_submit.py:491} INFO - 23/09/05 00:15:48 INFO DAGScheduler: Final stage: ShuffleMapStage 0 (isEmpty at NativeMethodAccessorImpl.java:0)
[2023-09-05T00:15:48.748-0300] {spark_submit.py:491} INFO - 23/09/05 00:15:48 INFO DAGScheduler: Parents of final stage: List()
[2023-09-05T00:15:48.750-0300] {spark_submit.py:491} INFO - 23/09/05 00:15:48 INFO DAGScheduler: Missing parents: List()
[2023-09-05T00:15:48.766-0300] {spark_submit.py:491} INFO - 23/09/05 00:15:48 INFO DAGScheduler: Submitting ShuffleMapStage 0 (MapPartitionsRDD[6] at isEmpty at NativeMethodAccessorImpl.java:0), which has no missing parents
[2023-09-05T00:15:49.027-0300] {spark_submit.py:491} INFO - 23/09/05 00:15:49 INFO MemoryStore: Block broadcast_0 stored as values in memory (estimated size 30.6 KiB, free 434.4 MiB)
[2023-09-05T00:15:49.078-0300] {spark_submit.py:491} INFO - 23/09/05 00:15:49 INFO MemoryStore: Block broadcast_0_piece0 stored as bytes in memory (estimated size 14.2 KiB, free 434.4 MiB)
[2023-09-05T00:15:49.083-0300] {spark_submit.py:491} INFO - 23/09/05 00:15:49 INFO BlockManagerInfo: Added broadcast_0_piece0 in memory on 192.168.0.53:37961 (size: 14.2 KiB, free: 434.4 MiB)
[2023-09-05T00:15:49.088-0300] {spark_submit.py:491} INFO - 23/09/05 00:15:49 INFO SparkContext: Created broadcast 0 from broadcast at DAGScheduler.scala:1535
[2023-09-05T00:15:49.132-0300] {spark_submit.py:491} INFO - 23/09/05 00:15:49 INFO DAGScheduler: Submitting 1 missing tasks from ShuffleMapStage 0 (MapPartitionsRDD[6] at isEmpty at NativeMethodAccessorImpl.java:0) (first 15 tasks are for partitions Vector(0))
[2023-09-05T00:15:49.134-0300] {spark_submit.py:491} INFO - 23/09/05 00:15:49 INFO TaskSchedulerImpl: Adding task set 0.0 with 1 tasks resource profile 0
[2023-09-05T00:15:49.301-0300] {spark_submit.py:491} INFO - 23/09/05 00:15:49 INFO TaskSetManager: Starting task 0.0 in stage 0.0 (TID 0) (192.168.0.53, executor driver, partition 0, PROCESS_LOCAL, 20208 bytes)
[2023-09-05T00:15:49.455-0300] {spark_submit.py:491} INFO - 23/09/05 00:15:49 INFO Executor: Running task 0.0 in stage 0.0 (TID 0)
[2023-09-05T00:15:50.823-0300] {spark_submit.py:491} INFO - 23/09/05 00:15:50 INFO CodeGenerator: Code generated in 26.298897 ms
[2023-09-05T00:15:50.870-0300] {spark_submit.py:491} INFO - 23/09/05 00:15:50 INFO CodeGenerator: Code generated in 12.888849 ms
[2023-09-05T00:15:50.900-0300] {spark_submit.py:491} INFO - 23/09/05 00:15:50 INFO CodeGenerator: Code generated in 8.468649 ms
[2023-09-05T00:15:51.026-0300] {spark_submit.py:491} INFO - 23/09/05 00:15:51 INFO PythonRunner: Times: total = 1009, boot = 832, init = 176, finish = 1
[2023-09-05T00:15:51.207-0300] {spark_submit.py:491} INFO - 23/09/05 00:15:51 INFO Executor: Finished task 0.0 in stage 0.0 (TID 0). 3014 bytes result sent to driver
[2023-09-05T00:15:51.255-0300] {spark_submit.py:491} INFO - 23/09/05 00:15:51 INFO TaskSetManager: Finished task 0.0 in stage 0.0 (TID 0) in 2018 ms on 192.168.0.53 (executor driver) (1/1)
[2023-09-05T00:15:51.259-0300] {spark_submit.py:491} INFO - 23/09/05 00:15:51 INFO TaskSchedulerImpl: Removed TaskSet 0.0, whose tasks have all completed, from pool
[2023-09-05T00:15:51.263-0300] {spark_submit.py:491} INFO - 23/09/05 00:15:51 INFO PythonAccumulatorV2: Connected to AccumulatorServer at host: 127.0.0.1 port: 39139
[2023-09-05T00:15:51.293-0300] {spark_submit.py:491} INFO - 23/09/05 00:15:51 INFO DAGScheduler: ShuffleMapStage 0 (isEmpty at NativeMethodAccessorImpl.java:0) finished in 2,448 s
[2023-09-05T00:15:51.297-0300] {spark_submit.py:491} INFO - 23/09/05 00:15:51 INFO DAGScheduler: looking for newly runnable stages
[2023-09-05T00:15:51.297-0300] {spark_submit.py:491} INFO - 23/09/05 00:15:51 INFO DAGScheduler: running: HashSet()
[2023-09-05T00:15:51.298-0300] {spark_submit.py:491} INFO - 23/09/05 00:15:51 INFO DAGScheduler: waiting: HashSet()
[2023-09-05T00:15:51.298-0300] {spark_submit.py:491} INFO - 23/09/05 00:15:51 INFO DAGScheduler: failed: HashSet()
[2023-09-05T00:15:51.332-0300] {spark_submit.py:491} INFO - 23/09/05 00:15:51 INFO ShufflePartitionsUtil: For shuffle(0), advisory target size: 67108864, actual target size 1048576, minimum partition size: 1048576
[2023-09-05T00:15:51.368-0300] {spark_submit.py:491} INFO - 23/09/05 00:15:51 INFO HashAggregateExec: spark.sql.codegen.aggregate.map.twolevel.enabled is set to true, but current version of codegened fast hashmap does not support this aggregate.
[2023-09-05T00:15:51.387-0300] {spark_submit.py:491} INFO - 23/09/05 00:15:51 INFO CodeGenerator: Code generated in 14.95364 ms
[2023-09-05T00:15:51.450-0300] {spark_submit.py:491} INFO - 23/09/05 00:15:51 INFO SparkContext: Starting job: isEmpty at NativeMethodAccessorImpl.java:0
[2023-09-05T00:15:51.455-0300] {spark_submit.py:491} INFO - 23/09/05 00:15:51 INFO DAGScheduler: Got job 1 (isEmpty at NativeMethodAccessorImpl.java:0) with 1 output partitions
[2023-09-05T00:15:51.455-0300] {spark_submit.py:491} INFO - 23/09/05 00:15:51 INFO DAGScheduler: Final stage: ResultStage 2 (isEmpty at NativeMethodAccessorImpl.java:0)
[2023-09-05T00:15:51.455-0300] {spark_submit.py:491} INFO - 23/09/05 00:15:51 INFO DAGScheduler: Parents of final stage: List(ShuffleMapStage 1)
[2023-09-05T00:15:51.456-0300] {spark_submit.py:491} INFO - 23/09/05 00:15:51 INFO DAGScheduler: Missing parents: List()
[2023-09-05T00:15:51.465-0300] {spark_submit.py:491} INFO - 23/09/05 00:15:51 INFO DAGScheduler: Submitting ResultStage 2 (MapPartitionsRDD[9] at isEmpty at NativeMethodAccessorImpl.java:0), which has no missing parents
[2023-09-05T00:15:51.492-0300] {spark_submit.py:491} INFO - 23/09/05 00:15:51 INFO MemoryStore: Block broadcast_1 stored as values in memory (estimated size 33.5 KiB, free 434.3 MiB)
[2023-09-05T00:15:51.497-0300] {spark_submit.py:491} INFO - 23/09/05 00:15:51 INFO MemoryStore: Block broadcast_1_piece0 stored as bytes in memory (estimated size 15.7 KiB, free 434.3 MiB)
[2023-09-05T00:15:51.497-0300] {spark_submit.py:491} INFO - 23/09/05 00:15:51 INFO BlockManagerInfo: Added broadcast_1_piece0 in memory on 192.168.0.53:37961 (size: 15.7 KiB, free: 434.4 MiB)
[2023-09-05T00:15:51.498-0300] {spark_submit.py:491} INFO - 23/09/05 00:15:51 INFO SparkContext: Created broadcast 1 from broadcast at DAGScheduler.scala:1535
[2023-09-05T00:15:51.502-0300] {spark_submit.py:491} INFO - 23/09/05 00:15:51 INFO DAGScheduler: Submitting 1 missing tasks from ResultStage 2 (MapPartitionsRDD[9] at isEmpty at NativeMethodAccessorImpl.java:0) (first 15 tasks are for partitions Vector(0))
[2023-09-05T00:15:51.502-0300] {spark_submit.py:491} INFO - 23/09/05 00:15:51 INFO TaskSchedulerImpl: Adding task set 2.0 with 1 tasks resource profile 0
[2023-09-05T00:15:51.534-0300] {spark_submit.py:491} INFO - 23/09/05 00:15:51 INFO TaskSetManager: Starting task 0.0 in stage 2.0 (TID 1) (192.168.0.53, executor driver, partition 0, NODE_LOCAL, 7437 bytes)
[2023-09-05T00:15:51.534-0300] {spark_submit.py:491} INFO - 23/09/05 00:15:51 INFO Executor: Running task 0.0 in stage 2.0 (TID 1)
[2023-09-05T00:15:51.666-0300] {spark_submit.py:491} INFO - 23/09/05 00:15:51 INFO ShuffleBlockFetcherIterator: Getting 1 (11.8 KiB) non-empty blocks including 1 (11.8 KiB) local and 0 (0.0 B) host-local and 0 (0.0 B) push-merged-local and 0 (0.0 B) remote blocks
[2023-09-05T00:15:51.670-0300] {spark_submit.py:491} INFO - 23/09/05 00:15:51 INFO ShuffleBlockFetcherIterator: Started 0 remote fetches in 17 ms
[2023-09-05T00:15:51.724-0300] {spark_submit.py:491} INFO - 23/09/05 00:15:51 INFO Executor: Finished task 0.0 in stage 2.0 (TID 1). 5315 bytes result sent to driver
[2023-09-05T00:15:51.748-0300] {spark_submit.py:491} INFO - 23/09/05 00:15:51 INFO TaskSetManager: Finished task 0.0 in stage 2.0 (TID 1) in 216 ms on 192.168.0.53 (executor driver) (1/1)
[2023-09-05T00:15:51.748-0300] {spark_submit.py:491} INFO - 23/09/05 00:15:51 INFO TaskSchedulerImpl: Removed TaskSet 2.0, whose tasks have all completed, from pool
[2023-09-05T00:15:51.750-0300] {spark_submit.py:491} INFO - 23/09/05 00:15:51 INFO DAGScheduler: ResultStage 2 (isEmpty at NativeMethodAccessorImpl.java:0) finished in 0,264 s
[2023-09-05T00:15:51.753-0300] {spark_submit.py:491} INFO - 23/09/05 00:15:51 INFO DAGScheduler: Job 1 is finished. Cancelling potential speculative or zombie tasks for this job
[2023-09-05T00:15:51.754-0300] {spark_submit.py:491} INFO - 23/09/05 00:15:51 INFO TaskSchedulerImpl: Killing all running tasks in stage 2: Stage finished
[2023-09-05T00:15:51.756-0300] {spark_submit.py:491} INFO - 23/09/05 00:15:51 INFO DAGScheduler: Job 1 finished: isEmpty at NativeMethodAccessorImpl.java:0, took 0,306012 s
[2023-09-05T00:15:52.031-0300] {spark_submit.py:491} INFO - 23/09/05 00:15:52 INFO CodeGenerator: Code generated in 79.278945 ms
[2023-09-05T00:15:52.069-0300] {spark_submit.py:491} INFO - 23/09/05 00:15:52 INFO DAGScheduler: Registering RDD 11 (toPandas at /home/enricolm/Documents/Sprinklr_Airflow/dadosvm/Airflow_Investimento/Scripts/Operators/Raw_Operators_crypto.py:60) as input to shuffle 1
[2023-09-05T00:15:52.069-0300] {spark_submit.py:491} INFO - 23/09/05 00:15:52 INFO DAGScheduler: Got map stage job 2 (toPandas at /home/enricolm/Documents/Sprinklr_Airflow/dadosvm/Airflow_Investimento/Scripts/Operators/Raw_Operators_crypto.py:60) with 1 output partitions
[2023-09-05T00:15:52.070-0300] {spark_submit.py:491} INFO - 23/09/05 00:15:52 INFO DAGScheduler: Final stage: ShuffleMapStage 3 (toPandas at /home/enricolm/Documents/Sprinklr_Airflow/dadosvm/Airflow_Investimento/Scripts/Operators/Raw_Operators_crypto.py:60)
[2023-09-05T00:15:52.070-0300] {spark_submit.py:491} INFO - 23/09/05 00:15:52 INFO DAGScheduler: Parents of final stage: List()
[2023-09-05T00:15:52.070-0300] {spark_submit.py:491} INFO - 23/09/05 00:15:52 INFO DAGScheduler: Missing parents: List()
[2023-09-05T00:15:52.073-0300] {spark_submit.py:491} INFO - 23/09/05 00:15:52 INFO DAGScheduler: Submitting ShuffleMapStage 3 (MapPartitionsRDD[11] at toPandas at /home/enricolm/Documents/Sprinklr_Airflow/dadosvm/Airflow_Investimento/Scripts/Operators/Raw_Operators_crypto.py:60), which has no missing parents
[2023-09-05T00:15:52.085-0300] {spark_submit.py:491} INFO - 23/09/05 00:15:52 INFO MemoryStore: Block broadcast_2 stored as values in memory (estimated size 53.3 KiB, free 434.3 MiB)
[2023-09-05T00:15:52.085-0300] {spark_submit.py:491} INFO - 23/09/05 00:15:52 INFO MemoryStore: Block broadcast_2_piece0 stored as bytes in memory (estimated size 21.9 KiB, free 434.2 MiB)
[2023-09-05T00:15:52.088-0300] {spark_submit.py:491} INFO - 23/09/05 00:15:52 INFO BlockManagerInfo: Added broadcast_2_piece0 in memory on 192.168.0.53:37961 (size: 21.9 KiB, free: 434.3 MiB)
[2023-09-05T00:15:52.089-0300] {spark_submit.py:491} INFO - 23/09/05 00:15:52 INFO SparkContext: Created broadcast 2 from broadcast at DAGScheduler.scala:1535
[2023-09-05T00:15:52.090-0300] {spark_submit.py:491} INFO - 23/09/05 00:15:52 INFO DAGScheduler: Submitting 1 missing tasks from ShuffleMapStage 3 (MapPartitionsRDD[11] at toPandas at /home/enricolm/Documents/Sprinklr_Airflow/dadosvm/Airflow_Investimento/Scripts/Operators/Raw_Operators_crypto.py:60) (first 15 tasks are for partitions Vector(0))
[2023-09-05T00:15:52.090-0300] {spark_submit.py:491} INFO - 23/09/05 00:15:52 INFO TaskSchedulerImpl: Adding task set 3.0 with 1 tasks resource profile 0
[2023-09-05T00:15:52.104-0300] {spark_submit.py:491} INFO - 23/09/05 00:15:52 INFO TaskSetManager: Starting task 0.0 in stage 3.0 (TID 2) (192.168.0.53, executor driver, partition 0, PROCESS_LOCAL, 20208 bytes)
[2023-09-05T00:15:52.105-0300] {spark_submit.py:491} INFO - 23/09/05 00:15:52 INFO Executor: Running task 0.0 in stage 3.0 (TID 2)
[2023-09-05T00:15:52.190-0300] {spark_submit.py:491} INFO - 23/09/05 00:15:52 INFO CodeGenerator: Code generated in 9.948757 ms
[2023-09-05T00:15:52.278-0300] {spark_submit.py:491} INFO - 23/09/05 00:15:52 INFO CodeGenerator: Code generated in 54.34178 ms
[2023-09-05T00:15:52.534-0300] {spark_submit.py:491} INFO - 23/09/05 00:15:52 INFO PythonRunner: Times: total = 166, boot = -1242, init = 1408, finish = 0
[2023-09-05T00:15:52.575-0300] {spark_submit.py:491} INFO - 23/09/05 00:15:52 INFO BlockManagerInfo: Removed broadcast_1_piece0 on 192.168.0.53:37961 in memory (size: 15.7 KiB, free: 434.4 MiB)
[2023-09-05T00:15:52.658-0300] {spark_submit.py:491} INFO - 23/09/05 00:15:52 INFO BlockManagerInfo: Removed broadcast_0_piece0 on 192.168.0.53:37961 in memory (size: 14.2 KiB, free: 434.4 MiB)
[2023-09-05T00:15:52.702-0300] {spark_submit.py:491} INFO - 23/09/05 00:15:52 INFO Executor: Finished task 0.0 in stage 3.0 (TID 2). 2971 bytes result sent to driver
[2023-09-05T00:15:52.719-0300] {spark_submit.py:491} INFO - 23/09/05 00:15:52 INFO TaskSetManager: Finished task 0.0 in stage 3.0 (TID 2) in 629 ms on 192.168.0.53 (executor driver) (1/1)
[2023-09-05T00:15:52.724-0300] {spark_submit.py:491} INFO - 23/09/05 00:15:52 INFO TaskSchedulerImpl: Removed TaskSet 3.0, whose tasks have all completed, from pool
[2023-09-05T00:15:52.731-0300] {spark_submit.py:491} INFO - 23/09/05 00:15:52 INFO DAGScheduler: ShuffleMapStage 3 (toPandas at /home/enricolm/Documents/Sprinklr_Airflow/dadosvm/Airflow_Investimento/Scripts/Operators/Raw_Operators_crypto.py:60) finished in 0,655 s
[2023-09-05T00:15:52.731-0300] {spark_submit.py:491} INFO - 23/09/05 00:15:52 INFO DAGScheduler: looking for newly runnable stages
[2023-09-05T00:15:52.736-0300] {spark_submit.py:491} INFO - 23/09/05 00:15:52 INFO DAGScheduler: running: HashSet()
[2023-09-05T00:15:52.736-0300] {spark_submit.py:491} INFO - 23/09/05 00:15:52 INFO DAGScheduler: waiting: HashSet()
[2023-09-05T00:15:52.736-0300] {spark_submit.py:491} INFO - 23/09/05 00:15:52 INFO DAGScheduler: failed: HashSet()
[2023-09-05T00:15:52.740-0300] {spark_submit.py:491} INFO - 23/09/05 00:15:52 INFO ShufflePartitionsUtil: For shuffle(1), advisory target size: 67108864, actual target size 1048576, minimum partition size: 1048576
[2023-09-05T00:15:52.768-0300] {spark_submit.py:491} INFO - 23/09/05 00:15:52 INFO HashAggregateExec: spark.sql.codegen.aggregate.map.twolevel.enabled is set to true, but current version of codegened fast hashmap does not support this aggregate.
[2023-09-05T00:15:52.835-0300] {spark_submit.py:491} INFO - 23/09/05 00:15:52 INFO CodeGenerator: Code generated in 43.961823 ms
[2023-09-05T00:15:52.879-0300] {spark_submit.py:491} INFO - 23/09/05 00:15:52 INFO SparkContext: Starting job: toPandas at /home/enricolm/Documents/Sprinklr_Airflow/dadosvm/Airflow_Investimento/Scripts/Operators/Raw_Operators_crypto.py:60
[2023-09-05T00:15:52.881-0300] {spark_submit.py:491} INFO - 23/09/05 00:15:52 INFO DAGScheduler: Got job 3 (toPandas at /home/enricolm/Documents/Sprinklr_Airflow/dadosvm/Airflow_Investimento/Scripts/Operators/Raw_Operators_crypto.py:60) with 1 output partitions
[2023-09-05T00:15:52.881-0300] {spark_submit.py:491} INFO - 23/09/05 00:15:52 INFO DAGScheduler: Final stage: ResultStage 5 (toPandas at /home/enricolm/Documents/Sprinklr_Airflow/dadosvm/Airflow_Investimento/Scripts/Operators/Raw_Operators_crypto.py:60)
[2023-09-05T00:15:52.883-0300] {spark_submit.py:491} INFO - 23/09/05 00:15:52 INFO DAGScheduler: Parents of final stage: List(ShuffleMapStage 4)
[2023-09-05T00:15:52.883-0300] {spark_submit.py:491} INFO - 23/09/05 00:15:52 INFO DAGScheduler: Missing parents: List()
[2023-09-05T00:15:52.883-0300] {spark_submit.py:491} INFO - 23/09/05 00:15:52 INFO DAGScheduler: Submitting ResultStage 5 (MapPartitionsRDD[14] at toPandas at /home/enricolm/Documents/Sprinklr_Airflow/dadosvm/Airflow_Investimento/Scripts/Operators/Raw_Operators_crypto.py:60), which has no missing parents
[2023-09-05T00:15:52.914-0300] {spark_submit.py:491} INFO - 23/09/05 00:15:52 INFO MemoryStore: Block broadcast_3 stored as values in memory (estimated size 59.1 KiB, free 434.3 MiB)
[2023-09-05T00:15:52.917-0300] {spark_submit.py:491} INFO - 23/09/05 00:15:52 INFO MemoryStore: Block broadcast_3_piece0 stored as bytes in memory (estimated size 22.9 KiB, free 434.2 MiB)
[2023-09-05T00:15:52.918-0300] {spark_submit.py:491} INFO - 23/09/05 00:15:52 INFO BlockManagerInfo: Added broadcast_3_piece0 in memory on 192.168.0.53:37961 (size: 22.9 KiB, free: 434.4 MiB)
[2023-09-05T00:15:52.919-0300] {spark_submit.py:491} INFO - 23/09/05 00:15:52 INFO SparkContext: Created broadcast 3 from broadcast at DAGScheduler.scala:1535
[2023-09-05T00:15:52.920-0300] {spark_submit.py:491} INFO - 23/09/05 00:15:52 INFO DAGScheduler: Submitting 1 missing tasks from ResultStage 5 (MapPartitionsRDD[14] at toPandas at /home/enricolm/Documents/Sprinklr_Airflow/dadosvm/Airflow_Investimento/Scripts/Operators/Raw_Operators_crypto.py:60) (first 15 tasks are for partitions Vector(0))
[2023-09-05T00:15:52.920-0300] {spark_submit.py:491} INFO - 23/09/05 00:15:52 INFO TaskSchedulerImpl: Adding task set 5.0 with 1 tasks resource profile 0
[2023-09-05T00:15:52.921-0300] {spark_submit.py:491} INFO - 23/09/05 00:15:52 INFO TaskSetManager: Starting task 0.0 in stage 5.0 (TID 3) (192.168.0.53, executor driver, partition 0, NODE_LOCAL, 7437 bytes)
[2023-09-05T00:15:52.925-0300] {spark_submit.py:491} INFO - 23/09/05 00:15:52 INFO Executor: Running task 0.0 in stage 5.0 (TID 3)
[2023-09-05T00:15:52.937-0300] {spark_submit.py:491} INFO - 23/09/05 00:15:52 INFO ShuffleBlockFetcherIterator: Getting 1 (16.4 KiB) non-empty blocks including 1 (16.4 KiB) local and 0 (0.0 B) host-local and 0 (0.0 B) push-merged-local and 0 (0.0 B) remote blocks
[2023-09-05T00:15:52.938-0300] {spark_submit.py:491} INFO - 23/09/05 00:15:52 INFO ShuffleBlockFetcherIterator: Started 0 remote fetches in 2 ms
[2023-09-05T00:15:52.986-0300] {spark_submit.py:491} INFO - 23/09/05 00:15:52 INFO Executor: Finished task 0.0 in stage 5.0 (TID 3). 9691 bytes result sent to driver
[2023-09-05T00:15:52.992-0300] {spark_submit.py:491} INFO - 23/09/05 00:15:52 INFO TaskSetManager: Finished task 0.0 in stage 5.0 (TID 3) in 71 ms on 192.168.0.53 (executor driver) (1/1)
[2023-09-05T00:15:52.993-0300] {spark_submit.py:491} INFO - 23/09/05 00:15:52 INFO TaskSchedulerImpl: Removed TaskSet 5.0, whose tasks have all completed, from pool
[2023-09-05T00:15:52.997-0300] {spark_submit.py:491} INFO - 23/09/05 00:15:52 INFO DAGScheduler: ResultStage 5 (toPandas at /home/enricolm/Documents/Sprinklr_Airflow/dadosvm/Airflow_Investimento/Scripts/Operators/Raw_Operators_crypto.py:60) finished in 0,109 s
[2023-09-05T00:15:52.998-0300] {spark_submit.py:491} INFO - 23/09/05 00:15:52 INFO DAGScheduler: Job 3 is finished. Cancelling potential speculative or zombie tasks for this job
[2023-09-05T00:15:52.998-0300] {spark_submit.py:491} INFO - 23/09/05 00:15:52 INFO TaskSchedulerImpl: Killing all running tasks in stage 5: Stage finished
[2023-09-05T00:15:53.006-0300] {spark_submit.py:491} INFO - 23/09/05 00:15:52 INFO DAGScheduler: Job 3 finished: toPandas at /home/enricolm/Documents/Sprinklr_Airflow/dadosvm/Airflow_Investimento/Scripts/Operators/Raw_Operators_crypto.py:60, took 0,119284 s
[2023-09-05T00:15:53.290-0300] {spark_submit.py:491} INFO - 23/09/05 00:15:53 INFO SparkContext: SparkContext is stopping with exitCode 0.
[2023-09-05T00:15:53.376-0300] {spark_submit.py:491} INFO - 23/09/05 00:15:53 INFO SparkUI: Stopped Spark web UI at http://192.168.0.53:4040
[2023-09-05T00:15:53.467-0300] {spark_submit.py:491} INFO - 23/09/05 00:15:53 INFO MapOutputTrackerMasterEndpoint: MapOutputTrackerMasterEndpoint stopped!
[2023-09-05T00:15:53.529-0300] {spark_submit.py:491} INFO - 23/09/05 00:15:53 INFO MemoryStore: MemoryStore cleared
[2023-09-05T00:15:53.530-0300] {spark_submit.py:491} INFO - 23/09/05 00:15:53 INFO BlockManager: BlockManager stopped
[2023-09-05T00:15:53.553-0300] {spark_submit.py:491} INFO - 23/09/05 00:15:53 INFO BlockManagerMaster: BlockManagerMaster stopped
[2023-09-05T00:15:53.558-0300] {spark_submit.py:491} INFO - 23/09/05 00:15:53 INFO OutputCommitCoordinator$OutputCommitCoordinatorEndpoint: OutputCommitCoordinator stopped!
[2023-09-05T00:15:53.571-0300] {spark_submit.py:491} INFO - 23/09/05 00:15:53 INFO SparkContext: Successfully stopped SparkContext
[2023-09-05T00:15:54.195-0300] {spark_submit.py:491} INFO - 23/09/05 00:15:54 INFO ShutdownHookManager: Shutdown hook called
[2023-09-05T00:15:54.196-0300] {spark_submit.py:491} INFO - 23/09/05 00:15:54 INFO ShutdownHookManager: Deleting directory /tmp/spark-cca9ca1a-dd5f-4ce9-916e-42e2641a3f5a
[2023-09-05T00:15:54.204-0300] {spark_submit.py:491} INFO - 23/09/05 00:15:54 INFO ShutdownHookManager: Deleting directory /tmp/spark-cca9ca1a-dd5f-4ce9-916e-42e2641a3f5a/pyspark-dcfda70d-6844-43a9-97e1-ec6aadd66200
[2023-09-05T00:15:54.211-0300] {spark_submit.py:491} INFO - 23/09/05 00:15:54 INFO ShutdownHookManager: Deleting directory /tmp/spark-7c76f960-0fda-4c56-b2ed-caf841780172
[2023-09-05T00:15:54.293-0300] {taskinstance.py:1345} INFO - Marking task as SUCCESS. dag_id=Investimento_api_crypto, task_id=Extracao_Invest_crypto, execution_date=20230905T031527, start_date=20230905T031528, end_date=20230905T031554
[2023-09-05T00:15:55.225-0300] {local_task_job_runner.py:225} INFO - Task exited with return code 0
[2023-09-05T00:15:55.328-0300] {taskinstance.py:2653} INFO - 1 downstream tasks scheduled from follow-on schedule check
