[2023-09-04T09:54:06.041-0300] {taskinstance.py:1103} INFO - Dependencies all met for dep_context=non-requeueable deps ti=<TaskInstance: Investimento_api.Extracao_Invest manual__2023-09-04T12:54:05.173682+00:00 [queued]>
[2023-09-04T09:54:06.065-0300] {taskinstance.py:1103} INFO - Dependencies all met for dep_context=requeueable deps ti=<TaskInstance: Investimento_api.Extracao_Invest manual__2023-09-04T12:54:05.173682+00:00 [queued]>
[2023-09-04T09:54:06.066-0300] {taskinstance.py:1308} INFO - Starting attempt 1 of 1
[2023-09-04T09:54:06.107-0300] {taskinstance.py:1327} INFO - Executing <Task(SparkSubmitOperator): Extracao_Invest> on 2023-09-04 12:54:05.173682+00:00
[2023-09-04T09:54:06.114-0300] {standard_task_runner.py:57} INFO - Started process 12159 to run task
[2023-09-04T09:54:06.121-0300] {standard_task_runner.py:84} INFO - Running: ['airflow', 'tasks', 'run', 'Investimento_api', 'Extracao_Invest', 'manual__2023-09-04T12:54:05.173682+00:00', '--job-id', '44', '--raw', '--subdir', 'DAGS_FOLDER/dag.py', '--cfg-path', '/tmp/tmpt5wmutj3']
[2023-09-04T09:54:06.123-0300] {standard_task_runner.py:85} INFO - Job 44: Subtask Extracao_Invest
[2023-09-04T09:54:06.290-0300] {task_command.py:410} INFO - Running <TaskInstance: Investimento_api.Extracao_Invest manual__2023-09-04T12:54:05.173682+00:00 [running]> on host VMEnricolm.myguest.virtualbox.org
[2023-09-04T09:54:06.469-0300] {taskinstance.py:1545} INFO - Exporting env vars: AIRFLOW_CTX_DAG_OWNER='airflow' AIRFLOW_CTX_DAG_ID='Investimento_api' AIRFLOW_CTX_TASK_ID='Extracao_Invest' AIRFLOW_CTX_EXECUTION_DATE='2023-09-04T12:54:05.173682+00:00' AIRFLOW_CTX_TRY_NUMBER='1' AIRFLOW_CTX_DAG_RUN_ID='manual__2023-09-04T12:54:05.173682+00:00'
[2023-09-04T09:54:06.490-0300] {base.py:73} INFO - Using connection ID 'spark_default' for task execution.
[2023-09-04T09:54:06.491-0300] {spark_submit.py:340} INFO - Spark-Submit cmd: spark-submit --master local --name Extracao_Invest --queue root.default /home/enricolm/Documents/Sprinklr_Airflow/dadosvm/Airflow_Investimento/Scripts/Operators/Raw_Operator.py
[2023-09-04T09:54:11.359-0300] {spark_submit.py:491} INFO - 23/09/04 09:54:11 WARN Utils: Your hostname, VMEnricolm resolves to a loopback address: 127.0.1.1; using 192.168.0.53 instead (on interface enp0s3)
[2023-09-04T09:54:11.363-0300] {spark_submit.py:491} INFO - 23/09/04 09:54:11 WARN Utils: Set SPARK_LOCAL_IP if you need to bind to another address
[2023-09-04T09:54:13.763-0300] {spark_submit.py:491} INFO - 23/09/04 09:54:13 INFO SparkContext: Running Spark version 3.4.1
[2023-09-04T09:54:13.877-0300] {spark_submit.py:491} INFO - 23/09/04 09:54:13 WARN NativeCodeLoader: Unable to load native-hadoop library for your platform... using builtin-java classes where applicable
[2023-09-04T09:54:13.970-0300] {spark_submit.py:491} INFO - 23/09/04 09:54:13 INFO ResourceUtils: ==============================================================
[2023-09-04T09:54:13.971-0300] {spark_submit.py:491} INFO - 23/09/04 09:54:13 INFO ResourceUtils: No custom resources configured for spark.driver.
[2023-09-04T09:54:13.971-0300] {spark_submit.py:491} INFO - 23/09/04 09:54:13 INFO ResourceUtils: ==============================================================
[2023-09-04T09:54:13.972-0300] {spark_submit.py:491} INFO - 23/09/04 09:54:13 INFO SparkContext: Submitted application: extracao_Finance
[2023-09-04T09:54:14.001-0300] {spark_submit.py:491} INFO - 23/09/04 09:54:14 INFO ResourceProfile: Default ResourceProfile created, executor resources: Map(cores -> name: cores, amount: 1, script: , vendor: , memory -> name: memory, amount: 1024, script: , vendor: , offHeap -> name: offHeap, amount: 0, script: , vendor: ), task resources: Map(cpus -> name: cpus, amount: 1.0)
[2023-09-04T09:54:14.008-0300] {spark_submit.py:491} INFO - 23/09/04 09:54:14 INFO ResourceProfile: Limiting resource is cpu
[2023-09-04T09:54:14.008-0300] {spark_submit.py:491} INFO - 23/09/04 09:54:14 INFO ResourceProfileManager: Added ResourceProfile id: 0
[2023-09-04T09:54:14.240-0300] {spark_submit.py:491} INFO - 23/09/04 09:54:14 INFO SecurityManager: Changing view acls to: enricolm
[2023-09-04T09:54:14.240-0300] {spark_submit.py:491} INFO - 23/09/04 09:54:14 INFO SecurityManager: Changing modify acls to: enricolm
[2023-09-04T09:54:14.241-0300] {spark_submit.py:491} INFO - 23/09/04 09:54:14 INFO SecurityManager: Changing view acls groups to:
[2023-09-04T09:54:14.242-0300] {spark_submit.py:491} INFO - 23/09/04 09:54:14 INFO SecurityManager: Changing modify acls groups to:
[2023-09-04T09:54:14.243-0300] {spark_submit.py:491} INFO - 23/09/04 09:54:14 INFO SecurityManager: SecurityManager: authentication disabled; ui acls disabled; users with view permissions: enricolm; groups with view permissions: EMPTY; users with modify permissions: enricolm; groups with modify permissions: EMPTY
[2023-09-04T09:54:14.587-0300] {spark_submit.py:491} INFO - 23/09/04 09:54:14 INFO Utils: Successfully started service 'sparkDriver' on port 34167.
[2023-09-04T09:54:14.669-0300] {spark_submit.py:491} INFO - 23/09/04 09:54:14 INFO SparkEnv: Registering MapOutputTracker
[2023-09-04T09:54:14.737-0300] {spark_submit.py:491} INFO - 23/09/04 09:54:14 INFO SparkEnv: Registering BlockManagerMaster
[2023-09-04T09:54:14.808-0300] {spark_submit.py:491} INFO - 23/09/04 09:54:14 INFO BlockManagerMasterEndpoint: Using org.apache.spark.storage.DefaultTopologyMapper for getting topology information
[2023-09-04T09:54:14.808-0300] {spark_submit.py:491} INFO - 23/09/04 09:54:14 INFO BlockManagerMasterEndpoint: BlockManagerMasterEndpoint up
[2023-09-04T09:54:14.815-0300] {spark_submit.py:491} INFO - 23/09/04 09:54:14 INFO SparkEnv: Registering BlockManagerMasterHeartbeat
[2023-09-04T09:54:14.842-0300] {spark_submit.py:491} INFO - 23/09/04 09:54:14 INFO DiskBlockManager: Created local directory at /tmp/blockmgr-333d0f94-4718-4eac-819d-99ced062ec84
[2023-09-04T09:54:14.863-0300] {spark_submit.py:491} INFO - 23/09/04 09:54:14 INFO MemoryStore: MemoryStore started with capacity 434.4 MiB
[2023-09-04T09:54:14.886-0300] {spark_submit.py:491} INFO - 23/09/04 09:54:14 INFO SparkEnv: Registering OutputCommitCoordinator
[2023-09-04T09:54:15.117-0300] {spark_submit.py:491} INFO - 23/09/04 09:54:15 INFO JettyUtils: Start Jetty 0.0.0.0:4040 for SparkUI
[2023-09-04T09:54:15.217-0300] {spark_submit.py:491} INFO - 23/09/04 09:54:15 INFO Utils: Successfully started service 'SparkUI' on port 4040.
[2023-09-04T09:54:15.385-0300] {spark_submit.py:491} INFO - 23/09/04 09:54:15 INFO Executor: Starting executor ID driver on host 192.168.0.53
[2023-09-04T09:54:15.393-0300] {spark_submit.py:491} INFO - 23/09/04 09:54:15 INFO Executor: Starting executor with user classpath (userClassPathFirst = false): ''
[2023-09-04T09:54:15.438-0300] {spark_submit.py:491} INFO - 23/09/04 09:54:15 INFO Utils: Successfully started service 'org.apache.spark.network.netty.NettyBlockTransferService' on port 38035.
[2023-09-04T09:54:15.438-0300] {spark_submit.py:491} INFO - 23/09/04 09:54:15 INFO NettyBlockTransferService: Server created on 192.168.0.53:38035
[2023-09-04T09:54:15.440-0300] {spark_submit.py:491} INFO - 23/09/04 09:54:15 INFO BlockManager: Using org.apache.spark.storage.RandomBlockReplicationPolicy for block replication policy
[2023-09-04T09:54:15.448-0300] {spark_submit.py:491} INFO - 23/09/04 09:54:15 INFO BlockManagerMaster: Registering BlockManager BlockManagerId(driver, 192.168.0.53, 38035, None)
[2023-09-04T09:54:15.452-0300] {spark_submit.py:491} INFO - 23/09/04 09:54:15 INFO BlockManagerMasterEndpoint: Registering block manager 192.168.0.53:38035 with 434.4 MiB RAM, BlockManagerId(driver, 192.168.0.53, 38035, None)
[2023-09-04T09:54:15.456-0300] {spark_submit.py:491} INFO - 23/09/04 09:54:15 INFO BlockManagerMaster: Registered BlockManager BlockManagerId(driver, 192.168.0.53, 38035, None)
[2023-09-04T09:54:15.458-0300] {spark_submit.py:491} INFO - 23/09/04 09:54:15 INFO BlockManager: Initialized BlockManager: BlockManagerId(driver, 192.168.0.53, 38035, None)
[2023-09-04T09:54:16.066-0300] {spark_submit.py:491} INFO - Criando pasta
[2023-09-04T09:54:18.402-0300] {spark_submit.py:491} INFO - AAPL: No price data found, symbol may be delisted (1d 2023-09-03 -> 2023-09-04)
[2023-09-04T09:54:18.402-0300] {spark_submit.py:491} INFO - No price data found for the given date range.
[2023-09-04T09:54:18.402-0300] {spark_submit.py:491} INFO - Nothing to Add
[2023-09-04T09:54:18.403-0300] {spark_submit.py:491} INFO - 23/09/04 09:54:18 INFO SparkContext: SparkContext is stopping with exitCode 0.
[2023-09-04T09:54:18.419-0300] {spark_submit.py:491} INFO - 23/09/04 09:54:18 INFO SparkUI: Stopped Spark web UI at http://192.168.0.53:4040
[2023-09-04T09:54:18.448-0300] {spark_submit.py:491} INFO - 23/09/04 09:54:18 INFO MapOutputTrackerMasterEndpoint: MapOutputTrackerMasterEndpoint stopped!
[2023-09-04T09:54:18.470-0300] {spark_submit.py:491} INFO - 23/09/04 09:54:18 INFO MemoryStore: MemoryStore cleared
[2023-09-04T09:54:18.471-0300] {spark_submit.py:491} INFO - 23/09/04 09:54:18 INFO BlockManager: BlockManager stopped
[2023-09-04T09:54:18.483-0300] {spark_submit.py:491} INFO - 23/09/04 09:54:18 INFO BlockManagerMaster: BlockManagerMaster stopped
[2023-09-04T09:54:18.484-0300] {spark_submit.py:491} INFO - 23/09/04 09:54:18 INFO OutputCommitCoordinator$OutputCommitCoordinatorEndpoint: OutputCommitCoordinator stopped!
[2023-09-04T09:54:18.498-0300] {spark_submit.py:491} INFO - 23/09/04 09:54:18 INFO SparkContext: Successfully stopped SparkContext
[2023-09-04T09:54:19.013-0300] {spark_submit.py:491} INFO - 23/09/04 09:54:19 INFO ShutdownHookManager: Shutdown hook called
[2023-09-04T09:54:19.015-0300] {spark_submit.py:491} INFO - 23/09/04 09:54:19 INFO ShutdownHookManager: Deleting directory /tmp/spark-d1b69ef3-8c6b-460a-90fe-84bb623345c8
[2023-09-04T09:54:19.023-0300] {spark_submit.py:491} INFO - 23/09/04 09:54:19 INFO ShutdownHookManager: Deleting directory /tmp/spark-6f0bdbed-b7d5-4f6e-9823-ac028b3ae450/pyspark-8718bc9c-93fb-487a-90f7-c8b2a8d1b46b
[2023-09-04T09:54:19.030-0300] {spark_submit.py:491} INFO - 23/09/04 09:54:19 INFO ShutdownHookManager: Deleting directory /tmp/spark-6f0bdbed-b7d5-4f6e-9823-ac028b3ae450
[2023-09-04T09:54:19.096-0300] {taskinstance.py:1345} INFO - Marking task as SUCCESS. dag_id=Investimento_api, task_id=Extracao_Invest, execution_date=20230904T125405, start_date=20230904T125406, end_date=20230904T125419
[2023-09-04T09:54:19.136-0300] {local_task_job_runner.py:225} INFO - Task exited with return code 0
[2023-09-04T09:54:19.172-0300] {taskinstance.py:2653} INFO - 1 downstream tasks scheduled from follow-on schedule check
