[2023-09-04T10:02:53.778-0300] {taskinstance.py:1103} INFO - Dependencies all met for dep_context=non-requeueable deps ti=<TaskInstance: Investimento_api.Extracao_Invest manual__2023-09-04T13:02:52.250492+00:00 [queued]>
[2023-09-04T10:02:53.788-0300] {taskinstance.py:1103} INFO - Dependencies all met for dep_context=requeueable deps ti=<TaskInstance: Investimento_api.Extracao_Invest manual__2023-09-04T13:02:52.250492+00:00 [queued]>
[2023-09-04T10:02:53.788-0300] {taskinstance.py:1308} INFO - Starting attempt 1 of 1
[2023-09-04T10:02:53.806-0300] {taskinstance.py:1327} INFO - Executing <Task(SparkSubmitOperator): Extracao_Invest> on 2023-09-04 13:02:52.250492+00:00
[2023-09-04T10:02:53.811-0300] {standard_task_runner.py:57} INFO - Started process 13683 to run task
[2023-09-04T10:02:53.815-0300] {standard_task_runner.py:84} INFO - Running: ['airflow', 'tasks', 'run', 'Investimento_api', 'Extracao_Invest', 'manual__2023-09-04T13:02:52.250492+00:00', '--job-id', '52', '--raw', '--subdir', 'DAGS_FOLDER/dag.py', '--cfg-path', '/tmp/tmpzmf_nzig']
[2023-09-04T10:02:53.817-0300] {standard_task_runner.py:85} INFO - Job 52: Subtask Extracao_Invest
[2023-09-04T10:02:53.914-0300] {task_command.py:410} INFO - Running <TaskInstance: Investimento_api.Extracao_Invest manual__2023-09-04T13:02:52.250492+00:00 [running]> on host VMEnricolm.myguest.virtualbox.org
[2023-09-04T10:02:54.055-0300] {taskinstance.py:1545} INFO - Exporting env vars: AIRFLOW_CTX_DAG_OWNER='airflow' AIRFLOW_CTX_DAG_ID='Investimento_api' AIRFLOW_CTX_TASK_ID='Extracao_Invest' AIRFLOW_CTX_EXECUTION_DATE='2023-09-04T13:02:52.250492+00:00' AIRFLOW_CTX_TRY_NUMBER='1' AIRFLOW_CTX_DAG_RUN_ID='manual__2023-09-04T13:02:52.250492+00:00'
[2023-09-04T10:02:54.077-0300] {base.py:73} INFO - Using connection ID 'spark_default' for task execution.
[2023-09-04T10:02:54.079-0300] {spark_submit.py:340} INFO - Spark-Submit cmd: spark-submit --master local --name Extracao_Invest --queue root.default /home/enricolm/Documents/Sprinklr_Airflow/dadosvm/Airflow_Investimento/Scripts/Operators/Raw_Operator.py
[2023-09-04T10:02:56.519-0300] {spark_submit.py:491} INFO - 23/09/04 10:02:56 WARN Utils: Your hostname, VMEnricolm resolves to a loopback address: 127.0.1.1; using 192.168.0.53 instead (on interface enp0s3)
[2023-09-04T10:02:56.522-0300] {spark_submit.py:491} INFO - 23/09/04 10:02:56 WARN Utils: Set SPARK_LOCAL_IP if you need to bind to another address
[2023-09-04T10:02:58.510-0300] {spark_submit.py:491} INFO - 23/09/04 10:02:58 INFO SparkContext: Running Spark version 3.4.1
[2023-09-04T10:02:58.587-0300] {spark_submit.py:491} INFO - 23/09/04 10:02:58 WARN NativeCodeLoader: Unable to load native-hadoop library for your platform... using builtin-java classes where applicable
[2023-09-04T10:02:58.673-0300] {spark_submit.py:491} INFO - 23/09/04 10:02:58 INFO ResourceUtils: ==============================================================
[2023-09-04T10:02:58.673-0300] {spark_submit.py:491} INFO - 23/09/04 10:02:58 INFO ResourceUtils: No custom resources configured for spark.driver.
[2023-09-04T10:02:58.674-0300] {spark_submit.py:491} INFO - 23/09/04 10:02:58 INFO ResourceUtils: ==============================================================
[2023-09-04T10:02:58.674-0300] {spark_submit.py:491} INFO - 23/09/04 10:02:58 INFO SparkContext: Submitted application: extracao_Finance
[2023-09-04T10:02:58.718-0300] {spark_submit.py:491} INFO - 23/09/04 10:02:58 INFO ResourceProfile: Default ResourceProfile created, executor resources: Map(cores -> name: cores, amount: 1, script: , vendor: , memory -> name: memory, amount: 1024, script: , vendor: , offHeap -> name: offHeap, amount: 0, script: , vendor: ), task resources: Map(cpus -> name: cpus, amount: 1.0)
[2023-09-04T10:02:58.722-0300] {spark_submit.py:491} INFO - 23/09/04 10:02:58 INFO ResourceProfile: Limiting resource is cpu
[2023-09-04T10:02:58.723-0300] {spark_submit.py:491} INFO - 23/09/04 10:02:58 INFO ResourceProfileManager: Added ResourceProfile id: 0
[2023-09-04T10:02:58.831-0300] {spark_submit.py:491} INFO - 23/09/04 10:02:58 INFO SecurityManager: Changing view acls to: enricolm
[2023-09-04T10:02:58.832-0300] {spark_submit.py:491} INFO - 23/09/04 10:02:58 INFO SecurityManager: Changing modify acls to: enricolm
[2023-09-04T10:02:58.832-0300] {spark_submit.py:491} INFO - 23/09/04 10:02:58 INFO SecurityManager: Changing view acls groups to:
[2023-09-04T10:02:58.833-0300] {spark_submit.py:491} INFO - 23/09/04 10:02:58 INFO SecurityManager: Changing modify acls groups to:
[2023-09-04T10:02:58.833-0300] {spark_submit.py:491} INFO - 23/09/04 10:02:58 INFO SecurityManager: SecurityManager: authentication disabled; ui acls disabled; users with view permissions: enricolm; groups with view permissions: EMPTY; users with modify permissions: enricolm; groups with modify permissions: EMPTY
[2023-09-04T10:02:59.201-0300] {spark_submit.py:491} INFO - 23/09/04 10:02:59 INFO Utils: Successfully started service 'sparkDriver' on port 41013.
[2023-09-04T10:02:59.274-0300] {spark_submit.py:491} INFO - 23/09/04 10:02:59 INFO SparkEnv: Registering MapOutputTracker
[2023-09-04T10:02:59.450-0300] {spark_submit.py:491} INFO - 23/09/04 10:02:59 INFO SparkEnv: Registering BlockManagerMaster
[2023-09-04T10:02:59.471-0300] {spark_submit.py:491} INFO - 23/09/04 10:02:59 INFO BlockManagerMasterEndpoint: Using org.apache.spark.storage.DefaultTopologyMapper for getting topology information
[2023-09-04T10:02:59.472-0300] {spark_submit.py:491} INFO - 23/09/04 10:02:59 INFO BlockManagerMasterEndpoint: BlockManagerMasterEndpoint up
[2023-09-04T10:02:59.477-0300] {spark_submit.py:491} INFO - 23/09/04 10:02:59 INFO SparkEnv: Registering BlockManagerMasterHeartbeat
[2023-09-04T10:02:59.505-0300] {spark_submit.py:491} INFO - 23/09/04 10:02:59 INFO DiskBlockManager: Created local directory at /tmp/blockmgr-edf78ed8-d3be-4d37-9d3c-3594e3c3befa
[2023-09-04T10:02:59.535-0300] {spark_submit.py:491} INFO - 23/09/04 10:02:59 INFO MemoryStore: MemoryStore started with capacity 434.4 MiB
[2023-09-04T10:02:59.566-0300] {spark_submit.py:491} INFO - 23/09/04 10:02:59 INFO SparkEnv: Registering OutputCommitCoordinator
[2023-09-04T10:03:00.044-0300] {spark_submit.py:491} INFO - 23/09/04 10:03:00 INFO JettyUtils: Start Jetty 0.0.0.0:4040 for SparkUI
[2023-09-04T10:03:00.188-0300] {spark_submit.py:491} INFO - 23/09/04 10:03:00 INFO Utils: Successfully started service 'SparkUI' on port 4040.
[2023-09-04T10:03:00.367-0300] {spark_submit.py:491} INFO - 23/09/04 10:03:00 INFO Executor: Starting executor ID driver on host 192.168.0.53
[2023-09-04T10:03:00.381-0300] {spark_submit.py:491} INFO - 23/09/04 10:03:00 INFO Executor: Starting executor with user classpath (userClassPathFirst = false): ''
[2023-09-04T10:03:00.412-0300] {spark_submit.py:491} INFO - 23/09/04 10:03:00 INFO Utils: Successfully started service 'org.apache.spark.network.netty.NettyBlockTransferService' on port 35519.
[2023-09-04T10:03:00.413-0300] {spark_submit.py:491} INFO - 23/09/04 10:03:00 INFO NettyBlockTransferService: Server created on 192.168.0.53:35519
[2023-09-04T10:03:00.415-0300] {spark_submit.py:491} INFO - 23/09/04 10:03:00 INFO BlockManager: Using org.apache.spark.storage.RandomBlockReplicationPolicy for block replication policy
[2023-09-04T10:03:00.424-0300] {spark_submit.py:491} INFO - 23/09/04 10:03:00 INFO BlockManagerMaster: Registering BlockManager BlockManagerId(driver, 192.168.0.53, 35519, None)
[2023-09-04T10:03:00.432-0300] {spark_submit.py:491} INFO - 23/09/04 10:03:00 INFO BlockManagerMasterEndpoint: Registering block manager 192.168.0.53:35519 with 434.4 MiB RAM, BlockManagerId(driver, 192.168.0.53, 35519, None)
[2023-09-04T10:03:00.436-0300] {spark_submit.py:491} INFO - 23/09/04 10:03:00 INFO BlockManagerMaster: Registered BlockManager BlockManagerId(driver, 192.168.0.53, 35519, None)
[2023-09-04T10:03:00.437-0300] {spark_submit.py:491} INFO - 23/09/04 10:03:00 INFO BlockManager: Initialized BlockManager: BlockManagerId(driver, 192.168.0.53, 35519, None)
[2023-09-04T10:03:00.954-0300] {spark_submit.py:491} INFO - Criando pasta
[2023-09-04T10:03:03.503-0300] {spark_submit.py:491} INFO - 23/09/04 10:03:03 INFO SharedState: Setting hive.metastore.warehouse.dir ('null') to the value of spark.sql.warehouse.dir.
[2023-09-04T10:03:03.518-0300] {spark_submit.py:491} INFO - 23/09/04 10:03:03 INFO SharedState: Warehouse path is 'file:/home/enricolm/Documents/Sprinklr_Airflow/dadosvm/Airflow_Investimento/spark-warehouse'.
[2023-09-04T10:03:07.378-0300] {spark_submit.py:491} INFO - 23/09/04 10:03:07 INFO HashAggregateExec: spark.sql.codegen.aggregate.map.twolevel.enabled is set to true, but current version of codegened fast hashmap does not support this aggregate.
[2023-09-04T10:03:07.708-0300] {spark_submit.py:491} INFO - 23/09/04 10:03:07 INFO CodeGenerator: Code generated in 240.617256 ms
[2023-09-04T10:03:07.830-0300] {spark_submit.py:491} INFO - 23/09/04 10:03:07 INFO DAGScheduler: Registering RDD 6 (isEmpty at NativeMethodAccessorImpl.java:0) as input to shuffle 0
[2023-09-04T10:03:07.840-0300] {spark_submit.py:491} INFO - 23/09/04 10:03:07 INFO DAGScheduler: Got map stage job 0 (isEmpty at NativeMethodAccessorImpl.java:0) with 1 output partitions
[2023-09-04T10:03:07.841-0300] {spark_submit.py:491} INFO - 23/09/04 10:03:07 INFO DAGScheduler: Final stage: ShuffleMapStage 0 (isEmpty at NativeMethodAccessorImpl.java:0)
[2023-09-04T10:03:07.841-0300] {spark_submit.py:491} INFO - 23/09/04 10:03:07 INFO DAGScheduler: Parents of final stage: List()
[2023-09-04T10:03:07.843-0300] {spark_submit.py:491} INFO - 23/09/04 10:03:07 INFO DAGScheduler: Missing parents: List()
[2023-09-04T10:03:07.857-0300] {spark_submit.py:491} INFO - 23/09/04 10:03:07 INFO DAGScheduler: Submitting ShuffleMapStage 0 (MapPartitionsRDD[6] at isEmpty at NativeMethodAccessorImpl.java:0), which has no missing parents
[2023-09-04T10:03:07.947-0300] {spark_submit.py:491} INFO - 23/09/04 10:03:07 INFO MemoryStore: Block broadcast_0 stored as values in memory (estimated size 30.5 KiB, free 434.4 MiB)
[2023-09-04T10:03:07.973-0300] {spark_submit.py:491} INFO - 23/09/04 10:03:07 INFO MemoryStore: Block broadcast_0_piece0 stored as bytes in memory (estimated size 14.2 KiB, free 434.4 MiB)
[2023-09-04T10:03:07.986-0300] {spark_submit.py:491} INFO - 23/09/04 10:03:07 INFO BlockManagerInfo: Added broadcast_0_piece0 in memory on 192.168.0.53:35519 (size: 14.2 KiB, free: 434.4 MiB)
[2023-09-04T10:03:07.986-0300] {spark_submit.py:491} INFO - 23/09/04 10:03:07 INFO SparkContext: Created broadcast 0 from broadcast at DAGScheduler.scala:1535
[2023-09-04T10:03:08.016-0300] {spark_submit.py:491} INFO - 23/09/04 10:03:08 INFO DAGScheduler: Submitting 1 missing tasks from ShuffleMapStage 0 (MapPartitionsRDD[6] at isEmpty at NativeMethodAccessorImpl.java:0) (first 15 tasks are for partitions Vector(0))
[2023-09-04T10:03:08.016-0300] {spark_submit.py:491} INFO - 23/09/04 10:03:08 INFO TaskSchedulerImpl: Adding task set 0.0 with 1 tasks resource profile 0
[2023-09-04T10:03:08.066-0300] {spark_submit.py:491} INFO - 23/09/04 10:03:08 INFO TaskSetManager: Starting task 0.0 in stage 0.0 (TID 0) (192.168.0.53, executor driver, partition 0, PROCESS_LOCAL, 7566 bytes)
[2023-09-04T10:03:08.089-0300] {spark_submit.py:491} INFO - 23/09/04 10:03:08 INFO Executor: Running task 0.0 in stage 0.0 (TID 0)
[2023-09-04T10:03:08.945-0300] {spark_submit.py:491} INFO - 23/09/04 10:03:08 INFO CodeGenerator: Code generated in 24.498217 ms
[2023-09-04T10:03:08.982-0300] {spark_submit.py:491} INFO - 23/09/04 10:03:08 INFO CodeGenerator: Code generated in 14.342233 ms
[2023-09-04T10:03:08.997-0300] {spark_submit.py:491} INFO - 23/09/04 10:03:08 INFO CodeGenerator: Code generated in 9.01675 ms
[2023-09-04T10:03:09.033-0300] {spark_submit.py:491} INFO - 23/09/04 10:03:09 INFO PythonRunner: Times: total = 732, boot = 604, init = 127, finish = 1
[2023-09-04T10:03:09.097-0300] {spark_submit.py:491} INFO - 23/09/04 10:03:09 INFO Executor: Finished task 0.0 in stage 0.0 (TID 0). 3014 bytes result sent to driver
[2023-09-04T10:03:09.114-0300] {spark_submit.py:491} INFO - 23/09/04 10:03:09 INFO TaskSetManager: Finished task 0.0 in stage 0.0 (TID 0) in 1059 ms on 192.168.0.53 (executor driver) (1/1)
[2023-09-04T10:03:09.121-0300] {spark_submit.py:491} INFO - 23/09/04 10:03:09 INFO PythonAccumulatorV2: Connected to AccumulatorServer at host: 127.0.0.1 port: 44381
[2023-09-04T10:03:09.132-0300] {spark_submit.py:491} INFO - 23/09/04 10:03:09 INFO TaskSchedulerImpl: Removed TaskSet 0.0, whose tasks have all completed, from pool
[2023-09-04T10:03:09.132-0300] {spark_submit.py:491} INFO - 23/09/04 10:03:09 INFO DAGScheduler: ShuffleMapStage 0 (isEmpty at NativeMethodAccessorImpl.java:0) finished in 1,255 s
[2023-09-04T10:03:09.132-0300] {spark_submit.py:491} INFO - 23/09/04 10:03:09 INFO DAGScheduler: looking for newly runnable stages
[2023-09-04T10:03:09.132-0300] {spark_submit.py:491} INFO - 23/09/04 10:03:09 INFO DAGScheduler: running: HashSet()
[2023-09-04T10:03:09.133-0300] {spark_submit.py:491} INFO - 23/09/04 10:03:09 INFO DAGScheduler: waiting: HashSet()
[2023-09-04T10:03:09.133-0300] {spark_submit.py:491} INFO - 23/09/04 10:03:09 INFO DAGScheduler: failed: HashSet()
[2023-09-04T10:03:09.154-0300] {spark_submit.py:491} INFO - 23/09/04 10:03:09 INFO ShufflePartitionsUtil: For shuffle(0), advisory target size: 67108864, actual target size 1048576, minimum partition size: 1048576
[2023-09-04T10:03:09.174-0300] {spark_submit.py:491} INFO - 23/09/04 10:03:09 INFO HashAggregateExec: spark.sql.codegen.aggregate.map.twolevel.enabled is set to true, but current version of codegened fast hashmap does not support this aggregate.
[2023-09-04T10:03:09.202-0300] {spark_submit.py:491} INFO - 23/09/04 10:03:09 INFO CodeGenerator: Code generated in 21.136609 ms
[2023-09-04T10:03:09.232-0300] {spark_submit.py:491} INFO - 23/09/04 10:03:09 INFO SparkContext: Starting job: isEmpty at NativeMethodAccessorImpl.java:0
[2023-09-04T10:03:09.235-0300] {spark_submit.py:491} INFO - 23/09/04 10:03:09 INFO DAGScheduler: Got job 1 (isEmpty at NativeMethodAccessorImpl.java:0) with 1 output partitions
[2023-09-04T10:03:09.235-0300] {spark_submit.py:491} INFO - 23/09/04 10:03:09 INFO DAGScheduler: Final stage: ResultStage 2 (isEmpty at NativeMethodAccessorImpl.java:0)
[2023-09-04T10:03:09.236-0300] {spark_submit.py:491} INFO - 23/09/04 10:03:09 INFO DAGScheduler: Parents of final stage: List(ShuffleMapStage 1)
[2023-09-04T10:03:09.236-0300] {spark_submit.py:491} INFO - 23/09/04 10:03:09 INFO DAGScheduler: Missing parents: List()
[2023-09-04T10:03:09.240-0300] {spark_submit.py:491} INFO - 23/09/04 10:03:09 INFO DAGScheduler: Submitting ResultStage 2 (MapPartitionsRDD[9] at isEmpty at NativeMethodAccessorImpl.java:0), which has no missing parents
[2023-09-04T10:03:09.253-0300] {spark_submit.py:491} INFO - 23/09/04 10:03:09 INFO MemoryStore: Block broadcast_1 stored as values in memory (estimated size 33.3 KiB, free 434.3 MiB)
[2023-09-04T10:03:09.255-0300] {spark_submit.py:491} INFO - 23/09/04 10:03:09 INFO MemoryStore: Block broadcast_1_piece0 stored as bytes in memory (estimated size 15.7 KiB, free 434.3 MiB)
[2023-09-04T10:03:09.255-0300] {spark_submit.py:491} INFO - 23/09/04 10:03:09 INFO BlockManagerInfo: Added broadcast_1_piece0 in memory on 192.168.0.53:35519 (size: 15.7 KiB, free: 434.4 MiB)
[2023-09-04T10:03:09.256-0300] {spark_submit.py:491} INFO - 23/09/04 10:03:09 INFO SparkContext: Created broadcast 1 from broadcast at DAGScheduler.scala:1535
[2023-09-04T10:03:09.257-0300] {spark_submit.py:491} INFO - 23/09/04 10:03:09 INFO DAGScheduler: Submitting 1 missing tasks from ResultStage 2 (MapPartitionsRDD[9] at isEmpty at NativeMethodAccessorImpl.java:0) (first 15 tasks are for partitions Vector(0))
[2023-09-04T10:03:09.257-0300] {spark_submit.py:491} INFO - 23/09/04 10:03:09 INFO TaskSchedulerImpl: Adding task set 2.0 with 1 tasks resource profile 0
[2023-09-04T10:03:09.270-0300] {spark_submit.py:491} INFO - 23/09/04 10:03:09 INFO TaskSetManager: Starting task 0.0 in stage 2.0 (TID 1) (192.168.0.53, executor driver, partition 0, NODE_LOCAL, 7437 bytes)
[2023-09-04T10:03:09.270-0300] {spark_submit.py:491} INFO - 23/09/04 10:03:09 INFO Executor: Running task 0.0 in stage 2.0 (TID 1)
[2023-09-04T10:03:09.314-0300] {spark_submit.py:491} INFO - 23/09/04 10:03:09 INFO ShuffleBlockFetcherIterator: Getting 1 (97.0 B) non-empty blocks including 1 (97.0 B) local and 0 (0.0 B) host-local and 0 (0.0 B) push-merged-local and 0 (0.0 B) remote blocks
[2023-09-04T10:03:09.317-0300] {spark_submit.py:491} INFO - 23/09/04 10:03:09 INFO ShuffleBlockFetcherIterator: Started 0 remote fetches in 10 ms
[2023-09-04T10:03:09.338-0300] {spark_submit.py:491} INFO - 23/09/04 10:03:09 INFO Executor: Finished task 0.0 in stage 2.0 (TID 1). 5315 bytes result sent to driver
[2023-09-04T10:03:09.341-0300] {spark_submit.py:491} INFO - 23/09/04 10:03:09 INFO TaskSetManager: Finished task 0.0 in stage 2.0 (TID 1) in 74 ms on 192.168.0.53 (executor driver) (1/1)
[2023-09-04T10:03:09.342-0300] {spark_submit.py:491} INFO - 23/09/04 10:03:09 INFO TaskSchedulerImpl: Removed TaskSet 2.0, whose tasks have all completed, from pool
[2023-09-04T10:03:09.344-0300] {spark_submit.py:491} INFO - 23/09/04 10:03:09 INFO DAGScheduler: ResultStage 2 (isEmpty at NativeMethodAccessorImpl.java:0) finished in 0,095 s
[2023-09-04T10:03:09.347-0300] {spark_submit.py:491} INFO - 23/09/04 10:03:09 INFO DAGScheduler: Job 1 is finished. Cancelling potential speculative or zombie tasks for this job
[2023-09-04T10:03:09.348-0300] {spark_submit.py:491} INFO - 23/09/04 10:03:09 INFO TaskSchedulerImpl: Killing all running tasks in stage 2: Stage finished
[2023-09-04T10:03:09.350-0300] {spark_submit.py:491} INFO - 23/09/04 10:03:09 INFO DAGScheduler: Job 1 finished: isEmpty at NativeMethodAccessorImpl.java:0, took 0,117130 s
[2023-09-04T10:03:09.611-0300] {spark_submit.py:491} INFO - 23/09/04 10:03:09 INFO CodeGenerator: Code generated in 64.392214 ms
[2023-09-04T10:03:09.640-0300] {spark_submit.py:491} INFO - 23/09/04 10:03:09 INFO DAGScheduler: Registering RDD 11 (toPandas at /home/enricolm/Documents/Sprinklr_Airflow/dadosvm/Airflow_Investimento/Scripts/Operators/Raw_Operator.py:60) as input to shuffle 1
[2023-09-04T10:03:09.640-0300] {spark_submit.py:491} INFO - 23/09/04 10:03:09 INFO DAGScheduler: Got map stage job 2 (toPandas at /home/enricolm/Documents/Sprinklr_Airflow/dadosvm/Airflow_Investimento/Scripts/Operators/Raw_Operator.py:60) with 1 output partitions
[2023-09-04T10:03:09.640-0300] {spark_submit.py:491} INFO - 23/09/04 10:03:09 INFO DAGScheduler: Final stage: ShuffleMapStage 3 (toPandas at /home/enricolm/Documents/Sprinklr_Airflow/dadosvm/Airflow_Investimento/Scripts/Operators/Raw_Operator.py:60)
[2023-09-04T10:03:09.640-0300] {spark_submit.py:491} INFO - 23/09/04 10:03:09 INFO DAGScheduler: Parents of final stage: List()
[2023-09-04T10:03:09.640-0300] {spark_submit.py:491} INFO - 23/09/04 10:03:09 INFO DAGScheduler: Missing parents: List()
[2023-09-04T10:03:09.647-0300] {spark_submit.py:491} INFO - 23/09/04 10:03:09 INFO DAGScheduler: Submitting ShuffleMapStage 3 (MapPartitionsRDD[11] at toPandas at /home/enricolm/Documents/Sprinklr_Airflow/dadosvm/Airflow_Investimento/Scripts/Operators/Raw_Operator.py:60), which has no missing parents
[2023-09-04T10:03:09.655-0300] {spark_submit.py:491} INFO - 23/09/04 10:03:09 INFO MemoryStore: Block broadcast_2 stored as values in memory (estimated size 50.5 KiB, free 434.3 MiB)
[2023-09-04T10:03:09.716-0300] {spark_submit.py:491} INFO - 23/09/04 10:03:09 INFO MemoryStore: Block broadcast_2_piece0 stored as bytes in memory (estimated size 21.0 KiB, free 434.2 MiB)
[2023-09-04T10:03:09.716-0300] {spark_submit.py:491} INFO - 23/09/04 10:03:09 INFO BlockManagerInfo: Added broadcast_2_piece0 in memory on 192.168.0.53:35519 (size: 21.0 KiB, free: 434.4 MiB)
[2023-09-04T10:03:09.717-0300] {spark_submit.py:491} INFO - 23/09/04 10:03:09 INFO SparkContext: Created broadcast 2 from broadcast at DAGScheduler.scala:1535
[2023-09-04T10:03:09.718-0300] {spark_submit.py:491} INFO - 23/09/04 10:03:09 INFO DAGScheduler: Submitting 1 missing tasks from ShuffleMapStage 3 (MapPartitionsRDD[11] at toPandas at /home/enricolm/Documents/Sprinklr_Airflow/dadosvm/Airflow_Investimento/Scripts/Operators/Raw_Operator.py:60) (first 15 tasks are for partitions Vector(0))
[2023-09-04T10:03:09.718-0300] {spark_submit.py:491} INFO - 23/09/04 10:03:09 INFO TaskSchedulerImpl: Adding task set 3.0 with 1 tasks resource profile 0
[2023-09-04T10:03:09.765-0300] {spark_submit.py:491} INFO - 23/09/04 10:03:09 INFO TaskSetManager: Starting task 0.0 in stage 3.0 (TID 2) (192.168.0.53, executor driver, partition 0, PROCESS_LOCAL, 7566 bytes)
[2023-09-04T10:03:09.768-0300] {spark_submit.py:491} INFO - 23/09/04 10:03:09 INFO Executor: Running task 0.0 in stage 3.0 (TID 2)
[2023-09-04T10:03:09.796-0300] {spark_submit.py:491} INFO - 23/09/04 10:03:09 INFO BlockManagerInfo: Removed broadcast_0_piece0 on 192.168.0.53:35519 in memory (size: 14.2 KiB, free: 434.4 MiB)
[2023-09-04T10:03:09.969-0300] {spark_submit.py:491} INFO - 23/09/04 10:03:09 INFO CodeGenerator: Code generated in 40.790062 ms
[2023-09-04T10:03:09.981-0300] {spark_submit.py:491} INFO - 23/09/04 10:03:09 INFO BlockManagerInfo: Removed broadcast_1_piece0 on 192.168.0.53:35519 in memory (size: 15.7 KiB, free: 434.4 MiB)
[2023-09-04T10:03:10.033-0300] {spark_submit.py:491} INFO - 23/09/04 10:03:10 INFO CodeGenerator: Code generated in 16.131293 ms
[2023-09-04T10:03:10.041-0300] {spark_submit.py:491} INFO - 23/09/04 10:03:10 INFO PythonRunner: Times: total = 109, boot = -762, init = 871, finish = 0
[2023-09-04T10:03:10.060-0300] {spark_submit.py:491} INFO - 23/09/04 10:03:10 INFO Executor: Finished task 0.0 in stage 3.0 (TID 2). 2971 bytes result sent to driver
[2023-09-04T10:03:10.063-0300] {spark_submit.py:491} INFO - 23/09/04 10:03:10 INFO TaskSetManager: Finished task 0.0 in stage 3.0 (TID 2) in 316 ms on 192.168.0.53 (executor driver) (1/1)
[2023-09-04T10:03:10.064-0300] {spark_submit.py:491} INFO - 23/09/04 10:03:10 INFO TaskSchedulerImpl: Removed TaskSet 3.0, whose tasks have all completed, from pool
[2023-09-04T10:03:10.065-0300] {spark_submit.py:491} INFO - 23/09/04 10:03:10 INFO DAGScheduler: ShuffleMapStage 3 (toPandas at /home/enricolm/Documents/Sprinklr_Airflow/dadosvm/Airflow_Investimento/Scripts/Operators/Raw_Operator.py:60) finished in 0,421 s
[2023-09-04T10:03:10.065-0300] {spark_submit.py:491} INFO - 23/09/04 10:03:10 INFO DAGScheduler: looking for newly runnable stages
[2023-09-04T10:03:10.065-0300] {spark_submit.py:491} INFO - 23/09/04 10:03:10 INFO DAGScheduler: running: HashSet()
[2023-09-04T10:03:10.065-0300] {spark_submit.py:491} INFO - 23/09/04 10:03:10 INFO DAGScheduler: waiting: HashSet()
[2023-09-04T10:03:10.065-0300] {spark_submit.py:491} INFO - 23/09/04 10:03:10 INFO DAGScheduler: failed: HashSet()
[2023-09-04T10:03:10.070-0300] {spark_submit.py:491} INFO - 23/09/04 10:03:10 INFO ShufflePartitionsUtil: For shuffle(1), advisory target size: 67108864, actual target size 1048576, minimum partition size: 1048576
[2023-09-04T10:03:10.076-0300] {spark_submit.py:491} INFO - 23/09/04 10:03:10 INFO HashAggregateExec: spark.sql.codegen.aggregate.map.twolevel.enabled is set to true, but current version of codegened fast hashmap does not support this aggregate.
[2023-09-04T10:03:10.125-0300] {spark_submit.py:491} INFO - 23/09/04 10:03:10 INFO CodeGenerator: Code generated in 28.092851 ms
[2023-09-04T10:03:10.148-0300] {spark_submit.py:491} INFO - 23/09/04 10:03:10 INFO SparkContext: Starting job: toPandas at /home/enricolm/Documents/Sprinklr_Airflow/dadosvm/Airflow_Investimento/Scripts/Operators/Raw_Operator.py:60
[2023-09-04T10:03:10.149-0300] {spark_submit.py:491} INFO - 23/09/04 10:03:10 INFO DAGScheduler: Got job 3 (toPandas at /home/enricolm/Documents/Sprinklr_Airflow/dadosvm/Airflow_Investimento/Scripts/Operators/Raw_Operator.py:60) with 1 output partitions
[2023-09-04T10:03:10.149-0300] {spark_submit.py:491} INFO - 23/09/04 10:03:10 INFO DAGScheduler: Final stage: ResultStage 5 (toPandas at /home/enricolm/Documents/Sprinklr_Airflow/dadosvm/Airflow_Investimento/Scripts/Operators/Raw_Operator.py:60)
[2023-09-04T10:03:10.149-0300] {spark_submit.py:491} INFO - 23/09/04 10:03:10 INFO DAGScheduler: Parents of final stage: List(ShuffleMapStage 4)
[2023-09-04T10:03:10.149-0300] {spark_submit.py:491} INFO - 23/09/04 10:03:10 INFO DAGScheduler: Missing parents: List()
[2023-09-04T10:03:10.151-0300] {spark_submit.py:491} INFO - 23/09/04 10:03:10 INFO DAGScheduler: Submitting ResultStage 5 (MapPartitionsRDD[14] at toPandas at /home/enricolm/Documents/Sprinklr_Airflow/dadosvm/Airflow_Investimento/Scripts/Operators/Raw_Operator.py:60), which has no missing parents
[2023-09-04T10:03:10.163-0300] {spark_submit.py:491} INFO - 23/09/04 10:03:10 INFO MemoryStore: Block broadcast_3 stored as values in memory (estimated size 54.6 KiB, free 434.3 MiB)
[2023-09-04T10:03:10.184-0300] {spark_submit.py:491} INFO - 23/09/04 10:03:10 INFO MemoryStore: Block broadcast_3_piece0 stored as bytes in memory (estimated size 22.0 KiB, free 434.3 MiB)
[2023-09-04T10:03:10.185-0300] {spark_submit.py:491} INFO - 23/09/04 10:03:10 INFO BlockManagerInfo: Added broadcast_3_piece0 in memory on 192.168.0.53:35519 (size: 22.0 KiB, free: 434.4 MiB)
[2023-09-04T10:03:10.186-0300] {spark_submit.py:491} INFO - 23/09/04 10:03:10 INFO SparkContext: Created broadcast 3 from broadcast at DAGScheduler.scala:1535
[2023-09-04T10:03:10.187-0300] {spark_submit.py:491} INFO - 23/09/04 10:03:10 INFO DAGScheduler: Submitting 1 missing tasks from ResultStage 5 (MapPartitionsRDD[14] at toPandas at /home/enricolm/Documents/Sprinklr_Airflow/dadosvm/Airflow_Investimento/Scripts/Operators/Raw_Operator.py:60) (first 15 tasks are for partitions Vector(0))
[2023-09-04T10:03:10.187-0300] {spark_submit.py:491} INFO - 23/09/04 10:03:10 INFO TaskSchedulerImpl: Adding task set 5.0 with 1 tasks resource profile 0
[2023-09-04T10:03:10.189-0300] {spark_submit.py:491} INFO - 23/09/04 10:03:10 INFO TaskSetManager: Starting task 0.0 in stage 5.0 (TID 3) (192.168.0.53, executor driver, partition 0, NODE_LOCAL, 7437 bytes)
[2023-09-04T10:03:10.192-0300] {spark_submit.py:491} INFO - 23/09/04 10:03:10 INFO Executor: Running task 0.0 in stage 5.0 (TID 3)
[2023-09-04T10:03:10.206-0300] {spark_submit.py:491} INFO - 23/09/04 10:03:10 INFO ShuffleBlockFetcherIterator: Getting 1 (142.0 B) non-empty blocks including 1 (142.0 B) local and 0 (0.0 B) host-local and 0 (0.0 B) push-merged-local and 0 (0.0 B) remote blocks
[2023-09-04T10:03:10.206-0300] {spark_submit.py:491} INFO - 23/09/04 10:03:10 INFO ShuffleBlockFetcherIterator: Started 0 remote fetches in 0 ms
[2023-09-04T10:03:10.247-0300] {spark_submit.py:491} INFO - 23/09/04 10:03:10 INFO Executor: Finished task 0.0 in stage 5.0 (TID 3). 5424 bytes result sent to driver
[2023-09-04T10:03:10.250-0300] {spark_submit.py:491} INFO - 23/09/04 10:03:10 INFO TaskSetManager: Finished task 0.0 in stage 5.0 (TID 3) in 62 ms on 192.168.0.53 (executor driver) (1/1)
[2023-09-04T10:03:10.251-0300] {spark_submit.py:491} INFO - 23/09/04 10:03:10 INFO TaskSchedulerImpl: Removed TaskSet 5.0, whose tasks have all completed, from pool
[2023-09-04T10:03:10.254-0300] {spark_submit.py:491} INFO - 23/09/04 10:03:10 INFO DAGScheduler: ResultStage 5 (toPandas at /home/enricolm/Documents/Sprinklr_Airflow/dadosvm/Airflow_Investimento/Scripts/Operators/Raw_Operator.py:60) finished in 0,101 s
[2023-09-04T10:03:10.254-0300] {spark_submit.py:491} INFO - 23/09/04 10:03:10 INFO DAGScheduler: Job 3 is finished. Cancelling potential speculative or zombie tasks for this job
[2023-09-04T10:03:10.254-0300] {spark_submit.py:491} INFO - 23/09/04 10:03:10 INFO TaskSchedulerImpl: Killing all running tasks in stage 5: Stage finished
[2023-09-04T10:03:10.256-0300] {spark_submit.py:491} INFO - 23/09/04 10:03:10 INFO DAGScheduler: Job 3 finished: toPandas at /home/enricolm/Documents/Sprinklr_Airflow/dadosvm/Airflow_Investimento/Scripts/Operators/Raw_Operator.py:60, took 0,106479 s
[2023-09-04T10:03:10.322-0300] {spark_submit.py:491} INFO - 23/09/04 10:03:10 INFO SparkContext: SparkContext is stopping with exitCode 0.
[2023-09-04T10:03:10.339-0300] {spark_submit.py:491} INFO - 23/09/04 10:03:10 INFO SparkUI: Stopped Spark web UI at http://192.168.0.53:4040
[2023-09-04T10:03:10.427-0300] {spark_submit.py:491} INFO - 23/09/04 10:03:10 INFO MapOutputTrackerMasterEndpoint: MapOutputTrackerMasterEndpoint stopped!
[2023-09-04T10:03:10.448-0300] {spark_submit.py:491} INFO - 23/09/04 10:03:10 INFO MemoryStore: MemoryStore cleared
[2023-09-04T10:03:10.449-0300] {spark_submit.py:491} INFO - 23/09/04 10:03:10 INFO BlockManager: BlockManager stopped
[2023-09-04T10:03:10.464-0300] {spark_submit.py:491} INFO - 23/09/04 10:03:10 INFO BlockManagerMaster: BlockManagerMaster stopped
[2023-09-04T10:03:10.477-0300] {spark_submit.py:491} INFO - 23/09/04 10:03:10 INFO OutputCommitCoordinator$OutputCommitCoordinatorEndpoint: OutputCommitCoordinator stopped!
[2023-09-04T10:03:10.508-0300] {spark_submit.py:491} INFO - 23/09/04 10:03:10 INFO SparkContext: Successfully stopped SparkContext
[2023-09-04T10:03:11.386-0300] {spark_submit.py:491} INFO - 23/09/04 10:03:11 INFO ShutdownHookManager: Shutdown hook called
[2023-09-04T10:03:11.387-0300] {spark_submit.py:491} INFO - 23/09/04 10:03:11 INFO ShutdownHookManager: Deleting directory /tmp/spark-ce2a913a-89ac-427b-983f-80cf41e75f54
[2023-09-04T10:03:11.394-0300] {spark_submit.py:491} INFO - 23/09/04 10:03:11 INFO ShutdownHookManager: Deleting directory /tmp/spark-7e20710b-b05f-41ec-a05d-db57210a61e0
[2023-09-04T10:03:11.400-0300] {spark_submit.py:491} INFO - 23/09/04 10:03:11 INFO ShutdownHookManager: Deleting directory /tmp/spark-7e20710b-b05f-41ec-a05d-db57210a61e0/pyspark-7900fcdd-4071-4035-8c4a-6151aa6cd87f
[2023-09-04T10:03:11.475-0300] {taskinstance.py:1345} INFO - Marking task as SUCCESS. dag_id=Investimento_api, task_id=Extracao_Invest, execution_date=20230904T130252, start_date=20230904T130253, end_date=20230904T130311
[2023-09-04T10:03:11.528-0300] {local_task_job_runner.py:225} INFO - Task exited with return code 0
[2023-09-04T10:03:11.562-0300] {taskinstance.py:2653} INFO - 1 downstream tasks scheduled from follow-on schedule check
