[2023-09-04T10:29:24.207-0300] {taskinstance.py:1103} INFO - Dependencies all met for dep_context=non-requeueable deps ti=<TaskInstance: Investimento_api.Extracao_Invest manual__2023-09-04T13:29:22.997613+00:00 [queued]>
[2023-09-04T10:29:24.219-0300] {taskinstance.py:1103} INFO - Dependencies all met for dep_context=requeueable deps ti=<TaskInstance: Investimento_api.Extracao_Invest manual__2023-09-04T13:29:22.997613+00:00 [queued]>
[2023-09-04T10:29:24.220-0300] {taskinstance.py:1308} INFO - Starting attempt 1 of 1
[2023-09-04T10:29:24.252-0300] {taskinstance.py:1327} INFO - Executing <Task(SparkSubmitOperator): Extracao_Invest> on 2023-09-04 13:29:22.997613+00:00
[2023-09-04T10:29:24.258-0300] {standard_task_runner.py:57} INFO - Started process 17625 to run task
[2023-09-04T10:29:24.261-0300] {standard_task_runner.py:84} INFO - Running: ['airflow', 'tasks', 'run', 'Investimento_api', 'Extracao_Invest', 'manual__2023-09-04T13:29:22.997613+00:00', '--job-id', '58', '--raw', '--subdir', 'DAGS_FOLDER/dag.py', '--cfg-path', '/tmp/tmpu9pchfta']
[2023-09-04T10:29:24.264-0300] {standard_task_runner.py:85} INFO - Job 58: Subtask Extracao_Invest
[2023-09-04T10:29:24.355-0300] {task_command.py:410} INFO - Running <TaskInstance: Investimento_api.Extracao_Invest manual__2023-09-04T13:29:22.997613+00:00 [running]> on host VMEnricolm.myguest.virtualbox.org
[2023-09-04T10:29:24.507-0300] {taskinstance.py:1545} INFO - Exporting env vars: AIRFLOW_CTX_DAG_OWNER='airflow' AIRFLOW_CTX_DAG_ID='Investimento_api' AIRFLOW_CTX_TASK_ID='Extracao_Invest' AIRFLOW_CTX_EXECUTION_DATE='2023-09-04T13:29:22.997613+00:00' AIRFLOW_CTX_TRY_NUMBER='1' AIRFLOW_CTX_DAG_RUN_ID='manual__2023-09-04T13:29:22.997613+00:00'
[2023-09-04T10:29:24.534-0300] {base.py:73} INFO - Using connection ID 'spark_default' for task execution.
[2023-09-04T10:29:24.535-0300] {spark_submit.py:340} INFO - Spark-Submit cmd: spark-submit --master local --name Extracao_Invest --queue root.default /home/enricolm/Documents/Sprinklr_Airflow/dadosvm/Airflow_Investimento/Scripts/Operators/Raw_Operator.py
[2023-09-04T10:29:26.917-0300] {spark_submit.py:491} INFO - 23/09/04 10:29:26 WARN Utils: Your hostname, VMEnricolm resolves to a loopback address: 127.0.1.1; using 192.168.0.53 instead (on interface enp0s3)
[2023-09-04T10:29:26.920-0300] {spark_submit.py:491} INFO - 23/09/04 10:29:26 WARN Utils: Set SPARK_LOCAL_IP if you need to bind to another address
[2023-09-04T10:29:28.529-0300] {spark_submit.py:491} INFO - 23/09/04 10:29:28 INFO SparkContext: Running Spark version 3.4.1
[2023-09-04T10:29:28.605-0300] {spark_submit.py:491} INFO - 23/09/04 10:29:28 WARN NativeCodeLoader: Unable to load native-hadoop library for your platform... using builtin-java classes where applicable
[2023-09-04T10:29:28.697-0300] {spark_submit.py:491} INFO - 23/09/04 10:29:28 INFO ResourceUtils: ==============================================================
[2023-09-04T10:29:28.697-0300] {spark_submit.py:491} INFO - 23/09/04 10:29:28 INFO ResourceUtils: No custom resources configured for spark.driver.
[2023-09-04T10:29:28.698-0300] {spark_submit.py:491} INFO - 23/09/04 10:29:28 INFO ResourceUtils: ==============================================================
[2023-09-04T10:29:28.698-0300] {spark_submit.py:491} INFO - 23/09/04 10:29:28 INFO SparkContext: Submitted application: extracao_Finance
[2023-09-04T10:29:28.723-0300] {spark_submit.py:491} INFO - 23/09/04 10:29:28 INFO ResourceProfile: Default ResourceProfile created, executor resources: Map(cores -> name: cores, amount: 1, script: , vendor: , memory -> name: memory, amount: 1024, script: , vendor: , offHeap -> name: offHeap, amount: 0, script: , vendor: ), task resources: Map(cpus -> name: cpus, amount: 1.0)
[2023-09-04T10:29:28.731-0300] {spark_submit.py:491} INFO - 23/09/04 10:29:28 INFO ResourceProfile: Limiting resource is cpu
[2023-09-04T10:29:28.732-0300] {spark_submit.py:491} INFO - 23/09/04 10:29:28 INFO ResourceProfileManager: Added ResourceProfile id: 0
[2023-09-04T10:29:28.803-0300] {spark_submit.py:491} INFO - 23/09/04 10:29:28 INFO SecurityManager: Changing view acls to: enricolm
[2023-09-04T10:29:28.804-0300] {spark_submit.py:491} INFO - 23/09/04 10:29:28 INFO SecurityManager: Changing modify acls to: enricolm
[2023-09-04T10:29:28.805-0300] {spark_submit.py:491} INFO - 23/09/04 10:29:28 INFO SecurityManager: Changing view acls groups to:
[2023-09-04T10:29:28.805-0300] {spark_submit.py:491} INFO - 23/09/04 10:29:28 INFO SecurityManager: Changing modify acls groups to:
[2023-09-04T10:29:28.806-0300] {spark_submit.py:491} INFO - 23/09/04 10:29:28 INFO SecurityManager: SecurityManager: authentication disabled; ui acls disabled; users with view permissions: enricolm; groups with view permissions: EMPTY; users with modify permissions: enricolm; groups with modify permissions: EMPTY
[2023-09-04T10:29:29.117-0300] {spark_submit.py:491} INFO - 23/09/04 10:29:29 INFO Utils: Successfully started service 'sparkDriver' on port 46673.
[2023-09-04T10:29:29.166-0300] {spark_submit.py:491} INFO - 23/09/04 10:29:29 INFO SparkEnv: Registering MapOutputTracker
[2023-09-04T10:29:29.227-0300] {spark_submit.py:491} INFO - 23/09/04 10:29:29 INFO SparkEnv: Registering BlockManagerMaster
[2023-09-04T10:29:29.257-0300] {spark_submit.py:491} INFO - 23/09/04 10:29:29 INFO BlockManagerMasterEndpoint: Using org.apache.spark.storage.DefaultTopologyMapper for getting topology information
[2023-09-04T10:29:29.257-0300] {spark_submit.py:491} INFO - 23/09/04 10:29:29 INFO BlockManagerMasterEndpoint: BlockManagerMasterEndpoint up
[2023-09-04T10:29:29.266-0300] {spark_submit.py:491} INFO - 23/09/04 10:29:29 INFO SparkEnv: Registering BlockManagerMasterHeartbeat
[2023-09-04T10:29:29.317-0300] {spark_submit.py:491} INFO - 23/09/04 10:29:29 INFO DiskBlockManager: Created local directory at /tmp/blockmgr-82479d5e-5962-428b-9150-2f32dcb5009b
[2023-09-04T10:29:29.342-0300] {spark_submit.py:491} INFO - 23/09/04 10:29:29 INFO MemoryStore: MemoryStore started with capacity 434.4 MiB
[2023-09-04T10:29:29.366-0300] {spark_submit.py:491} INFO - 23/09/04 10:29:29 INFO SparkEnv: Registering OutputCommitCoordinator
[2023-09-04T10:29:29.571-0300] {spark_submit.py:491} INFO - 23/09/04 10:29:29 INFO JettyUtils: Start Jetty 0.0.0.0:4040 for SparkUI
[2023-09-04T10:29:29.652-0300] {spark_submit.py:491} INFO - 23/09/04 10:29:29 INFO Utils: Successfully started service 'SparkUI' on port 4040.
[2023-09-04T10:29:29.796-0300] {spark_submit.py:491} INFO - 23/09/04 10:29:29 INFO Executor: Starting executor ID driver on host 192.168.0.53
[2023-09-04T10:29:29.804-0300] {spark_submit.py:491} INFO - 23/09/04 10:29:29 INFO Executor: Starting executor with user classpath (userClassPathFirst = false): ''
[2023-09-04T10:29:29.841-0300] {spark_submit.py:491} INFO - 23/09/04 10:29:29 INFO Utils: Successfully started service 'org.apache.spark.network.netty.NettyBlockTransferService' on port 46455.
[2023-09-04T10:29:29.842-0300] {spark_submit.py:491} INFO - 23/09/04 10:29:29 INFO NettyBlockTransferService: Server created on 192.168.0.53:46455
[2023-09-04T10:29:29.843-0300] {spark_submit.py:491} INFO - 23/09/04 10:29:29 INFO BlockManager: Using org.apache.spark.storage.RandomBlockReplicationPolicy for block replication policy
[2023-09-04T10:29:29.852-0300] {spark_submit.py:491} INFO - 23/09/04 10:29:29 INFO BlockManagerMaster: Registering BlockManager BlockManagerId(driver, 192.168.0.53, 46455, None)
[2023-09-04T10:29:29.856-0300] {spark_submit.py:491} INFO - 23/09/04 10:29:29 INFO BlockManagerMasterEndpoint: Registering block manager 192.168.0.53:46455 with 434.4 MiB RAM, BlockManagerId(driver, 192.168.0.53, 46455, None)
[2023-09-04T10:29:29.860-0300] {spark_submit.py:491} INFO - 23/09/04 10:29:29 INFO BlockManagerMaster: Registered BlockManager BlockManagerId(driver, 192.168.0.53, 46455, None)
[2023-09-04T10:29:29.862-0300] {spark_submit.py:491} INFO - 23/09/04 10:29:29 INFO BlockManager: Initialized BlockManager: BlockManagerId(driver, 192.168.0.53, 46455, None)
[2023-09-04T10:29:30.489-0300] {spark_submit.py:491} INFO - Criando pasta
[2023-09-04T10:29:32.854-0300] {spark_submit.py:491} INFO - AAPL: No price data found, symbol may be delisted (1d 2023-09-01 -> 2023-09-01)
[2023-09-04T10:29:32.854-0300] {spark_submit.py:491} INFO - No price data found for the given date range.
[2023-09-04T10:29:32.855-0300] {spark_submit.py:491} INFO - Nothing to Add
[2023-09-04T10:29:32.855-0300] {spark_submit.py:491} INFO - 23/09/04 10:29:32 INFO SparkContext: SparkContext is stopping with exitCode 0.
[2023-09-04T10:29:32.875-0300] {spark_submit.py:491} INFO - 23/09/04 10:29:32 INFO SparkUI: Stopped Spark web UI at http://192.168.0.53:4040
[2023-09-04T10:29:32.904-0300] {spark_submit.py:491} INFO - 23/09/04 10:29:32 INFO MapOutputTrackerMasterEndpoint: MapOutputTrackerMasterEndpoint stopped!
[2023-09-04T10:29:32.941-0300] {spark_submit.py:491} INFO - 23/09/04 10:29:32 INFO MemoryStore: MemoryStore cleared
[2023-09-04T10:29:32.941-0300] {spark_submit.py:491} INFO - 23/09/04 10:29:32 INFO BlockManager: BlockManager stopped
[2023-09-04T10:29:32.952-0300] {spark_submit.py:491} INFO - 23/09/04 10:29:32 INFO BlockManagerMaster: BlockManagerMaster stopped
[2023-09-04T10:29:32.972-0300] {spark_submit.py:491} INFO - 23/09/04 10:29:32 INFO OutputCommitCoordinator$OutputCommitCoordinatorEndpoint: OutputCommitCoordinator stopped!
[2023-09-04T10:29:32.986-0300] {spark_submit.py:491} INFO - 23/09/04 10:29:32 INFO SparkContext: Successfully stopped SparkContext
[2023-09-04T10:29:33.430-0300] {spark_submit.py:491} INFO - 23/09/04 10:29:33 INFO ShutdownHookManager: Shutdown hook called
[2023-09-04T10:29:33.431-0300] {spark_submit.py:491} INFO - 23/09/04 10:29:33 INFO ShutdownHookManager: Deleting directory /tmp/spark-2cc0935e-cc8b-4cc4-8b48-2d286be770c9
[2023-09-04T10:29:33.438-0300] {spark_submit.py:491} INFO - 23/09/04 10:29:33 INFO ShutdownHookManager: Deleting directory /tmp/spark-2cc0935e-cc8b-4cc4-8b48-2d286be770c9/pyspark-4a7c253c-b036-436c-8cad-360c055e17c5
[2023-09-04T10:29:33.443-0300] {spark_submit.py:491} INFO - 23/09/04 10:29:33 INFO ShutdownHookManager: Deleting directory /tmp/spark-9a7ca596-5ee5-4484-b85b-f39719dc8286
[2023-09-04T10:29:33.513-0300] {taskinstance.py:1345} INFO - Marking task as SUCCESS. dag_id=Investimento_api, task_id=Extracao_Invest, execution_date=20230904T132922, start_date=20230904T132924, end_date=20230904T132933
[2023-09-04T10:29:33.587-0300] {local_task_job_runner.py:225} INFO - Task exited with return code 0
[2023-09-04T10:29:33.617-0300] {taskinstance.py:2653} INFO - 1 downstream tasks scheduled from follow-on schedule check
