[2023-09-04T20:16:15.271-0300] {taskinstance.py:1103} INFO - Dependencies all met for dep_context=non-requeueable deps ti=<TaskInstance: Investimento_api_crypto.Extracao_Invest_crypto manual__2023-09-04T23:15:54.199477+00:00 [queued]>
[2023-09-04T20:16:15.302-0300] {taskinstance.py:1103} INFO - Dependencies all met for dep_context=requeueable deps ti=<TaskInstance: Investimento_api_crypto.Extracao_Invest_crypto manual__2023-09-04T23:15:54.199477+00:00 [queued]>
[2023-09-04T20:16:15.302-0300] {taskinstance.py:1308} INFO - Starting attempt 1 of 1
[2023-09-04T20:16:15.350-0300] {taskinstance.py:1327} INFO - Executing <Task(SparkSubmitOperator): Extracao_Invest_crypto> on 2023-09-04 23:15:54.199477+00:00
[2023-09-04T20:16:15.354-0300] {standard_task_runner.py:57} INFO - Started process 60900 to run task
[2023-09-04T20:16:15.400-0300] {standard_task_runner.py:84} INFO - Running: ['airflow', 'tasks', 'run', 'Investimento_api_crypto', 'Extracao_Invest_crypto', 'manual__2023-09-04T23:15:54.199477+00:00', '--job-id', '92', '--raw', '--subdir', 'DAGS_FOLDER/dag_crypto.py', '--cfg-path', '/tmp/tmp0ksi65b7']
[2023-09-04T20:16:15.402-0300] {standard_task_runner.py:85} INFO - Job 92: Subtask Extracao_Invest_crypto
[2023-09-04T20:16:15.501-0300] {task_command.py:410} INFO - Running <TaskInstance: Investimento_api_crypto.Extracao_Invest_crypto manual__2023-09-04T23:15:54.199477+00:00 [running]> on host VMEnricolm.myguest.virtualbox.org
[2023-09-04T20:16:15.829-0300] {taskinstance.py:1545} INFO - Exporting env vars: AIRFLOW_CTX_DAG_OWNER='airflow' AIRFLOW_CTX_DAG_ID='Investimento_api_crypto' AIRFLOW_CTX_TASK_ID='Extracao_Invest_crypto' AIRFLOW_CTX_EXECUTION_DATE='2023-09-04T23:15:54.199477+00:00' AIRFLOW_CTX_TRY_NUMBER='1' AIRFLOW_CTX_DAG_RUN_ID='manual__2023-09-04T23:15:54.199477+00:00'
[2023-09-04T20:16:15.848-0300] {base.py:73} INFO - Using connection ID 'spark_default' for task execution.
[2023-09-04T20:16:15.851-0300] {spark_submit.py:340} INFO - Spark-Submit cmd: spark-submit --master local --name Extracao_Invest_crypto --queue root.default /home/enricolm/Documents/Sprinklr_Airflow/dadosvm/Airflow_Investimento/Scripts/Operators/Raw_Operators_crypto.py
[2023-09-04T20:16:18.899-0300] {spark_submit.py:491} INFO - 23/09/04 20:16:18 WARN Utils: Your hostname, VMEnricolm resolves to a loopback address: 127.0.1.1; using 192.168.0.53 instead (on interface enp0s3)
[2023-09-04T20:16:18.904-0300] {spark_submit.py:491} INFO - 23/09/04 20:16:18 WARN Utils: Set SPARK_LOCAL_IP if you need to bind to another address
[2023-09-04T20:16:21.168-0300] {spark_submit.py:491} INFO - 23/09/04 20:16:21 INFO SparkContext: Running Spark version 3.4.1
[2023-09-04T20:16:21.245-0300] {spark_submit.py:491} INFO - 23/09/04 20:16:21 WARN NativeCodeLoader: Unable to load native-hadoop library for your platform... using builtin-java classes where applicable
[2023-09-04T20:16:21.376-0300] {spark_submit.py:491} INFO - 23/09/04 20:16:21 INFO ResourceUtils: ==============================================================
[2023-09-04T20:16:21.376-0300] {spark_submit.py:491} INFO - 23/09/04 20:16:21 INFO ResourceUtils: No custom resources configured for spark.driver.
[2023-09-04T20:16:21.376-0300] {spark_submit.py:491} INFO - 23/09/04 20:16:21 INFO ResourceUtils: ==============================================================
[2023-09-04T20:16:21.377-0300] {spark_submit.py:491} INFO - 23/09/04 20:16:21 INFO SparkContext: Submitted application: extracao_Finance
[2023-09-04T20:16:21.399-0300] {spark_submit.py:491} INFO - 23/09/04 20:16:21 INFO ResourceProfile: Default ResourceProfile created, executor resources: Map(cores -> name: cores, amount: 1, script: , vendor: , memory -> name: memory, amount: 1024, script: , vendor: , offHeap -> name: offHeap, amount: 0, script: , vendor: ), task resources: Map(cpus -> name: cpus, amount: 1.0)
[2023-09-04T20:16:21.403-0300] {spark_submit.py:491} INFO - 23/09/04 20:16:21 INFO ResourceProfile: Limiting resource is cpu
[2023-09-04T20:16:21.404-0300] {spark_submit.py:491} INFO - 23/09/04 20:16:21 INFO ResourceProfileManager: Added ResourceProfile id: 0
[2023-09-04T20:16:21.490-0300] {spark_submit.py:491} INFO - 23/09/04 20:16:21 INFO SecurityManager: Changing view acls to: enricolm
[2023-09-04T20:16:21.490-0300] {spark_submit.py:491} INFO - 23/09/04 20:16:21 INFO SecurityManager: Changing modify acls to: enricolm
[2023-09-04T20:16:21.493-0300] {spark_submit.py:491} INFO - 23/09/04 20:16:21 INFO SecurityManager: Changing view acls groups to:
[2023-09-04T20:16:21.494-0300] {spark_submit.py:491} INFO - 23/09/04 20:16:21 INFO SecurityManager: Changing modify acls groups to:
[2023-09-04T20:16:21.495-0300] {spark_submit.py:491} INFO - 23/09/04 20:16:21 INFO SecurityManager: SecurityManager: authentication disabled; ui acls disabled; users with view permissions: enricolm; groups with view permissions: EMPTY; users with modify permissions: enricolm; groups with modify permissions: EMPTY
[2023-09-04T20:16:22.040-0300] {spark_submit.py:491} INFO - 23/09/04 20:16:22 INFO Utils: Successfully started service 'sparkDriver' on port 44173.
[2023-09-04T20:16:22.262-0300] {spark_submit.py:491} INFO - 23/09/04 20:16:22 INFO SparkEnv: Registering MapOutputTracker
[2023-09-04T20:16:22.340-0300] {spark_submit.py:491} INFO - 23/09/04 20:16:22 INFO SparkEnv: Registering BlockManagerMaster
[2023-09-04T20:16:22.384-0300] {spark_submit.py:491} INFO - 23/09/04 20:16:22 INFO BlockManagerMasterEndpoint: Using org.apache.spark.storage.DefaultTopologyMapper for getting topology information
[2023-09-04T20:16:22.401-0300] {spark_submit.py:491} INFO - 23/09/04 20:16:22 INFO BlockManagerMasterEndpoint: BlockManagerMasterEndpoint up
[2023-09-04T20:16:22.413-0300] {spark_submit.py:491} INFO - 23/09/04 20:16:22 INFO SparkEnv: Registering BlockManagerMasterHeartbeat
[2023-09-04T20:16:22.443-0300] {spark_submit.py:491} INFO - 23/09/04 20:16:22 INFO DiskBlockManager: Created local directory at /tmp/blockmgr-edd2be5f-892d-41ce-ad70-c7ec2dc31d7b
[2023-09-04T20:16:22.485-0300] {spark_submit.py:491} INFO - 23/09/04 20:16:22 INFO MemoryStore: MemoryStore started with capacity 434.4 MiB
[2023-09-04T20:16:22.519-0300] {spark_submit.py:491} INFO - 23/09/04 20:16:22 INFO SparkEnv: Registering OutputCommitCoordinator
[2023-09-04T20:16:22.748-0300] {spark_submit.py:491} INFO - 23/09/04 20:16:22 INFO JettyUtils: Start Jetty 0.0.0.0:4040 for SparkUI
[2023-09-04T20:16:22.968-0300] {spark_submit.py:491} INFO - 23/09/04 20:16:22 INFO Utils: Successfully started service 'SparkUI' on port 4040.
[2023-09-04T20:16:23.240-0300] {spark_submit.py:491} INFO - 23/09/04 20:16:23 INFO Executor: Starting executor ID driver on host 192.168.0.53
[2023-09-04T20:16:23.257-0300] {spark_submit.py:491} INFO - 23/09/04 20:16:23 INFO Executor: Starting executor with user classpath (userClassPathFirst = false): ''
[2023-09-04T20:16:23.309-0300] {spark_submit.py:491} INFO - 23/09/04 20:16:23 INFO Utils: Successfully started service 'org.apache.spark.network.netty.NettyBlockTransferService' on port 33841.
[2023-09-04T20:16:23.310-0300] {spark_submit.py:491} INFO - 23/09/04 20:16:23 INFO NettyBlockTransferService: Server created on 192.168.0.53:33841
[2023-09-04T20:16:23.312-0300] {spark_submit.py:491} INFO - 23/09/04 20:16:23 INFO BlockManager: Using org.apache.spark.storage.RandomBlockReplicationPolicy for block replication policy
[2023-09-04T20:16:23.327-0300] {spark_submit.py:491} INFO - 23/09/04 20:16:23 INFO BlockManagerMaster: Registering BlockManager BlockManagerId(driver, 192.168.0.53, 33841, None)
[2023-09-04T20:16:23.332-0300] {spark_submit.py:491} INFO - 23/09/04 20:16:23 INFO BlockManagerMasterEndpoint: Registering block manager 192.168.0.53:33841 with 434.4 MiB RAM, BlockManagerId(driver, 192.168.0.53, 33841, None)
[2023-09-04T20:16:23.341-0300] {spark_submit.py:491} INFO - 23/09/04 20:16:23 INFO BlockManagerMaster: Registered BlockManager BlockManagerId(driver, 192.168.0.53, 33841, None)
[2023-09-04T20:16:23.341-0300] {spark_submit.py:491} INFO - 23/09/04 20:16:23 INFO BlockManager: Initialized BlockManager: BlockManagerId(driver, 192.168.0.53, 33841, None)
[2023-09-04T20:16:23.946-0300] {spark_submit.py:491} INFO - Criando pasta
[2023-09-04T20:16:26.435-0300] {spark_submit.py:491} INFO - 23/09/04 20:16:26 INFO SharedState: Setting hive.metastore.warehouse.dir ('null') to the value of spark.sql.warehouse.dir.
[2023-09-04T20:16:26.445-0300] {spark_submit.py:491} INFO - 23/09/04 20:16:26 INFO SharedState: Warehouse path is 'file:/home/enricolm/Documents/Sprinklr_Airflow/dadosvm/Airflow_Investimento/spark-warehouse'.
[2023-09-04T20:16:31.078-0300] {spark_submit.py:491} INFO - 23/09/04 20:16:31 INFO HashAggregateExec: spark.sql.codegen.aggregate.map.twolevel.enabled is set to true, but current version of codegened fast hashmap does not support this aggregate.
[2023-09-04T20:16:31.567-0300] {spark_submit.py:491} INFO - 23/09/04 20:16:31 INFO CodeGenerator: Code generated in 380.069704 ms
[2023-09-04T20:16:31.734-0300] {spark_submit.py:491} INFO - 23/09/04 20:16:31 INFO DAGScheduler: Registering RDD 6 (isEmpty at NativeMethodAccessorImpl.java:0) as input to shuffle 0
[2023-09-04T20:16:31.771-0300] {spark_submit.py:491} INFO - 23/09/04 20:16:31 INFO DAGScheduler: Got map stage job 0 (isEmpty at NativeMethodAccessorImpl.java:0) with 1 output partitions
[2023-09-04T20:16:31.771-0300] {spark_submit.py:491} INFO - 23/09/04 20:16:31 INFO DAGScheduler: Final stage: ShuffleMapStage 0 (isEmpty at NativeMethodAccessorImpl.java:0)
[2023-09-04T20:16:31.772-0300] {spark_submit.py:491} INFO - 23/09/04 20:16:31 INFO DAGScheduler: Parents of final stage: List()
[2023-09-04T20:16:31.774-0300] {spark_submit.py:491} INFO - 23/09/04 20:16:31 INFO DAGScheduler: Missing parents: List()
[2023-09-04T20:16:31.801-0300] {spark_submit.py:491} INFO - 23/09/04 20:16:31 INFO DAGScheduler: Submitting ShuffleMapStage 0 (MapPartitionsRDD[6] at isEmpty at NativeMethodAccessorImpl.java:0), which has no missing parents
[2023-09-04T20:16:31.946-0300] {spark_submit.py:491} INFO - 23/09/04 20:16:31 INFO MemoryStore: Block broadcast_0 stored as values in memory (estimated size 30.6 KiB, free 434.4 MiB)
[2023-09-04T20:16:31.993-0300] {spark_submit.py:491} INFO - 23/09/04 20:16:31 INFO MemoryStore: Block broadcast_0_piece0 stored as bytes in memory (estimated size 14.2 KiB, free 434.4 MiB)
[2023-09-04T20:16:31.998-0300] {spark_submit.py:491} INFO - 23/09/04 20:16:31 INFO BlockManagerInfo: Added broadcast_0_piece0 in memory on 192.168.0.53:33841 (size: 14.2 KiB, free: 434.4 MiB)
[2023-09-04T20:16:32.006-0300] {spark_submit.py:491} INFO - 23/09/04 20:16:32 INFO SparkContext: Created broadcast 0 from broadcast at DAGScheduler.scala:1535
[2023-09-04T20:16:32.027-0300] {spark_submit.py:491} INFO - 23/09/04 20:16:32 INFO DAGScheduler: Submitting 1 missing tasks from ShuffleMapStage 0 (MapPartitionsRDD[6] at isEmpty at NativeMethodAccessorImpl.java:0) (first 15 tasks are for partitions Vector(0))
[2023-09-04T20:16:32.030-0300] {spark_submit.py:491} INFO - 23/09/04 20:16:32 INFO TaskSchedulerImpl: Adding task set 0.0 with 1 tasks resource profile 0
[2023-09-04T20:16:32.105-0300] {spark_submit.py:491} INFO - 23/09/04 20:16:32 INFO TaskSetManager: Starting task 0.0 in stage 0.0 (TID 0) (192.168.0.53, executor driver, partition 0, PROCESS_LOCAL, 20208 bytes)
[2023-09-04T20:16:32.184-0300] {spark_submit.py:491} INFO - 23/09/04 20:16:32 INFO Executor: Running task 0.0 in stage 0.0 (TID 0)
[2023-09-04T20:16:33.073-0300] {spark_submit.py:491} INFO - 23/09/04 20:16:33 INFO CodeGenerator: Code generated in 16.843533 ms
[2023-09-04T20:16:33.095-0300] {spark_submit.py:491} INFO - 23/09/04 20:16:33 INFO CodeGenerator: Code generated in 7.237291 ms
[2023-09-04T20:16:33.116-0300] {spark_submit.py:491} INFO - 23/09/04 20:16:33 INFO CodeGenerator: Code generated in 9.243424 ms
[2023-09-04T20:16:33.175-0300] {spark_submit.py:491} INFO - 23/09/04 20:16:33 INFO PythonRunner: Times: total = 753, boot = 631, init = 118, finish = 4
[2023-09-04T20:16:33.295-0300] {spark_submit.py:491} INFO - 23/09/04 20:16:33 INFO Executor: Finished task 0.0 in stage 0.0 (TID 0). 3014 bytes result sent to driver
[2023-09-04T20:16:33.321-0300] {spark_submit.py:491} INFO - 23/09/04 20:16:33 INFO TaskSetManager: Finished task 0.0 in stage 0.0 (TID 0) in 1233 ms on 192.168.0.53 (executor driver) (1/1)
[2023-09-04T20:16:33.328-0300] {spark_submit.py:491} INFO - 23/09/04 20:16:33 INFO TaskSchedulerImpl: Removed TaskSet 0.0, whose tasks have all completed, from pool
[2023-09-04T20:16:33.333-0300] {spark_submit.py:491} INFO - 23/09/04 20:16:33 INFO PythonAccumulatorV2: Connected to AccumulatorServer at host: 127.0.0.1 port: 35825
[2023-09-04T20:16:33.356-0300] {spark_submit.py:491} INFO - 23/09/04 20:16:33 INFO DAGScheduler: ShuffleMapStage 0 (isEmpty at NativeMethodAccessorImpl.java:0) finished in 1,521 s
[2023-09-04T20:16:33.361-0300] {spark_submit.py:491} INFO - 23/09/04 20:16:33 INFO DAGScheduler: looking for newly runnable stages
[2023-09-04T20:16:33.362-0300] {spark_submit.py:491} INFO - 23/09/04 20:16:33 INFO DAGScheduler: running: HashSet()
[2023-09-04T20:16:33.362-0300] {spark_submit.py:491} INFO - 23/09/04 20:16:33 INFO DAGScheduler: waiting: HashSet()
[2023-09-04T20:16:33.362-0300] {spark_submit.py:491} INFO - 23/09/04 20:16:33 INFO DAGScheduler: failed: HashSet()
[2023-09-04T20:16:33.426-0300] {spark_submit.py:491} INFO - 23/09/04 20:16:33 INFO ShufflePartitionsUtil: For shuffle(0), advisory target size: 67108864, actual target size 1048576, minimum partition size: 1048576
[2023-09-04T20:16:33.523-0300] {spark_submit.py:491} INFO - 23/09/04 20:16:33 INFO HashAggregateExec: spark.sql.codegen.aggregate.map.twolevel.enabled is set to true, but current version of codegened fast hashmap does not support this aggregate.
[2023-09-04T20:16:33.574-0300] {spark_submit.py:491} INFO - 23/09/04 20:16:33 INFO CodeGenerator: Code generated in 44.674411 ms
[2023-09-04T20:16:33.640-0300] {spark_submit.py:491} INFO - 23/09/04 20:16:33 INFO SparkContext: Starting job: isEmpty at NativeMethodAccessorImpl.java:0
[2023-09-04T20:16:33.644-0300] {spark_submit.py:491} INFO - 23/09/04 20:16:33 INFO DAGScheduler: Got job 1 (isEmpty at NativeMethodAccessorImpl.java:0) with 1 output partitions
[2023-09-04T20:16:33.645-0300] {spark_submit.py:491} INFO - 23/09/04 20:16:33 INFO DAGScheduler: Final stage: ResultStage 2 (isEmpty at NativeMethodAccessorImpl.java:0)
[2023-09-04T20:16:33.645-0300] {spark_submit.py:491} INFO - 23/09/04 20:16:33 INFO DAGScheduler: Parents of final stage: List(ShuffleMapStage 1)
[2023-09-04T20:16:33.645-0300] {spark_submit.py:491} INFO - 23/09/04 20:16:33 INFO DAGScheduler: Missing parents: List()
[2023-09-04T20:16:33.649-0300] {spark_submit.py:491} INFO - 23/09/04 20:16:33 INFO DAGScheduler: Submitting ResultStage 2 (MapPartitionsRDD[9] at isEmpty at NativeMethodAccessorImpl.java:0), which has no missing parents
[2023-09-04T20:16:33.682-0300] {spark_submit.py:491} INFO - 23/09/04 20:16:33 INFO MemoryStore: Block broadcast_1 stored as values in memory (estimated size 33.5 KiB, free 434.3 MiB)
[2023-09-04T20:16:33.686-0300] {spark_submit.py:491} INFO - 23/09/04 20:16:33 INFO MemoryStore: Block broadcast_1_piece0 stored as bytes in memory (estimated size 15.8 KiB, free 434.3 MiB)
[2023-09-04T20:16:33.691-0300] {spark_submit.py:491} INFO - 23/09/04 20:16:33 INFO BlockManagerInfo: Added broadcast_1_piece0 in memory on 192.168.0.53:33841 (size: 15.8 KiB, free: 434.4 MiB)
[2023-09-04T20:16:33.693-0300] {spark_submit.py:491} INFO - 23/09/04 20:16:33 INFO SparkContext: Created broadcast 1 from broadcast at DAGScheduler.scala:1535
[2023-09-04T20:16:33.696-0300] {spark_submit.py:491} INFO - 23/09/04 20:16:33 INFO DAGScheduler: Submitting 1 missing tasks from ResultStage 2 (MapPartitionsRDD[9] at isEmpty at NativeMethodAccessorImpl.java:0) (first 15 tasks are for partitions Vector(0))
[2023-09-04T20:16:33.696-0300] {spark_submit.py:491} INFO - 23/09/04 20:16:33 INFO TaskSchedulerImpl: Adding task set 2.0 with 1 tasks resource profile 0
[2023-09-04T20:16:33.704-0300] {spark_submit.py:491} INFO - 23/09/04 20:16:33 INFO TaskSetManager: Starting task 0.0 in stage 2.0 (TID 1) (192.168.0.53, executor driver, partition 0, NODE_LOCAL, 7437 bytes)
[2023-09-04T20:16:33.704-0300] {spark_submit.py:491} INFO - 23/09/04 20:16:33 INFO Executor: Running task 0.0 in stage 2.0 (TID 1)
[2023-09-04T20:16:33.796-0300] {spark_submit.py:491} INFO - 23/09/04 20:16:33 INFO ShuffleBlockFetcherIterator: Getting 1 (11.8 KiB) non-empty blocks including 1 (11.8 KiB) local and 0 (0.0 B) host-local and 0 (0.0 B) push-merged-local and 0 (0.0 B) remote blocks
[2023-09-04T20:16:33.801-0300] {spark_submit.py:491} INFO - 23/09/04 20:16:33 INFO ShuffleBlockFetcherIterator: Started 0 remote fetches in 15 ms
[2023-09-04T20:16:33.946-0300] {spark_submit.py:491} INFO - 23/09/04 20:16:33 INFO Executor: Finished task 0.0 in stage 2.0 (TID 1). 5358 bytes result sent to driver
[2023-09-04T20:16:34.005-0300] {spark_submit.py:491} INFO - 23/09/04 20:16:34 INFO TaskSetManager: Finished task 0.0 in stage 2.0 (TID 1) in 303 ms on 192.168.0.53 (executor driver) (1/1)
[2023-09-04T20:16:34.006-0300] {spark_submit.py:491} INFO - 23/09/04 20:16:34 INFO TaskSchedulerImpl: Removed TaskSet 2.0, whose tasks have all completed, from pool
[2023-09-04T20:16:34.010-0300] {spark_submit.py:491} INFO - 23/09/04 20:16:34 INFO DAGScheduler: ResultStage 2 (isEmpty at NativeMethodAccessorImpl.java:0) finished in 0,340 s
[2023-09-04T20:16:34.013-0300] {spark_submit.py:491} INFO - 23/09/04 20:16:34 INFO DAGScheduler: Job 1 is finished. Cancelling potential speculative or zombie tasks for this job
[2023-09-04T20:16:34.014-0300] {spark_submit.py:491} INFO - 23/09/04 20:16:34 INFO TaskSchedulerImpl: Killing all running tasks in stage 2: Stage finished
[2023-09-04T20:16:34.029-0300] {spark_submit.py:491} INFO - 23/09/04 20:16:34 INFO DAGScheduler: Job 1 finished: isEmpty at NativeMethodAccessorImpl.java:0, took 0,387831 s
[2023-09-04T20:16:34.073-0300] {spark_submit.py:491} INFO - 23/09/04 20:16:34 INFO BlockManagerInfo: Removed broadcast_0_piece0 on 192.168.0.53:33841 in memory (size: 14.2 KiB, free: 434.4 MiB)
[2023-09-04T20:16:34.290-0300] {spark_submit.py:491} INFO - 23/09/04 20:16:34 INFO CodeGenerator: Code generated in 75.785434 ms
[2023-09-04T20:16:34.306-0300] {spark_submit.py:491} INFO - 23/09/04 20:16:34 INFO DAGScheduler: Registering RDD 11 (toPandas at /home/enricolm/Documents/Sprinklr_Airflow/dadosvm/Airflow_Investimento/Scripts/Operators/Raw_Operators_crypto.py:60) as input to shuffle 1
[2023-09-04T20:16:34.307-0300] {spark_submit.py:491} INFO - 23/09/04 20:16:34 INFO DAGScheduler: Got map stage job 2 (toPandas at /home/enricolm/Documents/Sprinklr_Airflow/dadosvm/Airflow_Investimento/Scripts/Operators/Raw_Operators_crypto.py:60) with 1 output partitions
[2023-09-04T20:16:34.307-0300] {spark_submit.py:491} INFO - 23/09/04 20:16:34 INFO DAGScheduler: Final stage: ShuffleMapStage 3 (toPandas at /home/enricolm/Documents/Sprinklr_Airflow/dadosvm/Airflow_Investimento/Scripts/Operators/Raw_Operators_crypto.py:60)
[2023-09-04T20:16:34.307-0300] {spark_submit.py:491} INFO - 23/09/04 20:16:34 INFO DAGScheduler: Parents of final stage: List()
[2023-09-04T20:16:34.307-0300] {spark_submit.py:491} INFO - 23/09/04 20:16:34 INFO DAGScheduler: Missing parents: List()
[2023-09-04T20:16:34.324-0300] {spark_submit.py:491} INFO - 23/09/04 20:16:34 INFO DAGScheduler: Submitting ShuffleMapStage 3 (MapPartitionsRDD[11] at toPandas at /home/enricolm/Documents/Sprinklr_Airflow/dadosvm/Airflow_Investimento/Scripts/Operators/Raw_Operators_crypto.py:60), which has no missing parents
[2023-09-04T20:16:34.339-0300] {spark_submit.py:491} INFO - 23/09/04 20:16:34 INFO MemoryStore: Block broadcast_2 stored as values in memory (estimated size 53.3 KiB, free 434.3 MiB)
[2023-09-04T20:16:34.410-0300] {spark_submit.py:491} INFO - 23/09/04 20:16:34 INFO MemoryStore: Block broadcast_2_piece0 stored as bytes in memory (estimated size 21.9 KiB, free 434.3 MiB)
[2023-09-04T20:16:34.413-0300] {spark_submit.py:491} INFO - 23/09/04 20:16:34 INFO BlockManagerInfo: Added broadcast_2_piece0 in memory on 192.168.0.53:33841 (size: 21.9 KiB, free: 434.4 MiB)
[2023-09-04T20:16:34.414-0300] {spark_submit.py:491} INFO - 23/09/04 20:16:34 INFO BlockManagerInfo: Removed broadcast_1_piece0 on 192.168.0.53:33841 in memory (size: 15.8 KiB, free: 434.4 MiB)
[2023-09-04T20:16:34.415-0300] {spark_submit.py:491} INFO - 23/09/04 20:16:34 INFO SparkContext: Created broadcast 2 from broadcast at DAGScheduler.scala:1535
[2023-09-04T20:16:34.417-0300] {spark_submit.py:491} INFO - 23/09/04 20:16:34 INFO DAGScheduler: Submitting 1 missing tasks from ShuffleMapStage 3 (MapPartitionsRDD[11] at toPandas at /home/enricolm/Documents/Sprinklr_Airflow/dadosvm/Airflow_Investimento/Scripts/Operators/Raw_Operators_crypto.py:60) (first 15 tasks are for partitions Vector(0))
[2023-09-04T20:16:34.417-0300] {spark_submit.py:491} INFO - 23/09/04 20:16:34 INFO TaskSchedulerImpl: Adding task set 3.0 with 1 tasks resource profile 0
[2023-09-04T20:16:34.419-0300] {spark_submit.py:491} INFO - 23/09/04 20:16:34 INFO TaskSetManager: Starting task 0.0 in stage 3.0 (TID 2) (192.168.0.53, executor driver, partition 0, PROCESS_LOCAL, 20208 bytes)
[2023-09-04T20:16:34.422-0300] {spark_submit.py:491} INFO - 23/09/04 20:16:34 INFO Executor: Running task 0.0 in stage 3.0 (TID 2)
[2023-09-04T20:16:34.541-0300] {spark_submit.py:491} INFO - 23/09/04 20:16:34 INFO CodeGenerator: Code generated in 7.618461 ms
[2023-09-04T20:16:34.592-0300] {spark_submit.py:491} INFO - 23/09/04 20:16:34 INFO CodeGenerator: Code generated in 21.907579 ms
[2023-09-04T20:16:34.704-0300] {spark_submit.py:491} INFO - 23/09/04 20:16:34 INFO PythonRunner: Times: total = 203, boot = -1329, init = 1532, finish = 0
[2023-09-04T20:16:34.775-0300] {spark_submit.py:491} INFO - 23/09/04 20:16:34 INFO Executor: Finished task 0.0 in stage 3.0 (TID 2). 2928 bytes result sent to driver
[2023-09-04T20:16:34.781-0300] {spark_submit.py:491} INFO - 23/09/04 20:16:34 INFO TaskSetManager: Finished task 0.0 in stage 3.0 (TID 2) in 361 ms on 192.168.0.53 (executor driver) (1/1)
[2023-09-04T20:16:34.782-0300] {spark_submit.py:491} INFO - 23/09/04 20:16:34 INFO TaskSchedulerImpl: Removed TaskSet 3.0, whose tasks have all completed, from pool
[2023-09-04T20:16:34.796-0300] {spark_submit.py:491} INFO - 23/09/04 20:16:34 INFO DAGScheduler: ShuffleMapStage 3 (toPandas at /home/enricolm/Documents/Sprinklr_Airflow/dadosvm/Airflow_Investimento/Scripts/Operators/Raw_Operators_crypto.py:60) finished in 0,458 s
[2023-09-04T20:16:34.796-0300] {spark_submit.py:491} INFO - 23/09/04 20:16:34 INFO DAGScheduler: looking for newly runnable stages
[2023-09-04T20:16:34.796-0300] {spark_submit.py:491} INFO - 23/09/04 20:16:34 INFO DAGScheduler: running: HashSet()
[2023-09-04T20:16:34.796-0300] {spark_submit.py:491} INFO - 23/09/04 20:16:34 INFO DAGScheduler: waiting: HashSet()
[2023-09-04T20:16:34.796-0300] {spark_submit.py:491} INFO - 23/09/04 20:16:34 INFO DAGScheduler: failed: HashSet()
[2023-09-04T20:16:34.796-0300] {spark_submit.py:491} INFO - 23/09/04 20:16:34 INFO ShufflePartitionsUtil: For shuffle(1), advisory target size: 67108864, actual target size 1048576, minimum partition size: 1048576
[2023-09-04T20:16:34.813-0300] {spark_submit.py:491} INFO - 23/09/04 20:16:34 INFO HashAggregateExec: spark.sql.codegen.aggregate.map.twolevel.enabled is set to true, but current version of codegened fast hashmap does not support this aggregate.
[2023-09-04T20:16:34.985-0300] {spark_submit.py:491} INFO - 23/09/04 20:16:34 INFO CodeGenerator: Code generated in 105.274808 ms
[2023-09-04T20:16:35.021-0300] {spark_submit.py:491} INFO - 23/09/04 20:16:35 INFO SparkContext: Starting job: toPandas at /home/enricolm/Documents/Sprinklr_Airflow/dadosvm/Airflow_Investimento/Scripts/Operators/Raw_Operators_crypto.py:60
[2023-09-04T20:16:35.023-0300] {spark_submit.py:491} INFO - 23/09/04 20:16:35 INFO DAGScheduler: Got job 3 (toPandas at /home/enricolm/Documents/Sprinklr_Airflow/dadosvm/Airflow_Investimento/Scripts/Operators/Raw_Operators_crypto.py:60) with 1 output partitions
[2023-09-04T20:16:35.023-0300] {spark_submit.py:491} INFO - 23/09/04 20:16:35 INFO DAGScheduler: Final stage: ResultStage 5 (toPandas at /home/enricolm/Documents/Sprinklr_Airflow/dadosvm/Airflow_Investimento/Scripts/Operators/Raw_Operators_crypto.py:60)
[2023-09-04T20:16:35.026-0300] {spark_submit.py:491} INFO - 23/09/04 20:16:35 INFO DAGScheduler: Parents of final stage: List(ShuffleMapStage 4)
[2023-09-04T20:16:35.029-0300] {spark_submit.py:491} INFO - 23/09/04 20:16:35 INFO DAGScheduler: Missing parents: List()
[2023-09-04T20:16:35.049-0300] {spark_submit.py:491} INFO - 23/09/04 20:16:35 INFO DAGScheduler: Submitting ResultStage 5 (MapPartitionsRDD[14] at toPandas at /home/enricolm/Documents/Sprinklr_Airflow/dadosvm/Airflow_Investimento/Scripts/Operators/Raw_Operators_crypto.py:60), which has no missing parents
[2023-09-04T20:16:35.059-0300] {spark_submit.py:491} INFO - 23/09/04 20:16:35 INFO MemoryStore: Block broadcast_3 stored as values in memory (estimated size 59.1 KiB, free 434.3 MiB)
[2023-09-04T20:16:35.103-0300] {spark_submit.py:491} INFO - 23/09/04 20:16:35 INFO MemoryStore: Block broadcast_3_piece0 stored as bytes in memory (estimated size 22.9 KiB, free 434.2 MiB)
[2023-09-04T20:16:35.107-0300] {spark_submit.py:491} INFO - 23/09/04 20:16:35 INFO BlockManagerInfo: Added broadcast_3_piece0 in memory on 192.168.0.53:33841 (size: 22.9 KiB, free: 434.4 MiB)
[2023-09-04T20:16:35.108-0300] {spark_submit.py:491} INFO - 23/09/04 20:16:35 INFO SparkContext: Created broadcast 3 from broadcast at DAGScheduler.scala:1535
[2023-09-04T20:16:35.109-0300] {spark_submit.py:491} INFO - 23/09/04 20:16:35 INFO DAGScheduler: Submitting 1 missing tasks from ResultStage 5 (MapPartitionsRDD[14] at toPandas at /home/enricolm/Documents/Sprinklr_Airflow/dadosvm/Airflow_Investimento/Scripts/Operators/Raw_Operators_crypto.py:60) (first 15 tasks are for partitions Vector(0))
[2023-09-04T20:16:35.110-0300] {spark_submit.py:491} INFO - 23/09/04 20:16:35 INFO TaskSchedulerImpl: Adding task set 5.0 with 1 tasks resource profile 0
[2023-09-04T20:16:35.111-0300] {spark_submit.py:491} INFO - 23/09/04 20:16:35 INFO TaskSetManager: Starting task 0.0 in stage 5.0 (TID 3) (192.168.0.53, executor driver, partition 0, NODE_LOCAL, 7437 bytes)
[2023-09-04T20:16:35.112-0300] {spark_submit.py:491} INFO - 23/09/04 20:16:35 INFO Executor: Running task 0.0 in stage 5.0 (TID 3)
[2023-09-04T20:16:35.123-0300] {spark_submit.py:491} INFO - 23/09/04 20:16:35 INFO ShuffleBlockFetcherIterator: Getting 1 (16.4 KiB) non-empty blocks including 1 (16.4 KiB) local and 0 (0.0 B) host-local and 0 (0.0 B) push-merged-local and 0 (0.0 B) remote blocks
[2023-09-04T20:16:35.129-0300] {spark_submit.py:491} INFO - 23/09/04 20:16:35 INFO BlockManagerInfo: Removed broadcast_2_piece0 on 192.168.0.53:33841 in memory (size: 21.9 KiB, free: 434.4 MiB)
[2023-09-04T20:16:35.130-0300] {spark_submit.py:491} INFO - 23/09/04 20:16:35 INFO ShuffleBlockFetcherIterator: Started 0 remote fetches in 6 ms
[2023-09-04T20:16:35.254-0300] {spark_submit.py:491} INFO - 23/09/04 20:16:35 INFO Executor: Finished task 0.0 in stage 5.0 (TID 3). 9691 bytes result sent to driver
[2023-09-04T20:16:35.265-0300] {spark_submit.py:491} INFO - 23/09/04 20:16:35 INFO TaskSetManager: Finished task 0.0 in stage 5.0 (TID 3) in 154 ms on 192.168.0.53 (executor driver) (1/1)
[2023-09-04T20:16:35.266-0300] {spark_submit.py:491} INFO - 23/09/04 20:16:35 INFO TaskSchedulerImpl: Removed TaskSet 5.0, whose tasks have all completed, from pool
[2023-09-04T20:16:35.270-0300] {spark_submit.py:491} INFO - 23/09/04 20:16:35 INFO DAGScheduler: ResultStage 5 (toPandas at /home/enricolm/Documents/Sprinklr_Airflow/dadosvm/Airflow_Investimento/Scripts/Operators/Raw_Operators_crypto.py:60) finished in 0,221 s
[2023-09-04T20:16:35.270-0300] {spark_submit.py:491} INFO - 23/09/04 20:16:35 INFO DAGScheduler: Job 3 is finished. Cancelling potential speculative or zombie tasks for this job
[2023-09-04T20:16:35.270-0300] {spark_submit.py:491} INFO - 23/09/04 20:16:35 INFO TaskSchedulerImpl: Killing all running tasks in stage 5: Stage finished
[2023-09-04T20:16:35.270-0300] {spark_submit.py:491} INFO - 23/09/04 20:16:35 INFO DAGScheduler: Job 3 finished: toPandas at /home/enricolm/Documents/Sprinklr_Airflow/dadosvm/Airflow_Investimento/Scripts/Operators/Raw_Operators_crypto.py:60, took 0,247825 s
[2023-09-04T20:16:35.381-0300] {spark_submit.py:491} INFO - 23/09/04 20:16:35 INFO SparkContext: SparkContext is stopping with exitCode 0.
[2023-09-04T20:16:35.421-0300] {spark_submit.py:491} INFO - 23/09/04 20:16:35 INFO SparkUI: Stopped Spark web UI at http://192.168.0.53:4040
[2023-09-04T20:16:35.517-0300] {spark_submit.py:491} INFO - 23/09/04 20:16:35 INFO MapOutputTrackerMasterEndpoint: MapOutputTrackerMasterEndpoint stopped!
[2023-09-04T20:16:35.542-0300] {spark_submit.py:491} INFO - 23/09/04 20:16:35 INFO MemoryStore: MemoryStore cleared
[2023-09-04T20:16:35.542-0300] {spark_submit.py:491} INFO - 23/09/04 20:16:35 INFO BlockManager: BlockManager stopped
[2023-09-04T20:16:35.575-0300] {spark_submit.py:491} INFO - 23/09/04 20:16:35 INFO BlockManagerMaster: BlockManagerMaster stopped
[2023-09-04T20:16:35.587-0300] {spark_submit.py:491} INFO - 23/09/04 20:16:35 INFO OutputCommitCoordinator$OutputCommitCoordinatorEndpoint: OutputCommitCoordinator stopped!
[2023-09-04T20:16:35.634-0300] {spark_submit.py:491} INFO - 23/09/04 20:16:35 INFO SparkContext: Successfully stopped SparkContext
[2023-09-04T20:16:36.437-0300] {spark_submit.py:491} INFO - 23/09/04 20:16:36 INFO ShutdownHookManager: Shutdown hook called
[2023-09-04T20:16:36.438-0300] {spark_submit.py:491} INFO - 23/09/04 20:16:36 INFO ShutdownHookManager: Deleting directory /tmp/spark-84e7721b-c9b0-4c87-8a47-2f03c3250dae
[2023-09-04T20:16:36.448-0300] {spark_submit.py:491} INFO - 23/09/04 20:16:36 INFO ShutdownHookManager: Deleting directory /tmp/spark-80a40598-be47-4331-851a-306abd9a2dbe
[2023-09-04T20:16:36.454-0300] {spark_submit.py:491} INFO - 23/09/04 20:16:36 INFO ShutdownHookManager: Deleting directory /tmp/spark-80a40598-be47-4331-851a-306abd9a2dbe/pyspark-386d89f4-4064-4850-869d-4be84a74b760
[2023-09-04T20:16:36.526-0300] {taskinstance.py:1345} INFO - Marking task as SUCCESS. dag_id=Investimento_api_crypto, task_id=Extracao_Invest_crypto, execution_date=20230904T231554, start_date=20230904T231615, end_date=20230904T231636
[2023-09-04T20:16:36.562-0300] {local_task_job_runner.py:225} INFO - Task exited with return code 0
[2023-09-04T20:16:36.599-0300] {taskinstance.py:2653} INFO - 1 downstream tasks scheduled from follow-on schedule check
