[2023-09-04T19:55:37.091-0300] {taskinstance.py:1103} INFO - Dependencies all met for dep_context=non-requeueable deps ti=<TaskInstance: Investimento_api_crypto.Extracao_Invest_crypto manual__2023-09-04T22:55:36.117896+00:00 [queued]>
[2023-09-04T19:55:37.103-0300] {taskinstance.py:1103} INFO - Dependencies all met for dep_context=requeueable deps ti=<TaskInstance: Investimento_api_crypto.Extracao_Invest_crypto manual__2023-09-04T22:55:36.117896+00:00 [queued]>
[2023-09-04T19:55:37.103-0300] {taskinstance.py:1308} INFO - Starting attempt 1 of 1
[2023-09-04T19:55:37.117-0300] {taskinstance.py:1327} INFO - Executing <Task(SparkSubmitOperator): Extracao_Invest_crypto> on 2023-09-04 22:55:36.117896+00:00
[2023-09-04T19:55:37.121-0300] {standard_task_runner.py:57} INFO - Started process 57368 to run task
[2023-09-04T19:55:37.124-0300] {standard_task_runner.py:84} INFO - Running: ['airflow', 'tasks', 'run', 'Investimento_api_crypto', 'Extracao_Invest_crypto', 'manual__2023-09-04T22:55:36.117896+00:00', '--job-id', '85', '--raw', '--subdir', 'DAGS_FOLDER/dag_crypto.py', '--cfg-path', '/tmp/tmpuyvv42ga']
[2023-09-04T19:55:37.125-0300] {standard_task_runner.py:85} INFO - Job 85: Subtask Extracao_Invest_crypto
[2023-09-04T19:55:37.225-0300] {task_command.py:410} INFO - Running <TaskInstance: Investimento_api_crypto.Extracao_Invest_crypto manual__2023-09-04T22:55:36.117896+00:00 [running]> on host VMEnricolm.myguest.virtualbox.org
[2023-09-04T19:55:37.363-0300] {taskinstance.py:1545} INFO - Exporting env vars: AIRFLOW_CTX_DAG_OWNER='airflow' AIRFLOW_CTX_DAG_ID='Investimento_api_crypto' AIRFLOW_CTX_TASK_ID='Extracao_Invest_crypto' AIRFLOW_CTX_EXECUTION_DATE='2023-09-04T22:55:36.117896+00:00' AIRFLOW_CTX_TRY_NUMBER='1' AIRFLOW_CTX_DAG_RUN_ID='manual__2023-09-04T22:55:36.117896+00:00'
[2023-09-04T19:55:37.387-0300] {base.py:73} INFO - Using connection ID 'spark_default' for task execution.
[2023-09-04T19:55:37.388-0300] {spark_submit.py:340} INFO - Spark-Submit cmd: spark-submit --master local --name Extracao_Invest_crypto --queue root.default /home/enricolm/Documents/Sprinklr_Airflow/dadosvm/Airflow_Investimento/Scripts/Operators/Raw_Operators_crypto.py
[2023-09-04T19:55:39.812-0300] {spark_submit.py:491} INFO - 23/09/04 19:55:39 WARN Utils: Your hostname, VMEnricolm resolves to a loopback address: 127.0.1.1; using 192.168.0.53 instead (on interface enp0s3)
[2023-09-04T19:55:39.816-0300] {spark_submit.py:491} INFO - 23/09/04 19:55:39 WARN Utils: Set SPARK_LOCAL_IP if you need to bind to another address
[2023-09-04T19:55:44.458-0300] {spark_submit.py:491} INFO - 23/09/04 19:55:44 INFO SparkContext: Running Spark version 3.4.1
[2023-09-04T19:55:44.793-0300] {spark_submit.py:491} INFO - 23/09/04 19:55:44 WARN NativeCodeLoader: Unable to load native-hadoop library for your platform... using builtin-java classes where applicable
[2023-09-04T19:55:45.122-0300] {spark_submit.py:491} INFO - 23/09/04 19:55:45 INFO ResourceUtils: ==============================================================
[2023-09-04T19:55:45.122-0300] {spark_submit.py:491} INFO - 23/09/04 19:55:45 INFO ResourceUtils: No custom resources configured for spark.driver.
[2023-09-04T19:55:45.123-0300] {spark_submit.py:491} INFO - 23/09/04 19:55:45 INFO ResourceUtils: ==============================================================
[2023-09-04T19:55:45.123-0300] {spark_submit.py:491} INFO - 23/09/04 19:55:45 INFO SparkContext: Submitted application: extracao_Finance
[2023-09-04T19:55:45.234-0300] {spark_submit.py:491} INFO - 23/09/04 19:55:45 INFO ResourceProfile: Default ResourceProfile created, executor resources: Map(cores -> name: cores, amount: 1, script: , vendor: , memory -> name: memory, amount: 1024, script: , vendor: , offHeap -> name: offHeap, amount: 0, script: , vendor: ), task resources: Map(cpus -> name: cpus, amount: 1.0)
[2023-09-04T19:55:45.240-0300] {spark_submit.py:491} INFO - 23/09/04 19:55:45 INFO ResourceProfile: Limiting resource is cpu
[2023-09-04T19:55:45.241-0300] {spark_submit.py:491} INFO - 23/09/04 19:55:45 INFO ResourceProfileManager: Added ResourceProfile id: 0
[2023-09-04T19:55:45.501-0300] {spark_submit.py:491} INFO - 23/09/04 19:55:45 INFO SecurityManager: Changing view acls to: enricolm
[2023-09-04T19:55:45.502-0300] {spark_submit.py:491} INFO - 23/09/04 19:55:45 INFO SecurityManager: Changing modify acls to: enricolm
[2023-09-04T19:55:45.503-0300] {spark_submit.py:491} INFO - 23/09/04 19:55:45 INFO SecurityManager: Changing view acls groups to:
[2023-09-04T19:55:45.504-0300] {spark_submit.py:491} INFO - 23/09/04 19:55:45 INFO SecurityManager: Changing modify acls groups to:
[2023-09-04T19:55:45.504-0300] {spark_submit.py:491} INFO - 23/09/04 19:55:45 INFO SecurityManager: SecurityManager: authentication disabled; ui acls disabled; users with view permissions: enricolm; groups with view permissions: EMPTY; users with modify permissions: enricolm; groups with modify permissions: EMPTY
[2023-09-04T19:55:46.221-0300] {spark_submit.py:491} INFO - 23/09/04 19:55:46 INFO Utils: Successfully started service 'sparkDriver' on port 35971.
[2023-09-04T19:55:46.334-0300] {spark_submit.py:491} INFO - 23/09/04 19:55:46 INFO SparkEnv: Registering MapOutputTracker
[2023-09-04T19:55:46.411-0300] {spark_submit.py:491} INFO - 23/09/04 19:55:46 INFO SparkEnv: Registering BlockManagerMaster
[2023-09-04T19:55:46.472-0300] {spark_submit.py:491} INFO - 23/09/04 19:55:46 INFO BlockManagerMasterEndpoint: Using org.apache.spark.storage.DefaultTopologyMapper for getting topology information
[2023-09-04T19:55:46.474-0300] {spark_submit.py:491} INFO - 23/09/04 19:55:46 INFO BlockManagerMasterEndpoint: BlockManagerMasterEndpoint up
[2023-09-04T19:55:46.494-0300] {spark_submit.py:491} INFO - 23/09/04 19:55:46 INFO SparkEnv: Registering BlockManagerMasterHeartbeat
[2023-09-04T19:55:46.577-0300] {spark_submit.py:491} INFO - 23/09/04 19:55:46 INFO DiskBlockManager: Created local directory at /tmp/blockmgr-7d9dfe36-7123-47ab-b0b8-bfedb3a7b0d1
[2023-09-04T19:55:46.622-0300] {spark_submit.py:491} INFO - 23/09/04 19:55:46 INFO MemoryStore: MemoryStore started with capacity 434.4 MiB
[2023-09-04T19:55:46.649-0300] {spark_submit.py:491} INFO - 23/09/04 19:55:46 INFO SparkEnv: Registering OutputCommitCoordinator
[2023-09-04T19:55:47.153-0300] {spark_submit.py:491} INFO - 23/09/04 19:55:47 INFO JettyUtils: Start Jetty 0.0.0.0:4040 for SparkUI
[2023-09-04T19:55:47.354-0300] {spark_submit.py:491} INFO - 23/09/04 19:55:47 INFO Utils: Successfully started service 'SparkUI' on port 4040.
[2023-09-04T19:55:47.578-0300] {spark_submit.py:491} INFO - 23/09/04 19:55:47 INFO Executor: Starting executor ID driver on host 192.168.0.53
[2023-09-04T19:55:47.591-0300] {spark_submit.py:491} INFO - 23/09/04 19:55:47 INFO Executor: Starting executor with user classpath (userClassPathFirst = false): ''
[2023-09-04T19:55:47.657-0300] {spark_submit.py:491} INFO - 23/09/04 19:55:47 INFO Utils: Successfully started service 'org.apache.spark.network.netty.NettyBlockTransferService' on port 33331.
[2023-09-04T19:55:47.658-0300] {spark_submit.py:491} INFO - 23/09/04 19:55:47 INFO NettyBlockTransferService: Server created on 192.168.0.53:33331
[2023-09-04T19:55:47.661-0300] {spark_submit.py:491} INFO - 23/09/04 19:55:47 INFO BlockManager: Using org.apache.spark.storage.RandomBlockReplicationPolicy for block replication policy
[2023-09-04T19:55:47.673-0300] {spark_submit.py:491} INFO - 23/09/04 19:55:47 INFO BlockManagerMaster: Registering BlockManager BlockManagerId(driver, 192.168.0.53, 33331, None)
[2023-09-04T19:55:47.681-0300] {spark_submit.py:491} INFO - 23/09/04 19:55:47 INFO BlockManagerMasterEndpoint: Registering block manager 192.168.0.53:33331 with 434.4 MiB RAM, BlockManagerId(driver, 192.168.0.53, 33331, None)
[2023-09-04T19:55:47.690-0300] {spark_submit.py:491} INFO - 23/09/04 19:55:47 INFO BlockManagerMaster: Registered BlockManager BlockManagerId(driver, 192.168.0.53, 33331, None)
[2023-09-04T19:55:47.691-0300] {spark_submit.py:491} INFO - 23/09/04 19:55:47 INFO BlockManager: Initialized BlockManager: BlockManagerId(driver, 192.168.0.53, 33331, None)
[2023-09-04T19:55:48.694-0300] {spark_submit.py:491} INFO - Criando pasta
[2023-09-04T19:55:52.393-0300] {spark_submit.py:491} INFO - 23/09/04 19:55:52 INFO SharedState: Setting hive.metastore.warehouse.dir ('null') to the value of spark.sql.warehouse.dir.
[2023-09-04T19:55:52.439-0300] {spark_submit.py:491} INFO - 23/09/04 19:55:52 INFO SharedState: Warehouse path is 'file:/home/enricolm/Documents/Sprinklr_Airflow/dadosvm/Airflow_Investimento/spark-warehouse'.
[2023-09-04T19:55:59.822-0300] {spark_submit.py:491} INFO - 23/09/04 19:55:59 INFO HashAggregateExec: spark.sql.codegen.aggregate.map.twolevel.enabled is set to true, but current version of codegened fast hashmap does not support this aggregate.
[2023-09-04T19:56:01.720-0300] {spark_submit.py:491} INFO - 23/09/04 19:56:01 INFO CodeGenerator: Code generated in 1778.871617 ms
[2023-09-04T19:56:02.091-0300] {spark_submit.py:491} INFO - 23/09/04 19:56:02 INFO DAGScheduler: Registering RDD 6 (isEmpty at NativeMethodAccessorImpl.java:0) as input to shuffle 0
[2023-09-04T19:56:02.131-0300] {spark_submit.py:491} INFO - 23/09/04 19:56:02 INFO DAGScheduler: Got map stage job 0 (isEmpty at NativeMethodAccessorImpl.java:0) with 1 output partitions
[2023-09-04T19:56:02.131-0300] {spark_submit.py:491} INFO - 23/09/04 19:56:02 INFO DAGScheduler: Final stage: ShuffleMapStage 0 (isEmpty at NativeMethodAccessorImpl.java:0)
[2023-09-04T19:56:02.131-0300] {spark_submit.py:491} INFO - 23/09/04 19:56:02 INFO DAGScheduler: Parents of final stage: List()
[2023-09-04T19:56:02.133-0300] {spark_submit.py:491} INFO - 23/09/04 19:56:02 INFO DAGScheduler: Missing parents: List()
[2023-09-04T19:56:02.145-0300] {spark_submit.py:491} INFO - 23/09/04 19:56:02 INFO DAGScheduler: Submitting ShuffleMapStage 0 (MapPartitionsRDD[6] at isEmpty at NativeMethodAccessorImpl.java:0), which has no missing parents
[2023-09-04T19:56:02.484-0300] {spark_submit.py:491} INFO - 23/09/04 19:56:02 INFO MemoryStore: Block broadcast_0 stored as values in memory (estimated size 30.6 KiB, free 434.4 MiB)
[2023-09-04T19:56:02.650-0300] {spark_submit.py:491} INFO - 23/09/04 19:56:02 INFO MemoryStore: Block broadcast_0_piece0 stored as bytes in memory (estimated size 14.2 KiB, free 434.4 MiB)
[2023-09-04T19:56:02.657-0300] {spark_submit.py:491} INFO - 23/09/04 19:56:02 INFO BlockManagerInfo: Added broadcast_0_piece0 in memory on 192.168.0.53:33331 (size: 14.2 KiB, free: 434.4 MiB)
[2023-09-04T19:56:02.662-0300] {spark_submit.py:491} INFO - 23/09/04 19:56:02 INFO SparkContext: Created broadcast 0 from broadcast at DAGScheduler.scala:1535
[2023-09-04T19:56:02.729-0300] {spark_submit.py:491} INFO - 23/09/04 19:56:02 INFO DAGScheduler: Submitting 1 missing tasks from ShuffleMapStage 0 (MapPartitionsRDD[6] at isEmpty at NativeMethodAccessorImpl.java:0) (first 15 tasks are for partitions Vector(0))
[2023-09-04T19:56:02.731-0300] {spark_submit.py:491} INFO - 23/09/04 19:56:02 INFO TaskSchedulerImpl: Adding task set 0.0 with 1 tasks resource profile 0
[2023-09-04T19:56:02.890-0300] {spark_submit.py:491} INFO - 23/09/04 19:56:02 INFO TaskSetManager: Starting task 0.0 in stage 0.0 (TID 0) (192.168.0.53, executor driver, partition 0, PROCESS_LOCAL, 20208 bytes)
[2023-09-04T19:56:02.974-0300] {spark_submit.py:491} INFO - 23/09/04 19:56:02 INFO Executor: Running task 0.0 in stage 0.0 (TID 0)
[2023-09-04T19:56:04.656-0300] {spark_submit.py:491} INFO - 23/09/04 19:56:04 INFO CodeGenerator: Code generated in 24.726994 ms
[2023-09-04T19:56:04.691-0300] {spark_submit.py:491} INFO - 23/09/04 19:56:04 INFO CodeGenerator: Code generated in 15.597013 ms
[2023-09-04T19:56:04.709-0300] {spark_submit.py:491} INFO - 23/09/04 19:56:04 INFO CodeGenerator: Code generated in 12.69772 ms
[2023-09-04T19:56:04.820-0300] {spark_submit.py:491} INFO - 23/09/04 19:56:04 INFO PythonRunner: Times: total = 1332, boot = 1231, init = 100, finish = 1
[2023-09-04T19:56:05.089-0300] {spark_submit.py:491} INFO - 23/09/04 19:56:05 INFO Executor: Finished task 0.0 in stage 0.0 (TID 0). 2971 bytes result sent to driver
[2023-09-04T19:56:05.104-0300] {spark_submit.py:491} INFO - 23/09/04 19:56:05 INFO TaskSetManager: Finished task 0.0 in stage 0.0 (TID 0) in 2268 ms on 192.168.0.53 (executor driver) (1/1)
[2023-09-04T19:56:05.109-0300] {spark_submit.py:491} INFO - 23/09/04 19:56:05 INFO TaskSchedulerImpl: Removed TaskSet 0.0, whose tasks have all completed, from pool
[2023-09-04T19:56:05.113-0300] {spark_submit.py:491} INFO - 23/09/04 19:56:05 INFO PythonAccumulatorV2: Connected to AccumulatorServer at host: 127.0.0.1 port: 57071
[2023-09-04T19:56:05.139-0300] {spark_submit.py:491} INFO - 23/09/04 19:56:05 INFO DAGScheduler: ShuffleMapStage 0 (isEmpty at NativeMethodAccessorImpl.java:0) finished in 2,943 s
[2023-09-04T19:56:05.139-0300] {spark_submit.py:491} INFO - 23/09/04 19:56:05 INFO DAGScheduler: looking for newly runnable stages
[2023-09-04T19:56:05.140-0300] {spark_submit.py:491} INFO - 23/09/04 19:56:05 INFO DAGScheduler: running: HashSet()
[2023-09-04T19:56:05.140-0300] {spark_submit.py:491} INFO - 23/09/04 19:56:05 INFO DAGScheduler: waiting: HashSet()
[2023-09-04T19:56:05.142-0300] {spark_submit.py:491} INFO - 23/09/04 19:56:05 INFO DAGScheduler: failed: HashSet()
[2023-09-04T19:56:05.169-0300] {spark_submit.py:491} INFO - 23/09/04 19:56:05 INFO ShufflePartitionsUtil: For shuffle(0), advisory target size: 67108864, actual target size 1048576, minimum partition size: 1048576
[2023-09-04T19:56:05.200-0300] {spark_submit.py:491} INFO - 23/09/04 19:56:05 INFO HashAggregateExec: spark.sql.codegen.aggregate.map.twolevel.enabled is set to true, but current version of codegened fast hashmap does not support this aggregate.
[2023-09-04T19:56:05.226-0300] {spark_submit.py:491} INFO - 23/09/04 19:56:05 INFO CodeGenerator: Code generated in 17.518264 ms
[2023-09-04T19:56:05.263-0300] {spark_submit.py:491} INFO - 23/09/04 19:56:05 INFO SparkContext: Starting job: isEmpty at NativeMethodAccessorImpl.java:0
[2023-09-04T19:56:05.273-0300] {spark_submit.py:491} INFO - 23/09/04 19:56:05 INFO DAGScheduler: Got job 1 (isEmpty at NativeMethodAccessorImpl.java:0) with 1 output partitions
[2023-09-04T19:56:05.274-0300] {spark_submit.py:491} INFO - 23/09/04 19:56:05 INFO DAGScheduler: Final stage: ResultStage 2 (isEmpty at NativeMethodAccessorImpl.java:0)
[2023-09-04T19:56:05.275-0300] {spark_submit.py:491} INFO - 23/09/04 19:56:05 INFO DAGScheduler: Parents of final stage: List(ShuffleMapStage 1)
[2023-09-04T19:56:05.276-0300] {spark_submit.py:491} INFO - 23/09/04 19:56:05 INFO DAGScheduler: Missing parents: List()
[2023-09-04T19:56:05.281-0300] {spark_submit.py:491} INFO - 23/09/04 19:56:05 INFO DAGScheduler: Submitting ResultStage 2 (MapPartitionsRDD[9] at isEmpty at NativeMethodAccessorImpl.java:0), which has no missing parents
[2023-09-04T19:56:05.310-0300] {spark_submit.py:491} INFO - 23/09/04 19:56:05 INFO MemoryStore: Block broadcast_1 stored as values in memory (estimated size 33.5 KiB, free 434.3 MiB)
[2023-09-04T19:56:05.362-0300] {spark_submit.py:491} INFO - 23/09/04 19:56:05 INFO MemoryStore: Block broadcast_1_piece0 stored as bytes in memory (estimated size 15.8 KiB, free 434.3 MiB)
[2023-09-04T19:56:05.369-0300] {spark_submit.py:491} INFO - 23/09/04 19:56:05 INFO BlockManagerInfo: Added broadcast_1_piece0 in memory on 192.168.0.53:33331 (size: 15.8 KiB, free: 434.4 MiB)
[2023-09-04T19:56:05.375-0300] {spark_submit.py:491} INFO - 23/09/04 19:56:05 INFO SparkContext: Created broadcast 1 from broadcast at DAGScheduler.scala:1535
[2023-09-04T19:56:05.377-0300] {spark_submit.py:491} INFO - 23/09/04 19:56:05 INFO DAGScheduler: Submitting 1 missing tasks from ResultStage 2 (MapPartitionsRDD[9] at isEmpty at NativeMethodAccessorImpl.java:0) (first 15 tasks are for partitions Vector(0))
[2023-09-04T19:56:05.378-0300] {spark_submit.py:491} INFO - 23/09/04 19:56:05 INFO TaskSchedulerImpl: Adding task set 2.0 with 1 tasks resource profile 0
[2023-09-04T19:56:05.424-0300] {spark_submit.py:491} INFO - 23/09/04 19:56:05 INFO TaskSetManager: Starting task 0.0 in stage 2.0 (TID 1) (192.168.0.53, executor driver, partition 0, NODE_LOCAL, 7437 bytes)
[2023-09-04T19:56:05.428-0300] {spark_submit.py:491} INFO - 23/09/04 19:56:05 INFO Executor: Running task 0.0 in stage 2.0 (TID 1)
[2023-09-04T19:56:05.449-0300] {spark_submit.py:491} INFO - 23/09/04 19:56:05 INFO BlockManagerInfo: Removed broadcast_0_piece0 on 192.168.0.53:33331 in memory (size: 14.2 KiB, free: 434.4 MiB)
[2023-09-04T19:56:05.625-0300] {spark_submit.py:491} INFO - 23/09/04 19:56:05 INFO ShuffleBlockFetcherIterator: Getting 1 (11.8 KiB) non-empty blocks including 1 (11.8 KiB) local and 0 (0.0 B) host-local and 0 (0.0 B) push-merged-local and 0 (0.0 B) remote blocks
[2023-09-04T19:56:05.628-0300] {spark_submit.py:491} INFO - 23/09/04 19:56:05 INFO ShuffleBlockFetcherIterator: Started 0 remote fetches in 31 ms
[2023-09-04T19:56:05.694-0300] {spark_submit.py:491} INFO - 23/09/04 19:56:05 INFO Executor: Finished task 0.0 in stage 2.0 (TID 1). 5358 bytes result sent to driver
[2023-09-04T19:56:05.702-0300] {spark_submit.py:491} INFO - 23/09/04 19:56:05 INFO TaskSetManager: Finished task 0.0 in stage 2.0 (TID 1) in 283 ms on 192.168.0.53 (executor driver) (1/1)
[2023-09-04T19:56:05.702-0300] {spark_submit.py:491} INFO - 23/09/04 19:56:05 INFO TaskSchedulerImpl: Removed TaskSet 2.0, whose tasks have all completed, from pool
[2023-09-04T19:56:05.706-0300] {spark_submit.py:491} INFO - 23/09/04 19:56:05 INFO DAGScheduler: ResultStage 2 (isEmpty at NativeMethodAccessorImpl.java:0) finished in 0,404 s
[2023-09-04T19:56:05.709-0300] {spark_submit.py:491} INFO - 23/09/04 19:56:05 INFO DAGScheduler: Job 1 is finished. Cancelling potential speculative or zombie tasks for this job
[2023-09-04T19:56:05.710-0300] {spark_submit.py:491} INFO - 23/09/04 19:56:05 INFO TaskSchedulerImpl: Killing all running tasks in stage 2: Stage finished
[2023-09-04T19:56:05.711-0300] {spark_submit.py:491} INFO - 23/09/04 19:56:05 INFO DAGScheduler: Job 1 finished: isEmpty at NativeMethodAccessorImpl.java:0, took 0,446723 s
[2023-09-04T19:56:05.957-0300] {spark_submit.py:491} INFO - 23/09/04 19:56:05 INFO CodeGenerator: Code generated in 78.87115 ms
[2023-09-04T19:56:05.973-0300] {spark_submit.py:491} INFO - 23/09/04 19:56:05 INFO DAGScheduler: Registering RDD 11 (toPandas at /home/enricolm/Documents/Sprinklr_Airflow/dadosvm/Airflow_Investimento/Scripts/Operators/Raw_Operators_crypto.py:60) as input to shuffle 1
[2023-09-04T19:56:05.973-0300] {spark_submit.py:491} INFO - 23/09/04 19:56:05 INFO DAGScheduler: Got map stage job 2 (toPandas at /home/enricolm/Documents/Sprinklr_Airflow/dadosvm/Airflow_Investimento/Scripts/Operators/Raw_Operators_crypto.py:60) with 1 output partitions
[2023-09-04T19:56:05.973-0300] {spark_submit.py:491} INFO - 23/09/04 19:56:05 INFO DAGScheduler: Final stage: ShuffleMapStage 3 (toPandas at /home/enricolm/Documents/Sprinklr_Airflow/dadosvm/Airflow_Investimento/Scripts/Operators/Raw_Operators_crypto.py:60)
[2023-09-04T19:56:05.973-0300] {spark_submit.py:491} INFO - 23/09/04 19:56:05 INFO DAGScheduler: Parents of final stage: List()
[2023-09-04T19:56:05.974-0300] {spark_submit.py:491} INFO - 23/09/04 19:56:05 INFO DAGScheduler: Missing parents: List()
[2023-09-04T19:56:05.975-0300] {spark_submit.py:491} INFO - 23/09/04 19:56:05 INFO DAGScheduler: Submitting ShuffleMapStage 3 (MapPartitionsRDD[11] at toPandas at /home/enricolm/Documents/Sprinklr_Airflow/dadosvm/Airflow_Investimento/Scripts/Operators/Raw_Operators_crypto.py:60), which has no missing parents
[2023-09-04T19:56:05.981-0300] {spark_submit.py:491} INFO - 23/09/04 19:56:05 INFO MemoryStore: Block broadcast_2 stored as values in memory (estimated size 53.3 KiB, free 434.3 MiB)
[2023-09-04T19:56:06.001-0300] {spark_submit.py:491} INFO - 23/09/04 19:56:06 INFO MemoryStore: Block broadcast_2_piece0 stored as bytes in memory (estimated size 21.9 KiB, free 434.3 MiB)
[2023-09-04T19:56:06.003-0300] {spark_submit.py:491} INFO - 23/09/04 19:56:06 INFO BlockManagerInfo: Added broadcast_2_piece0 in memory on 192.168.0.53:33331 (size: 21.9 KiB, free: 434.4 MiB)
[2023-09-04T19:56:06.005-0300] {spark_submit.py:491} INFO - 23/09/04 19:56:06 INFO SparkContext: Created broadcast 2 from broadcast at DAGScheduler.scala:1535
[2023-09-04T19:56:06.006-0300] {spark_submit.py:491} INFO - 23/09/04 19:56:06 INFO DAGScheduler: Submitting 1 missing tasks from ShuffleMapStage 3 (MapPartitionsRDD[11] at toPandas at /home/enricolm/Documents/Sprinklr_Airflow/dadosvm/Airflow_Investimento/Scripts/Operators/Raw_Operators_crypto.py:60) (first 15 tasks are for partitions Vector(0))
[2023-09-04T19:56:06.006-0300] {spark_submit.py:491} INFO - 23/09/04 19:56:06 INFO BlockManagerInfo: Removed broadcast_1_piece0 on 192.168.0.53:33331 in memory (size: 15.8 KiB, free: 434.4 MiB)
[2023-09-04T19:56:06.006-0300] {spark_submit.py:491} INFO - 23/09/04 19:56:06 INFO TaskSchedulerImpl: Adding task set 3.0 with 1 tasks resource profile 0
[2023-09-04T19:56:06.008-0300] {spark_submit.py:491} INFO - 23/09/04 19:56:06 INFO TaskSetManager: Starting task 0.0 in stage 3.0 (TID 2) (192.168.0.53, executor driver, partition 0, PROCESS_LOCAL, 20208 bytes)
[2023-09-04T19:56:06.010-0300] {spark_submit.py:491} INFO - 23/09/04 19:56:06 INFO Executor: Running task 0.0 in stage 3.0 (TID 2)
[2023-09-04T19:56:06.143-0300] {spark_submit.py:491} INFO - 23/09/04 19:56:06 INFO CodeGenerator: Code generated in 6.336587 ms
[2023-09-04T19:56:06.181-0300] {spark_submit.py:491} INFO - 23/09/04 19:56:06 INFO CodeGenerator: Code generated in 19.336169 ms
[2023-09-04T19:56:06.232-0300] {spark_submit.py:491} INFO - 23/09/04 19:56:06 INFO PythonRunner: Times: total = 103, boot = -1341, init = 1443, finish = 1
[2023-09-04T19:56:06.293-0300] {spark_submit.py:491} INFO - 23/09/04 19:56:06 INFO Executor: Finished task 0.0 in stage 3.0 (TID 2). 3014 bytes result sent to driver
[2023-09-04T19:56:06.309-0300] {spark_submit.py:491} INFO - 23/09/04 19:56:06 INFO TaskSetManager: Finished task 0.0 in stage 3.0 (TID 2) in 301 ms on 192.168.0.53 (executor driver) (1/1)
[2023-09-04T19:56:06.309-0300] {spark_submit.py:491} INFO - 23/09/04 19:56:06 INFO TaskSchedulerImpl: Removed TaskSet 3.0, whose tasks have all completed, from pool
[2023-09-04T19:56:06.311-0300] {spark_submit.py:491} INFO - 23/09/04 19:56:06 INFO DAGScheduler: ShuffleMapStage 3 (toPandas at /home/enricolm/Documents/Sprinklr_Airflow/dadosvm/Airflow_Investimento/Scripts/Operators/Raw_Operators_crypto.py:60) finished in 0,335 s
[2023-09-04T19:56:06.311-0300] {spark_submit.py:491} INFO - 23/09/04 19:56:06 INFO DAGScheduler: looking for newly runnable stages
[2023-09-04T19:56:06.311-0300] {spark_submit.py:491} INFO - 23/09/04 19:56:06 INFO DAGScheduler: running: HashSet()
[2023-09-04T19:56:06.311-0300] {spark_submit.py:491} INFO - 23/09/04 19:56:06 INFO DAGScheduler: waiting: HashSet()
[2023-09-04T19:56:06.312-0300] {spark_submit.py:491} INFO - 23/09/04 19:56:06 INFO DAGScheduler: failed: HashSet()
[2023-09-04T19:56:06.318-0300] {spark_submit.py:491} INFO - 23/09/04 19:56:06 INFO ShufflePartitionsUtil: For shuffle(1), advisory target size: 67108864, actual target size 1048576, minimum partition size: 1048576
[2023-09-04T19:56:06.326-0300] {spark_submit.py:491} INFO - 23/09/04 19:56:06 INFO HashAggregateExec: spark.sql.codegen.aggregate.map.twolevel.enabled is set to true, but current version of codegened fast hashmap does not support this aggregate.
[2023-09-04T19:56:06.423-0300] {spark_submit.py:491} INFO - 23/09/04 19:56:06 INFO CodeGenerator: Code generated in 70.524945 ms
[2023-09-04T19:56:06.476-0300] {spark_submit.py:491} INFO - 23/09/04 19:56:06 INFO SparkContext: Starting job: toPandas at /home/enricolm/Documents/Sprinklr_Airflow/dadosvm/Airflow_Investimento/Scripts/Operators/Raw_Operators_crypto.py:60
[2023-09-04T19:56:06.478-0300] {spark_submit.py:491} INFO - 23/09/04 19:56:06 INFO DAGScheduler: Got job 3 (toPandas at /home/enricolm/Documents/Sprinklr_Airflow/dadosvm/Airflow_Investimento/Scripts/Operators/Raw_Operators_crypto.py:60) with 1 output partitions
[2023-09-04T19:56:06.480-0300] {spark_submit.py:491} INFO - 23/09/04 19:56:06 INFO DAGScheduler: Final stage: ResultStage 5 (toPandas at /home/enricolm/Documents/Sprinklr_Airflow/dadosvm/Airflow_Investimento/Scripts/Operators/Raw_Operators_crypto.py:60)
[2023-09-04T19:56:06.480-0300] {spark_submit.py:491} INFO - 23/09/04 19:56:06 INFO DAGScheduler: Parents of final stage: List(ShuffleMapStage 4)
[2023-09-04T19:56:06.480-0300] {spark_submit.py:491} INFO - 23/09/04 19:56:06 INFO DAGScheduler: Missing parents: List()
[2023-09-04T19:56:06.483-0300] {spark_submit.py:491} INFO - 23/09/04 19:56:06 INFO DAGScheduler: Submitting ResultStage 5 (MapPartitionsRDD[14] at toPandas at /home/enricolm/Documents/Sprinklr_Airflow/dadosvm/Airflow_Investimento/Scripts/Operators/Raw_Operators_crypto.py:60), which has no missing parents
[2023-09-04T19:56:06.489-0300] {spark_submit.py:491} INFO - 23/09/04 19:56:06 INFO MemoryStore: Block broadcast_3 stored as values in memory (estimated size 59.1 KiB, free 434.3 MiB)
[2023-09-04T19:56:06.511-0300] {spark_submit.py:491} INFO - 23/09/04 19:56:06 INFO MemoryStore: Block broadcast_3_piece0 stored as bytes in memory (estimated size 22.9 KiB, free 434.2 MiB)
[2023-09-04T19:56:06.519-0300] {spark_submit.py:491} INFO - 23/09/04 19:56:06 INFO BlockManagerInfo: Removed broadcast_2_piece0 on 192.168.0.53:33331 in memory (size: 21.9 KiB, free: 434.4 MiB)
[2023-09-04T19:56:06.523-0300] {spark_submit.py:491} INFO - 23/09/04 19:56:06 INFO BlockManagerInfo: Added broadcast_3_piece0 in memory on 192.168.0.53:33331 (size: 22.9 KiB, free: 434.4 MiB)
[2023-09-04T19:56:06.527-0300] {spark_submit.py:491} INFO - 23/09/04 19:56:06 INFO SparkContext: Created broadcast 3 from broadcast at DAGScheduler.scala:1535
[2023-09-04T19:56:06.531-0300] {spark_submit.py:491} INFO - 23/09/04 19:56:06 INFO DAGScheduler: Submitting 1 missing tasks from ResultStage 5 (MapPartitionsRDD[14] at toPandas at /home/enricolm/Documents/Sprinklr_Airflow/dadosvm/Airflow_Investimento/Scripts/Operators/Raw_Operators_crypto.py:60) (first 15 tasks are for partitions Vector(0))
[2023-09-04T19:56:06.531-0300] {spark_submit.py:491} INFO - 23/09/04 19:56:06 INFO TaskSchedulerImpl: Adding task set 5.0 with 1 tasks resource profile 0
[2023-09-04T19:56:06.533-0300] {spark_submit.py:491} INFO - 23/09/04 19:56:06 INFO TaskSetManager: Starting task 0.0 in stage 5.0 (TID 3) (192.168.0.53, executor driver, partition 0, NODE_LOCAL, 7437 bytes)
[2023-09-04T19:56:06.534-0300] {spark_submit.py:491} INFO - 23/09/04 19:56:06 INFO Executor: Running task 0.0 in stage 5.0 (TID 3)
[2023-09-04T19:56:06.556-0300] {spark_submit.py:491} INFO - 23/09/04 19:56:06 INFO ShuffleBlockFetcherIterator: Getting 1 (16.4 KiB) non-empty blocks including 1 (16.4 KiB) local and 0 (0.0 B) host-local and 0 (0.0 B) push-merged-local and 0 (0.0 B) remote blocks
[2023-09-04T19:56:06.563-0300] {spark_submit.py:491} INFO - 23/09/04 19:56:06 INFO ShuffleBlockFetcherIterator: Started 0 remote fetches in 1 ms
[2023-09-04T19:56:06.623-0300] {spark_submit.py:491} INFO - 23/09/04 19:56:06 INFO Executor: Finished task 0.0 in stage 5.0 (TID 3). 9691 bytes result sent to driver
[2023-09-04T19:56:06.625-0300] {spark_submit.py:491} INFO - 23/09/04 19:56:06 INFO TaskSetManager: Finished task 0.0 in stage 5.0 (TID 3) in 93 ms on 192.168.0.53 (executor driver) (1/1)
[2023-09-04T19:56:06.626-0300] {spark_submit.py:491} INFO - 23/09/04 19:56:06 INFO TaskSchedulerImpl: Removed TaskSet 5.0, whose tasks have all completed, from pool
[2023-09-04T19:56:06.630-0300] {spark_submit.py:491} INFO - 23/09/04 19:56:06 INFO DAGScheduler: ResultStage 5 (toPandas at /home/enricolm/Documents/Sprinklr_Airflow/dadosvm/Airflow_Investimento/Scripts/Operators/Raw_Operators_crypto.py:60) finished in 0,143 s
[2023-09-04T19:56:06.634-0300] {spark_submit.py:491} INFO - 23/09/04 19:56:06 INFO DAGScheduler: Job 3 is finished. Cancelling potential speculative or zombie tasks for this job
[2023-09-04T19:56:06.635-0300] {spark_submit.py:491} INFO - 23/09/04 19:56:06 INFO TaskSchedulerImpl: Killing all running tasks in stage 5: Stage finished
[2023-09-04T19:56:06.636-0300] {spark_submit.py:491} INFO - 23/09/04 19:56:06 INFO DAGScheduler: Job 3 finished: toPandas at /home/enricolm/Documents/Sprinklr_Airflow/dadosvm/Airflow_Investimento/Scripts/Operators/Raw_Operators_crypto.py:60, took 0,158141 s
[2023-09-04T19:56:06.800-0300] {spark_submit.py:491} INFO - 23/09/04 19:56:06 INFO SparkContext: SparkContext is stopping with exitCode 0.
[2023-09-04T19:56:06.872-0300] {spark_submit.py:491} INFO - 23/09/04 19:56:06 INFO SparkUI: Stopped Spark web UI at http://192.168.0.53:4040
[2023-09-04T19:56:06.925-0300] {spark_submit.py:491} INFO - 23/09/04 19:56:06 INFO MapOutputTrackerMasterEndpoint: MapOutputTrackerMasterEndpoint stopped!
[2023-09-04T19:56:06.975-0300] {spark_submit.py:491} INFO - 23/09/04 19:56:06 INFO MemoryStore: MemoryStore cleared
[2023-09-04T19:56:06.977-0300] {spark_submit.py:491} INFO - 23/09/04 19:56:06 INFO BlockManager: BlockManager stopped
[2023-09-04T19:56:06.983-0300] {spark_submit.py:491} INFO - 23/09/04 19:56:06 INFO BlockManagerMaster: BlockManagerMaster stopped
[2023-09-04T19:56:06.995-0300] {spark_submit.py:491} INFO - 23/09/04 19:56:06 INFO OutputCommitCoordinator$OutputCommitCoordinatorEndpoint: OutputCommitCoordinator stopped!
[2023-09-04T19:56:07.007-0300] {spark_submit.py:491} INFO - 23/09/04 19:56:07 INFO SparkContext: Successfully stopped SparkContext
[2023-09-04T19:56:07.880-0300] {spark_submit.py:491} INFO - 23/09/04 19:56:07 INFO ShutdownHookManager: Shutdown hook called
[2023-09-04T19:56:07.881-0300] {spark_submit.py:491} INFO - 23/09/04 19:56:07 INFO ShutdownHookManager: Deleting directory /tmp/spark-043274b7-f14c-44a0-89d9-4de9e58c6b07
[2023-09-04T19:56:07.889-0300] {spark_submit.py:491} INFO - 23/09/04 19:56:07 INFO ShutdownHookManager: Deleting directory /tmp/spark-043274b7-f14c-44a0-89d9-4de9e58c6b07/pyspark-c8df70c6-8385-4007-88bb-f7d11fcdd167
[2023-09-04T19:56:07.895-0300] {spark_submit.py:491} INFO - 23/09/04 19:56:07 INFO ShutdownHookManager: Deleting directory /tmp/spark-fce595a4-2cf2-4706-b757-d125de2fc9be
[2023-09-04T19:56:07.972-0300] {taskinstance.py:1345} INFO - Marking task as SUCCESS. dag_id=Investimento_api_crypto, task_id=Extracao_Invest_crypto, execution_date=20230904T225536, start_date=20230904T225537, end_date=20230904T225607
[2023-09-04T19:56:08.100-0300] {local_task_job_runner.py:225} INFO - Task exited with return code 0
[2023-09-04T19:56:08.202-0300] {taskinstance.py:2653} INFO - 1 downstream tasks scheduled from follow-on schedule check
