[2023-09-04T16:38:05.908-0300] {taskinstance.py:1103} INFO - Dependencies all met for dep_context=non-requeueable deps ti=<TaskInstance: Investimento_api.Extracao_Invest manual__2023-09-04T19:38:03.432062+00:00 [queued]>
[2023-09-04T16:38:05.956-0300] {taskinstance.py:1103} INFO - Dependencies all met for dep_context=requeueable deps ti=<TaskInstance: Investimento_api.Extracao_Invest manual__2023-09-04T19:38:03.432062+00:00 [queued]>
[2023-09-04T16:38:05.956-0300] {taskinstance.py:1308} INFO - Starting attempt 1 of 1
[2023-09-04T16:38:06.030-0300] {taskinstance.py:1327} INFO - Executing <Task(SparkSubmitOperator): Extracao_Invest> on 2023-09-04 19:38:03.432062+00:00
[2023-09-04T16:38:06.034-0300] {standard_task_runner.py:57} INFO - Started process 39165 to run task
[2023-09-04T16:38:06.038-0300] {standard_task_runner.py:84} INFO - Running: ['airflow', 'tasks', 'run', 'Investimento_api', 'Extracao_Invest', 'manual__2023-09-04T19:38:03.432062+00:00', '--job-id', '72', '--raw', '--subdir', 'DAGS_FOLDER/dag.py', '--cfg-path', '/tmp/tmplecrwoic']
[2023-09-04T16:38:06.039-0300] {standard_task_runner.py:85} INFO - Job 72: Subtask Extracao_Invest
[2023-09-04T16:38:06.171-0300] {task_command.py:410} INFO - Running <TaskInstance: Investimento_api.Extracao_Invest manual__2023-09-04T19:38:03.432062+00:00 [running]> on host VMEnricolm.myguest.virtualbox.org
[2023-09-04T16:38:06.351-0300] {taskinstance.py:1545} INFO - Exporting env vars: AIRFLOW_CTX_DAG_OWNER='airflow' AIRFLOW_CTX_DAG_ID='Investimento_api' AIRFLOW_CTX_TASK_ID='Extracao_Invest' AIRFLOW_CTX_EXECUTION_DATE='2023-09-04T19:38:03.432062+00:00' AIRFLOW_CTX_TRY_NUMBER='1' AIRFLOW_CTX_DAG_RUN_ID='manual__2023-09-04T19:38:03.432062+00:00'
[2023-09-04T16:38:06.375-0300] {base.py:73} INFO - Using connection ID 'spark_default' for task execution.
[2023-09-04T16:38:06.376-0300] {spark_submit.py:340} INFO - Spark-Submit cmd: spark-submit --master local --name Extracao_Invest --queue root.default /home/enricolm/Documents/Sprinklr_Airflow/dadosvm/Airflow_Investimento/Scripts/Operators/Raw_Operator.py
[2023-09-04T16:38:16.150-0300] {spark_submit.py:491} INFO - 23/09/04 16:38:16 WARN Utils: Your hostname, VMEnricolm resolves to a loopback address: 127.0.1.1; using 192.168.0.53 instead (on interface enp0s3)
[2023-09-04T16:38:16.164-0300] {spark_submit.py:491} INFO - 23/09/04 16:38:16 WARN Utils: Set SPARK_LOCAL_IP if you need to bind to another address
[2023-09-04T16:38:21.789-0300] {spark_submit.py:491} INFO - 23/09/04 16:38:21 INFO SparkContext: Running Spark version 3.4.1
[2023-09-04T16:38:22.144-0300] {spark_submit.py:491} INFO - 23/09/04 16:38:22 WARN NativeCodeLoader: Unable to load native-hadoop library for your platform... using builtin-java classes where applicable
[2023-09-04T16:38:22.551-0300] {spark_submit.py:491} INFO - 23/09/04 16:38:22 INFO ResourceUtils: ==============================================================
[2023-09-04T16:38:22.557-0300] {spark_submit.py:491} INFO - 23/09/04 16:38:22 INFO ResourceUtils: No custom resources configured for spark.driver.
[2023-09-04T16:38:22.558-0300] {spark_submit.py:491} INFO - 23/09/04 16:38:22 INFO ResourceUtils: ==============================================================
[2023-09-04T16:38:22.558-0300] {spark_submit.py:491} INFO - 23/09/04 16:38:22 INFO SparkContext: Submitted application: extracao_Finance
[2023-09-04T16:38:22.624-0300] {spark_submit.py:491} INFO - 23/09/04 16:38:22 INFO ResourceProfile: Default ResourceProfile created, executor resources: Map(cores -> name: cores, amount: 1, script: , vendor: , memory -> name: memory, amount: 1024, script: , vendor: , offHeap -> name: offHeap, amount: 0, script: , vendor: ), task resources: Map(cpus -> name: cpus, amount: 1.0)
[2023-09-04T16:38:22.629-0300] {spark_submit.py:491} INFO - 23/09/04 16:38:22 INFO ResourceProfile: Limiting resource is cpu
[2023-09-04T16:38:22.631-0300] {spark_submit.py:491} INFO - 23/09/04 16:38:22 INFO ResourceProfileManager: Added ResourceProfile id: 0
[2023-09-04T16:38:23.024-0300] {spark_submit.py:491} INFO - 23/09/04 16:38:23 INFO SecurityManager: Changing view acls to: enricolm
[2023-09-04T16:38:23.025-0300] {spark_submit.py:491} INFO - 23/09/04 16:38:23 INFO SecurityManager: Changing modify acls to: enricolm
[2023-09-04T16:38:23.025-0300] {spark_submit.py:491} INFO - 23/09/04 16:38:23 INFO SecurityManager: Changing view acls groups to:
[2023-09-04T16:38:23.026-0300] {spark_submit.py:491} INFO - 23/09/04 16:38:23 INFO SecurityManager: Changing modify acls groups to:
[2023-09-04T16:38:23.027-0300] {spark_submit.py:491} INFO - 23/09/04 16:38:23 INFO SecurityManager: SecurityManager: authentication disabled; ui acls disabled; users with view permissions: enricolm; groups with view permissions: EMPTY; users with modify permissions: enricolm; groups with modify permissions: EMPTY
[2023-09-04T16:38:23.829-0300] {spark_submit.py:491} INFO - 23/09/04 16:38:23 INFO Utils: Successfully started service 'sparkDriver' on port 45257.
[2023-09-04T16:38:23.968-0300] {spark_submit.py:491} INFO - 23/09/04 16:38:23 INFO SparkEnv: Registering MapOutputTracker
[2023-09-04T16:38:24.116-0300] {spark_submit.py:491} INFO - 23/09/04 16:38:24 INFO SparkEnv: Registering BlockManagerMaster
[2023-09-04T16:38:24.170-0300] {spark_submit.py:491} INFO - 23/09/04 16:38:24 INFO BlockManagerMasterEndpoint: Using org.apache.spark.storage.DefaultTopologyMapper for getting topology information
[2023-09-04T16:38:24.173-0300] {spark_submit.py:491} INFO - 23/09/04 16:38:24 INFO BlockManagerMasterEndpoint: BlockManagerMasterEndpoint up
[2023-09-04T16:38:24.208-0300] {spark_submit.py:491} INFO - 23/09/04 16:38:24 INFO SparkEnv: Registering BlockManagerMasterHeartbeat
[2023-09-04T16:38:24.301-0300] {spark_submit.py:491} INFO - 23/09/04 16:38:24 INFO DiskBlockManager: Created local directory at /tmp/blockmgr-055a53c3-4a29-4669-8b6f-38d5431b9fdd
[2023-09-04T16:38:24.339-0300] {spark_submit.py:491} INFO - 23/09/04 16:38:24 INFO MemoryStore: MemoryStore started with capacity 434.4 MiB
[2023-09-04T16:38:24.368-0300] {spark_submit.py:491} INFO - 23/09/04 16:38:24 INFO SparkEnv: Registering OutputCommitCoordinator
[2023-09-04T16:38:24.935-0300] {spark_submit.py:491} INFO - 23/09/04 16:38:24 INFO JettyUtils: Start Jetty 0.0.0.0:4040 for SparkUI
[2023-09-04T16:38:25.213-0300] {spark_submit.py:491} INFO - 23/09/04 16:38:25 INFO Utils: Successfully started service 'SparkUI' on port 4040.
[2023-09-04T16:38:25.430-0300] {spark_submit.py:491} INFO - 23/09/04 16:38:25 INFO Executor: Starting executor ID driver on host 192.168.0.53
[2023-09-04T16:38:25.437-0300] {spark_submit.py:491} INFO - 23/09/04 16:38:25 INFO Executor: Starting executor with user classpath (userClassPathFirst = false): ''
[2023-09-04T16:38:25.510-0300] {spark_submit.py:491} INFO - 23/09/04 16:38:25 INFO Utils: Successfully started service 'org.apache.spark.network.netty.NettyBlockTransferService' on port 41989.
[2023-09-04T16:38:25.510-0300] {spark_submit.py:491} INFO - 23/09/04 16:38:25 INFO NettyBlockTransferService: Server created on 192.168.0.53:41989
[2023-09-04T16:38:25.514-0300] {spark_submit.py:491} INFO - 23/09/04 16:38:25 INFO BlockManager: Using org.apache.spark.storage.RandomBlockReplicationPolicy for block replication policy
[2023-09-04T16:38:25.529-0300] {spark_submit.py:491} INFO - 23/09/04 16:38:25 INFO BlockManagerMaster: Registering BlockManager BlockManagerId(driver, 192.168.0.53, 41989, None)
[2023-09-04T16:38:25.535-0300] {spark_submit.py:491} INFO - 23/09/04 16:38:25 INFO BlockManagerMasterEndpoint: Registering block manager 192.168.0.53:41989 with 434.4 MiB RAM, BlockManagerId(driver, 192.168.0.53, 41989, None)
[2023-09-04T16:38:25.543-0300] {spark_submit.py:491} INFO - 23/09/04 16:38:25 INFO BlockManagerMaster: Registered BlockManager BlockManagerId(driver, 192.168.0.53, 41989, None)
[2023-09-04T16:38:25.545-0300] {spark_submit.py:491} INFO - 23/09/04 16:38:25 INFO BlockManager: Initialized BlockManager: BlockManagerId(driver, 192.168.0.53, 41989, None)
[2023-09-04T16:38:26.968-0300] {spark_submit.py:491} INFO - Criando pasta
[2023-09-04T16:38:30.617-0300] {spark_submit.py:491} INFO - 23/09/04 16:38:30 INFO SharedState: Setting hive.metastore.warehouse.dir ('null') to the value of spark.sql.warehouse.dir.
[2023-09-04T16:38:30.650-0300] {spark_submit.py:491} INFO - 23/09/04 16:38:30 INFO SharedState: Warehouse path is 'file:/home/enricolm/Documents/Sprinklr_Airflow/dadosvm/Airflow_Investimento/spark-warehouse'.
[2023-09-04T16:38:39.319-0300] {spark_submit.py:491} INFO - 23/09/04 16:38:39 INFO HashAggregateExec: spark.sql.codegen.aggregate.map.twolevel.enabled is set to true, but current version of codegened fast hashmap does not support this aggregate.
[2023-09-04T16:38:39.969-0300] {spark_submit.py:491} INFO - 23/09/04 16:38:39 INFO CodeGenerator: Code generated in 550.24477 ms
[2023-09-04T16:38:40.192-0300] {spark_submit.py:491} INFO - 23/09/04 16:38:40 INFO DAGScheduler: Registering RDD 6 (isEmpty at NativeMethodAccessorImpl.java:0) as input to shuffle 0
[2023-09-04T16:38:40.216-0300] {spark_submit.py:491} INFO - 23/09/04 16:38:40 INFO DAGScheduler: Got map stage job 0 (isEmpty at NativeMethodAccessorImpl.java:0) with 1 output partitions
[2023-09-04T16:38:40.216-0300] {spark_submit.py:491} INFO - 23/09/04 16:38:40 INFO DAGScheduler: Final stage: ShuffleMapStage 0 (isEmpty at NativeMethodAccessorImpl.java:0)
[2023-09-04T16:38:40.216-0300] {spark_submit.py:491} INFO - 23/09/04 16:38:40 INFO DAGScheduler: Parents of final stage: List()
[2023-09-04T16:38:40.218-0300] {spark_submit.py:491} INFO - 23/09/04 16:38:40 INFO DAGScheduler: Missing parents: List()
[2023-09-04T16:38:40.227-0300] {spark_submit.py:491} INFO - 23/09/04 16:38:40 INFO DAGScheduler: Submitting ShuffleMapStage 0 (MapPartitionsRDD[6] at isEmpty at NativeMethodAccessorImpl.java:0), which has no missing parents
[2023-09-04T16:38:40.476-0300] {spark_submit.py:491} INFO - 23/09/04 16:38:40 INFO MemoryStore: Block broadcast_0 stored as values in memory (estimated size 30.5 KiB, free 434.4 MiB)
[2023-09-04T16:38:40.582-0300] {spark_submit.py:491} INFO - 23/09/04 16:38:40 INFO MemoryStore: Block broadcast_0_piece0 stored as bytes in memory (estimated size 14.2 KiB, free 434.4 MiB)
[2023-09-04T16:38:40.587-0300] {spark_submit.py:491} INFO - 23/09/04 16:38:40 INFO BlockManagerInfo: Added broadcast_0_piece0 in memory on 192.168.0.53:41989 (size: 14.2 KiB, free: 434.4 MiB)
[2023-09-04T16:38:40.592-0300] {spark_submit.py:491} INFO - 23/09/04 16:38:40 INFO SparkContext: Created broadcast 0 from broadcast at DAGScheduler.scala:1535
[2023-09-04T16:38:40.633-0300] {spark_submit.py:491} INFO - 23/09/04 16:38:40 INFO DAGScheduler: Submitting 1 missing tasks from ShuffleMapStage 0 (MapPartitionsRDD[6] at isEmpty at NativeMethodAccessorImpl.java:0) (first 15 tasks are for partitions Vector(0))
[2023-09-04T16:38:40.635-0300] {spark_submit.py:491} INFO - 23/09/04 16:38:40 INFO TaskSchedulerImpl: Adding task set 0.0 with 1 tasks resource profile 0
[2023-09-04T16:38:40.723-0300] {spark_submit.py:491} INFO - 23/09/04 16:38:40 INFO TaskSetManager: Starting task 0.0 in stage 0.0 (TID 0) (192.168.0.53, executor driver, partition 0, PROCESS_LOCAL, 19140 bytes)
[2023-09-04T16:38:40.781-0300] {spark_submit.py:491} INFO - 23/09/04 16:38:40 INFO Executor: Running task 0.0 in stage 0.0 (TID 0)
[2023-09-04T16:38:42.444-0300] {spark_submit.py:491} INFO - 23/09/04 16:38:42 INFO CodeGenerator: Code generated in 69.318516 ms
[2023-09-04T16:38:42.567-0300] {spark_submit.py:491} INFO - 23/09/04 16:38:42 INFO CodeGenerator: Code generated in 9.047625 ms
[2023-09-04T16:38:42.584-0300] {spark_submit.py:491} INFO - 23/09/04 16:38:42 INFO CodeGenerator: Code generated in 12.401829 ms
[2023-09-04T16:38:42.702-0300] {spark_submit.py:491} INFO - 23/09/04 16:38:42 INFO PythonRunner: Times: total = 1298, boot = 1199, init = 98, finish = 1
[2023-09-04T16:38:43.073-0300] {spark_submit.py:491} INFO - 23/09/04 16:38:43 INFO Executor: Finished task 0.0 in stage 0.0 (TID 0). 3014 bytes result sent to driver
[2023-09-04T16:38:43.107-0300] {spark_submit.py:491} INFO - 23/09/04 16:38:43 INFO TaskSetManager: Finished task 0.0 in stage 0.0 (TID 0) in 2395 ms on 192.168.0.53 (executor driver) (1/1)
[2023-09-04T16:38:43.110-0300] {spark_submit.py:491} INFO - 23/09/04 16:38:43 INFO TaskSchedulerImpl: Removed TaskSet 0.0, whose tasks have all completed, from pool
[2023-09-04T16:38:43.114-0300] {spark_submit.py:491} INFO - 23/09/04 16:38:43 INFO PythonAccumulatorV2: Connected to AccumulatorServer at host: 127.0.0.1 port: 60965
[2023-09-04T16:38:43.123-0300] {spark_submit.py:491} INFO - 23/09/04 16:38:43 INFO DAGScheduler: ShuffleMapStage 0 (isEmpty at NativeMethodAccessorImpl.java:0) finished in 2,861 s
[2023-09-04T16:38:43.124-0300] {spark_submit.py:491} INFO - 23/09/04 16:38:43 INFO DAGScheduler: looking for newly runnable stages
[2023-09-04T16:38:43.125-0300] {spark_submit.py:491} INFO - 23/09/04 16:38:43 INFO DAGScheduler: running: HashSet()
[2023-09-04T16:38:43.125-0300] {spark_submit.py:491} INFO - 23/09/04 16:38:43 INFO DAGScheduler: waiting: HashSet()
[2023-09-04T16:38:43.125-0300] {spark_submit.py:491} INFO - 23/09/04 16:38:43 INFO DAGScheduler: failed: HashSet()
[2023-09-04T16:38:43.162-0300] {spark_submit.py:491} INFO - 23/09/04 16:38:43 INFO ShufflePartitionsUtil: For shuffle(0), advisory target size: 67108864, actual target size 1048576, minimum partition size: 1048576
[2023-09-04T16:38:43.189-0300] {spark_submit.py:491} INFO - 23/09/04 16:38:43 INFO HashAggregateExec: spark.sql.codegen.aggregate.map.twolevel.enabled is set to true, but current version of codegened fast hashmap does not support this aggregate.
[2023-09-04T16:38:43.216-0300] {spark_submit.py:491} INFO - 23/09/04 16:38:43 INFO CodeGenerator: Code generated in 19.315973 ms
[2023-09-04T16:38:43.271-0300] {spark_submit.py:491} INFO - 23/09/04 16:38:43 INFO SparkContext: Starting job: isEmpty at NativeMethodAccessorImpl.java:0
[2023-09-04T16:38:43.274-0300] {spark_submit.py:491} INFO - 23/09/04 16:38:43 INFO DAGScheduler: Got job 1 (isEmpty at NativeMethodAccessorImpl.java:0) with 1 output partitions
[2023-09-04T16:38:43.276-0300] {spark_submit.py:491} INFO - 23/09/04 16:38:43 INFO DAGScheduler: Final stage: ResultStage 2 (isEmpty at NativeMethodAccessorImpl.java:0)
[2023-09-04T16:38:43.277-0300] {spark_submit.py:491} INFO - 23/09/04 16:38:43 INFO DAGScheduler: Parents of final stage: List(ShuffleMapStage 1)
[2023-09-04T16:38:43.279-0300] {spark_submit.py:491} INFO - 23/09/04 16:38:43 INFO DAGScheduler: Missing parents: List()
[2023-09-04T16:38:43.282-0300] {spark_submit.py:491} INFO - 23/09/04 16:38:43 INFO DAGScheduler: Submitting ResultStage 2 (MapPartitionsRDD[9] at isEmpty at NativeMethodAccessorImpl.java:0), which has no missing parents
[2023-09-04T16:38:43.308-0300] {spark_submit.py:491} INFO - 23/09/04 16:38:43 INFO MemoryStore: Block broadcast_1 stored as values in memory (estimated size 33.3 KiB, free 434.3 MiB)
[2023-09-04T16:38:43.319-0300] {spark_submit.py:491} INFO - 23/09/04 16:38:43 INFO MemoryStore: Block broadcast_1_piece0 stored as bytes in memory (estimated size 15.7 KiB, free 434.3 MiB)
[2023-09-04T16:38:43.320-0300] {spark_submit.py:491} INFO - 23/09/04 16:38:43 INFO BlockManagerInfo: Added broadcast_1_piece0 in memory on 192.168.0.53:41989 (size: 15.7 KiB, free: 434.4 MiB)
[2023-09-04T16:38:43.321-0300] {spark_submit.py:491} INFO - 23/09/04 16:38:43 INFO SparkContext: Created broadcast 1 from broadcast at DAGScheduler.scala:1535
[2023-09-04T16:38:43.324-0300] {spark_submit.py:491} INFO - 23/09/04 16:38:43 INFO DAGScheduler: Submitting 1 missing tasks from ResultStage 2 (MapPartitionsRDD[9] at isEmpty at NativeMethodAccessorImpl.java:0) (first 15 tasks are for partitions Vector(0))
[2023-09-04T16:38:43.324-0300] {spark_submit.py:491} INFO - 23/09/04 16:38:43 INFO TaskSchedulerImpl: Adding task set 2.0 with 1 tasks resource profile 0
[2023-09-04T16:38:43.335-0300] {spark_submit.py:491} INFO - 23/09/04 16:38:43 INFO TaskSetManager: Starting task 0.0 in stage 2.0 (TID 1) (192.168.0.53, executor driver, partition 0, NODE_LOCAL, 7437 bytes)
[2023-09-04T16:38:43.336-0300] {spark_submit.py:491} INFO - 23/09/04 16:38:43 INFO Executor: Running task 0.0 in stage 2.0 (TID 1)
[2023-09-04T16:38:43.465-0300] {spark_submit.py:491} INFO - 23/09/04 16:38:43 INFO BlockManagerInfo: Removed broadcast_0_piece0 on 192.168.0.53:41989 in memory (size: 14.2 KiB, free: 434.4 MiB)
[2023-09-04T16:38:43.500-0300] {spark_submit.py:491} INFO - 23/09/04 16:38:43 INFO ShuffleBlockFetcherIterator: Getting 1 (12.3 KiB) non-empty blocks including 1 (12.3 KiB) local and 0 (0.0 B) host-local and 0 (0.0 B) push-merged-local and 0 (0.0 B) remote blocks
[2023-09-04T16:38:43.505-0300] {spark_submit.py:491} INFO - 23/09/04 16:38:43 INFO ShuffleBlockFetcherIterator: Started 0 remote fetches in 42 ms
[2023-09-04T16:38:43.567-0300] {spark_submit.py:491} INFO - 23/09/04 16:38:43 INFO Executor: Finished task 0.0 in stage 2.0 (TID 1). 5358 bytes result sent to driver
[2023-09-04T16:38:43.579-0300] {spark_submit.py:491} INFO - 23/09/04 16:38:43 INFO TaskSetManager: Finished task 0.0 in stage 2.0 (TID 1) in 245 ms on 192.168.0.53 (executor driver) (1/1)
[2023-09-04T16:38:43.579-0300] {spark_submit.py:491} INFO - 23/09/04 16:38:43 INFO TaskSchedulerImpl: Removed TaskSet 2.0, whose tasks have all completed, from pool
[2023-09-04T16:38:43.593-0300] {spark_submit.py:491} INFO - 23/09/04 16:38:43 INFO DAGScheduler: ResultStage 2 (isEmpty at NativeMethodAccessorImpl.java:0) finished in 0,290 s
[2023-09-04T16:38:43.593-0300] {spark_submit.py:491} INFO - 23/09/04 16:38:43 INFO DAGScheduler: Job 1 is finished. Cancelling potential speculative or zombie tasks for this job
[2023-09-04T16:38:43.593-0300] {spark_submit.py:491} INFO - 23/09/04 16:38:43 INFO TaskSchedulerImpl: Killing all running tasks in stage 2: Stage finished
[2023-09-04T16:38:43.595-0300] {spark_submit.py:491} INFO - 23/09/04 16:38:43 INFO DAGScheduler: Job 1 finished: isEmpty at NativeMethodAccessorImpl.java:0, took 0,322654 s
[2023-09-04T16:38:43.779-0300] {spark_submit.py:491} INFO - 23/09/04 16:38:43 INFO BlockManagerInfo: Removed broadcast_1_piece0 on 192.168.0.53:41989 in memory (size: 15.7 KiB, free: 434.4 MiB)
[2023-09-04T16:38:43.828-0300] {spark_submit.py:491} INFO - 23/09/04 16:38:43 INFO CodeGenerator: Code generated in 81.847222 ms
[2023-09-04T16:38:43.848-0300] {spark_submit.py:491} INFO - 23/09/04 16:38:43 INFO DAGScheduler: Registering RDD 11 (toPandas at /home/enricolm/Documents/Sprinklr_Airflow/dadosvm/Airflow_Investimento/Scripts/Operators/Raw_Operator.py:60) as input to shuffle 1
[2023-09-04T16:38:43.849-0300] {spark_submit.py:491} INFO - 23/09/04 16:38:43 INFO DAGScheduler: Got map stage job 2 (toPandas at /home/enricolm/Documents/Sprinklr_Airflow/dadosvm/Airflow_Investimento/Scripts/Operators/Raw_Operator.py:60) with 1 output partitions
[2023-09-04T16:38:43.850-0300] {spark_submit.py:491} INFO - 23/09/04 16:38:43 INFO DAGScheduler: Final stage: ShuffleMapStage 3 (toPandas at /home/enricolm/Documents/Sprinklr_Airflow/dadosvm/Airflow_Investimento/Scripts/Operators/Raw_Operator.py:60)
[2023-09-04T16:38:43.850-0300] {spark_submit.py:491} INFO - 23/09/04 16:38:43 INFO DAGScheduler: Parents of final stage: List()
[2023-09-04T16:38:43.850-0300] {spark_submit.py:491} INFO - 23/09/04 16:38:43 INFO DAGScheduler: Missing parents: List()
[2023-09-04T16:38:43.852-0300] {spark_submit.py:491} INFO - 23/09/04 16:38:43 INFO DAGScheduler: Submitting ShuffleMapStage 3 (MapPartitionsRDD[11] at toPandas at /home/enricolm/Documents/Sprinklr_Airflow/dadosvm/Airflow_Investimento/Scripts/Operators/Raw_Operator.py:60), which has no missing parents
[2023-09-04T16:38:43.866-0300] {spark_submit.py:491} INFO - 23/09/04 16:38:43 INFO MemoryStore: Block broadcast_2 stored as values in memory (estimated size 50.5 KiB, free 434.4 MiB)
[2023-09-04T16:38:43.875-0300] {spark_submit.py:491} INFO - 23/09/04 16:38:43 INFO MemoryStore: Block broadcast_2_piece0 stored as bytes in memory (estimated size 21.1 KiB, free 434.3 MiB)
[2023-09-04T16:38:43.877-0300] {spark_submit.py:491} INFO - 23/09/04 16:38:43 INFO BlockManagerInfo: Added broadcast_2_piece0 in memory on 192.168.0.53:41989 (size: 21.1 KiB, free: 434.4 MiB)
[2023-09-04T16:38:43.879-0300] {spark_submit.py:491} INFO - 23/09/04 16:38:43 INFO SparkContext: Created broadcast 2 from broadcast at DAGScheduler.scala:1535
[2023-09-04T16:38:43.880-0300] {spark_submit.py:491} INFO - 23/09/04 16:38:43 INFO DAGScheduler: Submitting 1 missing tasks from ShuffleMapStage 3 (MapPartitionsRDD[11] at toPandas at /home/enricolm/Documents/Sprinklr_Airflow/dadosvm/Airflow_Investimento/Scripts/Operators/Raw_Operator.py:60) (first 15 tasks are for partitions Vector(0))
[2023-09-04T16:38:43.880-0300] {spark_submit.py:491} INFO - 23/09/04 16:38:43 INFO TaskSchedulerImpl: Adding task set 3.0 with 1 tasks resource profile 0
[2023-09-04T16:38:43.881-0300] {spark_submit.py:491} INFO - 23/09/04 16:38:43 INFO TaskSetManager: Starting task 0.0 in stage 3.0 (TID 2) (192.168.0.53, executor driver, partition 0, PROCESS_LOCAL, 19140 bytes)
[2023-09-04T16:38:43.882-0300] {spark_submit.py:491} INFO - 23/09/04 16:38:43 INFO Executor: Running task 0.0 in stage 3.0 (TID 2)
[2023-09-04T16:38:44.035-0300] {spark_submit.py:491} INFO - 23/09/04 16:38:44 INFO CodeGenerator: Code generated in 7.852936 ms
[2023-09-04T16:38:44.076-0300] {spark_submit.py:491} INFO - 23/09/04 16:38:44 INFO CodeGenerator: Code generated in 13.402596 ms
[2023-09-04T16:38:44.124-0300] {spark_submit.py:491} INFO - 23/09/04 16:38:44 INFO PythonRunner: Times: total = 110, boot = -1503, init = 1612, finish = 1
[2023-09-04T16:38:44.201-0300] {spark_submit.py:491} INFO - 23/09/04 16:38:44 INFO Executor: Finished task 0.0 in stage 3.0 (TID 2). 3014 bytes result sent to driver
[2023-09-04T16:38:44.222-0300] {spark_submit.py:491} INFO - 23/09/04 16:38:44 INFO TaskSetManager: Finished task 0.0 in stage 3.0 (TID 2) in 326 ms on 192.168.0.53 (executor driver) (1/1)
[2023-09-04T16:38:44.222-0300] {spark_submit.py:491} INFO - 23/09/04 16:38:44 INFO TaskSchedulerImpl: Removed TaskSet 3.0, whose tasks have all completed, from pool
[2023-09-04T16:38:44.224-0300] {spark_submit.py:491} INFO - 23/09/04 16:38:44 INFO DAGScheduler: ShuffleMapStage 3 (toPandas at /home/enricolm/Documents/Sprinklr_Airflow/dadosvm/Airflow_Investimento/Scripts/Operators/Raw_Operator.py:60) finished in 0,371 s
[2023-09-04T16:38:44.224-0300] {spark_submit.py:491} INFO - 23/09/04 16:38:44 INFO DAGScheduler: looking for newly runnable stages
[2023-09-04T16:38:44.225-0300] {spark_submit.py:491} INFO - 23/09/04 16:38:44 INFO DAGScheduler: running: HashSet()
[2023-09-04T16:38:44.225-0300] {spark_submit.py:491} INFO - 23/09/04 16:38:44 INFO DAGScheduler: waiting: HashSet()
[2023-09-04T16:38:44.225-0300] {spark_submit.py:491} INFO - 23/09/04 16:38:44 INFO DAGScheduler: failed: HashSet()
[2023-09-04T16:38:44.231-0300] {spark_submit.py:491} INFO - 23/09/04 16:38:44 INFO ShufflePartitionsUtil: For shuffle(1), advisory target size: 67108864, actual target size 1048576, minimum partition size: 1048576
[2023-09-04T16:38:44.244-0300] {spark_submit.py:491} INFO - 23/09/04 16:38:44 INFO HashAggregateExec: spark.sql.codegen.aggregate.map.twolevel.enabled is set to true, but current version of codegened fast hashmap does not support this aggregate.
[2023-09-04T16:38:44.351-0300] {spark_submit.py:491} INFO - 23/09/04 16:38:44 INFO CodeGenerator: Code generated in 51.666 ms
[2023-09-04T16:38:44.385-0300] {spark_submit.py:491} INFO - 23/09/04 16:38:44 INFO SparkContext: Starting job: toPandas at /home/enricolm/Documents/Sprinklr_Airflow/dadosvm/Airflow_Investimento/Scripts/Operators/Raw_Operator.py:60
[2023-09-04T16:38:44.390-0300] {spark_submit.py:491} INFO - 23/09/04 16:38:44 INFO DAGScheduler: Got job 3 (toPandas at /home/enricolm/Documents/Sprinklr_Airflow/dadosvm/Airflow_Investimento/Scripts/Operators/Raw_Operator.py:60) with 1 output partitions
[2023-09-04T16:38:44.390-0300] {spark_submit.py:491} INFO - 23/09/04 16:38:44 INFO DAGScheduler: Final stage: ResultStage 5 (toPandas at /home/enricolm/Documents/Sprinklr_Airflow/dadosvm/Airflow_Investimento/Scripts/Operators/Raw_Operator.py:60)
[2023-09-04T16:38:44.390-0300] {spark_submit.py:491} INFO - 23/09/04 16:38:44 INFO DAGScheduler: Parents of final stage: List(ShuffleMapStage 4)
[2023-09-04T16:38:44.391-0300] {spark_submit.py:491} INFO - 23/09/04 16:38:44 INFO DAGScheduler: Missing parents: List()
[2023-09-04T16:38:44.393-0300] {spark_submit.py:491} INFO - 23/09/04 16:38:44 INFO DAGScheduler: Submitting ResultStage 5 (MapPartitionsRDD[14] at toPandas at /home/enricolm/Documents/Sprinklr_Airflow/dadosvm/Airflow_Investimento/Scripts/Operators/Raw_Operator.py:60), which has no missing parents
[2023-09-04T16:38:44.429-0300] {spark_submit.py:491} INFO - 23/09/04 16:38:44 INFO MemoryStore: Block broadcast_3 stored as values in memory (estimated size 54.6 KiB, free 434.3 MiB)
[2023-09-04T16:38:44.431-0300] {spark_submit.py:491} INFO - 23/09/04 16:38:44 INFO MemoryStore: Block broadcast_3_piece0 stored as bytes in memory (estimated size 22.0 KiB, free 434.3 MiB)
[2023-09-04T16:38:44.432-0300] {spark_submit.py:491} INFO - 23/09/04 16:38:44 INFO BlockManagerInfo: Added broadcast_3_piece0 in memory on 192.168.0.53:41989 (size: 22.0 KiB, free: 434.4 MiB)
[2023-09-04T16:38:44.435-0300] {spark_submit.py:491} INFO - 23/09/04 16:38:44 INFO SparkContext: Created broadcast 3 from broadcast at DAGScheduler.scala:1535
[2023-09-04T16:38:44.436-0300] {spark_submit.py:491} INFO - 23/09/04 16:38:44 INFO DAGScheduler: Submitting 1 missing tasks from ResultStage 5 (MapPartitionsRDD[14] at toPandas at /home/enricolm/Documents/Sprinklr_Airflow/dadosvm/Airflow_Investimento/Scripts/Operators/Raw_Operator.py:60) (first 15 tasks are for partitions Vector(0))
[2023-09-04T16:38:44.436-0300] {spark_submit.py:491} INFO - 23/09/04 16:38:44 INFO TaskSchedulerImpl: Adding task set 5.0 with 1 tasks resource profile 0
[2023-09-04T16:38:44.436-0300] {spark_submit.py:491} INFO - 23/09/04 16:38:44 INFO TaskSetManager: Starting task 0.0 in stage 5.0 (TID 3) (192.168.0.53, executor driver, partition 0, NODE_LOCAL, 7437 bytes)
[2023-09-04T16:38:44.443-0300] {spark_submit.py:491} INFO - 23/09/04 16:38:44 INFO Executor: Running task 0.0 in stage 5.0 (TID 3)
[2023-09-04T16:38:44.492-0300] {spark_submit.py:491} INFO - 23/09/04 16:38:44 INFO ShuffleBlockFetcherIterator: Getting 1 (18.0 KiB) non-empty blocks including 1 (18.0 KiB) local and 0 (0.0 B) host-local and 0 (0.0 B) push-merged-local and 0 (0.0 B) remote blocks
[2023-09-04T16:38:44.492-0300] {spark_submit.py:491} INFO - 23/09/04 16:38:44 INFO ShuffleBlockFetcherIterator: Started 0 remote fetches in 9 ms
[2023-09-04T16:38:44.531-0300] {spark_submit.py:491} INFO - 23/09/04 16:38:44 INFO Executor: Finished task 0.0 in stage 5.0 (TID 3). 10775 bytes result sent to driver
[2023-09-04T16:38:44.568-0300] {spark_submit.py:491} INFO - 23/09/04 16:38:44 INFO TaskSetManager: Finished task 0.0 in stage 5.0 (TID 3) in 123 ms on 192.168.0.53 (executor driver) (1/1)
[2023-09-04T16:38:44.584-0300] {spark_submit.py:491} INFO - 23/09/04 16:38:44 INFO TaskSchedulerImpl: Removed TaskSet 5.0, whose tasks have all completed, from pool
[2023-09-04T16:38:44.596-0300] {spark_submit.py:491} INFO - 23/09/04 16:38:44 INFO DAGScheduler: ResultStage 5 (toPandas at /home/enricolm/Documents/Sprinklr_Airflow/dadosvm/Airflow_Investimento/Scripts/Operators/Raw_Operator.py:60) finished in 0,168 s
[2023-09-04T16:38:44.597-0300] {spark_submit.py:491} INFO - 23/09/04 16:38:44 INFO DAGScheduler: Job 3 is finished. Cancelling potential speculative or zombie tasks for this job
[2023-09-04T16:38:44.603-0300] {spark_submit.py:491} INFO - 23/09/04 16:38:44 INFO TaskSchedulerImpl: Killing all running tasks in stage 5: Stage finished
[2023-09-04T16:38:44.603-0300] {spark_submit.py:491} INFO - 23/09/04 16:38:44 INFO DAGScheduler: Job 3 finished: toPandas at /home/enricolm/Documents/Sprinklr_Airflow/dadosvm/Airflow_Investimento/Scripts/Operators/Raw_Operator.py:60, took 0,207052 s
[2023-09-04T16:38:44.823-0300] {spark_submit.py:491} INFO - 23/09/04 16:38:44 INFO SparkContext: SparkContext is stopping with exitCode 0.
[2023-09-04T16:38:44.844-0300] {spark_submit.py:491} INFO - 23/09/04 16:38:44 INFO SparkUI: Stopped Spark web UI at http://192.168.0.53:4040
[2023-09-04T16:38:44.898-0300] {spark_submit.py:491} INFO - 23/09/04 16:38:44 INFO MapOutputTrackerMasterEndpoint: MapOutputTrackerMasterEndpoint stopped!
[2023-09-04T16:38:44.947-0300] {spark_submit.py:491} INFO - 23/09/04 16:38:44 INFO MemoryStore: MemoryStore cleared
[2023-09-04T16:38:44.947-0300] {spark_submit.py:491} INFO - 23/09/04 16:38:44 INFO BlockManager: BlockManager stopped
[2023-09-04T16:38:44.965-0300] {spark_submit.py:491} INFO - 23/09/04 16:38:44 INFO BlockManagerMaster: BlockManagerMaster stopped
[2023-09-04T16:38:44.972-0300] {spark_submit.py:491} INFO - 23/09/04 16:38:44 INFO OutputCommitCoordinator$OutputCommitCoordinatorEndpoint: OutputCommitCoordinator stopped!
[2023-09-04T16:38:44.981-0300] {spark_submit.py:491} INFO - 23/09/04 16:38:44 INFO SparkContext: Successfully stopped SparkContext
[2023-09-04T16:38:45.849-0300] {spark_submit.py:491} INFO - 23/09/04 16:38:45 INFO ShutdownHookManager: Shutdown hook called
[2023-09-04T16:38:45.850-0300] {spark_submit.py:491} INFO - 23/09/04 16:38:45 INFO ShutdownHookManager: Deleting directory /tmp/spark-36415176-1dcf-4bb8-a7c2-fb7d0350af85
[2023-09-04T16:38:45.858-0300] {spark_submit.py:491} INFO - 23/09/04 16:38:45 INFO ShutdownHookManager: Deleting directory /tmp/spark-6e3ad69b-02c4-4aaf-a000-5b7ab37adf8d/pyspark-32d02a77-060d-4fb1-8cb7-054f710f643e
[2023-09-04T16:38:45.865-0300] {spark_submit.py:491} INFO - 23/09/04 16:38:45 INFO ShutdownHookManager: Deleting directory /tmp/spark-6e3ad69b-02c4-4aaf-a000-5b7ab37adf8d
[2023-09-04T16:38:46.002-0300] {taskinstance.py:1345} INFO - Marking task as SUCCESS. dag_id=Investimento_api, task_id=Extracao_Invest, execution_date=20230904T193803, start_date=20230904T193805, end_date=20230904T193846
[2023-09-04T16:38:46.038-0300] {local_task_job_runner.py:225} INFO - Task exited with return code 0
[2023-09-04T16:38:46.079-0300] {taskinstance.py:2653} INFO - 1 downstream tasks scheduled from follow-on schedule check
