[2023-09-04T09:59:56.236-0300] {taskinstance.py:1103} INFO - Dependencies all met for dep_context=non-requeueable deps ti=<TaskInstance: Investimento_api.Extracao_Invest manual__2023-09-04T12:59:54.642558+00:00 [queued]>
[2023-09-04T09:59:56.244-0300] {taskinstance.py:1103} INFO - Dependencies all met for dep_context=requeueable deps ti=<TaskInstance: Investimento_api.Extracao_Invest manual__2023-09-04T12:59:54.642558+00:00 [queued]>
[2023-09-04T09:59:56.244-0300] {taskinstance.py:1308} INFO - Starting attempt 1 of 1
[2023-09-04T09:59:56.271-0300] {taskinstance.py:1327} INFO - Executing <Task(SparkSubmitOperator): Extracao_Invest> on 2023-09-04 12:59:54.642558+00:00
[2023-09-04T09:59:56.275-0300] {standard_task_runner.py:57} INFO - Started process 12978 to run task
[2023-09-04T09:59:56.278-0300] {standard_task_runner.py:84} INFO - Running: ['airflow', 'tasks', 'run', 'Investimento_api', 'Extracao_Invest', 'manual__2023-09-04T12:59:54.642558+00:00', '--job-id', '48', '--raw', '--subdir', 'DAGS_FOLDER/dag.py', '--cfg-path', '/tmp/tmpmvo5_tdq']
[2023-09-04T09:59:56.281-0300] {standard_task_runner.py:85} INFO - Job 48: Subtask Extracao_Invest
[2023-09-04T09:59:56.497-0300] {task_command.py:410} INFO - Running <TaskInstance: Investimento_api.Extracao_Invest manual__2023-09-04T12:59:54.642558+00:00 [running]> on host VMEnricolm.myguest.virtualbox.org
[2023-09-04T09:59:56.653-0300] {taskinstance.py:1545} INFO - Exporting env vars: AIRFLOW_CTX_DAG_OWNER='airflow' AIRFLOW_CTX_DAG_ID='Investimento_api' AIRFLOW_CTX_TASK_ID='Extracao_Invest' AIRFLOW_CTX_EXECUTION_DATE='2023-09-04T12:59:54.642558+00:00' AIRFLOW_CTX_TRY_NUMBER='1' AIRFLOW_CTX_DAG_RUN_ID='manual__2023-09-04T12:59:54.642558+00:00'
[2023-09-04T09:59:56.675-0300] {base.py:73} INFO - Using connection ID 'spark_default' for task execution.
[2023-09-04T09:59:56.676-0300] {spark_submit.py:340} INFO - Spark-Submit cmd: spark-submit --master local --name Extracao_Invest --queue root.default /home/enricolm/Documents/Sprinklr_Airflow/dadosvm/Airflow_Investimento/Scripts/Operators/Raw_Operator.py
[2023-09-04T09:59:58.970-0300] {spark_submit.py:491} INFO - 23/09/04 09:59:58 WARN Utils: Your hostname, VMEnricolm resolves to a loopback address: 127.0.1.1; using 192.168.0.53 instead (on interface enp0s3)
[2023-09-04T09:59:58.974-0300] {spark_submit.py:491} INFO - 23/09/04 09:59:58 WARN Utils: Set SPARK_LOCAL_IP if you need to bind to another address
[2023-09-04T10:00:01.169-0300] {spark_submit.py:491} INFO - 23/09/04 10:00:01 INFO SparkContext: Running Spark version 3.4.1
[2023-09-04T10:00:01.288-0300] {spark_submit.py:491} INFO - 23/09/04 10:00:01 WARN NativeCodeLoader: Unable to load native-hadoop library for your platform... using builtin-java classes where applicable
[2023-09-04T10:00:01.572-0300] {spark_submit.py:491} INFO - 23/09/04 10:00:01 INFO ResourceUtils: ==============================================================
[2023-09-04T10:00:01.573-0300] {spark_submit.py:491} INFO - 23/09/04 10:00:01 INFO ResourceUtils: No custom resources configured for spark.driver.
[2023-09-04T10:00:01.573-0300] {spark_submit.py:491} INFO - 23/09/04 10:00:01 INFO ResourceUtils: ==============================================================
[2023-09-04T10:00:01.574-0300] {spark_submit.py:491} INFO - 23/09/04 10:00:01 INFO SparkContext: Submitted application: extracao_Finance
[2023-09-04T10:00:01.608-0300] {spark_submit.py:491} INFO - 23/09/04 10:00:01 INFO ResourceProfile: Default ResourceProfile created, executor resources: Map(cores -> name: cores, amount: 1, script: , vendor: , memory -> name: memory, amount: 1024, script: , vendor: , offHeap -> name: offHeap, amount: 0, script: , vendor: ), task resources: Map(cpus -> name: cpus, amount: 1.0)
[2023-09-04T10:00:01.614-0300] {spark_submit.py:491} INFO - 23/09/04 10:00:01 INFO ResourceProfile: Limiting resource is cpu
[2023-09-04T10:00:01.616-0300] {spark_submit.py:491} INFO - 23/09/04 10:00:01 INFO ResourceProfileManager: Added ResourceProfile id: 0
[2023-09-04T10:00:01.724-0300] {spark_submit.py:491} INFO - 23/09/04 10:00:01 INFO SecurityManager: Changing view acls to: enricolm
[2023-09-04T10:00:01.729-0300] {spark_submit.py:491} INFO - 23/09/04 10:00:01 INFO SecurityManager: Changing modify acls to: enricolm
[2023-09-04T10:00:01.730-0300] {spark_submit.py:491} INFO - 23/09/04 10:00:01 INFO SecurityManager: Changing view acls groups to:
[2023-09-04T10:00:01.730-0300] {spark_submit.py:491} INFO - 23/09/04 10:00:01 INFO SecurityManager: Changing modify acls groups to:
[2023-09-04T10:00:01.731-0300] {spark_submit.py:491} INFO - 23/09/04 10:00:01 INFO SecurityManager: SecurityManager: authentication disabled; ui acls disabled; users with view permissions: enricolm; groups with view permissions: EMPTY; users with modify permissions: enricolm; groups with modify permissions: EMPTY
[2023-09-04T10:00:02.305-0300] {spark_submit.py:491} INFO - 23/09/04 10:00:02 INFO Utils: Successfully started service 'sparkDriver' on port 43905.
[2023-09-04T10:00:02.393-0300] {spark_submit.py:491} INFO - 23/09/04 10:00:02 INFO SparkEnv: Registering MapOutputTracker
[2023-09-04T10:00:02.452-0300] {spark_submit.py:491} INFO - 23/09/04 10:00:02 INFO SparkEnv: Registering BlockManagerMaster
[2023-09-04T10:00:02.484-0300] {spark_submit.py:491} INFO - 23/09/04 10:00:02 INFO BlockManagerMasterEndpoint: Using org.apache.spark.storage.DefaultTopologyMapper for getting topology information
[2023-09-04T10:00:02.484-0300] {spark_submit.py:491} INFO - 23/09/04 10:00:02 INFO BlockManagerMasterEndpoint: BlockManagerMasterEndpoint up
[2023-09-04T10:00:02.495-0300] {spark_submit.py:491} INFO - 23/09/04 10:00:02 INFO SparkEnv: Registering BlockManagerMasterHeartbeat
[2023-09-04T10:00:02.557-0300] {spark_submit.py:491} INFO - 23/09/04 10:00:02 INFO DiskBlockManager: Created local directory at /tmp/blockmgr-7950c356-fb06-45d9-90ed-5aca1b6f1ac5
[2023-09-04T10:00:02.579-0300] {spark_submit.py:491} INFO - 23/09/04 10:00:02 INFO MemoryStore: MemoryStore started with capacity 434.4 MiB
[2023-09-04T10:00:02.612-0300] {spark_submit.py:491} INFO - 23/09/04 10:00:02 INFO SparkEnv: Registering OutputCommitCoordinator
[2023-09-04T10:00:02.834-0300] {spark_submit.py:491} INFO - 23/09/04 10:00:02 INFO JettyUtils: Start Jetty 0.0.0.0:4040 for SparkUI
[2023-09-04T10:00:02.954-0300] {spark_submit.py:491} INFO - 23/09/04 10:00:02 INFO Utils: Successfully started service 'SparkUI' on port 4040.
[2023-09-04T10:00:03.089-0300] {spark_submit.py:491} INFO - 23/09/04 10:00:03 INFO Executor: Starting executor ID driver on host 192.168.0.53
[2023-09-04T10:00:03.095-0300] {spark_submit.py:491} INFO - 23/09/04 10:00:03 INFO Executor: Starting executor with user classpath (userClassPathFirst = false): ''
[2023-09-04T10:00:03.125-0300] {spark_submit.py:491} INFO - 23/09/04 10:00:03 INFO Utils: Successfully started service 'org.apache.spark.network.netty.NettyBlockTransferService' on port 36703.
[2023-09-04T10:00:03.126-0300] {spark_submit.py:491} INFO - 23/09/04 10:00:03 INFO NettyBlockTransferService: Server created on 192.168.0.53:36703
[2023-09-04T10:00:03.128-0300] {spark_submit.py:491} INFO - 23/09/04 10:00:03 INFO BlockManager: Using org.apache.spark.storage.RandomBlockReplicationPolicy for block replication policy
[2023-09-04T10:00:03.138-0300] {spark_submit.py:491} INFO - 23/09/04 10:00:03 INFO BlockManagerMaster: Registering BlockManager BlockManagerId(driver, 192.168.0.53, 36703, None)
[2023-09-04T10:00:03.141-0300] {spark_submit.py:491} INFO - 23/09/04 10:00:03 INFO BlockManagerMasterEndpoint: Registering block manager 192.168.0.53:36703 with 434.4 MiB RAM, BlockManagerId(driver, 192.168.0.53, 36703, None)
[2023-09-04T10:00:03.149-0300] {spark_submit.py:491} INFO - 23/09/04 10:00:03 INFO BlockManagerMaster: Registered BlockManager BlockManagerId(driver, 192.168.0.53, 36703, None)
[2023-09-04T10:00:03.151-0300] {spark_submit.py:491} INFO - 23/09/04 10:00:03 INFO BlockManager: Initialized BlockManager: BlockManagerId(driver, 192.168.0.53, 36703, None)
[2023-09-04T10:00:03.841-0300] {spark_submit.py:491} INFO - Criando pasta
[2023-09-04T10:00:06.189-0300] {spark_submit.py:491} INFO - AAPL: No price data found, symbol may be delisted (1d 2023-09-03 -> 2023-09-04)
[2023-09-04T10:00:06.190-0300] {spark_submit.py:491} INFO - No price data found for the given date range.
[2023-09-04T10:00:06.190-0300] {spark_submit.py:491} INFO - Nothing to Add
[2023-09-04T10:00:06.191-0300] {spark_submit.py:491} INFO - 23/09/04 10:00:06 INFO SparkContext: SparkContext is stopping with exitCode 0.
[2023-09-04T10:00:06.213-0300] {spark_submit.py:491} INFO - 23/09/04 10:00:06 INFO SparkUI: Stopped Spark web UI at http://192.168.0.53:4040
[2023-09-04T10:00:06.252-0300] {spark_submit.py:491} INFO - 23/09/04 10:00:06 INFO MapOutputTrackerMasterEndpoint: MapOutputTrackerMasterEndpoint stopped!
[2023-09-04T10:00:06.268-0300] {spark_submit.py:491} INFO - 23/09/04 10:00:06 INFO MemoryStore: MemoryStore cleared
[2023-09-04T10:00:06.271-0300] {spark_submit.py:491} INFO - 23/09/04 10:00:06 INFO BlockManager: BlockManager stopped
[2023-09-04T10:00:06.279-0300] {spark_submit.py:491} INFO - 23/09/04 10:00:06 INFO BlockManagerMaster: BlockManagerMaster stopped
[2023-09-04T10:00:06.282-0300] {spark_submit.py:491} INFO - 23/09/04 10:00:06 INFO OutputCommitCoordinator$OutputCommitCoordinatorEndpoint: OutputCommitCoordinator stopped!
[2023-09-04T10:00:06.293-0300] {spark_submit.py:491} INFO - 23/09/04 10:00:06 INFO SparkContext: Successfully stopped SparkContext
[2023-09-04T10:00:06.742-0300] {spark_submit.py:491} INFO - 23/09/04 10:00:06 INFO ShutdownHookManager: Shutdown hook called
[2023-09-04T10:00:06.743-0300] {spark_submit.py:491} INFO - 23/09/04 10:00:06 INFO ShutdownHookManager: Deleting directory /tmp/spark-d380652b-ff1e-4bdd-8578-c8d6754b328e
[2023-09-04T10:00:06.771-0300] {spark_submit.py:491} INFO - 23/09/04 10:00:06 INFO ShutdownHookManager: Deleting directory /tmp/spark-902b7790-bdd0-4bb6-8117-6292cd482dbd
[2023-09-04T10:00:06.779-0300] {spark_submit.py:491} INFO - 23/09/04 10:00:06 INFO ShutdownHookManager: Deleting directory /tmp/spark-902b7790-bdd0-4bb6-8117-6292cd482dbd/pyspark-a921e6cb-939f-474f-b83a-2f5b41c1f5b9
[2023-09-04T10:00:06.876-0300] {taskinstance.py:1345} INFO - Marking task as SUCCESS. dag_id=Investimento_api, task_id=Extracao_Invest, execution_date=20230904T125954, start_date=20230904T125956, end_date=20230904T130006
[2023-09-04T10:00:06.929-0300] {local_task_job_runner.py:225} INFO - Task exited with return code 0
[2023-09-04T10:00:07.009-0300] {taskinstance.py:2653} INFO - 1 downstream tasks scheduled from follow-on schedule check
