[2023-08-28T23:09:02.060-0300] {taskinstance.py:1103} INFO - Dependencies all met for dep_context=non-requeueable deps ti=<TaskInstance: Investimento_api.Extracao_Invest manual__2023-08-29T02:08:54.698762+00:00 [queued]>
[2023-08-28T23:09:02.073-0300] {taskinstance.py:1103} INFO - Dependencies all met for dep_context=requeueable deps ti=<TaskInstance: Investimento_api.Extracao_Invest manual__2023-08-29T02:08:54.698762+00:00 [queued]>
[2023-08-28T23:09:02.095-0300] {taskinstance.py:1308} INFO - Starting attempt 1 of 1
[2023-08-28T23:09:02.384-0300] {taskinstance.py:1327} INFO - Executing <Task(SparkSubmitOperator): Extracao_Invest> on 2023-08-29 02:08:54.698762+00:00
[2023-08-28T23:09:02.405-0300] {standard_task_runner.py:57} INFO - Started process 29989 to run task
[2023-08-28T23:09:02.414-0300] {standard_task_runner.py:84} INFO - Running: ['airflow', 'tasks', 'run', 'Investimento_api', 'Extracao_Invest', 'manual__2023-08-29T02:08:54.698762+00:00', '--job-id', '39', '--raw', '--subdir', 'DAGS_FOLDER/dag.py', '--cfg-path', '/tmp/tmpyokmql80']
[2023-08-28T23:09:02.416-0300] {standard_task_runner.py:85} INFO - Job 39: Subtask Extracao_Invest
[2023-08-28T23:09:02.625-0300] {task_command.py:410} INFO - Running <TaskInstance: Investimento_api.Extracao_Invest manual__2023-08-29T02:08:54.698762+00:00 [running]> on host VMEnricolm.myguest.virtualbox.org
[2023-08-28T23:09:02.876-0300] {taskinstance.py:1545} INFO - Exporting env vars: AIRFLOW_CTX_DAG_OWNER='airflow' AIRFLOW_CTX_DAG_ID='Investimento_api' AIRFLOW_CTX_TASK_ID='Extracao_Invest' AIRFLOW_CTX_EXECUTION_DATE='2023-08-29T02:08:54.698762+00:00' AIRFLOW_CTX_TRY_NUMBER='1' AIRFLOW_CTX_DAG_RUN_ID='manual__2023-08-29T02:08:54.698762+00:00'
[2023-08-28T23:09:02.882-0300] {base.py:73} INFO - Using connection ID 'spark_default' for task execution.
[2023-08-28T23:09:02.893-0300] {spark_submit.py:340} INFO - Spark-Submit cmd: spark-submit --master local --name Extracao_Invest /home/enricolm/Documents/Sprinklr_Airflow/dadosvm/Airflow_Investimento/Scripts/Operators/Raw_Operator.py
[2023-08-28T23:09:06.788-0300] {spark_submit.py:491} INFO - 23/08/28 23:09:06 WARN Utils: Your hostname, VMEnricolm resolves to a loopback address: 127.0.1.1; using 192.168.0.53 instead (on interface enp0s3)
[2023-08-28T23:09:06.789-0300] {spark_submit.py:491} INFO - 23/08/28 23:09:06 WARN Utils: Set SPARK_LOCAL_IP if you need to bind to another address
[2023-08-28T23:09:09.902-0300] {spark_submit.py:491} INFO - 23/08/28 23:09:09 INFO SparkContext: Running Spark version 3.4.1
[2023-08-28T23:09:10.194-0300] {spark_submit.py:491} INFO - 23/08/28 23:09:10 WARN NativeCodeLoader: Unable to load native-hadoop library for your platform... using builtin-java classes where applicable
[2023-08-28T23:09:10.638-0300] {spark_submit.py:491} INFO - 23/08/28 23:09:10 INFO ResourceUtils: ==============================================================
[2023-08-28T23:09:10.639-0300] {spark_submit.py:491} INFO - 23/08/28 23:09:10 INFO ResourceUtils: No custom resources configured for spark.driver.
[2023-08-28T23:09:10.639-0300] {spark_submit.py:491} INFO - 23/08/28 23:09:10 INFO ResourceUtils: ==============================================================
[2023-08-28T23:09:10.639-0300] {spark_submit.py:491} INFO - 23/08/28 23:09:10 INFO SparkContext: Submitted application: extracao_Finance
[2023-08-28T23:09:10.811-0300] {spark_submit.py:491} INFO - 23/08/28 23:09:10 INFO ResourceProfile: Default ResourceProfile created, executor resources: Map(cores -> name: cores, amount: 1, script: , vendor: , memory -> name: memory, amount: 1024, script: , vendor: , offHeap -> name: offHeap, amount: 0, script: , vendor: ), task resources: Map(cpus -> name: cpus, amount: 1.0)
[2023-08-28T23:09:10.831-0300] {spark_submit.py:491} INFO - 23/08/28 23:09:10 INFO ResourceProfile: Limiting resource is cpu
[2023-08-28T23:09:10.890-0300] {spark_submit.py:491} INFO - 23/08/28 23:09:10 INFO ResourceProfileManager: Added ResourceProfile id: 0
[2023-08-28T23:09:10.982-0300] {spark_submit.py:491} INFO - 23/08/28 23:09:10 INFO SecurityManager: Changing view acls to: enricolm
[2023-08-28T23:09:10.983-0300] {spark_submit.py:491} INFO - 23/08/28 23:09:10 INFO SecurityManager: Changing modify acls to: enricolm
[2023-08-28T23:09:10.984-0300] {spark_submit.py:491} INFO - 23/08/28 23:09:10 INFO SecurityManager: Changing view acls groups to:
[2023-08-28T23:09:10.984-0300] {spark_submit.py:491} INFO - 23/08/28 23:09:10 INFO SecurityManager: Changing modify acls groups to:
[2023-08-28T23:09:10.985-0300] {spark_submit.py:491} INFO - 23/08/28 23:09:10 INFO SecurityManager: SecurityManager: authentication disabled; ui acls disabled; users with view permissions: enricolm; groups with view permissions: EMPTY; users with modify permissions: enricolm; groups with modify permissions: EMPTY
[2023-08-28T23:09:11.398-0300] {spark_submit.py:491} INFO - 23/08/28 23:09:11 INFO Utils: Successfully started service 'sparkDriver' on port 41153.
[2023-08-28T23:09:11.517-0300] {spark_submit.py:491} INFO - 23/08/28 23:09:11 INFO SparkEnv: Registering MapOutputTracker
[2023-08-28T23:09:11.572-0300] {spark_submit.py:491} INFO - 23/08/28 23:09:11 INFO SparkEnv: Registering BlockManagerMaster
[2023-08-28T23:09:11.594-0300] {spark_submit.py:491} INFO - 23/08/28 23:09:11 INFO BlockManagerMasterEndpoint: Using org.apache.spark.storage.DefaultTopologyMapper for getting topology information
[2023-08-28T23:09:11.595-0300] {spark_submit.py:491} INFO - 23/08/28 23:09:11 INFO BlockManagerMasterEndpoint: BlockManagerMasterEndpoint up
[2023-08-28T23:09:11.600-0300] {spark_submit.py:491} INFO - 23/08/28 23:09:11 INFO SparkEnv: Registering BlockManagerMasterHeartbeat
[2023-08-28T23:09:11.634-0300] {spark_submit.py:491} INFO - 23/08/28 23:09:11 INFO DiskBlockManager: Created local directory at /tmp/blockmgr-a7a21956-1015-4b4d-aad9-6670dd61bd99
[2023-08-28T23:09:11.650-0300] {spark_submit.py:491} INFO - 23/08/28 23:09:11 INFO MemoryStore: MemoryStore started with capacity 434.4 MiB
[2023-08-28T23:09:11.667-0300] {spark_submit.py:491} INFO - 23/08/28 23:09:11 INFO SparkEnv: Registering OutputCommitCoordinator
[2023-08-28T23:09:11.815-0300] {spark_submit.py:491} INFO - 23/08/28 23:09:11 INFO JettyUtils: Start Jetty 0.0.0.0:4040 for SparkUI
[2023-08-28T23:09:11.879-0300] {spark_submit.py:491} INFO - 23/08/28 23:09:11 INFO Utils: Successfully started service 'SparkUI' on port 4040.
[2023-08-28T23:09:11.997-0300] {spark_submit.py:491} INFO - 23/08/28 23:09:11 INFO Executor: Starting executor ID driver on host 192.168.0.53
[2023-08-28T23:09:12.005-0300] {spark_submit.py:491} INFO - 23/08/28 23:09:12 INFO Executor: Starting executor with user classpath (userClassPathFirst = false): ''
[2023-08-28T23:09:12.030-0300] {spark_submit.py:491} INFO - 23/08/28 23:09:12 INFO Utils: Successfully started service 'org.apache.spark.network.netty.NettyBlockTransferService' on port 36415.
[2023-08-28T23:09:12.031-0300] {spark_submit.py:491} INFO - 23/08/28 23:09:12 INFO NettyBlockTransferService: Server created on 192.168.0.53:36415
[2023-08-28T23:09:12.032-0300] {spark_submit.py:491} INFO - 23/08/28 23:09:12 INFO BlockManager: Using org.apache.spark.storage.RandomBlockReplicationPolicy for block replication policy
[2023-08-28T23:09:12.038-0300] {spark_submit.py:491} INFO - 23/08/28 23:09:12 INFO BlockManagerMaster: Registering BlockManager BlockManagerId(driver, 192.168.0.53, 36415, None)
[2023-08-28T23:09:12.043-0300] {spark_submit.py:491} INFO - 23/08/28 23:09:12 INFO BlockManagerMasterEndpoint: Registering block manager 192.168.0.53:36415 with 434.4 MiB RAM, BlockManagerId(driver, 192.168.0.53, 36415, None)
[2023-08-28T23:09:12.045-0300] {spark_submit.py:491} INFO - 23/08/28 23:09:12 INFO BlockManagerMaster: Registered BlockManager BlockManagerId(driver, 192.168.0.53, 36415, None)
[2023-08-28T23:09:12.046-0300] {spark_submit.py:491} INFO - 23/08/28 23:09:12 INFO BlockManager: Initialized BlockManager: BlockManagerId(driver, 192.168.0.53, 36415, None)
[2023-08-28T23:09:12.526-0300] {spark_submit.py:491} INFO - Criando pasta
[2023-08-28T23:09:15.927-0300] {spark_submit.py:491} INFO - 23/08/28 23:09:15 INFO SharedState: Setting hive.metastore.warehouse.dir ('null') to the value of spark.sql.warehouse.dir.
[2023-08-28T23:09:15.948-0300] {spark_submit.py:491} INFO - 23/08/28 23:09:15 INFO SharedState: Warehouse path is 'file:/home/enricolm/Documents/Sprinklr_Airflow/dadosvm/Airflow_Investimento/spark-warehouse'.
[2023-08-28T23:09:19.843-0300] {spark_submit.py:491} INFO - 23/08/28 23:09:19 INFO HashAggregateExec: spark.sql.codegen.aggregate.map.twolevel.enabled is set to true, but current version of codegened fast hashmap does not support this aggregate.
[2023-08-28T23:09:20.167-0300] {spark_submit.py:491} INFO - 23/08/28 23:09:20 INFO CodeGenerator: Code generated in 252.642543 ms
[2023-08-28T23:09:20.273-0300] {spark_submit.py:491} INFO - 23/08/28 23:09:20 INFO DAGScheduler: Registering RDD 6 (isEmpty at NativeMethodAccessorImpl.java:0) as input to shuffle 0
[2023-08-28T23:09:20.285-0300] {spark_submit.py:491} INFO - 23/08/28 23:09:20 INFO DAGScheduler: Got map stage job 0 (isEmpty at NativeMethodAccessorImpl.java:0) with 1 output partitions
[2023-08-28T23:09:20.286-0300] {spark_submit.py:491} INFO - 23/08/28 23:09:20 INFO DAGScheduler: Final stage: ShuffleMapStage 0 (isEmpty at NativeMethodAccessorImpl.java:0)
[2023-08-28T23:09:20.286-0300] {spark_submit.py:491} INFO - 23/08/28 23:09:20 INFO DAGScheduler: Parents of final stage: List()
[2023-08-28T23:09:20.287-0300] {spark_submit.py:491} INFO - 23/08/28 23:09:20 INFO DAGScheduler: Missing parents: List()
[2023-08-28T23:09:20.291-0300] {spark_submit.py:491} INFO - 23/08/28 23:09:20 INFO DAGScheduler: Submitting ShuffleMapStage 0 (MapPartitionsRDD[6] at isEmpty at NativeMethodAccessorImpl.java:0), which has no missing parents
[2023-08-28T23:09:20.409-0300] {spark_submit.py:491} INFO - 23/08/28 23:09:20 INFO MemoryStore: Block broadcast_0 stored as values in memory (estimated size 30.5 KiB, free 434.4 MiB)
[2023-08-28T23:09:20.441-0300] {spark_submit.py:491} INFO - 23/08/28 23:09:20 INFO MemoryStore: Block broadcast_0_piece0 stored as bytes in memory (estimated size 14.2 KiB, free 434.4 MiB)
[2023-08-28T23:09:20.444-0300] {spark_submit.py:491} INFO - 23/08/28 23:09:20 INFO BlockManagerInfo: Added broadcast_0_piece0 in memory on 192.168.0.53:36415 (size: 14.2 KiB, free: 434.4 MiB)
[2023-08-28T23:09:20.447-0300] {spark_submit.py:491} INFO - 23/08/28 23:09:20 INFO SparkContext: Created broadcast 0 from broadcast at DAGScheduler.scala:1535
[2023-08-28T23:09:20.459-0300] {spark_submit.py:491} INFO - 23/08/28 23:09:20 INFO DAGScheduler: Submitting 1 missing tasks from ShuffleMapStage 0 (MapPartitionsRDD[6] at isEmpty at NativeMethodAccessorImpl.java:0) (first 15 tasks are for partitions Vector(0))
[2023-08-28T23:09:20.461-0300] {spark_submit.py:491} INFO - 23/08/28 23:09:20 INFO TaskSchedulerImpl: Adding task set 0.0 with 1 tasks resource profile 0
[2023-08-28T23:09:20.507-0300] {spark_submit.py:491} INFO - 23/08/28 23:09:20 INFO TaskSetManager: Starting task 0.0 in stage 0.0 (TID 0) (192.168.0.53, executor driver, partition 0, PROCESS_LOCAL, 19069 bytes)
[2023-08-28T23:09:20.524-0300] {spark_submit.py:491} INFO - 23/08/28 23:09:20 INFO Executor: Running task 0.0 in stage 0.0 (TID 0)
[2023-08-28T23:09:22.963-0300] {spark_submit.py:491} INFO - 23/08/28 23:09:22 INFO CodeGenerator: Code generated in 17.2759 ms
[2023-08-28T23:09:22.983-0300] {spark_submit.py:491} INFO - 23/08/28 23:09:22 INFO CodeGenerator: Code generated in 7.321777 ms
[2023-08-28T23:09:23.008-0300] {spark_submit.py:491} INFO - 23/08/28 23:09:23 INFO CodeGenerator: Code generated in 18.770153 ms
[2023-08-28T23:09:23.277-0300] {spark_submit.py:491} INFO - 23/08/28 23:09:23 INFO PythonRunner: Times: total = 2329, boot = 2013, init = 315, finish = 1
[2023-08-28T23:09:23.507-0300] {spark_submit.py:491} INFO - 23/08/28 23:09:23 INFO Executor: Finished task 0.0 in stage 0.0 (TID 0). 3014 bytes result sent to driver
[2023-08-28T23:09:23.554-0300] {spark_submit.py:491} INFO - 23/08/28 23:09:23 INFO TaskSetManager: Finished task 0.0 in stage 0.0 (TID 0) in 3058 ms on 192.168.0.53 (executor driver) (1/1)
[2023-08-28T23:09:23.557-0300] {spark_submit.py:491} INFO - 23/08/28 23:09:23 INFO TaskSchedulerImpl: Removed TaskSet 0.0, whose tasks have all completed, from pool
[2023-08-28T23:09:23.561-0300] {spark_submit.py:491} INFO - 23/08/28 23:09:23 INFO PythonAccumulatorV2: Connected to AccumulatorServer at host: 127.0.0.1 port: 34355
[2023-08-28T23:09:23.566-0300] {spark_submit.py:491} INFO - 23/08/28 23:09:23 INFO DAGScheduler: ShuffleMapStage 0 (isEmpty at NativeMethodAccessorImpl.java:0) finished in 3,262 s
[2023-08-28T23:09:23.567-0300] {spark_submit.py:491} INFO - 23/08/28 23:09:23 INFO DAGScheduler: looking for newly runnable stages
[2023-08-28T23:09:23.567-0300] {spark_submit.py:491} INFO - 23/08/28 23:09:23 INFO DAGScheduler: running: HashSet()
[2023-08-28T23:09:23.568-0300] {spark_submit.py:491} INFO - 23/08/28 23:09:23 INFO DAGScheduler: waiting: HashSet()
[2023-08-28T23:09:23.568-0300] {spark_submit.py:491} INFO - 23/08/28 23:09:23 INFO DAGScheduler: failed: HashSet()
[2023-08-28T23:09:23.599-0300] {spark_submit.py:491} INFO - 23/08/28 23:09:23 INFO ShufflePartitionsUtil: For shuffle(0), advisory target size: 67108864, actual target size 1048576, minimum partition size: 1048576
[2023-08-28T23:09:23.618-0300] {spark_submit.py:491} INFO - 23/08/28 23:09:23 INFO HashAggregateExec: spark.sql.codegen.aggregate.map.twolevel.enabled is set to true, but current version of codegened fast hashmap does not support this aggregate.
[2023-08-28T23:09:23.640-0300] {spark_submit.py:491} INFO - 23/08/28 23:09:23 INFO CodeGenerator: Code generated in 16.088307 ms
[2023-08-28T23:09:23.672-0300] {spark_submit.py:491} INFO - 23/08/28 23:09:23 INFO SparkContext: Starting job: isEmpty at NativeMethodAccessorImpl.java:0
[2023-08-28T23:09:23.677-0300] {spark_submit.py:491} INFO - 23/08/28 23:09:23 INFO DAGScheduler: Got job 1 (isEmpty at NativeMethodAccessorImpl.java:0) with 1 output partitions
[2023-08-28T23:09:23.677-0300] {spark_submit.py:491} INFO - 23/08/28 23:09:23 INFO DAGScheduler: Final stage: ResultStage 2 (isEmpty at NativeMethodAccessorImpl.java:0)
[2023-08-28T23:09:23.678-0300] {spark_submit.py:491} INFO - 23/08/28 23:09:23 INFO DAGScheduler: Parents of final stage: List(ShuffleMapStage 1)
[2023-08-28T23:09:23.679-0300] {spark_submit.py:491} INFO - 23/08/28 23:09:23 INFO DAGScheduler: Missing parents: List()
[2023-08-28T23:09:23.681-0300] {spark_submit.py:491} INFO - 23/08/28 23:09:23 INFO DAGScheduler: Submitting ResultStage 2 (MapPartitionsRDD[9] at isEmpty at NativeMethodAccessorImpl.java:0), which has no missing parents
[2023-08-28T23:09:23.701-0300] {spark_submit.py:491} INFO - 23/08/28 23:09:23 INFO MemoryStore: Block broadcast_1 stored as values in memory (estimated size 33.3 KiB, free 434.3 MiB)
[2023-08-28T23:09:23.737-0300] {spark_submit.py:491} INFO - 23/08/28 23:09:23 INFO MemoryStore: Block broadcast_1_piece0 stored as bytes in memory (estimated size 15.7 KiB, free 434.3 MiB)
[2023-08-28T23:09:23.746-0300] {spark_submit.py:491} INFO - 23/08/28 23:09:23 INFO BlockManagerInfo: Added broadcast_1_piece0 in memory on 192.168.0.53:36415 (size: 15.7 KiB, free: 434.4 MiB)
[2023-08-28T23:09:23.748-0300] {spark_submit.py:491} INFO - 23/08/28 23:09:23 INFO SparkContext: Created broadcast 1 from broadcast at DAGScheduler.scala:1535
[2023-08-28T23:09:23.750-0300] {spark_submit.py:491} INFO - 23/08/28 23:09:23 INFO DAGScheduler: Submitting 1 missing tasks from ResultStage 2 (MapPartitionsRDD[9] at isEmpty at NativeMethodAccessorImpl.java:0) (first 15 tasks are for partitions Vector(0))
[2023-08-28T23:09:23.750-0300] {spark_submit.py:491} INFO - 23/08/28 23:09:23 INFO TaskSchedulerImpl: Adding task set 2.0 with 1 tasks resource profile 0
[2023-08-28T23:09:23.758-0300] {spark_submit.py:491} INFO - 23/08/28 23:09:23 INFO TaskSetManager: Starting task 0.0 in stage 2.0 (TID 1) (192.168.0.53, executor driver, partition 0, NODE_LOCAL, 7437 bytes)
[2023-08-28T23:09:23.758-0300] {spark_submit.py:491} INFO - 23/08/28 23:09:23 INFO Executor: Running task 0.0 in stage 2.0 (TID 1)
[2023-08-28T23:09:23.787-0300] {spark_submit.py:491} INFO - 23/08/28 23:09:23 INFO BlockManagerInfo: Removed broadcast_0_piece0 on 192.168.0.53:36415 in memory (size: 14.2 KiB, free: 434.4 MiB)
[2023-08-28T23:09:23.826-0300] {spark_submit.py:491} INFO - 23/08/28 23:09:23 INFO ShuffleBlockFetcherIterator: Getting 1 (12.3 KiB) non-empty blocks including 1 (12.3 KiB) local and 0 (0.0 B) host-local and 0 (0.0 B) push-merged-local and 0 (0.0 B) remote blocks
[2023-08-28T23:09:23.830-0300] {spark_submit.py:491} INFO - 23/08/28 23:09:23 INFO ShuffleBlockFetcherIterator: Started 0 remote fetches in 14 ms
[2023-08-28T23:09:23.871-0300] {spark_submit.py:491} INFO - 23/08/28 23:09:23 INFO Executor: Finished task 0.0 in stage 2.0 (TID 1). 5358 bytes result sent to driver
[2023-08-28T23:09:23.875-0300] {spark_submit.py:491} INFO - 23/08/28 23:09:23 INFO TaskSetManager: Finished task 0.0 in stage 2.0 (TID 1) in 120 ms on 192.168.0.53 (executor driver) (1/1)
[2023-08-28T23:09:23.876-0300] {spark_submit.py:491} INFO - 23/08/28 23:09:23 INFO TaskSchedulerImpl: Removed TaskSet 2.0, whose tasks have all completed, from pool
[2023-08-28T23:09:23.878-0300] {spark_submit.py:491} INFO - 23/08/28 23:09:23 INFO DAGScheduler: ResultStage 2 (isEmpty at NativeMethodAccessorImpl.java:0) finished in 0,184 s
[2023-08-28T23:09:23.879-0300] {spark_submit.py:491} INFO - 23/08/28 23:09:23 INFO DAGScheduler: Job 1 is finished. Cancelling potential speculative or zombie tasks for this job
[2023-08-28T23:09:23.879-0300] {spark_submit.py:491} INFO - 23/08/28 23:09:23 INFO TaskSchedulerImpl: Killing all running tasks in stage 2: Stage finished
[2023-08-28T23:09:23.884-0300] {spark_submit.py:491} INFO - 23/08/28 23:09:23 INFO DAGScheduler: Job 1 finished: isEmpty at NativeMethodAccessorImpl.java:0, took 0,207726 s
[2023-08-28T23:09:24.132-0300] {spark_submit.py:491} INFO - 23/08/28 23:09:24 INFO CodeGenerator: Code generated in 66.301558 ms
[2023-08-28T23:09:24.144-0300] {spark_submit.py:491} INFO - 23/08/28 23:09:24 INFO DAGScheduler: Registering RDD 11 (csv at NativeMethodAccessorImpl.java:0) as input to shuffle 1
[2023-08-28T23:09:24.144-0300] {spark_submit.py:491} INFO - 23/08/28 23:09:24 INFO DAGScheduler: Got map stage job 2 (csv at NativeMethodAccessorImpl.java:0) with 1 output partitions
[2023-08-28T23:09:24.145-0300] {spark_submit.py:491} INFO - 23/08/28 23:09:24 INFO DAGScheduler: Final stage: ShuffleMapStage 3 (csv at NativeMethodAccessorImpl.java:0)
[2023-08-28T23:09:24.145-0300] {spark_submit.py:491} INFO - 23/08/28 23:09:24 INFO DAGScheduler: Parents of final stage: List()
[2023-08-28T23:09:24.145-0300] {spark_submit.py:491} INFO - 23/08/28 23:09:24 INFO DAGScheduler: Missing parents: List()
[2023-08-28T23:09:24.147-0300] {spark_submit.py:491} INFO - 23/08/28 23:09:24 INFO DAGScheduler: Submitting ShuffleMapStage 3 (MapPartitionsRDD[11] at csv at NativeMethodAccessorImpl.java:0), which has no missing parents
[2023-08-28T23:09:24.152-0300] {spark_submit.py:491} INFO - 23/08/28 23:09:24 INFO MemoryStore: Block broadcast_2 stored as values in memory (estimated size 50.5 KiB, free 434.3 MiB)
[2023-08-28T23:09:24.183-0300] {spark_submit.py:491} INFO - 23/08/28 23:09:24 INFO MemoryStore: Block broadcast_2_piece0 stored as bytes in memory (estimated size 21.0 KiB, free 434.3 MiB)
[2023-08-28T23:09:24.186-0300] {spark_submit.py:491} INFO - 23/08/28 23:09:24 INFO BlockManagerInfo: Added broadcast_2_piece0 in memory on 192.168.0.53:36415 (size: 21.0 KiB, free: 434.4 MiB)
[2023-08-28T23:09:24.187-0300] {spark_submit.py:491} INFO - 23/08/28 23:09:24 INFO SparkContext: Created broadcast 2 from broadcast at DAGScheduler.scala:1535
[2023-08-28T23:09:24.190-0300] {spark_submit.py:491} INFO - 23/08/28 23:09:24 INFO DAGScheduler: Submitting 1 missing tasks from ShuffleMapStage 3 (MapPartitionsRDD[11] at csv at NativeMethodAccessorImpl.java:0) (first 15 tasks are for partitions Vector(0))
[2023-08-28T23:09:24.190-0300] {spark_submit.py:491} INFO - 23/08/28 23:09:24 INFO TaskSchedulerImpl: Adding task set 3.0 with 1 tasks resource profile 0
[2023-08-28T23:09:24.191-0300] {spark_submit.py:491} INFO - 23/08/28 23:09:24 INFO TaskSetManager: Starting task 0.0 in stage 3.0 (TID 2) (192.168.0.53, executor driver, partition 0, PROCESS_LOCAL, 19069 bytes)
[2023-08-28T23:09:24.192-0300] {spark_submit.py:491} INFO - 23/08/28 23:09:24 INFO Executor: Running task 0.0 in stage 3.0 (TID 2)
[2023-08-28T23:09:24.194-0300] {spark_submit.py:491} INFO - 23/08/28 23:09:24 INFO BlockManagerInfo: Removed broadcast_1_piece0 on 192.168.0.53:36415 in memory (size: 15.7 KiB, free: 434.4 MiB)
[2023-08-28T23:09:24.323-0300] {spark_submit.py:491} INFO - 23/08/28 23:09:24 INFO CodeGenerator: Code generated in 8.009555 ms
[2023-08-28T23:09:24.353-0300] {spark_submit.py:491} INFO - 23/08/28 23:09:24 INFO CodeGenerator: Code generated in 10.232212 ms
[2023-08-28T23:09:24.380-0300] {spark_submit.py:491} INFO - 23/08/28 23:09:24 INFO PythonRunner: Times: total = 70, boot = -1220, init = 1290, finish = 0
[2023-08-28T23:09:24.517-0300] {spark_submit.py:491} INFO - 23/08/28 23:09:24 INFO Executor: Finished task 0.0 in stage 3.0 (TID 2). 3014 bytes result sent to driver
[2023-08-28T23:09:24.530-0300] {spark_submit.py:491} INFO - 23/08/28 23:09:24 INFO TaskSetManager: Finished task 0.0 in stage 3.0 (TID 2) in 340 ms on 192.168.0.53 (executor driver) (1/1)
[2023-08-28T23:09:24.531-0300] {spark_submit.py:491} INFO - 23/08/28 23:09:24 INFO TaskSchedulerImpl: Removed TaskSet 3.0, whose tasks have all completed, from pool
[2023-08-28T23:09:24.534-0300] {spark_submit.py:491} INFO - 23/08/28 23:09:24 INFO DAGScheduler: ShuffleMapStage 3 (csv at NativeMethodAccessorImpl.java:0) finished in 0,386 s
[2023-08-28T23:09:24.536-0300] {spark_submit.py:491} INFO - 23/08/28 23:09:24 INFO DAGScheduler: looking for newly runnable stages
[2023-08-28T23:09:24.536-0300] {spark_submit.py:491} INFO - 23/08/28 23:09:24 INFO DAGScheduler: running: HashSet()
[2023-08-28T23:09:24.536-0300] {spark_submit.py:491} INFO - 23/08/28 23:09:24 INFO DAGScheduler: waiting: HashSet()
[2023-08-28T23:09:24.536-0300] {spark_submit.py:491} INFO - 23/08/28 23:09:24 INFO DAGScheduler: failed: HashSet()
[2023-08-28T23:09:24.545-0300] {spark_submit.py:491} INFO - 23/08/28 23:09:24 INFO ShufflePartitionsUtil: For shuffle(1), advisory target size: 67108864, actual target size 1048576, minimum partition size: 1048576
[2023-08-28T23:09:24.655-0300] {spark_submit.py:491} INFO - 23/08/28 23:09:24 INFO FileOutputCommitter: File Output Committer Algorithm version is 1
[2023-08-28T23:09:24.656-0300] {spark_submit.py:491} INFO - 23/08/28 23:09:24 INFO FileOutputCommitter: FileOutputCommitter skip cleanup _temporary folders under output directory:false, ignore cleanup failures: false
[2023-08-28T23:09:24.657-0300] {spark_submit.py:491} INFO - 23/08/28 23:09:24 INFO SQLHadoopMapReduceCommitProtocol: Using output committer class org.apache.hadoop.mapreduce.lib.output.FileOutputCommitter
[2023-08-28T23:09:24.720-0300] {spark_submit.py:491} INFO - 23/08/28 23:09:24 INFO HashAggregateExec: spark.sql.codegen.aggregate.map.twolevel.enabled is set to true, but current version of codegened fast hashmap does not support this aggregate.
[2023-08-28T23:09:24.773-0300] {spark_submit.py:491} INFO - 23/08/28 23:09:24 INFO CodeGenerator: Code generated in 22.757268 ms
[2023-08-28T23:09:24.799-0300] {spark_submit.py:491} INFO - 23/08/28 23:09:24 INFO SparkContext: Starting job: csv at NativeMethodAccessorImpl.java:0
[2023-08-28T23:09:24.801-0300] {spark_submit.py:491} INFO - 23/08/28 23:09:24 INFO DAGScheduler: Got job 3 (csv at NativeMethodAccessorImpl.java:0) with 1 output partitions
[2023-08-28T23:09:24.801-0300] {spark_submit.py:491} INFO - 23/08/28 23:09:24 INFO DAGScheduler: Final stage: ResultStage 5 (csv at NativeMethodAccessorImpl.java:0)
[2023-08-28T23:09:24.801-0300] {spark_submit.py:491} INFO - 23/08/28 23:09:24 INFO DAGScheduler: Parents of final stage: List(ShuffleMapStage 4)
[2023-08-28T23:09:24.801-0300] {spark_submit.py:491} INFO - 23/08/28 23:09:24 INFO DAGScheduler: Missing parents: List()
[2023-08-28T23:09:24.803-0300] {spark_submit.py:491} INFO - 23/08/28 23:09:24 INFO DAGScheduler: Submitting ResultStage 5 (MapPartitionsRDD[15] at csv at NativeMethodAccessorImpl.java:0), which has no missing parents
[2023-08-28T23:09:24.867-0300] {spark_submit.py:491} INFO - 23/08/28 23:09:24 INFO MemoryStore: Block broadcast_3 stored as values in memory (estimated size 256.8 KiB, free 434.1 MiB)
[2023-08-28T23:09:24.895-0300] {spark_submit.py:491} INFO - 23/08/28 23:09:24 INFO MemoryStore: Block broadcast_3_piece0 stored as bytes in memory (estimated size 93.6 KiB, free 434.0 MiB)
[2023-08-28T23:09:24.896-0300] {spark_submit.py:491} INFO - 23/08/28 23:09:24 INFO BlockManagerInfo: Added broadcast_3_piece0 in memory on 192.168.0.53:36415 (size: 93.6 KiB, free: 434.3 MiB)
[2023-08-28T23:09:24.897-0300] {spark_submit.py:491} INFO - 23/08/28 23:09:24 INFO SparkContext: Created broadcast 3 from broadcast at DAGScheduler.scala:1535
[2023-08-28T23:09:24.898-0300] {spark_submit.py:491} INFO - 23/08/28 23:09:24 INFO DAGScheduler: Submitting 1 missing tasks from ResultStage 5 (MapPartitionsRDD[15] at csv at NativeMethodAccessorImpl.java:0) (first 15 tasks are for partitions Vector(0))
[2023-08-28T23:09:24.898-0300] {spark_submit.py:491} INFO - 23/08/28 23:09:24 INFO TaskSchedulerImpl: Adding task set 5.0 with 1 tasks resource profile 0
[2023-08-28T23:09:24.902-0300] {spark_submit.py:491} INFO - 23/08/28 23:09:24 INFO TaskSetManager: Starting task 0.0 in stage 5.0 (TID 3) (192.168.0.53, executor driver, partition 0, NODE_LOCAL, 7784 bytes)
[2023-08-28T23:09:24.907-0300] {spark_submit.py:491} INFO - 23/08/28 23:09:24 INFO Executor: Running task 0.0 in stage 5.0 (TID 3)
[2023-08-28T23:09:24.928-0300] {spark_submit.py:491} INFO - 23/08/28 23:09:24 INFO BlockManagerInfo: Removed broadcast_2_piece0 on 192.168.0.53:36415 in memory (size: 21.0 KiB, free: 434.3 MiB)
[2023-08-28T23:09:24.996-0300] {spark_submit.py:491} INFO - 23/08/28 23:09:24 INFO FileOutputCommitter: File Output Committer Algorithm version is 1
[2023-08-28T23:09:24.996-0300] {spark_submit.py:491} INFO - 23/08/28 23:09:24 INFO FileOutputCommitter: FileOutputCommitter skip cleanup _temporary folders under output directory:false, ignore cleanup failures: false
[2023-08-28T23:09:24.997-0300] {spark_submit.py:491} INFO - 23/08/28 23:09:24 INFO SQLHadoopMapReduceCommitProtocol: Using output committer class org.apache.hadoop.mapreduce.lib.output.FileOutputCommitter
[2023-08-28T23:09:25.088-0300] {spark_submit.py:491} INFO - 23/08/28 23:09:25 INFO ShuffleBlockFetcherIterator: Getting 1 (17.9 KiB) non-empty blocks including 1 (17.9 KiB) local and 0 (0.0 B) host-local and 0 (0.0 B) push-merged-local and 0 (0.0 B) remote blocks
[2023-08-28T23:09:25.088-0300] {spark_submit.py:491} INFO - 23/08/28 23:09:25 INFO ShuffleBlockFetcherIterator: Started 0 remote fetches in 1 ms
[2023-08-28T23:09:25.143-0300] {spark_submit.py:491} INFO - 23/08/28 23:09:25 INFO FileOutputCommitter: Saved output of task 'attempt_202308282309248893032319907444694_0005_m_000000_3' to file:/home/enricolm/Documents/Sprinklr_Airflow/dadosvm/Airflow_Investimento/datalake/Raw/Data=2022-12-31/_temporary/0/task_202308282309248893032319907444694_0005_m_000000
[2023-08-28T23:09:25.143-0300] {spark_submit.py:491} INFO - 23/08/28 23:09:25 INFO SparkHadoopMapRedUtil: attempt_202308282309248893032319907444694_0005_m_000000_3: Committed. Elapsed time: 2 ms.
[2023-08-28T23:09:25.165-0300] {spark_submit.py:491} INFO - 23/08/28 23:09:25 INFO Executor: Finished task 0.0 in stage 5.0 (TID 3). 6555 bytes result sent to driver
[2023-08-28T23:09:25.169-0300] {spark_submit.py:491} INFO - 23/08/28 23:09:25 INFO TaskSetManager: Finished task 0.0 in stage 5.0 (TID 3) in 270 ms on 192.168.0.53 (executor driver) (1/1)
[2023-08-28T23:09:25.171-0300] {spark_submit.py:491} INFO - 23/08/28 23:09:25 INFO DAGScheduler: ResultStage 5 (csv at NativeMethodAccessorImpl.java:0) finished in 0,367 s
[2023-08-28T23:09:25.172-0300] {spark_submit.py:491} INFO - 23/08/28 23:09:25 INFO DAGScheduler: Job 3 is finished. Cancelling potential speculative or zombie tasks for this job
[2023-08-28T23:09:25.175-0300] {spark_submit.py:491} INFO - 23/08/28 23:09:25 INFO TaskSchedulerImpl: Removed TaskSet 5.0, whose tasks have all completed, from pool
[2023-08-28T23:09:25.178-0300] {spark_submit.py:491} INFO - 23/08/28 23:09:25 INFO TaskSchedulerImpl: Killing all running tasks in stage 5: Stage finished
[2023-08-28T23:09:25.179-0300] {spark_submit.py:491} INFO - 23/08/28 23:09:25 INFO DAGScheduler: Job 3 finished: csv at NativeMethodAccessorImpl.java:0, took 0,379749 s
[2023-08-28T23:09:25.186-0300] {spark_submit.py:491} INFO - 23/08/28 23:09:25 INFO FileFormatWriter: Start to commit write Job 18cbe0e6-cc57-4c5c-8399-d854c7a62e5f.
[2023-08-28T23:09:25.336-0300] {spark_submit.py:491} INFO - 23/08/28 23:09:25 INFO FileFormatWriter: Write Job 18cbe0e6-cc57-4c5c-8399-d854c7a62e5f committed. Elapsed time: 146 ms.
[2023-08-28T23:09:25.365-0300] {spark_submit.py:491} INFO - 23/08/28 23:09:25 INFO FileFormatWriter: Finished processing stats for write job 18cbe0e6-cc57-4c5c-8399-d854c7a62e5f.
[2023-08-28T23:09:25.380-0300] {spark_submit.py:491} INFO - 23/08/28 23:09:25 INFO SparkContext: SparkContext is stopping with exitCode 0.
[2023-08-28T23:09:25.414-0300] {spark_submit.py:491} INFO - 23/08/28 23:09:25 INFO SparkUI: Stopped Spark web UI at http://192.168.0.53:4040
[2023-08-28T23:09:25.534-0300] {spark_submit.py:491} INFO - 23/08/28 23:09:25 INFO MapOutputTrackerMasterEndpoint: MapOutputTrackerMasterEndpoint stopped!
[2023-08-28T23:09:25.556-0300] {spark_submit.py:491} INFO - 23/08/28 23:09:25 INFO MemoryStore: MemoryStore cleared
[2023-08-28T23:09:25.556-0300] {spark_submit.py:491} INFO - 23/08/28 23:09:25 INFO BlockManager: BlockManager stopped
[2023-08-28T23:09:25.562-0300] {spark_submit.py:491} INFO - 23/08/28 23:09:25 INFO BlockManagerMaster: BlockManagerMaster stopped
[2023-08-28T23:09:25.564-0300] {spark_submit.py:491} INFO - 23/08/28 23:09:25 INFO OutputCommitCoordinator$OutputCommitCoordinatorEndpoint: OutputCommitCoordinator stopped!
[2023-08-28T23:09:25.581-0300] {spark_submit.py:491} INFO - 23/08/28 23:09:25 INFO SparkContext: Successfully stopped SparkContext
[2023-08-28T23:09:26.188-0300] {spark_submit.py:491} INFO - [[34m2023-08-28T23:09:26.186-0300[0m] {[34mclientserver.py:[0m543} INFO[0m - Closing down clientserver connection[0m
[2023-08-28T23:09:26.380-0300] {spark_submit.py:491} INFO - 23/08/28 23:09:26 INFO ShutdownHookManager: Shutdown hook called
[2023-08-28T23:09:26.381-0300] {spark_submit.py:491} INFO - 23/08/28 23:09:26 INFO ShutdownHookManager: Deleting directory /tmp/spark-fadbea1f-4d6c-432c-a4a0-44d6fcc4bf53/pyspark-b3f61845-452b-4fbd-b7f6-035eeae1601e
[2023-08-28T23:09:26.385-0300] {spark_submit.py:491} INFO - 23/08/28 23:09:26 INFO ShutdownHookManager: Deleting directory /tmp/spark-f8ec148c-cf5d-4f56-8126-f48b6e33821a
[2023-08-28T23:09:26.391-0300] {spark_submit.py:491} INFO - 23/08/28 23:09:26 INFO ShutdownHookManager: Deleting directory /tmp/spark-fadbea1f-4d6c-432c-a4a0-44d6fcc4bf53
[2023-08-28T23:09:26.452-0300] {taskinstance.py:1345} INFO - Marking task as SUCCESS. dag_id=Investimento_api, task_id=Extracao_Invest, execution_date=20230829T020854, start_date=20230829T020902, end_date=20230829T020926
[2023-08-28T23:09:26.570-0300] {local_task_job_runner.py:225} INFO - Task exited with return code 0
[2023-08-28T23:09:26.583-0300] {taskinstance.py:2653} INFO - 1 downstream tasks scheduled from follow-on schedule check
