[2023-09-04T11:11:25.387-0300] {taskinstance.py:1103} INFO - Dependencies all met for dep_context=non-requeueable deps ti=<TaskInstance: Investimento_api.Extracao_Invest manual__2023-09-04T14:11:24.619606+00:00 [queued]>
[2023-09-04T11:11:25.411-0300] {taskinstance.py:1103} INFO - Dependencies all met for dep_context=requeueable deps ti=<TaskInstance: Investimento_api.Extracao_Invest manual__2023-09-04T14:11:24.619606+00:00 [queued]>
[2023-09-04T11:11:25.412-0300] {taskinstance.py:1308} INFO - Starting attempt 1 of 1
[2023-09-04T11:11:25.427-0300] {taskinstance.py:1327} INFO - Executing <Task(SparkSubmitOperator): Extracao_Invest> on 2023-09-04 14:11:24.619606+00:00
[2023-09-04T11:11:25.431-0300] {standard_task_runner.py:57} INFO - Started process 23351 to run task
[2023-09-04T11:11:25.435-0300] {standard_task_runner.py:84} INFO - Running: ['airflow', 'tasks', 'run', 'Investimento_api', 'Extracao_Invest', 'manual__2023-09-04T14:11:24.619606+00:00', '--job-id', '64', '--raw', '--subdir', 'DAGS_FOLDER/dag.py', '--cfg-path', '/tmp/tmpgte9n_c8']
[2023-09-04T11:11:25.437-0300] {standard_task_runner.py:85} INFO - Job 64: Subtask Extracao_Invest
[2023-09-04T11:11:25.527-0300] {task_command.py:410} INFO - Running <TaskInstance: Investimento_api.Extracao_Invest manual__2023-09-04T14:11:24.619606+00:00 [running]> on host VMEnricolm.myguest.virtualbox.org
[2023-09-04T11:11:25.662-0300] {taskinstance.py:1545} INFO - Exporting env vars: AIRFLOW_CTX_DAG_OWNER='airflow' AIRFLOW_CTX_DAG_ID='Investimento_api' AIRFLOW_CTX_TASK_ID='Extracao_Invest' AIRFLOW_CTX_EXECUTION_DATE='2023-09-04T14:11:24.619606+00:00' AIRFLOW_CTX_TRY_NUMBER='1' AIRFLOW_CTX_DAG_RUN_ID='manual__2023-09-04T14:11:24.619606+00:00'
[2023-09-04T11:11:25.677-0300] {base.py:73} INFO - Using connection ID 'spark_default' for task execution.
[2023-09-04T11:11:25.678-0300] {spark_submit.py:340} INFO - Spark-Submit cmd: spark-submit --master local --name Extracao_Invest --queue root.default /home/enricolm/Documents/Sprinklr_Airflow/dadosvm/Airflow_Investimento/Scripts/Operators/Raw_Operator.py
[2023-09-04T11:11:27.970-0300] {spark_submit.py:491} INFO - 23/09/04 11:11:27 WARN Utils: Your hostname, VMEnricolm resolves to a loopback address: 127.0.1.1; using 192.168.0.53 instead (on interface enp0s3)
[2023-09-04T11:11:27.978-0300] {spark_submit.py:491} INFO - 23/09/04 11:11:27 WARN Utils: Set SPARK_LOCAL_IP if you need to bind to another address
[2023-09-04T11:11:29.531-0300] {spark_submit.py:491} INFO - Traceback (most recent call last):
[2023-09-04T11:11:29.531-0300] {spark_submit.py:491} INFO - File "/home/enricolm/Documents/Sprinklr_Airflow/dadosvm/Airflow_Investimento/Scripts/Operators/Raw_Operator.py", line 74, in <module>
[2023-09-04T11:11:29.531-0300] {spark_submit.py:491} INFO - extracao = extracao_finance(path=Base_folder.format(stage= 'Raw',date=f'{end_date - timedelta(days= 1)}'), start_date=start_date, end_date=end_date)
[2023-09-04T11:11:29.531-0300] {spark_submit.py:491} INFO - TypeError: unsupported operand type(s) for -: 'str' and 'datetime.timedelta'
[2023-09-04T11:11:29.636-0300] {spark_submit.py:491} INFO - 23/09/04 11:11:29 INFO ShutdownHookManager: Shutdown hook called
[2023-09-04T11:11:29.639-0300] {spark_submit.py:491} INFO - 23/09/04 11:11:29 INFO ShutdownHookManager: Deleting directory /tmp/spark-cc02c621-ac30-4993-aed6-e0da603a9c0e
[2023-09-04T11:11:29.727-0300] {taskinstance.py:1824} ERROR - Task failed with exception
Traceback (most recent call last):
  File "/home/enricolm/Documents/Sprinklr_Airflow/dadosvm/Airflow_Investimento/venv/lib/python3.10/site-packages/airflow/providers/apache/spark/operators/spark_submit.py", line 156, in execute
    self._hook.submit(self._application)
  File "/home/enricolm/Documents/Sprinklr_Airflow/dadosvm/Airflow_Investimento/venv/lib/python3.10/site-packages/airflow/providers/apache/spark/hooks/spark_submit.py", line 422, in submit
    raise AirflowException(
airflow.exceptions.AirflowException: Cannot execute: spark-submit --master local --name Extracao_Invest --queue root.default /home/enricolm/Documents/Sprinklr_Airflow/dadosvm/Airflow_Investimento/Scripts/Operators/Raw_Operator.py. Error code is: 1.
[2023-09-04T11:11:29.732-0300] {taskinstance.py:1345} INFO - Marking task as FAILED. dag_id=Investimento_api, task_id=Extracao_Invest, execution_date=20230904T141124, start_date=20230904T141125, end_date=20230904T141129
[2023-09-04T11:11:29.766-0300] {standard_task_runner.py:104} ERROR - Failed to execute job 64 for task Extracao_Invest (Cannot execute: spark-submit --master local --name Extracao_Invest --queue root.default /home/enricolm/Documents/Sprinklr_Airflow/dadosvm/Airflow_Investimento/Scripts/Operators/Raw_Operator.py. Error code is: 1.; 23351)
[2023-09-04T11:11:29.777-0300] {local_task_job_runner.py:225} INFO - Task exited with return code 1
[2023-09-04T11:11:29.814-0300] {taskinstance.py:2653} INFO - 0 downstream tasks scheduled from follow-on schedule check
