[2023-09-04T10:11:33.741-0300] {taskinstance.py:1103} INFO - Dependencies all met for dep_context=non-requeueable deps ti=<TaskInstance: Investimento_api.Extracao_Invest manual__2023-09-04T13:11:32.863963+00:00 [queued]>
[2023-09-04T10:11:33.749-0300] {taskinstance.py:1103} INFO - Dependencies all met for dep_context=requeueable deps ti=<TaskInstance: Investimento_api.Extracao_Invest manual__2023-09-04T13:11:32.863963+00:00 [queued]>
[2023-09-04T10:11:33.750-0300] {taskinstance.py:1308} INFO - Starting attempt 1 of 1
[2023-09-04T10:11:33.781-0300] {taskinstance.py:1327} INFO - Executing <Task(SparkSubmitOperator): Extracao_Invest> on 2023-09-04 13:11:32.863963+00:00
[2023-09-04T10:11:33.786-0300] {standard_task_runner.py:57} INFO - Started process 15076 to run task
[2023-09-04T10:11:33.791-0300] {standard_task_runner.py:84} INFO - Running: ['airflow', 'tasks', 'run', 'Investimento_api', 'Extracao_Invest', 'manual__2023-09-04T13:11:32.863963+00:00', '--job-id', '56', '--raw', '--subdir', 'DAGS_FOLDER/dag.py', '--cfg-path', '/tmp/tmpw3q3nsbu']
[2023-09-04T10:11:33.794-0300] {standard_task_runner.py:85} INFO - Job 56: Subtask Extracao_Invest
[2023-09-04T10:11:33.880-0300] {task_command.py:410} INFO - Running <TaskInstance: Investimento_api.Extracao_Invest manual__2023-09-04T13:11:32.863963+00:00 [running]> on host VMEnricolm.myguest.virtualbox.org
[2023-09-04T10:11:34.086-0300] {taskinstance.py:1545} INFO - Exporting env vars: AIRFLOW_CTX_DAG_OWNER='airflow' AIRFLOW_CTX_DAG_ID='Investimento_api' AIRFLOW_CTX_TASK_ID='Extracao_Invest' AIRFLOW_CTX_EXECUTION_DATE='2023-09-04T13:11:32.863963+00:00' AIRFLOW_CTX_TRY_NUMBER='1' AIRFLOW_CTX_DAG_RUN_ID='manual__2023-09-04T13:11:32.863963+00:00'
[2023-09-04T10:11:34.116-0300] {base.py:73} INFO - Using connection ID 'spark_default' for task execution.
[2023-09-04T10:11:34.117-0300] {spark_submit.py:340} INFO - Spark-Submit cmd: spark-submit --master local --name Extracao_Invest --queue root.default /home/enricolm/Documents/Sprinklr_Airflow/dadosvm/Airflow_Investimento/Scripts/Operators/Raw_Operator.py
[2023-09-04T10:11:36.609-0300] {spark_submit.py:491} INFO - 23/09/04 10:11:36 WARN Utils: Your hostname, VMEnricolm resolves to a loopback address: 127.0.1.1; using 192.168.0.53 instead (on interface enp0s3)
[2023-09-04T10:11:36.611-0300] {spark_submit.py:491} INFO - 23/09/04 10:11:36 WARN Utils: Set SPARK_LOCAL_IP if you need to bind to another address
[2023-09-04T10:11:38.128-0300] {spark_submit.py:491} INFO - 23/09/04 10:11:38 INFO SparkContext: Running Spark version 3.4.1
[2023-09-04T10:11:38.208-0300] {spark_submit.py:491} INFO - 23/09/04 10:11:38 WARN NativeCodeLoader: Unable to load native-hadoop library for your platform... using builtin-java classes where applicable
[2023-09-04T10:11:38.313-0300] {spark_submit.py:491} INFO - 23/09/04 10:11:38 INFO ResourceUtils: ==============================================================
[2023-09-04T10:11:38.313-0300] {spark_submit.py:491} INFO - 23/09/04 10:11:38 INFO ResourceUtils: No custom resources configured for spark.driver.
[2023-09-04T10:11:38.314-0300] {spark_submit.py:491} INFO - 23/09/04 10:11:38 INFO ResourceUtils: ==============================================================
[2023-09-04T10:11:38.315-0300] {spark_submit.py:491} INFO - 23/09/04 10:11:38 INFO SparkContext: Submitted application: extracao_Finance
[2023-09-04T10:11:38.342-0300] {spark_submit.py:491} INFO - 23/09/04 10:11:38 INFO ResourceProfile: Default ResourceProfile created, executor resources: Map(cores -> name: cores, amount: 1, script: , vendor: , memory -> name: memory, amount: 1024, script: , vendor: , offHeap -> name: offHeap, amount: 0, script: , vendor: ), task resources: Map(cpus -> name: cpus, amount: 1.0)
[2023-09-04T10:11:38.349-0300] {spark_submit.py:491} INFO - 23/09/04 10:11:38 INFO ResourceProfile: Limiting resource is cpu
[2023-09-04T10:11:38.351-0300] {spark_submit.py:491} INFO - 23/09/04 10:11:38 INFO ResourceProfileManager: Added ResourceProfile id: 0
[2023-09-04T10:11:38.421-0300] {spark_submit.py:491} INFO - 23/09/04 10:11:38 INFO SecurityManager: Changing view acls to: enricolm
[2023-09-04T10:11:38.421-0300] {spark_submit.py:491} INFO - 23/09/04 10:11:38 INFO SecurityManager: Changing modify acls to: enricolm
[2023-09-04T10:11:38.422-0300] {spark_submit.py:491} INFO - 23/09/04 10:11:38 INFO SecurityManager: Changing view acls groups to:
[2023-09-04T10:11:38.422-0300] {spark_submit.py:491} INFO - 23/09/04 10:11:38 INFO SecurityManager: Changing modify acls groups to:
[2023-09-04T10:11:38.422-0300] {spark_submit.py:491} INFO - 23/09/04 10:11:38 INFO SecurityManager: SecurityManager: authentication disabled; ui acls disabled; users with view permissions: enricolm; groups with view permissions: EMPTY; users with modify permissions: enricolm; groups with modify permissions: EMPTY
[2023-09-04T10:11:38.711-0300] {spark_submit.py:491} INFO - 23/09/04 10:11:38 INFO Utils: Successfully started service 'sparkDriver' on port 34079.
[2023-09-04T10:11:38.751-0300] {spark_submit.py:491} INFO - 23/09/04 10:11:38 INFO SparkEnv: Registering MapOutputTracker
[2023-09-04T10:11:38.791-0300] {spark_submit.py:491} INFO - 23/09/04 10:11:38 INFO SparkEnv: Registering BlockManagerMaster
[2023-09-04T10:11:38.828-0300] {spark_submit.py:491} INFO - 23/09/04 10:11:38 INFO BlockManagerMasterEndpoint: Using org.apache.spark.storage.DefaultTopologyMapper for getting topology information
[2023-09-04T10:11:38.829-0300] {spark_submit.py:491} INFO - 23/09/04 10:11:38 INFO BlockManagerMasterEndpoint: BlockManagerMasterEndpoint up
[2023-09-04T10:11:38.834-0300] {spark_submit.py:491} INFO - 23/09/04 10:11:38 INFO SparkEnv: Registering BlockManagerMasterHeartbeat
[2023-09-04T10:11:38.878-0300] {spark_submit.py:491} INFO - 23/09/04 10:11:38 INFO DiskBlockManager: Created local directory at /tmp/blockmgr-3927f2a1-dbe5-4a9e-9186-cf18bceb49a2
[2023-09-04T10:11:38.900-0300] {spark_submit.py:491} INFO - 23/09/04 10:11:38 INFO MemoryStore: MemoryStore started with capacity 434.4 MiB
[2023-09-04T10:11:38.925-0300] {spark_submit.py:491} INFO - 23/09/04 10:11:38 INFO SparkEnv: Registering OutputCommitCoordinator
[2023-09-04T10:11:39.162-0300] {spark_submit.py:491} INFO - 23/09/04 10:11:39 INFO JettyUtils: Start Jetty 0.0.0.0:4040 for SparkUI
[2023-09-04T10:11:39.263-0300] {spark_submit.py:491} INFO - 23/09/04 10:11:39 INFO Utils: Successfully started service 'SparkUI' on port 4040.
[2023-09-04T10:11:39.405-0300] {spark_submit.py:491} INFO - 23/09/04 10:11:39 INFO Executor: Starting executor ID driver on host 192.168.0.53
[2023-09-04T10:11:39.414-0300] {spark_submit.py:491} INFO - 23/09/04 10:11:39 INFO Executor: Starting executor with user classpath (userClassPathFirst = false): ''
[2023-09-04T10:11:39.445-0300] {spark_submit.py:491} INFO - 23/09/04 10:11:39 INFO Utils: Successfully started service 'org.apache.spark.network.netty.NettyBlockTransferService' on port 35185.
[2023-09-04T10:11:39.446-0300] {spark_submit.py:491} INFO - 23/09/04 10:11:39 INFO NettyBlockTransferService: Server created on 192.168.0.53:35185
[2023-09-04T10:11:39.448-0300] {spark_submit.py:491} INFO - 23/09/04 10:11:39 INFO BlockManager: Using org.apache.spark.storage.RandomBlockReplicationPolicy for block replication policy
[2023-09-04T10:11:39.461-0300] {spark_submit.py:491} INFO - 23/09/04 10:11:39 INFO BlockManagerMaster: Registering BlockManager BlockManagerId(driver, 192.168.0.53, 35185, None)
[2023-09-04T10:11:39.464-0300] {spark_submit.py:491} INFO - 23/09/04 10:11:39 INFO BlockManagerMasterEndpoint: Registering block manager 192.168.0.53:35185 with 434.4 MiB RAM, BlockManagerId(driver, 192.168.0.53, 35185, None)
[2023-09-04T10:11:39.470-0300] {spark_submit.py:491} INFO - 23/09/04 10:11:39 INFO BlockManagerMaster: Registered BlockManager BlockManagerId(driver, 192.168.0.53, 35185, None)
[2023-09-04T10:11:39.471-0300] {spark_submit.py:491} INFO - 23/09/04 10:11:39 INFO BlockManager: Initialized BlockManager: BlockManagerId(driver, 192.168.0.53, 35185, None)
[2023-09-04T10:11:39.915-0300] {spark_submit.py:491} INFO - Criando pasta
[2023-09-04T10:11:42.605-0300] {spark_submit.py:491} INFO - AAPL: No price data found, symbol may be delisted (1d 2023-09-03 -> 2023-09-03)
[2023-09-04T10:11:42.605-0300] {spark_submit.py:491} INFO - No price data found for the given date range.
[2023-09-04T10:11:42.605-0300] {spark_submit.py:491} INFO - Nothing to Add
[2023-09-04T10:11:42.605-0300] {spark_submit.py:491} INFO - 23/09/04 10:11:42 INFO SparkContext: SparkContext is stopping with exitCode 0.
[2023-09-04T10:11:42.621-0300] {spark_submit.py:491} INFO - 23/09/04 10:11:42 INFO SparkUI: Stopped Spark web UI at http://192.168.0.53:4040
[2023-09-04T10:11:42.649-0300] {spark_submit.py:491} INFO - 23/09/04 10:11:42 INFO MapOutputTrackerMasterEndpoint: MapOutputTrackerMasterEndpoint stopped!
[2023-09-04T10:11:42.665-0300] {spark_submit.py:491} INFO - 23/09/04 10:11:42 INFO MemoryStore: MemoryStore cleared
[2023-09-04T10:11:42.666-0300] {spark_submit.py:491} INFO - 23/09/04 10:11:42 INFO BlockManager: BlockManager stopped
[2023-09-04T10:11:42.684-0300] {spark_submit.py:491} INFO - 23/09/04 10:11:42 INFO BlockManagerMaster: BlockManagerMaster stopped
[2023-09-04T10:11:42.690-0300] {spark_submit.py:491} INFO - 23/09/04 10:11:42 INFO OutputCommitCoordinator$OutputCommitCoordinatorEndpoint: OutputCommitCoordinator stopped!
[2023-09-04T10:11:42.701-0300] {spark_submit.py:491} INFO - 23/09/04 10:11:42 INFO SparkContext: Successfully stopped SparkContext
[2023-09-04T10:11:42.862-0300] {spark_submit.py:491} INFO - 23/09/04 10:11:42 INFO ShutdownHookManager: Shutdown hook called
[2023-09-04T10:11:42.863-0300] {spark_submit.py:491} INFO - 23/09/04 10:11:42 INFO ShutdownHookManager: Deleting directory /tmp/spark-cdfedf54-83ad-4760-90b7-12e1eaec8a70
[2023-09-04T10:11:42.870-0300] {spark_submit.py:491} INFO - 23/09/04 10:11:42 INFO ShutdownHookManager: Deleting directory /tmp/spark-2545c717-fdf0-4dc5-8654-6983f66a48c8/pyspark-cf978d26-1eb3-4692-ac06-bbc82f04ee25
[2023-09-04T10:11:42.880-0300] {spark_submit.py:491} INFO - 23/09/04 10:11:42 INFO ShutdownHookManager: Deleting directory /tmp/spark-2545c717-fdf0-4dc5-8654-6983f66a48c8
[2023-09-04T10:11:42.959-0300] {taskinstance.py:1345} INFO - Marking task as SUCCESS. dag_id=Investimento_api, task_id=Extracao_Invest, execution_date=20230904T131132, start_date=20230904T131133, end_date=20230904T131142
[2023-09-04T10:11:42.985-0300] {local_task_job_runner.py:225} INFO - Task exited with return code 0
[2023-09-04T10:11:43.031-0300] {taskinstance.py:2653} INFO - 1 downstream tasks scheduled from follow-on schedule check
