[2023-08-09T18:00:41.311-0300] {taskinstance.py:1103} INFO - Dependencies all met for dep_context=non-requeueable deps ti=<TaskInstance: Investimento_api.Extracao_Invest manual__2023-08-09T21:00:38.599892+00:00 [queued]>
[2023-08-09T18:00:41.316-0300] {taskinstance.py:1103} INFO - Dependencies all met for dep_context=requeueable deps ti=<TaskInstance: Investimento_api.Extracao_Invest manual__2023-08-09T21:00:38.599892+00:00 [queued]>
[2023-08-09T18:00:41.316-0300] {taskinstance.py:1308} INFO - Starting attempt 1 of 1
[2023-08-09T18:00:41.328-0300] {taskinstance.py:1327} INFO - Executing <Task(SparkSubmitOperator): Extracao_Invest> on 2023-08-09 21:00:38.599892+00:00
[2023-08-09T18:00:41.333-0300] {standard_task_runner.py:57} INFO - Started process 7347 to run task
[2023-08-09T18:00:41.339-0300] {standard_task_runner.py:84} INFO - Running: ['airflow', 'tasks', 'run', 'Investimento_api', 'Extracao_Invest', 'manual__2023-08-09T21:00:38.599892+00:00', '--job-id', '25', '--raw', '--subdir', 'DAGS_FOLDER/dag.py', '--cfg-path', '/tmp/tmpin488h6u']
[2023-08-09T18:00:41.340-0300] {standard_task_runner.py:85} INFO - Job 25: Subtask Extracao_Invest
[2023-08-09T18:00:41.383-0300] {task_command.py:410} INFO - Running <TaskInstance: Investimento_api.Extracao_Invest manual__2023-08-09T21:00:38.599892+00:00 [running]> on host VMEnricolm.myguest.virtualbox.org
[2023-08-09T18:00:41.432-0300] {taskinstance.py:1545} INFO - Exporting env vars: AIRFLOW_CTX_DAG_OWNER='airflow' AIRFLOW_CTX_DAG_ID='Investimento_api' AIRFLOW_CTX_TASK_ID='Extracao_Invest' AIRFLOW_CTX_EXECUTION_DATE='2023-08-09T21:00:38.599892+00:00' AIRFLOW_CTX_TRY_NUMBER='1' AIRFLOW_CTX_DAG_RUN_ID='manual__2023-08-09T21:00:38.599892+00:00'
[2023-08-09T18:00:41.436-0300] {base.py:73} INFO - Using connection ID 'spark_default' for task execution.
[2023-08-09T18:00:41.437-0300] {spark_submit.py:340} INFO - Spark-Submit cmd: spark-submit --master localhost --name Extracao_Invest /home/enricolm/Documents/Sprinklr_Airflow/dadosvm/Airflow_Investimento/Scripts/Operators/Raw_Operator.py
[2023-08-09T18:00:43.560-0300] {spark_submit.py:491} INFO - 23/08/09 18:00:43 WARN Utils: Your hostname, VMEnricolm resolves to a loopback address: 127.0.1.1; using 192.168.0.63 instead (on interface enp0s3)
[2023-08-09T18:00:43.560-0300] {spark_submit.py:491} INFO - 23/08/09 18:00:43 WARN Utils: Set SPARK_LOCAL_IP if you need to bind to another address
[2023-08-09T18:00:45.990-0300] {spark_submit.py:491} INFO - 23/08/09 18:00:45 INFO SparkContext: Running Spark version 3.4.1
[2023-08-09T18:00:46.058-0300] {spark_submit.py:491} INFO - 23/08/09 18:00:46 WARN NativeCodeLoader: Unable to load native-hadoop library for your platform... using builtin-java classes where applicable
[2023-08-09T18:00:46.130-0300] {spark_submit.py:491} INFO - 23/08/09 18:00:46 INFO ResourceUtils: ==============================================================
[2023-08-09T18:00:46.130-0300] {spark_submit.py:491} INFO - 23/08/09 18:00:46 INFO ResourceUtils: No custom resources configured for spark.driver.
[2023-08-09T18:00:46.130-0300] {spark_submit.py:491} INFO - 23/08/09 18:00:46 INFO ResourceUtils: ==============================================================
[2023-08-09T18:00:46.131-0300] {spark_submit.py:491} INFO - 23/08/09 18:00:46 INFO SparkContext: Submitted application: extracao_Finance
[2023-08-09T18:00:46.150-0300] {spark_submit.py:491} INFO - 23/08/09 18:00:46 INFO ResourceProfile: Default ResourceProfile created, executor resources: Map(cores -> name: cores, amount: 1, script: , vendor: , memory -> name: memory, amount: 1024, script: , vendor: , offHeap -> name: offHeap, amount: 0, script: , vendor: ), task resources: Map(cpus -> name: cpus, amount: 1.0)
[2023-08-09T18:00:46.154-0300] {spark_submit.py:491} INFO - 23/08/09 18:00:46 INFO ResourceProfile: Limiting resource is cpu
[2023-08-09T18:00:46.154-0300] {spark_submit.py:491} INFO - 23/08/09 18:00:46 INFO ResourceProfileManager: Added ResourceProfile id: 0
[2023-08-09T18:00:46.213-0300] {spark_submit.py:491} INFO - 23/08/09 18:00:46 INFO SecurityManager: Changing view acls to: enricolm
[2023-08-09T18:00:46.214-0300] {spark_submit.py:491} INFO - 23/08/09 18:00:46 INFO SecurityManager: Changing modify acls to: enricolm
[2023-08-09T18:00:46.214-0300] {spark_submit.py:491} INFO - 23/08/09 18:00:46 INFO SecurityManager: Changing view acls groups to:
[2023-08-09T18:00:46.214-0300] {spark_submit.py:491} INFO - 23/08/09 18:00:46 INFO SecurityManager: Changing modify acls groups to:
[2023-08-09T18:00:46.215-0300] {spark_submit.py:491} INFO - 23/08/09 18:00:46 INFO SecurityManager: SecurityManager: authentication disabled; ui acls disabled; users with view permissions: enricolm; groups with view permissions: EMPTY; users with modify permissions: enricolm; groups with modify permissions: EMPTY
[2023-08-09T18:00:46.500-0300] {spark_submit.py:491} INFO - 23/08/09 18:00:46 INFO Utils: Successfully started service 'sparkDriver' on port 39059.
[2023-08-09T18:00:46.531-0300] {spark_submit.py:491} INFO - 23/08/09 18:00:46 INFO SparkEnv: Registering MapOutputTracker
[2023-08-09T18:00:46.566-0300] {spark_submit.py:491} INFO - 23/08/09 18:00:46 INFO SparkEnv: Registering BlockManagerMaster
[2023-08-09T18:00:46.590-0300] {spark_submit.py:491} INFO - 23/08/09 18:00:46 INFO BlockManagerMasterEndpoint: Using org.apache.spark.storage.DefaultTopologyMapper for getting topology information
[2023-08-09T18:00:46.590-0300] {spark_submit.py:491} INFO - 23/08/09 18:00:46 INFO BlockManagerMasterEndpoint: BlockManagerMasterEndpoint up
[2023-08-09T18:00:46.593-0300] {spark_submit.py:491} INFO - 23/08/09 18:00:46 INFO SparkEnv: Registering BlockManagerMasterHeartbeat
[2023-08-09T18:00:46.636-0300] {spark_submit.py:491} INFO - 23/08/09 18:00:46 INFO DiskBlockManager: Created local directory at /tmp/blockmgr-678f8227-3dca-413d-8bdb-70effc04a8c8
[2023-08-09T18:00:46.667-0300] {spark_submit.py:491} INFO - 23/08/09 18:00:46 INFO MemoryStore: MemoryStore started with capacity 434.4 MiB
[2023-08-09T18:00:46.698-0300] {spark_submit.py:491} INFO - 23/08/09 18:00:46 INFO SparkEnv: Registering OutputCommitCoordinator
[2023-08-09T18:00:46.898-0300] {spark_submit.py:491} INFO - 23/08/09 18:00:46 INFO JettyUtils: Start Jetty 0.0.0.0:4040 for SparkUI
[2023-08-09T18:00:46.961-0300] {spark_submit.py:491} INFO - 23/08/09 18:00:46 INFO Utils: Successfully started service 'SparkUI' on port 4040.
[2023-08-09T18:00:47.140-0300] {spark_submit.py:491} INFO - 23/08/09 18:00:47 ERROR SparkContext: Error initializing SparkContext.
[2023-08-09T18:00:47.141-0300] {spark_submit.py:491} INFO - org.apache.spark.SparkException: Could not parse Master URL: 'localhost'
[2023-08-09T18:00:47.141-0300] {spark_submit.py:491} INFO - at org.apache.spark.SparkContext$.org$apache$spark$SparkContext$$createTaskScheduler(SparkContext.scala:3033)
[2023-08-09T18:00:47.143-0300] {spark_submit.py:491} INFO - at org.apache.spark.SparkContext.<init>(SparkContext.scala:568)
[2023-08-09T18:00:47.143-0300] {spark_submit.py:491} INFO - at org.apache.spark.api.java.JavaSparkContext.<init>(JavaSparkContext.scala:58)
[2023-08-09T18:00:47.143-0300] {spark_submit.py:491} INFO - at java.base/jdk.internal.reflect.NativeConstructorAccessorImpl.newInstance0(Native Method)
[2023-08-09T18:00:47.143-0300] {spark_submit.py:491} INFO - at java.base/jdk.internal.reflect.NativeConstructorAccessorImpl.newInstance(NativeConstructorAccessorImpl.java:62)
[2023-08-09T18:00:47.143-0300] {spark_submit.py:491} INFO - at java.base/jdk.internal.reflect.DelegatingConstructorAccessorImpl.newInstance(DelegatingConstructorAccessorImpl.java:45)
[2023-08-09T18:00:47.143-0300] {spark_submit.py:491} INFO - at java.base/java.lang.reflect.Constructor.newInstance(Constructor.java:490)
[2023-08-09T18:00:47.144-0300] {spark_submit.py:491} INFO - at py4j.reflection.MethodInvoker.invoke(MethodInvoker.java:247)
[2023-08-09T18:00:47.144-0300] {spark_submit.py:491} INFO - at py4j.reflection.ReflectionEngine.invoke(ReflectionEngine.java:374)
[2023-08-09T18:00:47.149-0300] {spark_submit.py:491} INFO - at py4j.Gateway.invoke(Gateway.java:238)
[2023-08-09T18:00:47.149-0300] {spark_submit.py:491} INFO - at py4j.commands.ConstructorCommand.invokeConstructor(ConstructorCommand.java:80)
[2023-08-09T18:00:47.149-0300] {spark_submit.py:491} INFO - at py4j.commands.ConstructorCommand.execute(ConstructorCommand.java:69)
[2023-08-09T18:00:47.149-0300] {spark_submit.py:491} INFO - at py4j.ClientServerConnection.waitForCommands(ClientServerConnection.java:182)
[2023-08-09T18:00:47.149-0300] {spark_submit.py:491} INFO - at py4j.ClientServerConnection.run(ClientServerConnection.java:106)
[2023-08-09T18:00:47.149-0300] {spark_submit.py:491} INFO - at java.base/java.lang.Thread.run(Thread.java:829)
[2023-08-09T18:00:47.150-0300] {spark_submit.py:491} INFO - 23/08/09 18:00:47 INFO SparkContext: SparkContext is stopping with exitCode 0.
[2023-08-09T18:00:47.160-0300] {spark_submit.py:491} INFO - 23/08/09 18:00:47 INFO SparkUI: Stopped Spark web UI at http://192.168.0.63:4040
[2023-08-09T18:00:47.182-0300] {spark_submit.py:491} INFO - 23/08/09 18:00:47 INFO MapOutputTrackerMasterEndpoint: MapOutputTrackerMasterEndpoint stopped!
[2023-08-09T18:00:47.231-0300] {spark_submit.py:491} INFO - 23/08/09 18:00:47 INFO MemoryStore: MemoryStore cleared
[2023-08-09T18:00:47.232-0300] {spark_submit.py:491} INFO - 23/08/09 18:00:47 INFO BlockManager: BlockManager stopped
[2023-08-09T18:00:47.242-0300] {spark_submit.py:491} INFO - 23/08/09 18:00:47 INFO BlockManagerMaster: BlockManagerMaster stopped
[2023-08-09T18:00:47.242-0300] {spark_submit.py:491} INFO - 23/08/09 18:00:47 WARN MetricsSystem: Stopping a MetricsSystem that is not running
[2023-08-09T18:00:47.244-0300] {spark_submit.py:491} INFO - 23/08/09 18:00:47 INFO OutputCommitCoordinator$OutputCommitCoordinatorEndpoint: OutputCommitCoordinator stopped!
[2023-08-09T18:00:47.254-0300] {spark_submit.py:491} INFO - 23/08/09 18:00:47 INFO SparkContext: Successfully stopped SparkContext
[2023-08-09T18:00:47.255-0300] {spark_submit.py:491} INFO - Traceback (most recent call last):
[2023-08-09T18:00:47.255-0300] {spark_submit.py:491} INFO - File "/home/enricolm/Documents/Sprinklr_Airflow/dadosvm/Airflow_Investimento/Scripts/Operators/Raw_Operator.py", line 59, in <module>
[2023-08-09T18:00:47.255-0300] {spark_submit.py:491} INFO - extracao = extracao_finance(path=Base_folder.format(stage= 'Raw',date=f'2023-08-08'), start_date=start_date, end_date=end_date)
[2023-08-09T18:00:47.255-0300] {spark_submit.py:491} INFO - File "/home/enricolm/Documents/Sprinklr_Airflow/dadosvm/Airflow_Investimento/Scripts/Operators/Raw_Operator.py", line 18, in __init__
[2023-08-09T18:00:47.255-0300] {spark_submit.py:491} INFO - .getOrCreate()
[2023-08-09T18:00:47.255-0300] {spark_submit.py:491} INFO - File "/opt/spark/python/lib/pyspark.zip/pyspark/sql/session.py", line 477, in getOrCreate
[2023-08-09T18:00:47.255-0300] {spark_submit.py:491} INFO - File "/opt/spark/python/lib/pyspark.zip/pyspark/context.py", line 512, in getOrCreate
[2023-08-09T18:00:47.255-0300] {spark_submit.py:491} INFO - File "/opt/spark/python/lib/pyspark.zip/pyspark/context.py", line 200, in __init__
[2023-08-09T18:00:47.256-0300] {spark_submit.py:491} INFO - File "/opt/spark/python/lib/pyspark.zip/pyspark/context.py", line 287, in _do_init
[2023-08-09T18:00:47.256-0300] {spark_submit.py:491} INFO - File "/opt/spark/python/lib/pyspark.zip/pyspark/context.py", line 417, in _initialize_context
[2023-08-09T18:00:47.256-0300] {spark_submit.py:491} INFO - File "/opt/spark/python/lib/py4j-0.10.9.7-src.zip/py4j/java_gateway.py", line 1587, in __call__
[2023-08-09T18:00:47.256-0300] {spark_submit.py:491} INFO - File "/opt/spark/python/lib/py4j-0.10.9.7-src.zip/py4j/protocol.py", line 326, in get_return_value
[2023-08-09T18:00:47.257-0300] {spark_submit.py:491} INFO - py4j.protocol.Py4JJavaError: An error occurred while calling None.org.apache.spark.api.java.JavaSparkContext.
[2023-08-09T18:00:47.257-0300] {spark_submit.py:491} INFO - : org.apache.spark.SparkException: Could not parse Master URL: 'localhost'
[2023-08-09T18:00:47.257-0300] {spark_submit.py:491} INFO - at org.apache.spark.SparkContext$.org$apache$spark$SparkContext$$createTaskScheduler(SparkContext.scala:3033)
[2023-08-09T18:00:47.257-0300] {spark_submit.py:491} INFO - at org.apache.spark.SparkContext.<init>(SparkContext.scala:568)
[2023-08-09T18:00:47.258-0300] {spark_submit.py:491} INFO - at org.apache.spark.api.java.JavaSparkContext.<init>(JavaSparkContext.scala:58)
[2023-08-09T18:00:47.258-0300] {spark_submit.py:491} INFO - at java.base/jdk.internal.reflect.NativeConstructorAccessorImpl.newInstance0(Native Method)
[2023-08-09T18:00:47.258-0300] {spark_submit.py:491} INFO - at java.base/jdk.internal.reflect.NativeConstructorAccessorImpl.newInstance(NativeConstructorAccessorImpl.java:62)
[2023-08-09T18:00:47.258-0300] {spark_submit.py:491} INFO - at java.base/jdk.internal.reflect.DelegatingConstructorAccessorImpl.newInstance(DelegatingConstructorAccessorImpl.java:45)
[2023-08-09T18:00:47.258-0300] {spark_submit.py:491} INFO - at java.base/java.lang.reflect.Constructor.newInstance(Constructor.java:490)
[2023-08-09T18:00:47.258-0300] {spark_submit.py:491} INFO - at py4j.reflection.MethodInvoker.invoke(MethodInvoker.java:247)
[2023-08-09T18:00:47.258-0300] {spark_submit.py:491} INFO - at py4j.reflection.ReflectionEngine.invoke(ReflectionEngine.java:374)
[2023-08-09T18:00:47.258-0300] {spark_submit.py:491} INFO - at py4j.Gateway.invoke(Gateway.java:238)
[2023-08-09T18:00:47.258-0300] {spark_submit.py:491} INFO - at py4j.commands.ConstructorCommand.invokeConstructor(ConstructorCommand.java:80)
[2023-08-09T18:00:47.258-0300] {spark_submit.py:491} INFO - at py4j.commands.ConstructorCommand.execute(ConstructorCommand.java:69)
[2023-08-09T18:00:47.258-0300] {spark_submit.py:491} INFO - at py4j.ClientServerConnection.waitForCommands(ClientServerConnection.java:182)
[2023-08-09T18:00:47.258-0300] {spark_submit.py:491} INFO - at py4j.ClientServerConnection.run(ClientServerConnection.java:106)
[2023-08-09T18:00:47.258-0300] {spark_submit.py:491} INFO - at java.base/java.lang.Thread.run(Thread.java:829)
[2023-08-09T18:00:47.258-0300] {spark_submit.py:491} INFO - 
[2023-08-09T18:00:47.259-0300] {spark_submit.py:491} INFO - [[34m2023-08-09T18:00:47.256-0300[0m] {[34mclientserver.py:[0m543} INFO[0m - Closing down clientserver connection[0m
[2023-08-09T18:00:47.474-0300] {spark_submit.py:491} INFO - 23/08/09 18:00:47 INFO ShutdownHookManager: Shutdown hook called
[2023-08-09T18:00:47.475-0300] {spark_submit.py:491} INFO - 23/08/09 18:00:47 INFO ShutdownHookManager: Deleting directory /tmp/spark-89302061-2f9e-4753-84c1-94b8db46dbb6
[2023-08-09T18:00:47.478-0300] {spark_submit.py:491} INFO - 23/08/09 18:00:47 INFO ShutdownHookManager: Deleting directory /tmp/spark-0a0e6943-8a7b-48a9-adac-b50323c9934a
[2023-08-09T18:00:47.544-0300] {taskinstance.py:1824} ERROR - Task failed with exception
Traceback (most recent call last):
  File "/home/enricolm/Documents/Sprinklr_Airflow/dadosvm/Airflow_Investimento/venv/lib/python3.10/site-packages/airflow/providers/apache/spark/operators/spark_submit.py", line 156, in execute
    self._hook.submit(self._application)
  File "/home/enricolm/Documents/Sprinklr_Airflow/dadosvm/Airflow_Investimento/venv/lib/python3.10/site-packages/airflow/providers/apache/spark/hooks/spark_submit.py", line 422, in submit
    raise AirflowException(
airflow.exceptions.AirflowException: Cannot execute: spark-submit --master localhost --name Extracao_Invest /home/enricolm/Documents/Sprinklr_Airflow/dadosvm/Airflow_Investimento/Scripts/Operators/Raw_Operator.py. Error code is: 1.
[2023-08-09T18:00:47.566-0300] {taskinstance.py:1345} INFO - Marking task as FAILED. dag_id=Investimento_api, task_id=Extracao_Invest, execution_date=20230809T210038, start_date=20230809T210041, end_date=20230809T210047
[2023-08-09T18:00:47.617-0300] {standard_task_runner.py:104} ERROR - Failed to execute job 25 for task Extracao_Invest (Cannot execute: spark-submit --master localhost --name Extracao_Invest /home/enricolm/Documents/Sprinklr_Airflow/dadosvm/Airflow_Investimento/Scripts/Operators/Raw_Operator.py. Error code is: 1.; 7347)
[2023-08-09T18:00:47.631-0300] {local_task_job_runner.py:225} INFO - Task exited with return code 1
[2023-08-09T18:00:47.638-0300] {taskinstance.py:2653} INFO - 0 downstream tasks scheduled from follow-on schedule check
