[2023-08-09T18:11:24.458-0300] {taskinstance.py:1103} INFO - Dependencies all met for dep_context=non-requeueable deps ti=<TaskInstance: Investimento_api.Extracao_Invest manual__2023-08-09T21:11:21.889531+00:00 [queued]>
[2023-08-09T18:11:24.463-0300] {taskinstance.py:1103} INFO - Dependencies all met for dep_context=requeueable deps ti=<TaskInstance: Investimento_api.Extracao_Invest manual__2023-08-09T21:11:21.889531+00:00 [queued]>
[2023-08-09T18:11:24.463-0300] {taskinstance.py:1308} INFO - Starting attempt 1 of 1
[2023-08-09T18:11:24.504-0300] {taskinstance.py:1327} INFO - Executing <Task(SparkSubmitOperator): Extracao_Invest> on 2023-08-09 21:11:21.889531+00:00
[2023-08-09T18:11:24.507-0300] {standard_task_runner.py:57} INFO - Started process 8122 to run task
[2023-08-09T18:11:24.510-0300] {standard_task_runner.py:84} INFO - Running: ['airflow', 'tasks', 'run', 'Investimento_api', 'Extracao_Invest', 'manual__2023-08-09T21:11:21.889531+00:00', '--job-id', '27', '--raw', '--subdir', 'DAGS_FOLDER/dag.py', '--cfg-path', '/tmp/tmpny_14fdw']
[2023-08-09T18:11:24.511-0300] {standard_task_runner.py:85} INFO - Job 27: Subtask Extracao_Invest
[2023-08-09T18:11:24.538-0300] {task_command.py:410} INFO - Running <TaskInstance: Investimento_api.Extracao_Invest manual__2023-08-09T21:11:21.889531+00:00 [running]> on host VMEnricolm.myguest.virtualbox.org
[2023-08-09T18:11:24.582-0300] {taskinstance.py:1545} INFO - Exporting env vars: AIRFLOW_CTX_DAG_OWNER='airflow' AIRFLOW_CTX_DAG_ID='Investimento_api' AIRFLOW_CTX_TASK_ID='Extracao_Invest' AIRFLOW_CTX_EXECUTION_DATE='2023-08-09T21:11:21.889531+00:00' AIRFLOW_CTX_TRY_NUMBER='1' AIRFLOW_CTX_DAG_RUN_ID='manual__2023-08-09T21:11:21.889531+00:00'
[2023-08-09T18:11:24.586-0300] {base.py:73} INFO - Using connection ID 'spark_default' for task execution.
[2023-08-09T18:11:24.587-0300] {spark_submit.py:340} INFO - Spark-Submit cmd: spark-submit --master local --name Extracao_Invest /home/enricolm/Documents/Sprinklr_Airflow/dadosvm/Airflow_Investimento/Scripts/Operators/Raw_Operator.py
[2023-08-09T18:11:26.258-0300] {spark_submit.py:491} INFO - 23/08/09 18:11:26 WARN Utils: Your hostname, VMEnricolm resolves to a loopback address: 127.0.1.1; using 192.168.0.63 instead (on interface enp0s3)
[2023-08-09T18:11:26.260-0300] {spark_submit.py:491} INFO - 23/08/09 18:11:26 WARN Utils: Set SPARK_LOCAL_IP if you need to bind to another address
[2023-08-09T18:11:28.059-0300] {spark_submit.py:491} INFO - 23/08/09 18:11:28 INFO SparkContext: Running Spark version 3.4.1
[2023-08-09T18:11:28.131-0300] {spark_submit.py:491} INFO - 23/08/09 18:11:28 WARN NativeCodeLoader: Unable to load native-hadoop library for your platform... using builtin-java classes where applicable
[2023-08-09T18:11:28.194-0300] {spark_submit.py:491} INFO - 23/08/09 18:11:28 INFO ResourceUtils: ==============================================================
[2023-08-09T18:11:28.195-0300] {spark_submit.py:491} INFO - 23/08/09 18:11:28 INFO ResourceUtils: No custom resources configured for spark.driver.
[2023-08-09T18:11:28.196-0300] {spark_submit.py:491} INFO - 23/08/09 18:11:28 INFO ResourceUtils: ==============================================================
[2023-08-09T18:11:28.196-0300] {spark_submit.py:491} INFO - 23/08/09 18:11:28 INFO SparkContext: Submitted application: extracao_Finance
[2023-08-09T18:11:28.213-0300] {spark_submit.py:491} INFO - 23/08/09 18:11:28 INFO ResourceProfile: Default ResourceProfile created, executor resources: Map(cores -> name: cores, amount: 1, script: , vendor: , memory -> name: memory, amount: 1024, script: , vendor: , offHeap -> name: offHeap, amount: 0, script: , vendor: ), task resources: Map(cpus -> name: cpus, amount: 1.0)
[2023-08-09T18:11:28.217-0300] {spark_submit.py:491} INFO - 23/08/09 18:11:28 INFO ResourceProfile: Limiting resource is cpu
[2023-08-09T18:11:28.218-0300] {spark_submit.py:491} INFO - 23/08/09 18:11:28 INFO ResourceProfileManager: Added ResourceProfile id: 0
[2023-08-09T18:11:28.335-0300] {spark_submit.py:491} INFO - 23/08/09 18:11:28 INFO SecurityManager: Changing view acls to: enricolm
[2023-08-09T18:11:28.336-0300] {spark_submit.py:491} INFO - 23/08/09 18:11:28 INFO SecurityManager: Changing modify acls to: enricolm
[2023-08-09T18:11:28.337-0300] {spark_submit.py:491} INFO - 23/08/09 18:11:28 INFO SecurityManager: Changing view acls groups to:
[2023-08-09T18:11:28.337-0300] {spark_submit.py:491} INFO - 23/08/09 18:11:28 INFO SecurityManager: Changing modify acls groups to:
[2023-08-09T18:11:28.338-0300] {spark_submit.py:491} INFO - 23/08/09 18:11:28 INFO SecurityManager: SecurityManager: authentication disabled; ui acls disabled; users with view permissions: enricolm; groups with view permissions: EMPTY; users with modify permissions: enricolm; groups with modify permissions: EMPTY
[2023-08-09T18:11:28.545-0300] {spark_submit.py:491} INFO - 23/08/09 18:11:28 INFO Utils: Successfully started service 'sparkDriver' on port 37001.
[2023-08-09T18:11:28.586-0300] {spark_submit.py:491} INFO - 23/08/09 18:11:28 INFO SparkEnv: Registering MapOutputTracker
[2023-08-09T18:11:28.635-0300] {spark_submit.py:491} INFO - 23/08/09 18:11:28 INFO SparkEnv: Registering BlockManagerMaster
[2023-08-09T18:11:28.656-0300] {spark_submit.py:491} INFO - 23/08/09 18:11:28 INFO BlockManagerMasterEndpoint: Using org.apache.spark.storage.DefaultTopologyMapper for getting topology information
[2023-08-09T18:11:28.656-0300] {spark_submit.py:491} INFO - 23/08/09 18:11:28 INFO BlockManagerMasterEndpoint: BlockManagerMasterEndpoint up
[2023-08-09T18:11:28.662-0300] {spark_submit.py:491} INFO - 23/08/09 18:11:28 INFO SparkEnv: Registering BlockManagerMasterHeartbeat
[2023-08-09T18:11:28.680-0300] {spark_submit.py:491} INFO - 23/08/09 18:11:28 INFO DiskBlockManager: Created local directory at /tmp/blockmgr-fa005317-089e-4269-a60d-12a5fdc8f40a
[2023-08-09T18:11:28.694-0300] {spark_submit.py:491} INFO - 23/08/09 18:11:28 INFO MemoryStore: MemoryStore started with capacity 434.4 MiB
[2023-08-09T18:11:28.722-0300] {spark_submit.py:491} INFO - 23/08/09 18:11:28 INFO SparkEnv: Registering OutputCommitCoordinator
[2023-08-09T18:11:28.977-0300] {spark_submit.py:491} INFO - 23/08/09 18:11:28 INFO JettyUtils: Start Jetty 0.0.0.0:4040 for SparkUI
[2023-08-09T18:11:29.146-0300] {spark_submit.py:491} INFO - 23/08/09 18:11:29 INFO Utils: Successfully started service 'SparkUI' on port 4040.
[2023-08-09T18:11:29.261-0300] {spark_submit.py:491} INFO - 23/08/09 18:11:29 INFO Executor: Starting executor ID driver on host 192.168.0.63
[2023-08-09T18:11:29.268-0300] {spark_submit.py:491} INFO - 23/08/09 18:11:29 INFO Executor: Starting executor with user classpath (userClassPathFirst = false): ''
[2023-08-09T18:11:29.288-0300] {spark_submit.py:491} INFO - 23/08/09 18:11:29 INFO Utils: Successfully started service 'org.apache.spark.network.netty.NettyBlockTransferService' on port 43717.
[2023-08-09T18:11:29.288-0300] {spark_submit.py:491} INFO - 23/08/09 18:11:29 INFO NettyBlockTransferService: Server created on 192.168.0.63:43717
[2023-08-09T18:11:29.289-0300] {spark_submit.py:491} INFO - 23/08/09 18:11:29 INFO BlockManager: Using org.apache.spark.storage.RandomBlockReplicationPolicy for block replication policy
[2023-08-09T18:11:29.295-0300] {spark_submit.py:491} INFO - 23/08/09 18:11:29 INFO BlockManagerMaster: Registering BlockManager BlockManagerId(driver, 192.168.0.63, 43717, None)
[2023-08-09T18:11:29.298-0300] {spark_submit.py:491} INFO - 23/08/09 18:11:29 INFO BlockManagerMasterEndpoint: Registering block manager 192.168.0.63:43717 with 434.4 MiB RAM, BlockManagerId(driver, 192.168.0.63, 43717, None)
[2023-08-09T18:11:29.306-0300] {spark_submit.py:491} INFO - 23/08/09 18:11:29 INFO BlockManagerMaster: Registered BlockManager BlockManagerId(driver, 192.168.0.63, 43717, None)
[2023-08-09T18:11:29.307-0300] {spark_submit.py:491} INFO - 23/08/09 18:11:29 INFO BlockManager: Initialized BlockManager: BlockManagerId(driver, 192.168.0.63, 43717, None)
[2023-08-09T18:11:30.330-0300] {spark_submit.py:491} INFO - 23/08/09 18:11:30 INFO SharedState: Setting hive.metastore.warehouse.dir ('null') to the value of spark.sql.warehouse.dir.
[2023-08-09T18:11:30.338-0300] {spark_submit.py:491} INFO - 23/08/09 18:11:30 INFO SharedState: Warehouse path is 'file:/home/enricolm/Documents/Sprinklr_Airflow/dadosvm/Airflow_Investimento/spark-warehouse'.
[2023-08-09T18:11:33.361-0300] {spark_submit.py:491} INFO - 23/08/09 18:11:33 INFO FileOutputCommitter: File Output Committer Algorithm version is 1
[2023-08-09T18:11:33.361-0300] {spark_submit.py:491} INFO - 23/08/09 18:11:33 INFO FileOutputCommitter: FileOutputCommitter skip cleanup _temporary folders under output directory:false, ignore cleanup failures: false
[2023-08-09T18:11:33.363-0300] {spark_submit.py:491} INFO - 23/08/09 18:11:33 INFO SQLHadoopMapReduceCommitProtocol: Using output committer class org.apache.hadoop.mapreduce.lib.output.FileOutputCommitter
[2023-08-09T18:11:33.703-0300] {spark_submit.py:491} INFO - 23/08/09 18:11:33 INFO CodeGenerator: Code generated in 250.428933 ms
[2023-08-09T18:11:33.802-0300] {spark_submit.py:491} INFO - 23/08/09 18:11:33 INFO SparkContext: Starting job: csv at NativeMethodAccessorImpl.java:0
[2023-08-09T18:11:33.814-0300] {spark_submit.py:491} INFO - 23/08/09 18:11:33 INFO DAGScheduler: Got job 0 (csv at NativeMethodAccessorImpl.java:0) with 1 output partitions
[2023-08-09T18:11:33.814-0300] {spark_submit.py:491} INFO - 23/08/09 18:11:33 INFO DAGScheduler: Final stage: ResultStage 0 (csv at NativeMethodAccessorImpl.java:0)
[2023-08-09T18:11:33.815-0300] {spark_submit.py:491} INFO - 23/08/09 18:11:33 INFO DAGScheduler: Parents of final stage: List()
[2023-08-09T18:11:33.815-0300] {spark_submit.py:491} INFO - 23/08/09 18:11:33 INFO DAGScheduler: Missing parents: List()
[2023-08-09T18:11:33.819-0300] {spark_submit.py:491} INFO - 23/08/09 18:11:33 INFO DAGScheduler: Submitting ResultStage 0 (MapPartitionsRDD[7] at csv at NativeMethodAccessorImpl.java:0), which has no missing parents
[2023-08-09T18:11:33.933-0300] {spark_submit.py:491} INFO - 23/08/09 18:11:33 INFO MemoryStore: Block broadcast_0 stored as values in memory (estimated size 219.4 KiB, free 434.2 MiB)
[2023-08-09T18:11:33.959-0300] {spark_submit.py:491} INFO - 23/08/09 18:11:33 INFO MemoryStore: Block broadcast_0_piece0 stored as bytes in memory (estimated size 79.6 KiB, free 434.1 MiB)
[2023-08-09T18:11:33.961-0300] {spark_submit.py:491} INFO - 23/08/09 18:11:33 INFO BlockManagerInfo: Added broadcast_0_piece0 in memory on 192.168.0.63:43717 (size: 79.6 KiB, free: 434.3 MiB)
[2023-08-09T18:11:33.964-0300] {spark_submit.py:491} INFO - 23/08/09 18:11:33 INFO SparkContext: Created broadcast 0 from broadcast at DAGScheduler.scala:1535
[2023-08-09T18:11:33.976-0300] {spark_submit.py:491} INFO - 23/08/09 18:11:33 INFO DAGScheduler: Submitting 1 missing tasks from ResultStage 0 (MapPartitionsRDD[7] at csv at NativeMethodAccessorImpl.java:0) (first 15 tasks are for partitions Vector(0))
[2023-08-09T18:11:33.976-0300] {spark_submit.py:491} INFO - 23/08/09 18:11:33 INFO TaskSchedulerImpl: Adding task set 0.0 with 1 tasks resource profile 0
[2023-08-09T18:11:34.021-0300] {spark_submit.py:491} INFO - 23/08/09 18:11:34 INFO TaskSetManager: Starting task 0.0 in stage 0.0 (TID 0) (192.168.0.63, executor driver, partition 0, PROCESS_LOCAL, 7756 bytes)
[2023-08-09T18:11:34.031-0300] {spark_submit.py:491} INFO - 23/08/09 18:11:34 INFO Executor: Running task 0.0 in stage 0.0 (TID 0)
[2023-08-09T18:11:34.134-0300] {spark_submit.py:491} INFO - 23/08/09 18:11:34 INFO FileOutputCommitter: File Output Committer Algorithm version is 1
[2023-08-09T18:11:34.135-0300] {spark_submit.py:491} INFO - 23/08/09 18:11:34 INFO FileOutputCommitter: FileOutputCommitter skip cleanup _temporary folders under output directory:false, ignore cleanup failures: false
[2023-08-09T18:11:34.136-0300] {spark_submit.py:491} INFO - 23/08/09 18:11:34 INFO SQLHadoopMapReduceCommitProtocol: Using output committer class org.apache.hadoop.mapreduce.lib.output.FileOutputCommitter
[2023-08-09T18:11:35.384-0300] {spark_submit.py:491} INFO - 23/08/09 18:11:35 INFO PythonRunner: Times: total = 1118, boot = 1043, init = 75, finish = 0
[2023-08-09T18:11:35.394-0300] {spark_submit.py:491} INFO - 23/08/09 18:11:35 INFO FileOutputCommitter: Saved output of task 'attempt_202308091811338261899900781671482_0000_m_000000_0' to file:/home/enricolm/Documents/Sprinklr_Airflow/dadosvm/Airflow_Investimento/datalake/Raw/Data=2023-08-08/_temporary/0/task_202308091811338261899900781671482_0000_m_000000
[2023-08-09T18:11:35.395-0300] {spark_submit.py:491} INFO - 23/08/09 18:11:35 INFO SparkHadoopMapRedUtil: attempt_202308091811338261899900781671482_0000_m_000000_0: Committed. Elapsed time: 1 ms.
[2023-08-09T18:11:35.409-0300] {spark_submit.py:491} INFO - 23/08/09 18:11:35 INFO Executor: Finished task 0.0 in stage 0.0 (TID 0). 3176 bytes result sent to driver
[2023-08-09T18:11:35.418-0300] {spark_submit.py:491} INFO - 23/08/09 18:11:35 INFO TaskSetManager: Finished task 0.0 in stage 0.0 (TID 0) in 1410 ms on 192.168.0.63 (executor driver) (1/1)
[2023-08-09T18:11:35.422-0300] {spark_submit.py:491} INFO - 23/08/09 18:11:35 INFO PythonAccumulatorV2: Connected to AccumulatorServer at host: 127.0.0.1 port: 44095
[2023-08-09T18:11:35.429-0300] {spark_submit.py:491} INFO - 23/08/09 18:11:35 INFO TaskSchedulerImpl: Removed TaskSet 0.0, whose tasks have all completed, from pool
[2023-08-09T18:11:35.474-0300] {spark_submit.py:491} INFO - 23/08/09 18:11:35 INFO DAGScheduler: ResultStage 0 (csv at NativeMethodAccessorImpl.java:0) finished in 1,598 s
[2023-08-09T18:11:35.477-0300] {spark_submit.py:491} INFO - 23/08/09 18:11:35 INFO DAGScheduler: Job 0 is finished. Cancelling potential speculative or zombie tasks for this job
[2023-08-09T18:11:35.478-0300] {spark_submit.py:491} INFO - 23/08/09 18:11:35 INFO TaskSchedulerImpl: Killing all running tasks in stage 0: Stage finished
[2023-08-09T18:11:35.480-0300] {spark_submit.py:491} INFO - 23/08/09 18:11:35 INFO DAGScheduler: Job 0 finished: csv at NativeMethodAccessorImpl.java:0, took 1,677090 s
[2023-08-09T18:11:35.484-0300] {spark_submit.py:491} INFO - 23/08/09 18:11:35 INFO FileFormatWriter: Start to commit write Job a57294dd-df41-42f1-9f3e-cae9f7beb256.
[2023-08-09T18:11:35.508-0300] {spark_submit.py:491} INFO - 23/08/09 18:11:35 INFO FileFormatWriter: Write Job a57294dd-df41-42f1-9f3e-cae9f7beb256 committed. Elapsed time: 24 ms.
[2023-08-09T18:11:35.513-0300] {spark_submit.py:491} INFO - 23/08/09 18:11:35 INFO FileFormatWriter: Finished processing stats for write job a57294dd-df41-42f1-9f3e-cae9f7beb256.
[2023-08-09T18:11:35.523-0300] {spark_submit.py:491} INFO - [[34m2023-08-09T18:11:35.522-0300[0m] {[34mclientserver.py:[0m543} INFO[0m - Closing down clientserver connection[0m
[2023-08-09T18:11:35.729-0300] {spark_submit.py:491} INFO - 23/08/09 18:11:35 INFO SparkContext: Invoking stop() from shutdown hook
[2023-08-09T18:11:35.729-0300] {spark_submit.py:491} INFO - 23/08/09 18:11:35 INFO SparkContext: SparkContext is stopping with exitCode 0.
[2023-08-09T18:11:35.739-0300] {spark_submit.py:491} INFO - 23/08/09 18:11:35 INFO SparkUI: Stopped Spark web UI at http://192.168.0.63:4040
[2023-08-09T18:11:35.747-0300] {spark_submit.py:491} INFO - 23/08/09 18:11:35 INFO BlockManagerInfo: Removed broadcast_0_piece0 on 192.168.0.63:43717 in memory (size: 79.6 KiB, free: 434.4 MiB)
[2023-08-09T18:11:35.760-0300] {spark_submit.py:491} INFO - 23/08/09 18:11:35 INFO MapOutputTrackerMasterEndpoint: MapOutputTrackerMasterEndpoint stopped!
[2023-08-09T18:11:35.771-0300] {spark_submit.py:491} INFO - 23/08/09 18:11:35 INFO MemoryStore: MemoryStore cleared
[2023-08-09T18:11:35.772-0300] {spark_submit.py:491} INFO - 23/08/09 18:11:35 INFO BlockManager: BlockManager stopped
[2023-08-09T18:11:35.775-0300] {spark_submit.py:491} INFO - 23/08/09 18:11:35 INFO BlockManagerMaster: BlockManagerMaster stopped
[2023-08-09T18:11:35.777-0300] {spark_submit.py:491} INFO - 23/08/09 18:11:35 INFO OutputCommitCoordinator$OutputCommitCoordinatorEndpoint: OutputCommitCoordinator stopped!
[2023-08-09T18:11:35.782-0300] {spark_submit.py:491} INFO - 23/08/09 18:11:35 INFO SparkContext: Successfully stopped SparkContext
[2023-08-09T18:11:35.782-0300] {spark_submit.py:491} INFO - 23/08/09 18:11:35 INFO ShutdownHookManager: Shutdown hook called
[2023-08-09T18:11:35.783-0300] {spark_submit.py:491} INFO - 23/08/09 18:11:35 INFO ShutdownHookManager: Deleting directory /tmp/spark-0af4c6cd-3e50-4349-8b0b-5be2d3df4a4f/pyspark-f6931659-640e-4f85-b97f-a03b731701ce
[2023-08-09T18:11:35.784-0300] {spark_submit.py:491} INFO - 23/08/09 18:11:35 INFO ShutdownHookManager: Deleting directory /tmp/spark-f4b4f224-ab24-406b-98cd-83e574d8e85d
[2023-08-09T18:11:35.786-0300] {spark_submit.py:491} INFO - 23/08/09 18:11:35 INFO ShutdownHookManager: Deleting directory /tmp/spark-0af4c6cd-3e50-4349-8b0b-5be2d3df4a4f
[2023-08-09T18:11:35.834-0300] {taskinstance.py:1345} INFO - Marking task as SUCCESS. dag_id=Investimento_api, task_id=Extracao_Invest, execution_date=20230809T211121, start_date=20230809T211124, end_date=20230809T211135
[2023-08-09T18:11:35.877-0300] {local_task_job_runner.py:225} INFO - Task exited with return code 0
[2023-08-09T18:11:35.903-0300] {taskinstance.py:2653} INFO - 0 downstream tasks scheduled from follow-on schedule check
