[2023-09-04T19:02:47.186-0300] {taskinstance.py:1103} INFO - Dependencies all met for dep_context=non-requeueable deps ti=<TaskInstance: Investimento_api.Extracao_Invest manual__2023-09-04T22:02:45.600403+00:00 [queued]>
[2023-09-04T19:02:47.201-0300] {taskinstance.py:1103} INFO - Dependencies all met for dep_context=requeueable deps ti=<TaskInstance: Investimento_api.Extracao_Invest manual__2023-09-04T22:02:45.600403+00:00 [queued]>
[2023-09-04T19:02:47.201-0300] {taskinstance.py:1308} INFO - Starting attempt 1 of 1
[2023-09-04T19:02:47.218-0300] {taskinstance.py:1327} INFO - Executing <Task(SparkSubmitOperator): Extracao_Invest> on 2023-09-04 22:02:45.600403+00:00
[2023-09-04T19:02:47.224-0300] {standard_task_runner.py:57} INFO - Started process 49068 to run task
[2023-09-04T19:02:47.227-0300] {standard_task_runner.py:84} INFO - Running: ['airflow', 'tasks', 'run', 'Investimento_api', 'Extracao_Invest', 'manual__2023-09-04T22:02:45.600403+00:00', '--job-id', '83', '--raw', '--subdir', 'DAGS_FOLDER/dag.py', '--cfg-path', '/tmp/tmp4ip4ywk4']
[2023-09-04T19:02:47.229-0300] {standard_task_runner.py:85} INFO - Job 83: Subtask Extracao_Invest
[2023-09-04T19:02:47.314-0300] {task_command.py:410} INFO - Running <TaskInstance: Investimento_api.Extracao_Invest manual__2023-09-04T22:02:45.600403+00:00 [running]> on host VMEnricolm.myguest.virtualbox.org
[2023-09-04T19:02:47.474-0300] {taskinstance.py:1545} INFO - Exporting env vars: AIRFLOW_CTX_DAG_OWNER='airflow' AIRFLOW_CTX_DAG_ID='Investimento_api' AIRFLOW_CTX_TASK_ID='Extracao_Invest' AIRFLOW_CTX_EXECUTION_DATE='2023-09-04T22:02:45.600403+00:00' AIRFLOW_CTX_TRY_NUMBER='1' AIRFLOW_CTX_DAG_RUN_ID='manual__2023-09-04T22:02:45.600403+00:00'
[2023-09-04T19:02:47.493-0300] {base.py:73} INFO - Using connection ID 'spark_default' for task execution.
[2023-09-04T19:02:47.494-0300] {spark_submit.py:340} INFO - Spark-Submit cmd: spark-submit --master local --name Extracao_Invest --queue root.default /home/enricolm/Documents/Sprinklr_Airflow/dadosvm/Airflow_Investimento/Scripts/Operators/Raw_Operator.py --type crypto
[2023-09-04T19:02:50.128-0300] {spark_submit.py:491} INFO - 23/09/04 19:02:50 WARN Utils: Your hostname, VMEnricolm resolves to a loopback address: 127.0.1.1; using 192.168.0.53 instead (on interface enp0s3)
[2023-09-04T19:02:50.136-0300] {spark_submit.py:491} INFO - 23/09/04 19:02:50 WARN Utils: Set SPARK_LOCAL_IP if you need to bind to another address
[2023-09-04T19:02:51.650-0300] {spark_submit.py:491} INFO - Traceback (most recent call last):
[2023-09-04T19:02:51.660-0300] {spark_submit.py:491} INFO - File "/home/enricolm/Documents/Sprinklr_Airflow/dadosvm/Airflow_Investimento/Scripts/Operators/Raw_Operator.py", line 74, in <module>
[2023-09-04T19:02:51.660-0300] {spark_submit.py:491} INFO - extracao = extracao_finance(path=Base_folder.format(stage= 'Raw',type=args.type,date=f'{(end_date - timedelta(days= 1)).strftime("%Y-%m-%d")}'), start_date=start_date, end_date=end_date.strftime('%Y-%m-%d'))
[2023-09-04T19:02:51.661-0300] {spark_submit.py:491} INFO - NameError: name 'args' is not defined
[2023-09-04T19:02:51.787-0300] {spark_submit.py:491} INFO - 23/09/04 19:02:51 INFO ShutdownHookManager: Shutdown hook called
[2023-09-04T19:02:51.789-0300] {spark_submit.py:491} INFO - 23/09/04 19:02:51 INFO ShutdownHookManager: Deleting directory /tmp/spark-21e10874-75e5-432c-88e9-3dad59851ec0
[2023-09-04T19:02:51.873-0300] {taskinstance.py:1824} ERROR - Task failed with exception
Traceback (most recent call last):
  File "/home/enricolm/Documents/Sprinklr_Airflow/dadosvm/Airflow_Investimento/venv/lib/python3.10/site-packages/airflow/providers/apache/spark/operators/spark_submit.py", line 156, in execute
    self._hook.submit(self._application)
  File "/home/enricolm/Documents/Sprinklr_Airflow/dadosvm/Airflow_Investimento/venv/lib/python3.10/site-packages/airflow/providers/apache/spark/hooks/spark_submit.py", line 422, in submit
    raise AirflowException(
airflow.exceptions.AirflowException: Cannot execute: spark-submit --master local --name Extracao_Invest --queue root.default /home/enricolm/Documents/Sprinklr_Airflow/dadosvm/Airflow_Investimento/Scripts/Operators/Raw_Operator.py --type crypto. Error code is: 1.
[2023-09-04T19:02:51.930-0300] {taskinstance.py:1345} INFO - Marking task as FAILED. dag_id=Investimento_api, task_id=Extracao_Invest, execution_date=20230904T220245, start_date=20230904T220247, end_date=20230904T220251
[2023-09-04T19:02:51.990-0300] {standard_task_runner.py:104} ERROR - Failed to execute job 83 for task Extracao_Invest (Cannot execute: spark-submit --master local --name Extracao_Invest --queue root.default /home/enricolm/Documents/Sprinklr_Airflow/dadosvm/Airflow_Investimento/Scripts/Operators/Raw_Operator.py --type crypto. Error code is: 1.; 49068)
[2023-09-04T19:02:52.037-0300] {local_task_job_runner.py:225} INFO - Task exited with return code 1
[2023-09-04T19:02:52.072-0300] {taskinstance.py:2653} INFO - 0 downstream tasks scheduled from follow-on schedule check
