[2023-09-04T10:01:49.634-0300] {taskinstance.py:1103} INFO - Dependencies all met for dep_context=non-requeueable deps ti=<TaskInstance: Investimento_api.Extracao_Invest manual__2023-09-04T13:01:48.178412+00:00 [queued]>
[2023-09-04T10:01:49.655-0300] {taskinstance.py:1103} INFO - Dependencies all met for dep_context=requeueable deps ti=<TaskInstance: Investimento_api.Extracao_Invest manual__2023-09-04T13:01:48.178412+00:00 [queued]>
[2023-09-04T10:01:49.655-0300] {taskinstance.py:1308} INFO - Starting attempt 1 of 1
[2023-09-04T10:01:49.671-0300] {taskinstance.py:1327} INFO - Executing <Task(SparkSubmitOperator): Extracao_Invest> on 2023-09-04 13:01:48.178412+00:00
[2023-09-04T10:01:49.684-0300] {standard_task_runner.py:57} INFO - Started process 13338 to run task
[2023-09-04T10:01:49.685-0300] {standard_task_runner.py:84} INFO - Running: ['airflow', 'tasks', 'run', 'Investimento_api', 'Extracao_Invest', 'manual__2023-09-04T13:01:48.178412+00:00', '--job-id', '50', '--raw', '--subdir', 'DAGS_FOLDER/dag.py', '--cfg-path', '/tmp/tmpwcwxcep7']
[2023-09-04T10:01:49.687-0300] {standard_task_runner.py:85} INFO - Job 50: Subtask Extracao_Invest
[2023-09-04T10:01:49.839-0300] {task_command.py:410} INFO - Running <TaskInstance: Investimento_api.Extracao_Invest manual__2023-09-04T13:01:48.178412+00:00 [running]> on host VMEnricolm.myguest.virtualbox.org
[2023-09-04T10:01:50.063-0300] {taskinstance.py:1545} INFO - Exporting env vars: AIRFLOW_CTX_DAG_OWNER='airflow' AIRFLOW_CTX_DAG_ID='Investimento_api' AIRFLOW_CTX_TASK_ID='Extracao_Invest' AIRFLOW_CTX_EXECUTION_DATE='2023-09-04T13:01:48.178412+00:00' AIRFLOW_CTX_TRY_NUMBER='1' AIRFLOW_CTX_DAG_RUN_ID='manual__2023-09-04T13:01:48.178412+00:00'
[2023-09-04T10:01:50.084-0300] {base.py:73} INFO - Using connection ID 'spark_default' for task execution.
[2023-09-04T10:01:50.085-0300] {spark_submit.py:340} INFO - Spark-Submit cmd: spark-submit --master local --name Extracao_Invest --queue root.default /home/enricolm/Documents/Sprinklr_Airflow/dadosvm/Airflow_Investimento/Scripts/Operators/Raw_Operator.py
[2023-09-04T10:01:52.346-0300] {spark_submit.py:491} INFO - 23/09/04 10:01:52 WARN Utils: Your hostname, VMEnricolm resolves to a loopback address: 127.0.1.1; using 192.168.0.53 instead (on interface enp0s3)
[2023-09-04T10:01:52.350-0300] {spark_submit.py:491} INFO - 23/09/04 10:01:52 WARN Utils: Set SPARK_LOCAL_IP if you need to bind to another address
[2023-09-04T10:01:54.072-0300] {spark_submit.py:491} INFO - 23/09/04 10:01:54 INFO SparkContext: Running Spark version 3.4.1
[2023-09-04T10:01:54.154-0300] {spark_submit.py:491} INFO - 23/09/04 10:01:54 WARN NativeCodeLoader: Unable to load native-hadoop library for your platform... using builtin-java classes where applicable
[2023-09-04T10:01:54.271-0300] {spark_submit.py:491} INFO - 23/09/04 10:01:54 INFO ResourceUtils: ==============================================================
[2023-09-04T10:01:54.272-0300] {spark_submit.py:491} INFO - 23/09/04 10:01:54 INFO ResourceUtils: No custom resources configured for spark.driver.
[2023-09-04T10:01:54.273-0300] {spark_submit.py:491} INFO - 23/09/04 10:01:54 INFO ResourceUtils: ==============================================================
[2023-09-04T10:01:54.273-0300] {spark_submit.py:491} INFO - 23/09/04 10:01:54 INFO SparkContext: Submitted application: extracao_Finance
[2023-09-04T10:01:54.299-0300] {spark_submit.py:491} INFO - 23/09/04 10:01:54 INFO ResourceProfile: Default ResourceProfile created, executor resources: Map(cores -> name: cores, amount: 1, script: , vendor: , memory -> name: memory, amount: 1024, script: , vendor: , offHeap -> name: offHeap, amount: 0, script: , vendor: ), task resources: Map(cpus -> name: cpus, amount: 1.0)
[2023-09-04T10:01:54.308-0300] {spark_submit.py:491} INFO - 23/09/04 10:01:54 INFO ResourceProfile: Limiting resource is cpu
[2023-09-04T10:01:54.310-0300] {spark_submit.py:491} INFO - 23/09/04 10:01:54 INFO ResourceProfileManager: Added ResourceProfile id: 0
[2023-09-04T10:01:54.393-0300] {spark_submit.py:491} INFO - 23/09/04 10:01:54 INFO SecurityManager: Changing view acls to: enricolm
[2023-09-04T10:01:54.393-0300] {spark_submit.py:491} INFO - 23/09/04 10:01:54 INFO SecurityManager: Changing modify acls to: enricolm
[2023-09-04T10:01:54.394-0300] {spark_submit.py:491} INFO - 23/09/04 10:01:54 INFO SecurityManager: Changing view acls groups to:
[2023-09-04T10:01:54.394-0300] {spark_submit.py:491} INFO - 23/09/04 10:01:54 INFO SecurityManager: Changing modify acls groups to:
[2023-09-04T10:01:54.394-0300] {spark_submit.py:491} INFO - 23/09/04 10:01:54 INFO SecurityManager: SecurityManager: authentication disabled; ui acls disabled; users with view permissions: enricolm; groups with view permissions: EMPTY; users with modify permissions: enricolm; groups with modify permissions: EMPTY
[2023-09-04T10:01:54.697-0300] {spark_submit.py:491} INFO - 23/09/04 10:01:54 INFO Utils: Successfully started service 'sparkDriver' on port 46497.
[2023-09-04T10:01:54.769-0300] {spark_submit.py:491} INFO - 23/09/04 10:01:54 INFO SparkEnv: Registering MapOutputTracker
[2023-09-04T10:01:54.819-0300] {spark_submit.py:491} INFO - 23/09/04 10:01:54 INFO SparkEnv: Registering BlockManagerMaster
[2023-09-04T10:01:54.854-0300] {spark_submit.py:491} INFO - 23/09/04 10:01:54 INFO BlockManagerMasterEndpoint: Using org.apache.spark.storage.DefaultTopologyMapper for getting topology information
[2023-09-04T10:01:54.858-0300] {spark_submit.py:491} INFO - 23/09/04 10:01:54 INFO BlockManagerMasterEndpoint: BlockManagerMasterEndpoint up
[2023-09-04T10:01:54.866-0300] {spark_submit.py:491} INFO - 23/09/04 10:01:54 INFO SparkEnv: Registering BlockManagerMasterHeartbeat
[2023-09-04T10:01:54.900-0300] {spark_submit.py:491} INFO - 23/09/04 10:01:54 INFO DiskBlockManager: Created local directory at /tmp/blockmgr-e304569b-e166-486a-8f86-436f09fe1b73
[2023-09-04T10:01:54.922-0300] {spark_submit.py:491} INFO - 23/09/04 10:01:54 INFO MemoryStore: MemoryStore started with capacity 434.4 MiB
[2023-09-04T10:01:54.958-0300] {spark_submit.py:491} INFO - 23/09/04 10:01:54 INFO SparkEnv: Registering OutputCommitCoordinator
[2023-09-04T10:01:55.207-0300] {spark_submit.py:491} INFO - 23/09/04 10:01:55 INFO JettyUtils: Start Jetty 0.0.0.0:4040 for SparkUI
[2023-09-04T10:01:55.394-0300] {spark_submit.py:491} INFO - 23/09/04 10:01:55 INFO Utils: Successfully started service 'SparkUI' on port 4040.
[2023-09-04T10:01:55.633-0300] {spark_submit.py:491} INFO - 23/09/04 10:01:55 INFO Executor: Starting executor ID driver on host 192.168.0.53
[2023-09-04T10:01:55.674-0300] {spark_submit.py:491} INFO - 23/09/04 10:01:55 INFO Executor: Starting executor with user classpath (userClassPathFirst = false): ''
[2023-09-04T10:01:55.774-0300] {spark_submit.py:491} INFO - 23/09/04 10:01:55 INFO Utils: Successfully started service 'org.apache.spark.network.netty.NettyBlockTransferService' on port 43437.
[2023-09-04T10:01:55.774-0300] {spark_submit.py:491} INFO - 23/09/04 10:01:55 INFO NettyBlockTransferService: Server created on 192.168.0.53:43437
[2023-09-04T10:01:55.775-0300] {spark_submit.py:491} INFO - 23/09/04 10:01:55 INFO BlockManager: Using org.apache.spark.storage.RandomBlockReplicationPolicy for block replication policy
[2023-09-04T10:01:55.775-0300] {spark_submit.py:491} INFO - 23/09/04 10:01:55 INFO BlockManagerMaster: Registering BlockManager BlockManagerId(driver, 192.168.0.53, 43437, None)
[2023-09-04T10:01:55.775-0300] {spark_submit.py:491} INFO - 23/09/04 10:01:55 INFO BlockManagerMasterEndpoint: Registering block manager 192.168.0.53:43437 with 434.4 MiB RAM, BlockManagerId(driver, 192.168.0.53, 43437, None)
[2023-09-04T10:01:55.775-0300] {spark_submit.py:491} INFO - 23/09/04 10:01:55 INFO BlockManagerMaster: Registered BlockManager BlockManagerId(driver, 192.168.0.53, 43437, None)
[2023-09-04T10:01:55.775-0300] {spark_submit.py:491} INFO - 23/09/04 10:01:55 INFO BlockManager: Initialized BlockManager: BlockManagerId(driver, 192.168.0.53, 43437, None)
[2023-09-04T10:01:56.315-0300] {spark_submit.py:491} INFO - Criando pasta
[2023-09-04T10:01:59.223-0300] {spark_submit.py:491} INFO - 23/09/04 10:01:59 INFO SharedState: Setting hive.metastore.warehouse.dir ('null') to the value of spark.sql.warehouse.dir.
[2023-09-04T10:01:59.239-0300] {spark_submit.py:491} INFO - 23/09/04 10:01:59 INFO SharedState: Warehouse path is 'file:/home/enricolm/Documents/Sprinklr_Airflow/dadosvm/Airflow_Investimento/spark-warehouse'.
[2023-09-04T10:02:06.278-0300] {spark_submit.py:491} INFO - 23/09/04 10:02:06 INFO HashAggregateExec: spark.sql.codegen.aggregate.map.twolevel.enabled is set to true, but current version of codegened fast hashmap does not support this aggregate.
[2023-09-04T10:02:06.856-0300] {spark_submit.py:491} INFO - 23/09/04 10:02:06 INFO CodeGenerator: Code generated in 498.173113 ms
[2023-09-04T10:02:07.153-0300] {spark_submit.py:491} INFO - 23/09/04 10:02:07 INFO DAGScheduler: Registering RDD 6 (isEmpty at NativeMethodAccessorImpl.java:0) as input to shuffle 0
[2023-09-04T10:02:07.176-0300] {spark_submit.py:491} INFO - 23/09/04 10:02:07 INFO DAGScheduler: Got map stage job 0 (isEmpty at NativeMethodAccessorImpl.java:0) with 1 output partitions
[2023-09-04T10:02:07.177-0300] {spark_submit.py:491} INFO - 23/09/04 10:02:07 INFO DAGScheduler: Final stage: ShuffleMapStage 0 (isEmpty at NativeMethodAccessorImpl.java:0)
[2023-09-04T10:02:07.177-0300] {spark_submit.py:491} INFO - 23/09/04 10:02:07 INFO DAGScheduler: Parents of final stage: List()
[2023-09-04T10:02:07.178-0300] {spark_submit.py:491} INFO - 23/09/04 10:02:07 INFO DAGScheduler: Missing parents: List()
[2023-09-04T10:02:07.190-0300] {spark_submit.py:491} INFO - 23/09/04 10:02:07 INFO DAGScheduler: Submitting ShuffleMapStage 0 (MapPartitionsRDD[6] at isEmpty at NativeMethodAccessorImpl.java:0), which has no missing parents
[2023-09-04T10:02:07.707-0300] {spark_submit.py:491} INFO - 23/09/04 10:02:07 INFO MemoryStore: Block broadcast_0 stored as values in memory (estimated size 30.5 KiB, free 434.4 MiB)
[2023-09-04T10:02:07.766-0300] {spark_submit.py:491} INFO - 23/09/04 10:02:07 INFO MemoryStore: Block broadcast_0_piece0 stored as bytes in memory (estimated size 14.2 KiB, free 434.4 MiB)
[2023-09-04T10:02:07.771-0300] {spark_submit.py:491} INFO - 23/09/04 10:02:07 INFO BlockManagerInfo: Added broadcast_0_piece0 in memory on 192.168.0.53:43437 (size: 14.2 KiB, free: 434.4 MiB)
[2023-09-04T10:02:07.785-0300] {spark_submit.py:491} INFO - 23/09/04 10:02:07 INFO SparkContext: Created broadcast 0 from broadcast at DAGScheduler.scala:1535
[2023-09-04T10:02:07.811-0300] {spark_submit.py:491} INFO - 23/09/04 10:02:07 INFO DAGScheduler: Submitting 1 missing tasks from ShuffleMapStage 0 (MapPartitionsRDD[6] at isEmpty at NativeMethodAccessorImpl.java:0) (first 15 tasks are for partitions Vector(0))
[2023-09-04T10:02:07.813-0300] {spark_submit.py:491} INFO - 23/09/04 10:02:07 INFO TaskSchedulerImpl: Adding task set 0.0 with 1 tasks resource profile 0
[2023-09-04T10:02:07.986-0300] {spark_submit.py:491} INFO - 23/09/04 10:02:07 INFO TaskSetManager: Starting task 0.0 in stage 0.0 (TID 0) (192.168.0.53, executor driver, partition 0, PROCESS_LOCAL, 7566 bytes)
[2023-09-04T10:02:08.033-0300] {spark_submit.py:491} INFO - 23/09/04 10:02:08 INFO Executor: Running task 0.0 in stage 0.0 (TID 0)
[2023-09-04T10:02:09.558-0300] {spark_submit.py:491} INFO - 23/09/04 10:02:09 INFO CodeGenerator: Code generated in 21.259696 ms
[2023-09-04T10:02:09.590-0300] {spark_submit.py:491} INFO - 23/09/04 10:02:09 INFO CodeGenerator: Code generated in 5.988586 ms
[2023-09-04T10:02:09.601-0300] {spark_submit.py:491} INFO - 23/09/04 10:02:09 INFO CodeGenerator: Code generated in 7.195932 ms
[2023-09-04T10:02:09.968-0300] {spark_submit.py:491} INFO - 23/09/04 10:02:09 INFO PythonRunner: Times: total = 1386, boot = 1267, init = 119, finish = 0
[2023-09-04T10:02:10.253-0300] {spark_submit.py:491} INFO - 23/09/04 10:02:10 INFO Executor: Finished task 0.0 in stage 0.0 (TID 0). 2971 bytes result sent to driver
[2023-09-04T10:02:10.274-0300] {spark_submit.py:491} INFO - 23/09/04 10:02:10 INFO TaskSetManager: Finished task 0.0 in stage 0.0 (TID 0) in 2318 ms on 192.168.0.53 (executor driver) (1/1)
[2023-09-04T10:02:10.279-0300] {spark_submit.py:491} INFO - 23/09/04 10:02:10 INFO TaskSchedulerImpl: Removed TaskSet 0.0, whose tasks have all completed, from pool
[2023-09-04T10:02:10.286-0300] {spark_submit.py:491} INFO - 23/09/04 10:02:10 INFO PythonAccumulatorV2: Connected to AccumulatorServer at host: 127.0.0.1 port: 58485
[2023-09-04T10:02:10.302-0300] {spark_submit.py:491} INFO - 23/09/04 10:02:10 INFO DAGScheduler: ShuffleMapStage 0 (isEmpty at NativeMethodAccessorImpl.java:0) finished in 2,939 s
[2023-09-04T10:02:10.303-0300] {spark_submit.py:491} INFO - 23/09/04 10:02:10 INFO DAGScheduler: looking for newly runnable stages
[2023-09-04T10:02:10.303-0300] {spark_submit.py:491} INFO - 23/09/04 10:02:10 INFO DAGScheduler: running: HashSet()
[2023-09-04T10:02:10.303-0300] {spark_submit.py:491} INFO - 23/09/04 10:02:10 INFO DAGScheduler: waiting: HashSet()
[2023-09-04T10:02:10.304-0300] {spark_submit.py:491} INFO - 23/09/04 10:02:10 INFO DAGScheduler: failed: HashSet()
[2023-09-04T10:02:10.343-0300] {spark_submit.py:491} INFO - 23/09/04 10:02:10 INFO ShufflePartitionsUtil: For shuffle(0), advisory target size: 67108864, actual target size 1048576, minimum partition size: 1048576
[2023-09-04T10:02:10.367-0300] {spark_submit.py:491} INFO - 23/09/04 10:02:10 INFO HashAggregateExec: spark.sql.codegen.aggregate.map.twolevel.enabled is set to true, but current version of codegened fast hashmap does not support this aggregate.
[2023-09-04T10:02:10.393-0300] {spark_submit.py:491} INFO - 23/09/04 10:02:10 INFO CodeGenerator: Code generated in 21.588134 ms
[2023-09-04T10:02:10.458-0300] {spark_submit.py:491} INFO - 23/09/04 10:02:10 INFO SparkContext: Starting job: isEmpty at NativeMethodAccessorImpl.java:0
[2023-09-04T10:02:10.461-0300] {spark_submit.py:491} INFO - 23/09/04 10:02:10 INFO DAGScheduler: Got job 1 (isEmpty at NativeMethodAccessorImpl.java:0) with 1 output partitions
[2023-09-04T10:02:10.462-0300] {spark_submit.py:491} INFO - 23/09/04 10:02:10 INFO DAGScheduler: Final stage: ResultStage 2 (isEmpty at NativeMethodAccessorImpl.java:0)
[2023-09-04T10:02:10.462-0300] {spark_submit.py:491} INFO - 23/09/04 10:02:10 INFO DAGScheduler: Parents of final stage: List(ShuffleMapStage 1)
[2023-09-04T10:02:10.462-0300] {spark_submit.py:491} INFO - 23/09/04 10:02:10 INFO DAGScheduler: Missing parents: List()
[2023-09-04T10:02:10.466-0300] {spark_submit.py:491} INFO - 23/09/04 10:02:10 INFO DAGScheduler: Submitting ResultStage 2 (MapPartitionsRDD[9] at isEmpty at NativeMethodAccessorImpl.java:0), which has no missing parents
[2023-09-04T10:02:10.490-0300] {spark_submit.py:491} INFO - 23/09/04 10:02:10 INFO MemoryStore: Block broadcast_1 stored as values in memory (estimated size 33.3 KiB, free 434.3 MiB)
[2023-09-04T10:02:10.497-0300] {spark_submit.py:491} INFO - 23/09/04 10:02:10 INFO MemoryStore: Block broadcast_1_piece0 stored as bytes in memory (estimated size 15.7 KiB, free 434.3 MiB)
[2023-09-04T10:02:10.497-0300] {spark_submit.py:491} INFO - 23/09/04 10:02:10 INFO BlockManagerInfo: Added broadcast_1_piece0 in memory on 192.168.0.53:43437 (size: 15.7 KiB, free: 434.4 MiB)
[2023-09-04T10:02:10.498-0300] {spark_submit.py:491} INFO - 23/09/04 10:02:10 INFO SparkContext: Created broadcast 1 from broadcast at DAGScheduler.scala:1535
[2023-09-04T10:02:10.499-0300] {spark_submit.py:491} INFO - 23/09/04 10:02:10 INFO DAGScheduler: Submitting 1 missing tasks from ResultStage 2 (MapPartitionsRDD[9] at isEmpty at NativeMethodAccessorImpl.java:0) (first 15 tasks are for partitions Vector(0))
[2023-09-04T10:02:10.500-0300] {spark_submit.py:491} INFO - 23/09/04 10:02:10 INFO TaskSchedulerImpl: Adding task set 2.0 with 1 tasks resource profile 0
[2023-09-04T10:02:10.533-0300] {spark_submit.py:491} INFO - 23/09/04 10:02:10 INFO TaskSetManager: Starting task 0.0 in stage 2.0 (TID 1) (192.168.0.53, executor driver, partition 0, NODE_LOCAL, 7437 bytes)
[2023-09-04T10:02:10.536-0300] {spark_submit.py:491} INFO - 23/09/04 10:02:10 INFO Executor: Running task 0.0 in stage 2.0 (TID 1)
[2023-09-04T10:02:10.651-0300] {spark_submit.py:491} INFO - 23/09/04 10:02:10 INFO ShuffleBlockFetcherIterator: Getting 1 (97.0 B) non-empty blocks including 1 (97.0 B) local and 0 (0.0 B) host-local and 0 (0.0 B) push-merged-local and 0 (0.0 B) remote blocks
[2023-09-04T10:02:10.656-0300] {spark_submit.py:491} INFO - 23/09/04 10:02:10 INFO ShuffleBlockFetcherIterator: Started 0 remote fetches in 18 ms
[2023-09-04T10:02:10.770-0300] {spark_submit.py:491} INFO - 23/09/04 10:02:10 INFO Executor: Finished task 0.0 in stage 2.0 (TID 1). 5358 bytes result sent to driver
[2023-09-04T10:02:10.783-0300] {spark_submit.py:491} INFO - 23/09/04 10:02:10 INFO BlockManagerInfo: Removed broadcast_0_piece0 on 192.168.0.53:43437 in memory (size: 14.2 KiB, free: 434.4 MiB)
[2023-09-04T10:02:10.799-0300] {spark_submit.py:491} INFO - 23/09/04 10:02:10 INFO TaskSetManager: Finished task 0.0 in stage 2.0 (TID 1) in 289 ms on 192.168.0.53 (executor driver) (1/1)
[2023-09-04T10:02:10.799-0300] {spark_submit.py:491} INFO - 23/09/04 10:02:10 INFO TaskSchedulerImpl: Removed TaskSet 2.0, whose tasks have all completed, from pool
[2023-09-04T10:02:10.806-0300] {spark_submit.py:491} INFO - 23/09/04 10:02:10 INFO DAGScheduler: ResultStage 2 (isEmpty at NativeMethodAccessorImpl.java:0) finished in 0,327 s
[2023-09-04T10:02:10.810-0300] {spark_submit.py:491} INFO - 23/09/04 10:02:10 INFO DAGScheduler: Job 1 is finished. Cancelling potential speculative or zombie tasks for this job
[2023-09-04T10:02:10.810-0300] {spark_submit.py:491} INFO - 23/09/04 10:02:10 INFO TaskSchedulerImpl: Killing all running tasks in stage 2: Stage finished
[2023-09-04T10:02:10.819-0300] {spark_submit.py:491} INFO - 23/09/04 10:02:10 INFO DAGScheduler: Job 1 finished: isEmpty at NativeMethodAccessorImpl.java:0, took 0,353872 s
[2023-09-04T10:02:11.243-0300] {spark_submit.py:491} INFO - 23/09/04 10:02:11 INFO CodeGenerator: Code generated in 153.966135 ms
[2023-09-04T10:02:11.263-0300] {spark_submit.py:491} INFO - 23/09/04 10:02:11 INFO DAGScheduler: Registering RDD 11 (toPandas at /home/enricolm/Documents/Sprinklr_Airflow/dadosvm/Airflow_Investimento/Scripts/Operators/Raw_Operator.py:60) as input to shuffle 1
[2023-09-04T10:02:11.263-0300] {spark_submit.py:491} INFO - 23/09/04 10:02:11 INFO DAGScheduler: Got map stage job 2 (toPandas at /home/enricolm/Documents/Sprinklr_Airflow/dadosvm/Airflow_Investimento/Scripts/Operators/Raw_Operator.py:60) with 1 output partitions
[2023-09-04T10:02:11.264-0300] {spark_submit.py:491} INFO - 23/09/04 10:02:11 INFO DAGScheduler: Final stage: ShuffleMapStage 3 (toPandas at /home/enricolm/Documents/Sprinklr_Airflow/dadosvm/Airflow_Investimento/Scripts/Operators/Raw_Operator.py:60)
[2023-09-04T10:02:11.264-0300] {spark_submit.py:491} INFO - 23/09/04 10:02:11 INFO DAGScheduler: Parents of final stage: List()
[2023-09-04T10:02:11.264-0300] {spark_submit.py:491} INFO - 23/09/04 10:02:11 INFO DAGScheduler: Missing parents: List()
[2023-09-04T10:02:11.265-0300] {spark_submit.py:491} INFO - 23/09/04 10:02:11 INFO DAGScheduler: Submitting ShuffleMapStage 3 (MapPartitionsRDD[11] at toPandas at /home/enricolm/Documents/Sprinklr_Airflow/dadosvm/Airflow_Investimento/Scripts/Operators/Raw_Operator.py:60), which has no missing parents
[2023-09-04T10:02:11.273-0300] {spark_submit.py:491} INFO - 23/09/04 10:02:11 INFO MemoryStore: Block broadcast_2 stored as values in memory (estimated size 50.5 KiB, free 434.3 MiB)
[2023-09-04T10:02:11.280-0300] {spark_submit.py:491} INFO - 23/09/04 10:02:11 INFO MemoryStore: Block broadcast_2_piece0 stored as bytes in memory (estimated size 21.1 KiB, free 434.3 MiB)
[2023-09-04T10:02:11.283-0300] {spark_submit.py:491} INFO - 23/09/04 10:02:11 INFO BlockManagerInfo: Added broadcast_2_piece0 in memory on 192.168.0.53:43437 (size: 21.1 KiB, free: 434.4 MiB)
[2023-09-04T10:02:11.283-0300] {spark_submit.py:491} INFO - 23/09/04 10:02:11 INFO SparkContext: Created broadcast 2 from broadcast at DAGScheduler.scala:1535
[2023-09-04T10:02:11.283-0300] {spark_submit.py:491} INFO - 23/09/04 10:02:11 INFO DAGScheduler: Submitting 1 missing tasks from ShuffleMapStage 3 (MapPartitionsRDD[11] at toPandas at /home/enricolm/Documents/Sprinklr_Airflow/dadosvm/Airflow_Investimento/Scripts/Operators/Raw_Operator.py:60) (first 15 tasks are for partitions Vector(0))
[2023-09-04T10:02:11.283-0300] {spark_submit.py:491} INFO - 23/09/04 10:02:11 INFO TaskSchedulerImpl: Adding task set 3.0 with 1 tasks resource profile 0
[2023-09-04T10:02:11.285-0300] {spark_submit.py:491} INFO - 23/09/04 10:02:11 INFO TaskSetManager: Starting task 0.0 in stage 3.0 (TID 2) (192.168.0.53, executor driver, partition 0, PROCESS_LOCAL, 7566 bytes)
[2023-09-04T10:02:11.286-0300] {spark_submit.py:491} INFO - 23/09/04 10:02:11 INFO Executor: Running task 0.0 in stage 3.0 (TID 2)
[2023-09-04T10:02:11.323-0300] {spark_submit.py:491} INFO - 23/09/04 10:02:11 INFO CodeGenerator: Code generated in 6.333255 ms
[2023-09-04T10:02:11.349-0300] {spark_submit.py:491} INFO - 23/09/04 10:02:11 INFO CodeGenerator: Code generated in 12.188009 ms
[2023-09-04T10:02:11.393-0300] {spark_submit.py:491} INFO - 23/09/04 10:02:11 INFO BlockManagerInfo: Removed broadcast_1_piece0 on 192.168.0.53:43437 in memory (size: 15.7 KiB, free: 434.4 MiB)
[2023-09-04T10:02:11.417-0300] {spark_submit.py:491} INFO - 23/09/04 10:02:11 INFO PythonRunner: Times: total = 117, boot = -1669, init = 1786, finish = 0
[2023-09-04T10:02:11.431-0300] {spark_submit.py:491} INFO - 23/09/04 10:02:11 INFO Executor: Finished task 0.0 in stage 3.0 (TID 2). 2928 bytes result sent to driver
[2023-09-04T10:02:11.439-0300] {spark_submit.py:491} INFO - 23/09/04 10:02:11 INFO TaskSetManager: Finished task 0.0 in stage 3.0 (TID 2) in 154 ms on 192.168.0.53 (executor driver) (1/1)
[2023-09-04T10:02:11.444-0300] {spark_submit.py:491} INFO - 23/09/04 10:02:11 INFO DAGScheduler: ShuffleMapStage 3 (toPandas at /home/enricolm/Documents/Sprinklr_Airflow/dadosvm/Airflow_Investimento/Scripts/Operators/Raw_Operator.py:60) finished in 0,176 s
[2023-09-04T10:02:11.444-0300] {spark_submit.py:491} INFO - 23/09/04 10:02:11 INFO DAGScheduler: looking for newly runnable stages
[2023-09-04T10:02:11.444-0300] {spark_submit.py:491} INFO - 23/09/04 10:02:11 INFO DAGScheduler: running: HashSet()
[2023-09-04T10:02:11.444-0300] {spark_submit.py:491} INFO - 23/09/04 10:02:11 INFO DAGScheduler: waiting: HashSet()
[2023-09-04T10:02:11.444-0300] {spark_submit.py:491} INFO - 23/09/04 10:02:11 INFO DAGScheduler: failed: HashSet()
[2023-09-04T10:02:11.449-0300] {spark_submit.py:491} INFO - 23/09/04 10:02:11 INFO TaskSchedulerImpl: Removed TaskSet 3.0, whose tasks have all completed, from pool
[2023-09-04T10:02:11.459-0300] {spark_submit.py:491} INFO - 23/09/04 10:02:11 INFO ShufflePartitionsUtil: For shuffle(1), advisory target size: 67108864, actual target size 1048576, minimum partition size: 1048576
[2023-09-04T10:02:11.462-0300] {spark_submit.py:491} INFO - 23/09/04 10:02:11 INFO HashAggregateExec: spark.sql.codegen.aggregate.map.twolevel.enabled is set to true, but current version of codegened fast hashmap does not support this aggregate.
[2023-09-04T10:02:11.545-0300] {spark_submit.py:491} INFO - 23/09/04 10:02:11 INFO CodeGenerator: Code generated in 37.042353 ms
[2023-09-04T10:02:11.586-0300] {spark_submit.py:491} INFO - 23/09/04 10:02:11 INFO SparkContext: Starting job: toPandas at /home/enricolm/Documents/Sprinklr_Airflow/dadosvm/Airflow_Investimento/Scripts/Operators/Raw_Operator.py:60
[2023-09-04T10:02:11.587-0300] {spark_submit.py:491} INFO - 23/09/04 10:02:11 INFO DAGScheduler: Got job 3 (toPandas at /home/enricolm/Documents/Sprinklr_Airflow/dadosvm/Airflow_Investimento/Scripts/Operators/Raw_Operator.py:60) with 1 output partitions
[2023-09-04T10:02:11.587-0300] {spark_submit.py:491} INFO - 23/09/04 10:02:11 INFO DAGScheduler: Final stage: ResultStage 5 (toPandas at /home/enricolm/Documents/Sprinklr_Airflow/dadosvm/Airflow_Investimento/Scripts/Operators/Raw_Operator.py:60)
[2023-09-04T10:02:11.587-0300] {spark_submit.py:491} INFO - 23/09/04 10:02:11 INFO DAGScheduler: Parents of final stage: List(ShuffleMapStage 4)
[2023-09-04T10:02:11.587-0300] {spark_submit.py:491} INFO - 23/09/04 10:02:11 INFO DAGScheduler: Missing parents: List()
[2023-09-04T10:02:11.591-0300] {spark_submit.py:491} INFO - 23/09/04 10:02:11 INFO DAGScheduler: Submitting ResultStage 5 (MapPartitionsRDD[14] at toPandas at /home/enricolm/Documents/Sprinklr_Airflow/dadosvm/Airflow_Investimento/Scripts/Operators/Raw_Operator.py:60), which has no missing parents
[2023-09-04T10:02:11.599-0300] {spark_submit.py:491} INFO - 23/09/04 10:02:11 INFO MemoryStore: Block broadcast_3 stored as values in memory (estimated size 54.6 KiB, free 434.3 MiB)
[2023-09-04T10:02:11.623-0300] {spark_submit.py:491} INFO - 23/09/04 10:02:11 INFO MemoryStore: Block broadcast_3_piece0 stored as bytes in memory (estimated size 22.0 KiB, free 434.3 MiB)
[2023-09-04T10:02:11.633-0300] {spark_submit.py:491} INFO - 23/09/04 10:02:11 INFO BlockManagerInfo: Added broadcast_3_piece0 in memory on 192.168.0.53:43437 (size: 22.0 KiB, free: 434.4 MiB)
[2023-09-04T10:02:11.634-0300] {spark_submit.py:491} INFO - 23/09/04 10:02:11 INFO SparkContext: Created broadcast 3 from broadcast at DAGScheduler.scala:1535
[2023-09-04T10:02:11.634-0300] {spark_submit.py:491} INFO - 23/09/04 10:02:11 INFO DAGScheduler: Submitting 1 missing tasks from ResultStage 5 (MapPartitionsRDD[14] at toPandas at /home/enricolm/Documents/Sprinklr_Airflow/dadosvm/Airflow_Investimento/Scripts/Operators/Raw_Operator.py:60) (first 15 tasks are for partitions Vector(0))
[2023-09-04T10:02:11.634-0300] {spark_submit.py:491} INFO - 23/09/04 10:02:11 INFO TaskSchedulerImpl: Adding task set 5.0 with 1 tasks resource profile 0
[2023-09-04T10:02:11.634-0300] {spark_submit.py:491} INFO - 23/09/04 10:02:11 INFO TaskSetManager: Starting task 0.0 in stage 5.0 (TID 3) (192.168.0.53, executor driver, partition 0, NODE_LOCAL, 7437 bytes)
[2023-09-04T10:02:11.635-0300] {spark_submit.py:491} INFO - 23/09/04 10:02:11 INFO Executor: Running task 0.0 in stage 5.0 (TID 3)
[2023-09-04T10:02:11.651-0300] {spark_submit.py:491} INFO - 23/09/04 10:02:11 INFO ShuffleBlockFetcherIterator: Getting 1 (142.0 B) non-empty blocks including 1 (142.0 B) local and 0 (0.0 B) host-local and 0 (0.0 B) push-merged-local and 0 (0.0 B) remote blocks
[2023-09-04T10:02:11.651-0300] {spark_submit.py:491} INFO - 23/09/04 10:02:11 INFO ShuffleBlockFetcherIterator: Started 0 remote fetches in 0 ms
[2023-09-04T10:02:11.677-0300] {spark_submit.py:491} INFO - 23/09/04 10:02:11 INFO BlockManagerInfo: Removed broadcast_2_piece0 on 192.168.0.53:43437 in memory (size: 21.1 KiB, free: 434.4 MiB)
[2023-09-04T10:02:11.718-0300] {spark_submit.py:491} INFO - 23/09/04 10:02:11 INFO Executor: Finished task 0.0 in stage 5.0 (TID 3). 5424 bytes result sent to driver
[2023-09-04T10:02:11.744-0300] {spark_submit.py:491} INFO - 23/09/04 10:02:11 INFO TaskSetManager: Finished task 0.0 in stage 5.0 (TID 3) in 104 ms on 192.168.0.53 (executor driver) (1/1)
[2023-09-04T10:02:11.745-0300] {spark_submit.py:491} INFO - 23/09/04 10:02:11 INFO TaskSchedulerImpl: Removed TaskSet 5.0, whose tasks have all completed, from pool
[2023-09-04T10:02:11.780-0300] {spark_submit.py:491} INFO - 23/09/04 10:02:11 INFO DAGScheduler: ResultStage 5 (toPandas at /home/enricolm/Documents/Sprinklr_Airflow/dadosvm/Airflow_Investimento/Scripts/Operators/Raw_Operator.py:60) finished in 0,186 s
[2023-09-04T10:02:11.781-0300] {spark_submit.py:491} INFO - 23/09/04 10:02:11 INFO DAGScheduler: Job 3 is finished. Cancelling potential speculative or zombie tasks for this job
[2023-09-04T10:02:11.781-0300] {spark_submit.py:491} INFO - 23/09/04 10:02:11 INFO TaskSchedulerImpl: Killing all running tasks in stage 5: Stage finished
[2023-09-04T10:02:11.781-0300] {spark_submit.py:491} INFO - 23/09/04 10:02:11 INFO DAGScheduler: Job 3 finished: toPandas at /home/enricolm/Documents/Sprinklr_Airflow/dadosvm/Airflow_Investimento/Scripts/Operators/Raw_Operator.py:60, took 0,194971 s
[2023-09-04T10:02:11.955-0300] {spark_submit.py:491} INFO - 23/09/04 10:02:11 INFO SparkContext: SparkContext is stopping with exitCode 0.
[2023-09-04T10:02:11.992-0300] {spark_submit.py:491} INFO - 23/09/04 10:02:11 INFO SparkUI: Stopped Spark web UI at http://192.168.0.53:4040
[2023-09-04T10:02:12.044-0300] {spark_submit.py:491} INFO - 23/09/04 10:02:12 INFO MapOutputTrackerMasterEndpoint: MapOutputTrackerMasterEndpoint stopped!
[2023-09-04T10:02:12.105-0300] {spark_submit.py:491} INFO - 23/09/04 10:02:12 INFO MemoryStore: MemoryStore cleared
[2023-09-04T10:02:12.105-0300] {spark_submit.py:491} INFO - 23/09/04 10:02:12 INFO BlockManager: BlockManager stopped
[2023-09-04T10:02:12.139-0300] {spark_submit.py:491} INFO - 23/09/04 10:02:12 INFO BlockManagerMaster: BlockManagerMaster stopped
[2023-09-04T10:02:12.161-0300] {spark_submit.py:491} INFO - 23/09/04 10:02:12 INFO OutputCommitCoordinator$OutputCommitCoordinatorEndpoint: OutputCommitCoordinator stopped!
[2023-09-04T10:02:12.208-0300] {spark_submit.py:491} INFO - 23/09/04 10:02:12 INFO SparkContext: Successfully stopped SparkContext
[2023-09-04T10:02:12.868-0300] {spark_submit.py:491} INFO - 23/09/04 10:02:12 INFO ShutdownHookManager: Shutdown hook called
[2023-09-04T10:02:12.868-0300] {spark_submit.py:491} INFO - 23/09/04 10:02:12 INFO ShutdownHookManager: Deleting directory /tmp/spark-d62f68da-ee94-4188-9153-64f098721733/pyspark-72897dab-ce3c-4b56-8a5a-d4c3394ad346
[2023-09-04T10:02:12.875-0300] {spark_submit.py:491} INFO - 23/09/04 10:02:12 INFO ShutdownHookManager: Deleting directory /tmp/spark-d62f68da-ee94-4188-9153-64f098721733
[2023-09-04T10:02:12.882-0300] {spark_submit.py:491} INFO - 23/09/04 10:02:12 INFO ShutdownHookManager: Deleting directory /tmp/spark-5aefefe6-3cce-4568-982c-5920c99e354a
[2023-09-04T10:02:12.957-0300] {taskinstance.py:1345} INFO - Marking task as SUCCESS. dag_id=Investimento_api, task_id=Extracao_Invest, execution_date=20230904T130148, start_date=20230904T130149, end_date=20230904T130212
[2023-09-04T10:02:12.997-0300] {local_task_job_runner.py:225} INFO - Task exited with return code 0
[2023-09-04T10:02:13.026-0300] {taskinstance.py:2653} INFO - 1 downstream tasks scheduled from follow-on schedule check
