[2023-08-08T21:47:28.152-0300] {taskinstance.py:1103} INFO - Dependencies all met for dep_context=non-requeueable deps ti=<TaskInstance: Investimento_api.Extracao_Invest manual__2023-08-09T00:47:10.127821+00:00 [queued]>
[2023-08-08T21:47:28.190-0300] {taskinstance.py:1103} INFO - Dependencies all met for dep_context=requeueable deps ti=<TaskInstance: Investimento_api.Extracao_Invest manual__2023-08-09T00:47:10.127821+00:00 [queued]>
[2023-08-08T21:47:28.190-0300] {taskinstance.py:1308} INFO - Starting attempt 1 of 1
[2023-08-08T21:47:28.239-0300] {taskinstance.py:1327} INFO - Executing <Task(SparkSubmitOperator): Extracao_Invest> on 2023-08-09 00:47:10.127821+00:00
[2023-08-08T21:47:28.242-0300] {standard_task_runner.py:57} INFO - Started process 18462 to run task
[2023-08-08T21:47:28.248-0300] {standard_task_runner.py:84} INFO - Running: ['airflow', 'tasks', 'run', 'Investimento_api', 'Extracao_Invest', 'manual__2023-08-09T00:47:10.127821+00:00', '--job-id', '12', '--raw', '--subdir', 'DAGS_FOLDER/dag.py', '--cfg-path', '/tmp/tmpx498bvxk']
[2023-08-08T21:47:28.250-0300] {standard_task_runner.py:85} INFO - Job 12: Subtask Extracao_Invest
[2023-08-08T21:47:28.315-0300] {task_command.py:410} INFO - Running <TaskInstance: Investimento_api.Extracao_Invest manual__2023-08-09T00:47:10.127821+00:00 [running]> on host VMEnricolm.myguest.virtualbox.org
[2023-08-08T21:47:28.600-0300] {taskinstance.py:1545} INFO - Exporting env vars: AIRFLOW_CTX_DAG_OWNER='airflow' AIRFLOW_CTX_DAG_ID='Investimento_api' AIRFLOW_CTX_TASK_ID='Extracao_Invest' AIRFLOW_CTX_EXECUTION_DATE='2023-08-09T00:47:10.127821+00:00' AIRFLOW_CTX_TRY_NUMBER='1' AIRFLOW_CTX_DAG_RUN_ID='manual__2023-08-09T00:47:10.127821+00:00'
[2023-08-08T21:47:28.650-0300] {base.py:73} INFO - Using connection ID 'spark_default' for task execution.
[2023-08-08T21:47:28.651-0300] {spark_submit.py:340} INFO - Spark-Submit cmd: spark-submit --master local --name Extracao_Invest /home/enricolm/Documents/Sprinklr_Airflow/dadosvm/Airflow_Investimento/Scripts/Operators/Raw_Operator.py
[2023-08-08T21:47:51.694-0300] {spark_submit.py:491} INFO - 23/08/08 21:47:51 WARN Utils: Your hostname, VMEnricolm resolves to a loopback address: 127.0.1.1; using 192.168.0.63 instead (on interface enp0s3)
[2023-08-08T21:47:51.714-0300] {spark_submit.py:491} INFO - 23/08/08 21:47:51 WARN Utils: Set SPARK_LOCAL_IP if you need to bind to another address
[2023-08-08T21:48:27.044-0300] {spark_submit.py:491} INFO - 23/08/08 21:48:27 INFO SparkContext: Running Spark version 3.4.1
[2023-08-08T21:48:28.557-0300] {spark_submit.py:491} INFO - 23/08/08 21:48:28 WARN NativeCodeLoader: Unable to load native-hadoop library for your platform... using builtin-java classes where applicable
[2023-08-08T21:48:30.479-0300] {spark_submit.py:491} INFO - 23/08/08 21:48:30 INFO ResourceUtils: ==============================================================
[2023-08-08T21:48:30.480-0300] {spark_submit.py:491} INFO - 23/08/08 21:48:30 INFO ResourceUtils: No custom resources configured for spark.driver.
[2023-08-08T21:48:30.480-0300] {spark_submit.py:491} INFO - 23/08/08 21:48:30 INFO ResourceUtils: ==============================================================
[2023-08-08T21:48:30.481-0300] {spark_submit.py:491} INFO - 23/08/08 21:48:30 INFO SparkContext: Submitted application: extracao_Finance
[2023-08-08T21:48:30.830-0300] {spark_submit.py:491} INFO - 23/08/08 21:48:30 INFO ResourceProfile: Default ResourceProfile created, executor resources: Map(cores -> name: cores, amount: 1, script: , vendor: , memory -> name: memory, amount: 1024, script: , vendor: , offHeap -> name: offHeap, amount: 0, script: , vendor: ), task resources: Map(cpus -> name: cpus, amount: 1.0)
[2023-08-08T21:48:30.873-0300] {spark_submit.py:491} INFO - 23/08/08 21:48:30 INFO ResourceProfile: Limiting resource is cpu
[2023-08-08T21:48:30.874-0300] {spark_submit.py:491} INFO - 23/08/08 21:48:30 INFO ResourceProfileManager: Added ResourceProfile id: 0
[2023-08-08T21:48:31.409-0300] {spark_submit.py:491} INFO - 23/08/08 21:48:31 INFO SecurityManager: Changing view acls to: enricolm
[2023-08-08T21:48:31.411-0300] {spark_submit.py:491} INFO - 23/08/08 21:48:31 INFO SecurityManager: Changing modify acls to: enricolm
[2023-08-08T21:48:31.411-0300] {spark_submit.py:491} INFO - 23/08/08 21:48:31 INFO SecurityManager: Changing view acls groups to:
[2023-08-08T21:48:31.411-0300] {spark_submit.py:491} INFO - 23/08/08 21:48:31 INFO SecurityManager: Changing modify acls groups to:
[2023-08-08T21:48:31.411-0300] {spark_submit.py:491} INFO - 23/08/08 21:48:31 INFO SecurityManager: SecurityManager: authentication disabled; ui acls disabled; users with view permissions: enricolm; groups with view permissions: EMPTY; users with modify permissions: enricolm; groups with modify permissions: EMPTY
[2023-08-08T21:48:33.034-0300] {spark_submit.py:491} INFO - 23/08/08 21:48:33 INFO Utils: Successfully started service 'sparkDriver' on port 42953.
[2023-08-08T21:48:33.879-0300] {spark_submit.py:491} INFO - 23/08/08 21:48:33 INFO SparkEnv: Registering MapOutputTracker
[2023-08-08T21:48:34.623-0300] {spark_submit.py:491} INFO - 23/08/08 21:48:34 INFO SparkEnv: Registering BlockManagerMaster
[2023-08-08T21:48:35.074-0300] {spark_submit.py:491} INFO - 23/08/08 21:48:35 INFO BlockManagerMasterEndpoint: Using org.apache.spark.storage.DefaultTopologyMapper for getting topology information
[2023-08-08T21:48:35.075-0300] {spark_submit.py:491} INFO - 23/08/08 21:48:35 INFO BlockManagerMasterEndpoint: BlockManagerMasterEndpoint up
[2023-08-08T21:48:35.147-0300] {spark_submit.py:491} INFO - 23/08/08 21:48:35 INFO SparkEnv: Registering BlockManagerMasterHeartbeat
[2023-08-08T21:48:35.672-0300] {spark_submit.py:491} INFO - 23/08/08 21:48:35 INFO DiskBlockManager: Created local directory at /tmp/blockmgr-6880a91f-dd1a-48bf-b7d0-f32dc855e836
[2023-08-08T21:48:35.982-0300] {spark_submit.py:491} INFO - 23/08/08 21:48:35 INFO MemoryStore: MemoryStore started with capacity 434.4 MiB
[2023-08-08T21:48:36.058-0300] {spark_submit.py:491} INFO - 23/08/08 21:48:36 INFO SparkEnv: Registering OutputCommitCoordinator
[2023-08-08T21:48:37.509-0300] {spark_submit.py:491} INFO - 23/08/08 21:48:37 INFO JettyUtils: Start Jetty 0.0.0.0:4040 for SparkUI
[2023-08-08T21:48:37.932-0300] {spark_submit.py:491} INFO - 23/08/08 21:48:37 WARN Utils: Service 'SparkUI' could not bind on port 4040. Attempting port 4041.
[2023-08-08T21:48:37.959-0300] {spark_submit.py:491} INFO - 23/08/08 21:48:37 INFO Utils: Successfully started service 'SparkUI' on port 4041.
[2023-08-08T21:48:38.507-0300] {spark_submit.py:491} INFO - 23/08/08 21:48:38 INFO Executor: Starting executor ID driver on host 192.168.0.63
[2023-08-08T21:48:38.541-0300] {spark_submit.py:491} INFO - 23/08/08 21:48:38 INFO Executor: Starting executor with user classpath (userClassPathFirst = false): ''
[2023-08-08T21:48:38.777-0300] {spark_submit.py:491} INFO - 23/08/08 21:48:38 INFO Utils: Successfully started service 'org.apache.spark.network.netty.NettyBlockTransferService' on port 33021.
[2023-08-08T21:48:38.777-0300] {spark_submit.py:491} INFO - 23/08/08 21:48:38 INFO NettyBlockTransferService: Server created on 192.168.0.63:33021
[2023-08-08T21:48:38.835-0300] {spark_submit.py:491} INFO - 23/08/08 21:48:38 INFO BlockManager: Using org.apache.spark.storage.RandomBlockReplicationPolicy for block replication policy
[2023-08-08T21:48:38.878-0300] {spark_submit.py:491} INFO - 23/08/08 21:48:38 INFO BlockManagerMaster: Registering BlockManager BlockManagerId(driver, 192.168.0.63, 33021, None)
[2023-08-08T21:48:38.891-0300] {spark_submit.py:491} INFO - 23/08/08 21:48:38 INFO BlockManagerMasterEndpoint: Registering block manager 192.168.0.63:33021 with 434.4 MiB RAM, BlockManagerId(driver, 192.168.0.63, 33021, None)
[2023-08-08T21:48:38.921-0300] {spark_submit.py:491} INFO - 23/08/08 21:48:38 INFO BlockManagerMaster: Registered BlockManager BlockManagerId(driver, 192.168.0.63, 33021, None)
[2023-08-08T21:48:38.923-0300] {spark_submit.py:491} INFO - 23/08/08 21:48:38 INFO BlockManager: Initialized BlockManager: BlockManagerId(driver, 192.168.0.63, 33021, None)
[2023-08-08T21:48:48.042-0300] {spark_submit.py:491} INFO - 23/08/08 21:48:48 INFO SharedState: Setting hive.metastore.warehouse.dir ('null') to the value of spark.sql.warehouse.dir.
[2023-08-08T21:48:48.087-0300] {spark_submit.py:491} INFO - 23/08/08 21:48:48 INFO SharedState: Warehouse path is 'file:/home/enricolm/Documents/Sprinklr_Airflow/dadosvm/Airflow_Investimento/spark-warehouse'.
[2023-08-08T21:49:28.845-0300] {spark_submit.py:491} INFO - 23/08/08 21:49:28 INFO FileOutputCommitter: File Output Committer Algorithm version is 1
[2023-08-08T21:49:29.021-0300] {spark_submit.py:491} INFO - 23/08/08 21:49:28 INFO FileOutputCommitter: FileOutputCommitter skip cleanup _temporary folders under output directory:false, ignore cleanup failures: false
[2023-08-08T21:49:29.022-0300] {spark_submit.py:491} INFO - 23/08/08 21:49:28 INFO SQLHadoopMapReduceCommitProtocol: Using output committer class org.apache.hadoop.mapreduce.lib.output.FileOutputCommitter
[2023-08-08T21:49:31.822-0300] {spark_submit.py:491} INFO - 23/08/08 21:49:31 INFO CodeGenerator: Code generated in 1071.35407 ms
[2023-08-08T21:49:32.202-0300] {spark_submit.py:491} INFO - 23/08/08 21:49:32 INFO SparkContext: Starting job: csv at NativeMethodAccessorImpl.java:0
[2023-08-08T21:49:32.313-0300] {spark_submit.py:491} INFO - 23/08/08 21:49:32 INFO DAGScheduler: Got job 0 (csv at NativeMethodAccessorImpl.java:0) with 1 output partitions
[2023-08-08T21:49:32.314-0300] {spark_submit.py:491} INFO - 23/08/08 21:49:32 INFO DAGScheduler: Final stage: ResultStage 0 (csv at NativeMethodAccessorImpl.java:0)
[2023-08-08T21:49:32.314-0300] {spark_submit.py:491} INFO - 23/08/08 21:49:32 INFO DAGScheduler: Parents of final stage: List()
[2023-08-08T21:49:32.314-0300] {spark_submit.py:491} INFO - 23/08/08 21:49:32 INFO DAGScheduler: Missing parents: List()
[2023-08-08T21:49:32.317-0300] {spark_submit.py:491} INFO - 23/08/08 21:49:32 INFO DAGScheduler: Submitting ResultStage 0 (MapPartitionsRDD[7] at csv at NativeMethodAccessorImpl.java:0), which has no missing parents
[2023-08-08T21:49:34.270-0300] {spark_submit.py:491} INFO - 23/08/08 21:49:34 INFO MemoryStore: Block broadcast_0 stored as values in memory (estimated size 219.4 KiB, free 434.2 MiB)
[2023-08-08T21:49:35.009-0300] {spark_submit.py:491} INFO - 23/08/08 21:49:35 INFO MemoryStore: Block broadcast_0_piece0 stored as bytes in memory (estimated size 79.6 KiB, free 434.1 MiB)
[2023-08-08T21:49:35.036-0300] {spark_submit.py:491} INFO - 23/08/08 21:49:35 INFO BlockManagerInfo: Added broadcast_0_piece0 in memory on 192.168.0.63:33021 (size: 79.6 KiB, free: 434.3 MiB)
[2023-08-08T21:49:35.111-0300] {spark_submit.py:491} INFO - 23/08/08 21:49:35 INFO SparkContext: Created broadcast 0 from broadcast at DAGScheduler.scala:1535
[2023-08-08T21:49:35.338-0300] {spark_submit.py:491} INFO - 23/08/08 21:49:35 INFO DAGScheduler: Submitting 1 missing tasks from ResultStage 0 (MapPartitionsRDD[7] at csv at NativeMethodAccessorImpl.java:0) (first 15 tasks are for partitions Vector(0))
[2023-08-08T21:49:35.370-0300] {spark_submit.py:491} INFO - 23/08/08 21:49:35 INFO TaskSchedulerImpl: Adding task set 0.0 with 1 tasks resource profile 0
[2023-08-08T21:49:36.368-0300] {spark_submit.py:491} INFO - 23/08/08 21:49:36 INFO TaskSetManager: Starting task 0.0 in stage 0.0 (TID 0) (192.168.0.63, executor driver, partition 0, PROCESS_LOCAL, 36015 bytes)
[2023-08-08T21:49:36.666-0300] {spark_submit.py:491} INFO - 23/08/08 21:49:36 INFO Executor: Running task 0.0 in stage 0.0 (TID 0)
[2023-08-08T21:49:37.920-0300] {spark_submit.py:491} INFO - 23/08/08 21:49:37 INFO FileOutputCommitter: File Output Committer Algorithm version is 1
[2023-08-08T21:49:37.920-0300] {spark_submit.py:491} INFO - 23/08/08 21:49:37 INFO FileOutputCommitter: FileOutputCommitter skip cleanup _temporary folders under output directory:false, ignore cleanup failures: false
[2023-08-08T21:49:37.922-0300] {spark_submit.py:491} INFO - 23/08/08 21:49:37 INFO SQLHadoopMapReduceCommitProtocol: Using output committer class org.apache.hadoop.mapreduce.lib.output.FileOutputCommitter
[2023-08-08T21:50:01.161-0300] {spark_submit.py:491} INFO - 23/08/08 21:50:01 INFO PythonRunner: Times: total = 20313, boot = 20256, init = 54, finish = 3
[2023-08-08T21:50:01.537-0300] {spark_submit.py:491} INFO - 23/08/08 21:50:01 INFO FileOutputCommitter: Saved output of task 'attempt_202308082149329167461130707149171_0000_m_000000_0' to file:/home/enricolm/Documents/Sprinklr_Airflow/dadosvm/Airflow_Investimento/datalake/Raw/Data=2023-08-08/_temporary/0/task_202308082149329167461130707149171_0000_m_000000
[2023-08-08T21:50:01.537-0300] {spark_submit.py:491} INFO - 23/08/08 21:50:01 INFO SparkHadoopMapRedUtil: attempt_202308082149329167461130707149171_0000_m_000000_0: Committed. Elapsed time: 1 ms.
[2023-08-08T21:50:02.161-0300] {spark_submit.py:491} INFO - 23/08/08 21:50:02 INFO Executor: Finished task 0.0 in stage 0.0 (TID 0). 3219 bytes result sent to driver
[2023-08-08T21:50:02.269-0300] {spark_submit.py:491} INFO - 23/08/08 21:50:02 INFO TaskSetManager: Finished task 0.0 in stage 0.0 (TID 0) in 25960 ms on 192.168.0.63 (executor driver) (1/1)
[2023-08-08T21:50:02.335-0300] {spark_submit.py:491} INFO - 23/08/08 21:50:02 INFO TaskSchedulerImpl: Removed TaskSet 0.0, whose tasks have all completed, from pool
[2023-08-08T21:50:02.370-0300] {spark_submit.py:491} INFO - 23/08/08 21:50:02 INFO PythonAccumulatorV2: Connected to AccumulatorServer at host: 127.0.0.1 port: 57313
[2023-08-08T21:50:02.428-0300] {spark_submit.py:491} INFO - 23/08/08 21:50:02 INFO DAGScheduler: ResultStage 0 (csv at NativeMethodAccessorImpl.java:0) finished in 29,926 s
[2023-08-08T21:50:02.432-0300] {spark_submit.py:491} INFO - 23/08/08 21:50:02 INFO DAGScheduler: Job 0 is finished. Cancelling potential speculative or zombie tasks for this job
[2023-08-08T21:50:02.433-0300] {spark_submit.py:491} INFO - 23/08/08 21:50:02 INFO TaskSchedulerImpl: Killing all running tasks in stage 0: Stage finished
[2023-08-08T21:50:02.440-0300] {spark_submit.py:491} INFO - 23/08/08 21:50:02 INFO DAGScheduler: Job 0 finished: csv at NativeMethodAccessorImpl.java:0, took 30,236520 s
[2023-08-08T21:50:02.443-0300] {spark_submit.py:491} INFO - 23/08/08 21:50:02 INFO FileFormatWriter: Start to commit write Job 98ad848c-5be0-4ea7-aabc-cbd52e06caee.
[2023-08-08T21:50:02.616-0300] {spark_submit.py:491} INFO - 23/08/08 21:50:02 INFO FileFormatWriter: Write Job 98ad848c-5be0-4ea7-aabc-cbd52e06caee committed. Elapsed time: 172 ms.
[2023-08-08T21:50:02.619-0300] {spark_submit.py:491} INFO - 23/08/08 21:50:02 INFO FileFormatWriter: Finished processing stats for write job 98ad848c-5be0-4ea7-aabc-cbd52e06caee.
[2023-08-08T21:50:08.406-0300] {spark_submit.py:491} INFO - 23/08/08 21:50:08 INFO SparkContext: Invoking stop() from shutdown hook
[2023-08-08T21:50:08.408-0300] {spark_submit.py:491} INFO - 23/08/08 21:50:08 INFO SparkContext: SparkContext is stopping with exitCode 0.
[2023-08-08T21:50:08.685-0300] {spark_submit.py:491} INFO - 23/08/08 21:50:08 INFO SparkUI: Stopped Spark web UI at http://192.168.0.63:4041
[2023-08-08T21:50:08.838-0300] {spark_submit.py:491} INFO - 23/08/08 21:50:08 INFO MapOutputTrackerMasterEndpoint: MapOutputTrackerMasterEndpoint stopped!
[2023-08-08T21:50:09.112-0300] {spark_submit.py:491} INFO - 23/08/08 21:50:09 INFO MemoryStore: MemoryStore cleared
[2023-08-08T21:50:09.113-0300] {spark_submit.py:491} INFO - 23/08/08 21:50:09 INFO BlockManager: BlockManager stopped
[2023-08-08T21:50:09.206-0300] {spark_submit.py:491} INFO - 23/08/08 21:50:09 INFO BlockManagerMaster: BlockManagerMaster stopped
[2023-08-08T21:50:09.208-0300] {spark_submit.py:491} INFO - 23/08/08 21:50:09 INFO OutputCommitCoordinator$OutputCommitCoordinatorEndpoint: OutputCommitCoordinator stopped!
[2023-08-08T21:50:09.257-0300] {spark_submit.py:491} INFO - 23/08/08 21:50:09 INFO SparkContext: Successfully stopped SparkContext
[2023-08-08T21:50:09.257-0300] {spark_submit.py:491} INFO - 23/08/08 21:50:09 INFO ShutdownHookManager: Shutdown hook called
[2023-08-08T21:50:09.258-0300] {spark_submit.py:491} INFO - 23/08/08 21:50:09 INFO ShutdownHookManager: Deleting directory /tmp/spark-33517263-41b2-4752-b053-1e8b0ba827b4/pyspark-2328a3a8-f85f-4cb4-a587-ec393647ac14
[2023-08-08T21:50:09.260-0300] {spark_submit.py:491} INFO - 23/08/08 21:50:09 INFO ShutdownHookManager: Deleting directory /tmp/spark-b45cd864-4442-4587-9746-a9543b8934af
[2023-08-08T21:50:09.299-0300] {spark_submit.py:491} INFO - 23/08/08 21:50:09 INFO ShutdownHookManager: Deleting directory /tmp/spark-33517263-41b2-4752-b053-1e8b0ba827b4
[2023-08-08T21:50:09.928-0300] {taskinstance.py:1345} INFO - Marking task as SUCCESS. dag_id=Investimento_api, task_id=Extracao_Invest, execution_date=20230809T004710, start_date=20230809T004728, end_date=20230809T005009
[2023-08-08T21:50:10.138-0300] {local_task_job_runner.py:225} INFO - Task exited with return code 0
[2023-08-08T21:50:10.145-0300] {taskinstance.py:2653} INFO - 0 downstream tasks scheduled from follow-on schedule check
