[2023-09-04T19:45:59.376-0300] {taskinstance.py:1103} INFO - Dependencies all met for dep_context=non-requeueable deps ti=<TaskInstance: Investimento_api_crypto.Extracao_Invest_crypto manual__2023-09-04T22:45:57.671365+00:00 [queued]>
[2023-09-04T19:45:59.411-0300] {taskinstance.py:1103} INFO - Dependencies all met for dep_context=requeueable deps ti=<TaskInstance: Investimento_api_crypto.Extracao_Invest_crypto manual__2023-09-04T22:45:57.671365+00:00 [queued]>
[2023-09-04T19:45:59.411-0300] {taskinstance.py:1308} INFO - Starting attempt 1 of 1
[2023-09-04T19:45:59.440-0300] {taskinstance.py:1327} INFO - Executing <Task(SparkSubmitOperator): Extracao_Invest_crypto> on 2023-09-04 22:45:57.671365+00:00
[2023-09-04T19:45:59.445-0300] {standard_task_runner.py:57} INFO - Started process 55606 to run task
[2023-09-04T19:45:59.450-0300] {standard_task_runner.py:84} INFO - Running: ['airflow', 'tasks', 'run', 'Investimento_api_crypto', 'Extracao_Invest_crypto', 'manual__2023-09-04T22:45:57.671365+00:00', '--job-id', '84', '--raw', '--subdir', 'DAGS_FOLDER/dag_crypto.py', '--cfg-path', '/tmp/tmpj7q5mpty']
[2023-09-04T19:45:59.451-0300] {standard_task_runner.py:85} INFO - Job 84: Subtask Extracao_Invest_crypto
[2023-09-04T19:45:59.582-0300] {task_command.py:410} INFO - Running <TaskInstance: Investimento_api_crypto.Extracao_Invest_crypto manual__2023-09-04T22:45:57.671365+00:00 [running]> on host VMEnricolm.myguest.virtualbox.org
[2023-09-04T19:45:59.925-0300] {taskinstance.py:1545} INFO - Exporting env vars: AIRFLOW_CTX_DAG_OWNER='airflow' AIRFLOW_CTX_DAG_ID='Investimento_api_crypto' AIRFLOW_CTX_TASK_ID='Extracao_Invest_crypto' AIRFLOW_CTX_EXECUTION_DATE='2023-09-04T22:45:57.671365+00:00' AIRFLOW_CTX_TRY_NUMBER='1' AIRFLOW_CTX_DAG_RUN_ID='manual__2023-09-04T22:45:57.671365+00:00'
[2023-09-04T19:45:59.945-0300] {base.py:73} INFO - Using connection ID 'spark_default' for task execution.
[2023-09-04T19:45:59.947-0300] {spark_submit.py:340} INFO - Spark-Submit cmd: spark-submit --master local --name Extracao_Invest_crypto --queue root.default /home/enricolm/Documents/Sprinklr_Airflow/dadosvm/Airflow_Investimento/Scripts/Operators/Raw_Operator_crypto.py
[2023-09-04T19:46:06.378-0300] {spark_submit.py:491} INFO - 23/09/04 19:46:06 WARN Utils: Your hostname, VMEnricolm resolves to a loopback address: 127.0.1.1; using 192.168.0.53 instead (on interface enp0s3)
[2023-09-04T19:46:06.382-0300] {spark_submit.py:491} INFO - 23/09/04 19:46:06 WARN Utils: Set SPARK_LOCAL_IP if you need to bind to another address
[2023-09-04T19:46:07.878-0300] {spark_submit.py:491} INFO - python3: can't open file '/home/enricolm/Documents/Sprinklr_Airflow/dadosvm/Airflow_Investimento/Scripts/Operators/Raw_Operator_crypto.py': [Errno 2] No such file or directory
[2023-09-04T19:46:07.941-0300] {spark_submit.py:491} INFO - 23/09/04 19:46:07 INFO ShutdownHookManager: Shutdown hook called
[2023-09-04T19:46:07.943-0300] {spark_submit.py:491} INFO - 23/09/04 19:46:07 INFO ShutdownHookManager: Deleting directory /tmp/spark-87a45260-d429-417b-b738-b85487ac527d
[2023-09-04T19:46:08.021-0300] {taskinstance.py:1824} ERROR - Task failed with exception
Traceback (most recent call last):
  File "/home/enricolm/Documents/Sprinklr_Airflow/dadosvm/Airflow_Investimento/venv/lib/python3.10/site-packages/airflow/providers/apache/spark/operators/spark_submit.py", line 156, in execute
    self._hook.submit(self._application)
  File "/home/enricolm/Documents/Sprinklr_Airflow/dadosvm/Airflow_Investimento/venv/lib/python3.10/site-packages/airflow/providers/apache/spark/hooks/spark_submit.py", line 422, in submit
    raise AirflowException(
airflow.exceptions.AirflowException: Cannot execute: spark-submit --master local --name Extracao_Invest_crypto --queue root.default /home/enricolm/Documents/Sprinklr_Airflow/dadosvm/Airflow_Investimento/Scripts/Operators/Raw_Operator_crypto.py. Error code is: 2.
[2023-09-04T19:46:08.049-0300] {taskinstance.py:1345} INFO - Marking task as FAILED. dag_id=Investimento_api_crypto, task_id=Extracao_Invest_crypto, execution_date=20230904T224557, start_date=20230904T224559, end_date=20230904T224608
[2023-09-04T19:46:08.089-0300] {standard_task_runner.py:104} ERROR - Failed to execute job 84 for task Extracao_Invest_crypto (Cannot execute: spark-submit --master local --name Extracao_Invest_crypto --queue root.default /home/enricolm/Documents/Sprinklr_Airflow/dadosvm/Airflow_Investimento/Scripts/Operators/Raw_Operator_crypto.py. Error code is: 2.; 55606)
[2023-09-04T19:46:08.125-0300] {local_task_job_runner.py:225} INFO - Task exited with return code 1
[2023-09-04T19:46:08.157-0300] {taskinstance.py:2653} INFO - 0 downstream tasks scheduled from follow-on schedule check
