[2023-09-04T18:31:30.377-0300] {taskinstance.py:1103} INFO - Dependencies all met for dep_context=non-requeueable deps ti=<TaskInstance: Investimento_api.Extracao_Invest manual__2023-09-04T21:30:13.807745+00:00 [queued]>
[2023-09-04T18:31:30.396-0300] {taskinstance.py:1103} INFO - Dependencies all met for dep_context=requeueable deps ti=<TaskInstance: Investimento_api.Extracao_Invest manual__2023-09-04T21:30:13.807745+00:00 [queued]>
[2023-09-04T18:31:30.397-0300] {taskinstance.py:1308} INFO - Starting attempt 1 of 1
[2023-09-04T18:31:30.418-0300] {taskinstance.py:1327} INFO - Executing <Task(SparkSubmitOperator): Extracao_Invest> on 2023-09-04 21:30:13.807745+00:00
[2023-09-04T18:31:30.427-0300] {standard_task_runner.py:57} INFO - Started process 44715 to run task
[2023-09-04T18:31:30.431-0300] {standard_task_runner.py:84} INFO - Running: ['airflow', 'tasks', 'run', 'Investimento_api', 'Extracao_Invest', 'manual__2023-09-04T21:30:13.807745+00:00', '--job-id', '81', '--raw', '--subdir', 'DAGS_FOLDER/dag_crypto.py', '--cfg-path', '/tmp/tmp741snqqm']
[2023-09-04T18:31:30.431-0300] {standard_task_runner.py:85} INFO - Job 81: Subtask Extracao_Invest
[2023-09-04T18:31:30.521-0300] {task_command.py:410} INFO - Running <TaskInstance: Investimento_api.Extracao_Invest manual__2023-09-04T21:30:13.807745+00:00 [running]> on host VMEnricolm.myguest.virtualbox.org
[2023-09-04T18:31:30.651-0300] {taskinstance.py:1545} INFO - Exporting env vars: AIRFLOW_CTX_DAG_OWNER='airflow' AIRFLOW_CTX_DAG_ID='Investimento_api' AIRFLOW_CTX_TASK_ID='Extracao_Invest' AIRFLOW_CTX_EXECUTION_DATE='2023-09-04T21:30:13.807745+00:00' AIRFLOW_CTX_TRY_NUMBER='1' AIRFLOW_CTX_DAG_RUN_ID='manual__2023-09-04T21:30:13.807745+00:00'
[2023-09-04T18:31:30.673-0300] {base.py:73} INFO - Using connection ID 'spark_default' for task execution.
[2023-09-04T18:31:30.675-0300] {spark_submit.py:340} INFO - Spark-Submit cmd: spark-submit --master local --name Extracao_Invest --queue root.default /home/enricolm/Documents/Sprinklr_Airflow/dadosvm/Airflow_Investimento/Scripts/Operators/Raw_Operator.py --type crypto
[2023-09-04T18:31:33.286-0300] {spark_submit.py:491} INFO - 23/09/04 18:31:33 WARN Utils: Your hostname, VMEnricolm resolves to a loopback address: 127.0.1.1; using 192.168.0.53 instead (on interface enp0s3)
[2023-09-04T18:31:33.287-0300] {spark_submit.py:491} INFO - 23/09/04 18:31:33 WARN Utils: Set SPARK_LOCAL_IP if you need to bind to another address
[2023-09-04T18:31:35.028-0300] {spark_submit.py:491} INFO - 23/09/04 18:31:35 INFO SparkContext: Running Spark version 3.4.1
[2023-09-04T18:31:35.117-0300] {spark_submit.py:491} INFO - 23/09/04 18:31:35 WARN NativeCodeLoader: Unable to load native-hadoop library for your platform... using builtin-java classes where applicable
[2023-09-04T18:31:35.245-0300] {spark_submit.py:491} INFO - 23/09/04 18:31:35 INFO ResourceUtils: ==============================================================
[2023-09-04T18:31:35.246-0300] {spark_submit.py:491} INFO - 23/09/04 18:31:35 INFO ResourceUtils: No custom resources configured for spark.driver.
[2023-09-04T18:31:35.247-0300] {spark_submit.py:491} INFO - 23/09/04 18:31:35 INFO ResourceUtils: ==============================================================
[2023-09-04T18:31:35.249-0300] {spark_submit.py:491} INFO - 23/09/04 18:31:35 INFO SparkContext: Submitted application: extracao_Finance
[2023-09-04T18:31:35.282-0300] {spark_submit.py:491} INFO - 23/09/04 18:31:35 INFO ResourceProfile: Default ResourceProfile created, executor resources: Map(cores -> name: cores, amount: 1, script: , vendor: , memory -> name: memory, amount: 1024, script: , vendor: , offHeap -> name: offHeap, amount: 0, script: , vendor: ), task resources: Map(cpus -> name: cpus, amount: 1.0)
[2023-09-04T18:31:35.290-0300] {spark_submit.py:491} INFO - 23/09/04 18:31:35 INFO ResourceProfile: Limiting resource is cpu
[2023-09-04T18:31:35.292-0300] {spark_submit.py:491} INFO - 23/09/04 18:31:35 INFO ResourceProfileManager: Added ResourceProfile id: 0
[2023-09-04T18:31:35.395-0300] {spark_submit.py:491} INFO - 23/09/04 18:31:35 INFO SecurityManager: Changing view acls to: enricolm
[2023-09-04T18:31:35.396-0300] {spark_submit.py:491} INFO - 23/09/04 18:31:35 INFO SecurityManager: Changing modify acls to: enricolm
[2023-09-04T18:31:35.396-0300] {spark_submit.py:491} INFO - 23/09/04 18:31:35 INFO SecurityManager: Changing view acls groups to:
[2023-09-04T18:31:35.405-0300] {spark_submit.py:491} INFO - 23/09/04 18:31:35 INFO SecurityManager: Changing modify acls groups to:
[2023-09-04T18:31:35.407-0300] {spark_submit.py:491} INFO - 23/09/04 18:31:35 INFO SecurityManager: SecurityManager: authentication disabled; ui acls disabled; users with view permissions: enricolm; groups with view permissions: EMPTY; users with modify permissions: enricolm; groups with modify permissions: EMPTY
[2023-09-04T18:31:35.785-0300] {spark_submit.py:491} INFO - 23/09/04 18:31:35 INFO Utils: Successfully started service 'sparkDriver' on port 35689.
[2023-09-04T18:31:35.855-0300] {spark_submit.py:491} INFO - 23/09/04 18:31:35 INFO SparkEnv: Registering MapOutputTracker
[2023-09-04T18:31:35.948-0300] {spark_submit.py:491} INFO - 23/09/04 18:31:35 INFO SparkEnv: Registering BlockManagerMaster
[2023-09-04T18:31:35.982-0300] {spark_submit.py:491} INFO - 23/09/04 18:31:35 INFO BlockManagerMasterEndpoint: Using org.apache.spark.storage.DefaultTopologyMapper for getting topology information
[2023-09-04T18:31:35.982-0300] {spark_submit.py:491} INFO - 23/09/04 18:31:35 INFO BlockManagerMasterEndpoint: BlockManagerMasterEndpoint up
[2023-09-04T18:31:35.999-0300] {spark_submit.py:491} INFO - 23/09/04 18:31:35 INFO SparkEnv: Registering BlockManagerMasterHeartbeat
[2023-09-04T18:31:36.025-0300] {spark_submit.py:491} INFO - 23/09/04 18:31:36 INFO DiskBlockManager: Created local directory at /tmp/blockmgr-32fd651c-b4ce-4e0f-a74c-6bee2a8812b1
[2023-09-04T18:31:36.040-0300] {spark_submit.py:491} INFO - 23/09/04 18:31:36 INFO MemoryStore: MemoryStore started with capacity 434.4 MiB
[2023-09-04T18:31:36.067-0300] {spark_submit.py:491} INFO - 23/09/04 18:31:36 INFO SparkEnv: Registering OutputCommitCoordinator
[2023-09-04T18:31:36.222-0300] {spark_submit.py:491} INFO - 23/09/04 18:31:36 INFO JettyUtils: Start Jetty 0.0.0.0:4040 for SparkUI
[2023-09-04T18:31:36.353-0300] {spark_submit.py:491} INFO - 23/09/04 18:31:36 INFO Utils: Successfully started service 'SparkUI' on port 4040.
[2023-09-04T18:31:36.521-0300] {spark_submit.py:491} INFO - 23/09/04 18:31:36 INFO Executor: Starting executor ID driver on host 192.168.0.53
[2023-09-04T18:31:36.544-0300] {spark_submit.py:491} INFO - 23/09/04 18:31:36 INFO Executor: Starting executor with user classpath (userClassPathFirst = false): ''
[2023-09-04T18:31:36.587-0300] {spark_submit.py:491} INFO - 23/09/04 18:31:36 INFO Utils: Successfully started service 'org.apache.spark.network.netty.NettyBlockTransferService' on port 39433.
[2023-09-04T18:31:36.588-0300] {spark_submit.py:491} INFO - 23/09/04 18:31:36 INFO NettyBlockTransferService: Server created on 192.168.0.53:39433
[2023-09-04T18:31:36.590-0300] {spark_submit.py:491} INFO - 23/09/04 18:31:36 INFO BlockManager: Using org.apache.spark.storage.RandomBlockReplicationPolicy for block replication policy
[2023-09-04T18:31:36.601-0300] {spark_submit.py:491} INFO - 23/09/04 18:31:36 INFO BlockManagerMaster: Registering BlockManager BlockManagerId(driver, 192.168.0.53, 39433, None)
[2023-09-04T18:31:36.606-0300] {spark_submit.py:491} INFO - 23/09/04 18:31:36 INFO BlockManagerMasterEndpoint: Registering block manager 192.168.0.53:39433 with 434.4 MiB RAM, BlockManagerId(driver, 192.168.0.53, 39433, None)
[2023-09-04T18:31:36.609-0300] {spark_submit.py:491} INFO - 23/09/04 18:31:36 INFO BlockManagerMaster: Registered BlockManager BlockManagerId(driver, 192.168.0.53, 39433, None)
[2023-09-04T18:31:36.610-0300] {spark_submit.py:491} INFO - 23/09/04 18:31:36 INFO BlockManager: Initialized BlockManager: BlockManagerId(driver, 192.168.0.53, 39433, None)
[2023-09-04T18:31:37.280-0300] {spark_submit.py:491} INFO - Criando pasta
[2023-09-04T18:31:39.933-0300] {spark_submit.py:491} INFO - 23/09/04 18:31:39 INFO SharedState: Setting hive.metastore.warehouse.dir ('null') to the value of spark.sql.warehouse.dir.
[2023-09-04T18:31:39.945-0300] {spark_submit.py:491} INFO - 23/09/04 18:31:39 INFO SharedState: Warehouse path is 'file:/home/enricolm/Documents/Sprinklr_Airflow/dadosvm/Airflow_Investimento/spark-warehouse'.
[2023-09-04T18:31:44.382-0300] {spark_submit.py:491} INFO - 23/09/04 18:31:44 INFO HashAggregateExec: spark.sql.codegen.aggregate.map.twolevel.enabled is set to true, but current version of codegened fast hashmap does not support this aggregate.
[2023-09-04T18:31:44.719-0300] {spark_submit.py:491} INFO - 23/09/04 18:31:44 INFO CodeGenerator: Code generated in 257.338673 ms
[2023-09-04T18:31:44.883-0300] {spark_submit.py:491} INFO - 23/09/04 18:31:44 INFO DAGScheduler: Registering RDD 6 (isEmpty at NativeMethodAccessorImpl.java:0) as input to shuffle 0
[2023-09-04T18:31:44.902-0300] {spark_submit.py:491} INFO - 23/09/04 18:31:44 INFO DAGScheduler: Got map stage job 0 (isEmpty at NativeMethodAccessorImpl.java:0) with 1 output partitions
[2023-09-04T18:31:44.902-0300] {spark_submit.py:491} INFO - 23/09/04 18:31:44 INFO DAGScheduler: Final stage: ShuffleMapStage 0 (isEmpty at NativeMethodAccessorImpl.java:0)
[2023-09-04T18:31:44.902-0300] {spark_submit.py:491} INFO - 23/09/04 18:31:44 INFO DAGScheduler: Parents of final stage: List()
[2023-09-04T18:31:44.904-0300] {spark_submit.py:491} INFO - 23/09/04 18:31:44 INFO DAGScheduler: Missing parents: List()
[2023-09-04T18:31:44.909-0300] {spark_submit.py:491} INFO - 23/09/04 18:31:44 INFO DAGScheduler: Submitting ShuffleMapStage 0 (MapPartitionsRDD[6] at isEmpty at NativeMethodAccessorImpl.java:0), which has no missing parents
[2023-09-04T18:31:45.077-0300] {spark_submit.py:491} INFO - 23/09/04 18:31:45 INFO MemoryStore: Block broadcast_0 stored as values in memory (estimated size 30.5 KiB, free 434.4 MiB)
[2023-09-04T18:31:45.119-0300] {spark_submit.py:491} INFO - 23/09/04 18:31:45 INFO MemoryStore: Block broadcast_0_piece0 stored as bytes in memory (estimated size 14.2 KiB, free 434.4 MiB)
[2023-09-04T18:31:45.122-0300] {spark_submit.py:491} INFO - 23/09/04 18:31:45 INFO BlockManagerInfo: Added broadcast_0_piece0 in memory on 192.168.0.53:39433 (size: 14.2 KiB, free: 434.4 MiB)
[2023-09-04T18:31:45.130-0300] {spark_submit.py:491} INFO - 23/09/04 18:31:45 INFO SparkContext: Created broadcast 0 from broadcast at DAGScheduler.scala:1535
[2023-09-04T18:31:45.147-0300] {spark_submit.py:491} INFO - 23/09/04 18:31:45 INFO DAGScheduler: Submitting 1 missing tasks from ShuffleMapStage 0 (MapPartitionsRDD[6] at isEmpty at NativeMethodAccessorImpl.java:0) (first 15 tasks are for partitions Vector(0))
[2023-09-04T18:31:45.148-0300] {spark_submit.py:491} INFO - 23/09/04 18:31:45 INFO TaskSchedulerImpl: Adding task set 0.0 with 1 tasks resource profile 0
[2023-09-04T18:31:45.214-0300] {spark_submit.py:491} INFO - 23/09/04 18:31:45 INFO TaskSetManager: Starting task 0.0 in stage 0.0 (TID 0) (192.168.0.53, executor driver, partition 0, PROCESS_LOCAL, 19140 bytes)
[2023-09-04T18:31:45.239-0300] {spark_submit.py:491} INFO - 23/09/04 18:31:45 INFO Executor: Running task 0.0 in stage 0.0 (TID 0)
[2023-09-04T18:31:46.195-0300] {spark_submit.py:491} INFO - 23/09/04 18:31:46 INFO CodeGenerator: Code generated in 21.457281 ms
[2023-09-04T18:31:46.212-0300] {spark_submit.py:491} INFO - 23/09/04 18:31:46 INFO CodeGenerator: Code generated in 6.54582 ms
[2023-09-04T18:31:46.228-0300] {spark_submit.py:491} INFO - 23/09/04 18:31:46 INFO CodeGenerator: Code generated in 11.633269 ms
[2023-09-04T18:31:46.301-0300] {spark_submit.py:491} INFO - 23/09/04 18:31:46 INFO PythonRunner: Times: total = 759, boot = 632, init = 126, finish = 1
[2023-09-04T18:31:46.536-0300] {spark_submit.py:491} INFO - 23/09/04 18:31:46 INFO Executor: Finished task 0.0 in stage 0.0 (TID 0). 3014 bytes result sent to driver
[2023-09-04T18:31:46.572-0300] {spark_submit.py:491} INFO - 23/09/04 18:31:46 INFO TaskSetManager: Finished task 0.0 in stage 0.0 (TID 0) in 1369 ms on 192.168.0.53 (executor driver) (1/1)
[2023-09-04T18:31:46.572-0300] {spark_submit.py:491} INFO - 23/09/04 18:31:46 INFO TaskSchedulerImpl: Removed TaskSet 0.0, whose tasks have all completed, from pool
[2023-09-04T18:31:46.578-0300] {spark_submit.py:491} INFO - 23/09/04 18:31:46 INFO PythonAccumulatorV2: Connected to AccumulatorServer at host: 127.0.0.1 port: 48673
[2023-09-04T18:31:46.620-0300] {spark_submit.py:491} INFO - 23/09/04 18:31:46 INFO DAGScheduler: ShuffleMapStage 0 (isEmpty at NativeMethodAccessorImpl.java:0) finished in 1,670 s
[2023-09-04T18:31:46.621-0300] {spark_submit.py:491} INFO - 23/09/04 18:31:46 INFO DAGScheduler: looking for newly runnable stages
[2023-09-04T18:31:46.621-0300] {spark_submit.py:491} INFO - 23/09/04 18:31:46 INFO DAGScheduler: running: HashSet()
[2023-09-04T18:31:46.621-0300] {spark_submit.py:491} INFO - 23/09/04 18:31:46 INFO DAGScheduler: waiting: HashSet()
[2023-09-04T18:31:46.621-0300] {spark_submit.py:491} INFO - 23/09/04 18:31:46 INFO DAGScheduler: failed: HashSet()
[2023-09-04T18:31:46.659-0300] {spark_submit.py:491} INFO - 23/09/04 18:31:46 INFO ShufflePartitionsUtil: For shuffle(0), advisory target size: 67108864, actual target size 1048576, minimum partition size: 1048576
[2023-09-04T18:31:46.683-0300] {spark_submit.py:491} INFO - 23/09/04 18:31:46 INFO HashAggregateExec: spark.sql.codegen.aggregate.map.twolevel.enabled is set to true, but current version of codegened fast hashmap does not support this aggregate.
[2023-09-04T18:31:46.706-0300] {spark_submit.py:491} INFO - 23/09/04 18:31:46 INFO CodeGenerator: Code generated in 18.133436 ms
[2023-09-04T18:31:46.742-0300] {spark_submit.py:491} INFO - 23/09/04 18:31:46 INFO SparkContext: Starting job: isEmpty at NativeMethodAccessorImpl.java:0
[2023-09-04T18:31:46.749-0300] {spark_submit.py:491} INFO - 23/09/04 18:31:46 INFO DAGScheduler: Got job 1 (isEmpty at NativeMethodAccessorImpl.java:0) with 1 output partitions
[2023-09-04T18:31:46.750-0300] {spark_submit.py:491} INFO - 23/09/04 18:31:46 INFO DAGScheduler: Final stage: ResultStage 2 (isEmpty at NativeMethodAccessorImpl.java:0)
[2023-09-04T18:31:46.750-0300] {spark_submit.py:491} INFO - 23/09/04 18:31:46 INFO DAGScheduler: Parents of final stage: List(ShuffleMapStage 1)
[2023-09-04T18:31:46.750-0300] {spark_submit.py:491} INFO - 23/09/04 18:31:46 INFO DAGScheduler: Missing parents: List()
[2023-09-04T18:31:46.751-0300] {spark_submit.py:491} INFO - 23/09/04 18:31:46 INFO DAGScheduler: Submitting ResultStage 2 (MapPartitionsRDD[9] at isEmpty at NativeMethodAccessorImpl.java:0), which has no missing parents
[2023-09-04T18:31:46.782-0300] {spark_submit.py:491} INFO - 23/09/04 18:31:46 INFO MemoryStore: Block broadcast_1 stored as values in memory (estimated size 33.3 KiB, free 434.3 MiB)
[2023-09-04T18:31:46.810-0300] {spark_submit.py:491} INFO - 23/09/04 18:31:46 INFO MemoryStore: Block broadcast_1_piece0 stored as bytes in memory (estimated size 15.7 KiB, free 434.3 MiB)
[2023-09-04T18:31:46.812-0300] {spark_submit.py:491} INFO - 23/09/04 18:31:46 INFO BlockManagerInfo: Added broadcast_1_piece0 in memory on 192.168.0.53:39433 (size: 15.7 KiB, free: 434.4 MiB)
[2023-09-04T18:31:46.813-0300] {spark_submit.py:491} INFO - 23/09/04 18:31:46 INFO SparkContext: Created broadcast 1 from broadcast at DAGScheduler.scala:1535
[2023-09-04T18:31:46.815-0300] {spark_submit.py:491} INFO - 23/09/04 18:31:46 INFO DAGScheduler: Submitting 1 missing tasks from ResultStage 2 (MapPartitionsRDD[9] at isEmpty at NativeMethodAccessorImpl.java:0) (first 15 tasks are for partitions Vector(0))
[2023-09-04T18:31:46.816-0300] {spark_submit.py:491} INFO - 23/09/04 18:31:46 INFO TaskSchedulerImpl: Adding task set 2.0 with 1 tasks resource profile 0
[2023-09-04T18:31:46.826-0300] {spark_submit.py:491} INFO - 23/09/04 18:31:46 INFO TaskSetManager: Starting task 0.0 in stage 2.0 (TID 1) (192.168.0.53, executor driver, partition 0, NODE_LOCAL, 7437 bytes)
[2023-09-04T18:31:46.828-0300] {spark_submit.py:491} INFO - 23/09/04 18:31:46 INFO Executor: Running task 0.0 in stage 2.0 (TID 1)
[2023-09-04T18:31:46.939-0300] {spark_submit.py:491} INFO - 23/09/04 18:31:46 INFO ShuffleBlockFetcherIterator: Getting 1 (12.3 KiB) non-empty blocks including 1 (12.3 KiB) local and 0 (0.0 B) host-local and 0 (0.0 B) push-merged-local and 0 (0.0 B) remote blocks
[2023-09-04T18:31:46.944-0300] {spark_submit.py:491} INFO - 23/09/04 18:31:46 INFO ShuffleBlockFetcherIterator: Started 0 remote fetches in 24 ms
[2023-09-04T18:31:47.000-0300] {spark_submit.py:491} INFO - 23/09/04 18:31:47 INFO Executor: Finished task 0.0 in stage 2.0 (TID 1). 5358 bytes result sent to driver
[2023-09-04T18:31:47.004-0300] {spark_submit.py:491} INFO - 23/09/04 18:31:47 INFO TaskSetManager: Finished task 0.0 in stage 2.0 (TID 1) in 181 ms on 192.168.0.53 (executor driver) (1/1)
[2023-09-04T18:31:47.004-0300] {spark_submit.py:491} INFO - 23/09/04 18:31:47 INFO TaskSchedulerImpl: Removed TaskSet 2.0, whose tasks have all completed, from pool
[2023-09-04T18:31:47.007-0300] {spark_submit.py:491} INFO - 23/09/04 18:31:47 INFO DAGScheduler: ResultStage 2 (isEmpty at NativeMethodAccessorImpl.java:0) finished in 0,236 s
[2023-09-04T18:31:47.013-0300] {spark_submit.py:491} INFO - 23/09/04 18:31:47 INFO DAGScheduler: Job 1 is finished. Cancelling potential speculative or zombie tasks for this job
[2023-09-04T18:31:47.014-0300] {spark_submit.py:491} INFO - 23/09/04 18:31:47 INFO TaskSchedulerImpl: Killing all running tasks in stage 2: Stage finished
[2023-09-04T18:31:47.022-0300] {spark_submit.py:491} INFO - 23/09/04 18:31:47 INFO DAGScheduler: Job 1 finished: isEmpty at NativeMethodAccessorImpl.java:0, took 0,272530 s
[2023-09-04T18:31:47.261-0300] {spark_submit.py:491} INFO - 23/09/04 18:31:47 INFO CodeGenerator: Code generated in 77.853502 ms
[2023-09-04T18:31:47.280-0300] {spark_submit.py:491} INFO - 23/09/04 18:31:47 INFO DAGScheduler: Registering RDD 11 (toPandas at /home/enricolm/Documents/Sprinklr_Airflow/dadosvm/Airflow_Investimento/Scripts/Operators/Raw_Operator.py:60) as input to shuffle 1
[2023-09-04T18:31:47.281-0300] {spark_submit.py:491} INFO - 23/09/04 18:31:47 INFO DAGScheduler: Got map stage job 2 (toPandas at /home/enricolm/Documents/Sprinklr_Airflow/dadosvm/Airflow_Investimento/Scripts/Operators/Raw_Operator.py:60) with 1 output partitions
[2023-09-04T18:31:47.281-0300] {spark_submit.py:491} INFO - 23/09/04 18:31:47 INFO DAGScheduler: Final stage: ShuffleMapStage 3 (toPandas at /home/enricolm/Documents/Sprinklr_Airflow/dadosvm/Airflow_Investimento/Scripts/Operators/Raw_Operator.py:60)
[2023-09-04T18:31:47.281-0300] {spark_submit.py:491} INFO - 23/09/04 18:31:47 INFO DAGScheduler: Parents of final stage: List()
[2023-09-04T18:31:47.281-0300] {spark_submit.py:491} INFO - 23/09/04 18:31:47 INFO DAGScheduler: Missing parents: List()
[2023-09-04T18:31:47.285-0300] {spark_submit.py:491} INFO - 23/09/04 18:31:47 INFO DAGScheduler: Submitting ShuffleMapStage 3 (MapPartitionsRDD[11] at toPandas at /home/enricolm/Documents/Sprinklr_Airflow/dadosvm/Airflow_Investimento/Scripts/Operators/Raw_Operator.py:60), which has no missing parents
[2023-09-04T18:31:47.290-0300] {spark_submit.py:491} INFO - 23/09/04 18:31:47 INFO MemoryStore: Block broadcast_2 stored as values in memory (estimated size 50.5 KiB, free 434.3 MiB)
[2023-09-04T18:31:47.312-0300] {spark_submit.py:491} INFO - 23/09/04 18:31:47 INFO MemoryStore: Block broadcast_2_piece0 stored as bytes in memory (estimated size 21.0 KiB, free 434.2 MiB)
[2023-09-04T18:31:47.313-0300] {spark_submit.py:491} INFO - 23/09/04 18:31:47 INFO BlockManagerInfo: Added broadcast_2_piece0 in memory on 192.168.0.53:39433 (size: 21.0 KiB, free: 434.4 MiB)
[2023-09-04T18:31:47.314-0300] {spark_submit.py:491} INFO - 23/09/04 18:31:47 INFO SparkContext: Created broadcast 2 from broadcast at DAGScheduler.scala:1535
[2023-09-04T18:31:47.315-0300] {spark_submit.py:491} INFO - 23/09/04 18:31:47 INFO DAGScheduler: Submitting 1 missing tasks from ShuffleMapStage 3 (MapPartitionsRDD[11] at toPandas at /home/enricolm/Documents/Sprinklr_Airflow/dadosvm/Airflow_Investimento/Scripts/Operators/Raw_Operator.py:60) (first 15 tasks are for partitions Vector(0))
[2023-09-04T18:31:47.316-0300] {spark_submit.py:491} INFO - 23/09/04 18:31:47 INFO TaskSchedulerImpl: Adding task set 3.0 with 1 tasks resource profile 0
[2023-09-04T18:31:47.329-0300] {spark_submit.py:491} INFO - 23/09/04 18:31:47 INFO TaskSetManager: Starting task 0.0 in stage 3.0 (TID 2) (192.168.0.53, executor driver, partition 0, PROCESS_LOCAL, 19140 bytes)
[2023-09-04T18:31:47.329-0300] {spark_submit.py:491} INFO - 23/09/04 18:31:47 INFO Executor: Running task 0.0 in stage 3.0 (TID 2)
[2023-09-04T18:31:47.344-0300] {spark_submit.py:491} INFO - 23/09/04 18:31:47 INFO BlockManagerInfo: Removed broadcast_1_piece0 on 192.168.0.53:39433 in memory (size: 15.7 KiB, free: 434.4 MiB)
[2023-09-04T18:31:47.450-0300] {spark_submit.py:491} INFO - 23/09/04 18:31:47 INFO CodeGenerator: Code generated in 7.442798 ms
[2023-09-04T18:31:47.499-0300] {spark_submit.py:491} INFO - 23/09/04 18:31:47 INFO CodeGenerator: Code generated in 17.75781 ms
[2023-09-04T18:31:47.554-0300] {spark_submit.py:491} INFO - 23/09/04 18:31:47 INFO BlockManagerInfo: Removed broadcast_0_piece0 on 192.168.0.53:39433 in memory (size: 14.2 KiB, free: 434.4 MiB)
[2023-09-04T18:31:47.583-0300] {spark_submit.py:491} INFO - 23/09/04 18:31:47 INFO PythonRunner: Times: total = 147, boot = -1145, init = 1292, finish = 0
[2023-09-04T18:31:47.683-0300] {spark_submit.py:491} INFO - 23/09/04 18:31:47 INFO Executor: Finished task 0.0 in stage 3.0 (TID 2). 3014 bytes result sent to driver
[2023-09-04T18:31:47.687-0300] {spark_submit.py:491} INFO - 23/09/04 18:31:47 INFO TaskSetManager: Finished task 0.0 in stage 3.0 (TID 2) in 359 ms on 192.168.0.53 (executor driver) (1/1)
[2023-09-04T18:31:47.689-0300] {spark_submit.py:491} INFO - 23/09/04 18:31:47 INFO DAGScheduler: ShuffleMapStage 3 (toPandas at /home/enricolm/Documents/Sprinklr_Airflow/dadosvm/Airflow_Investimento/Scripts/Operators/Raw_Operator.py:60) finished in 0,405 s
[2023-09-04T18:31:47.690-0300] {spark_submit.py:491} INFO - 23/09/04 18:31:47 INFO DAGScheduler: looking for newly runnable stages
[2023-09-04T18:31:47.690-0300] {spark_submit.py:491} INFO - 23/09/04 18:31:47 INFO DAGScheduler: running: HashSet()
[2023-09-04T18:31:47.694-0300] {spark_submit.py:491} INFO - 23/09/04 18:31:47 INFO DAGScheduler: waiting: HashSet()
[2023-09-04T18:31:47.695-0300] {spark_submit.py:491} INFO - 23/09/04 18:31:47 INFO DAGScheduler: failed: HashSet()
[2023-09-04T18:31:47.697-0300] {spark_submit.py:491} INFO - 23/09/04 18:31:47 INFO TaskSchedulerImpl: Removed TaskSet 3.0, whose tasks have all completed, from pool
[2023-09-04T18:31:47.710-0300] {spark_submit.py:491} INFO - 23/09/04 18:31:47 INFO ShufflePartitionsUtil: For shuffle(1), advisory target size: 67108864, actual target size 1048576, minimum partition size: 1048576
[2023-09-04T18:31:47.729-0300] {spark_submit.py:491} INFO - 23/09/04 18:31:47 INFO HashAggregateExec: spark.sql.codegen.aggregate.map.twolevel.enabled is set to true, but current version of codegened fast hashmap does not support this aggregate.
[2023-09-04T18:31:47.823-0300] {spark_submit.py:491} INFO - 23/09/04 18:31:47 INFO CodeGenerator: Code generated in 28.827641 ms
[2023-09-04T18:31:47.862-0300] {spark_submit.py:491} INFO - 23/09/04 18:31:47 INFO SparkContext: Starting job: toPandas at /home/enricolm/Documents/Sprinklr_Airflow/dadosvm/Airflow_Investimento/Scripts/Operators/Raw_Operator.py:60
[2023-09-04T18:31:47.867-0300] {spark_submit.py:491} INFO - 23/09/04 18:31:47 INFO DAGScheduler: Got job 3 (toPandas at /home/enricolm/Documents/Sprinklr_Airflow/dadosvm/Airflow_Investimento/Scripts/Operators/Raw_Operator.py:60) with 1 output partitions
[2023-09-04T18:31:47.869-0300] {spark_submit.py:491} INFO - 23/09/04 18:31:47 INFO DAGScheduler: Final stage: ResultStage 5 (toPandas at /home/enricolm/Documents/Sprinklr_Airflow/dadosvm/Airflow_Investimento/Scripts/Operators/Raw_Operator.py:60)
[2023-09-04T18:31:47.870-0300] {spark_submit.py:491} INFO - 23/09/04 18:31:47 INFO DAGScheduler: Parents of final stage: List(ShuffleMapStage 4)
[2023-09-04T18:31:47.870-0300] {spark_submit.py:491} INFO - 23/09/04 18:31:47 INFO DAGScheduler: Missing parents: List()
[2023-09-04T18:31:47.878-0300] {spark_submit.py:491} INFO - 23/09/04 18:31:47 INFO DAGScheduler: Submitting ResultStage 5 (MapPartitionsRDD[14] at toPandas at /home/enricolm/Documents/Sprinklr_Airflow/dadosvm/Airflow_Investimento/Scripts/Operators/Raw_Operator.py:60), which has no missing parents
[2023-09-04T18:31:47.890-0300] {spark_submit.py:491} INFO - 23/09/04 18:31:47 INFO MemoryStore: Block broadcast_3 stored as values in memory (estimated size 54.6 KiB, free 434.3 MiB)
[2023-09-04T18:31:47.907-0300] {spark_submit.py:491} INFO - 23/09/04 18:31:47 INFO MemoryStore: Block broadcast_3_piece0 stored as bytes in memory (estimated size 22.0 KiB, free 434.3 MiB)
[2023-09-04T18:31:47.909-0300] {spark_submit.py:491} INFO - 23/09/04 18:31:47 INFO BlockManagerInfo: Added broadcast_3_piece0 in memory on 192.168.0.53:39433 (size: 22.0 KiB, free: 434.4 MiB)
[2023-09-04T18:31:47.912-0300] {spark_submit.py:491} INFO - 23/09/04 18:31:47 INFO SparkContext: Created broadcast 3 from broadcast at DAGScheduler.scala:1535
[2023-09-04T18:31:47.916-0300] {spark_submit.py:491} INFO - 23/09/04 18:31:47 INFO DAGScheduler: Submitting 1 missing tasks from ResultStage 5 (MapPartitionsRDD[14] at toPandas at /home/enricolm/Documents/Sprinklr_Airflow/dadosvm/Airflow_Investimento/Scripts/Operators/Raw_Operator.py:60) (first 15 tasks are for partitions Vector(0))
[2023-09-04T18:31:47.916-0300] {spark_submit.py:491} INFO - 23/09/04 18:31:47 INFO TaskSchedulerImpl: Adding task set 5.0 with 1 tasks resource profile 0
[2023-09-04T18:31:47.918-0300] {spark_submit.py:491} INFO - 23/09/04 18:31:47 INFO TaskSetManager: Starting task 0.0 in stage 5.0 (TID 3) (192.168.0.53, executor driver, partition 0, NODE_LOCAL, 7437 bytes)
[2023-09-04T18:31:47.919-0300] {spark_submit.py:491} INFO - 23/09/04 18:31:47 INFO Executor: Running task 0.0 in stage 5.0 (TID 3)
[2023-09-04T18:31:47.944-0300] {spark_submit.py:491} INFO - 23/09/04 18:31:47 INFO BlockManagerInfo: Removed broadcast_2_piece0 on 192.168.0.53:39433 in memory (size: 21.0 KiB, free: 434.4 MiB)
[2023-09-04T18:31:47.951-0300] {spark_submit.py:491} INFO - 23/09/04 18:31:47 INFO ShuffleBlockFetcherIterator: Getting 1 (18.0 KiB) non-empty blocks including 1 (18.0 KiB) local and 0 (0.0 B) host-local and 0 (0.0 B) push-merged-local and 0 (0.0 B) remote blocks
[2023-09-04T18:31:47.951-0300] {spark_submit.py:491} INFO - 23/09/04 18:31:47 INFO ShuffleBlockFetcherIterator: Started 0 remote fetches in 3 ms
[2023-09-04T18:31:47.986-0300] {spark_submit.py:491} INFO - 23/09/04 18:31:47 INFO Executor: Finished task 0.0 in stage 5.0 (TID 3). 10775 bytes result sent to driver
[2023-09-04T18:31:47.993-0300] {spark_submit.py:491} INFO - 23/09/04 18:31:47 INFO TaskSetManager: Finished task 0.0 in stage 5.0 (TID 3) in 74 ms on 192.168.0.53 (executor driver) (1/1)
[2023-09-04T18:31:47.995-0300] {spark_submit.py:491} INFO - 23/09/04 18:31:47 INFO TaskSchedulerImpl: Removed TaskSet 5.0, whose tasks have all completed, from pool
[2023-09-04T18:31:47.997-0300] {spark_submit.py:491} INFO - 23/09/04 18:31:47 INFO DAGScheduler: ResultStage 5 (toPandas at /home/enricolm/Documents/Sprinklr_Airflow/dadosvm/Airflow_Investimento/Scripts/Operators/Raw_Operator.py:60) finished in 0,108 s
[2023-09-04T18:31:47.998-0300] {spark_submit.py:491} INFO - 23/09/04 18:31:47 INFO DAGScheduler: Job 3 is finished. Cancelling potential speculative or zombie tasks for this job
[2023-09-04T18:31:47.999-0300] {spark_submit.py:491} INFO - 23/09/04 18:31:47 INFO TaskSchedulerImpl: Killing all running tasks in stage 5: Stage finished
[2023-09-04T18:31:48.005-0300] {spark_submit.py:491} INFO - 23/09/04 18:31:47 INFO DAGScheduler: Job 3 finished: toPandas at /home/enricolm/Documents/Sprinklr_Airflow/dadosvm/Airflow_Investimento/Scripts/Operators/Raw_Operator.py:60, took 0,135294 s
[2023-09-04T18:31:48.106-0300] {spark_submit.py:491} INFO - 23/09/04 18:31:48 INFO SparkContext: SparkContext is stopping with exitCode 0.
[2023-09-04T18:31:48.129-0300] {spark_submit.py:491} INFO - 23/09/04 18:31:48 INFO SparkUI: Stopped Spark web UI at http://192.168.0.53:4040
[2023-09-04T18:31:48.178-0300] {spark_submit.py:491} INFO - 23/09/04 18:31:48 INFO MapOutputTrackerMasterEndpoint: MapOutputTrackerMasterEndpoint stopped!
[2023-09-04T18:31:48.287-0300] {spark_submit.py:491} INFO - 23/09/04 18:31:48 INFO MemoryStore: MemoryStore cleared
[2023-09-04T18:31:48.287-0300] {spark_submit.py:491} INFO - 23/09/04 18:31:48 INFO BlockManager: BlockManager stopped
[2023-09-04T18:31:48.295-0300] {spark_submit.py:491} INFO - 23/09/04 18:31:48 INFO BlockManagerMaster: BlockManagerMaster stopped
[2023-09-04T18:31:48.301-0300] {spark_submit.py:491} INFO - 23/09/04 18:31:48 INFO OutputCommitCoordinator$OutputCommitCoordinatorEndpoint: OutputCommitCoordinator stopped!
[2023-09-04T18:31:48.313-0300] {spark_submit.py:491} INFO - 23/09/04 18:31:48 INFO SparkContext: Successfully stopped SparkContext
[2023-09-04T18:31:49.146-0300] {spark_submit.py:491} INFO - 23/09/04 18:31:49 INFO ShutdownHookManager: Shutdown hook called
[2023-09-04T18:31:49.152-0300] {spark_submit.py:491} INFO - 23/09/04 18:31:49 INFO ShutdownHookManager: Deleting directory /tmp/spark-3c97dc27-36e8-4d10-b627-0460a886354b
[2023-09-04T18:31:49.170-0300] {spark_submit.py:491} INFO - 23/09/04 18:31:49 INFO ShutdownHookManager: Deleting directory /tmp/spark-9249f2b6-39b7-4ff8-b05e-84dd855fa12a
[2023-09-04T18:31:49.176-0300] {spark_submit.py:491} INFO - 23/09/04 18:31:49 INFO ShutdownHookManager: Deleting directory /tmp/spark-3c97dc27-36e8-4d10-b627-0460a886354b/pyspark-d7af9f8c-ac23-43f6-ae3f-4eaae4c70f2c
[2023-09-04T18:31:49.266-0300] {taskinstance.py:1345} INFO - Marking task as SUCCESS. dag_id=Investimento_api, task_id=Extracao_Invest, execution_date=20230904T213013, start_date=20230904T213130, end_date=20230904T213149
[2023-09-04T18:31:49.306-0300] {local_task_job_runner.py:225} INFO - Task exited with return code 0
[2023-09-04T18:31:49.335-0300] {taskinstance.py:2653} INFO - 1 downstream tasks scheduled from follow-on schedule check
