[2023-09-04T16:40:36.882-0300] {taskinstance.py:1103} INFO - Dependencies all met for dep_context=non-requeueable deps ti=<TaskInstance: Investimento_api.Extracao_Invest manual__2023-09-04T19:40:35.763914+00:00 [queued]>
[2023-09-04T16:40:36.897-0300] {taskinstance.py:1103} INFO - Dependencies all met for dep_context=requeueable deps ti=<TaskInstance: Investimento_api.Extracao_Invest manual__2023-09-04T19:40:35.763914+00:00 [queued]>
[2023-09-04T16:40:36.897-0300] {taskinstance.py:1308} INFO - Starting attempt 1 of 1
[2023-09-04T16:40:36.914-0300] {taskinstance.py:1327} INFO - Executing <Task(SparkSubmitOperator): Extracao_Invest> on 2023-09-04 19:40:35.763914+00:00
[2023-09-04T16:40:36.919-0300] {standard_task_runner.py:57} INFO - Started process 39504 to run task
[2023-09-04T16:40:36.924-0300] {standard_task_runner.py:84} INFO - Running: ['airflow', 'tasks', 'run', 'Investimento_api', 'Extracao_Invest', 'manual__2023-09-04T19:40:35.763914+00:00', '--job-id', '74', '--raw', '--subdir', 'DAGS_FOLDER/dag.py', '--cfg-path', '/tmp/tmpi5z03fug']
[2023-09-04T16:40:36.925-0300] {standard_task_runner.py:85} INFO - Job 74: Subtask Extracao_Invest
[2023-09-04T16:40:37.042-0300] {task_command.py:410} INFO - Running <TaskInstance: Investimento_api.Extracao_Invest manual__2023-09-04T19:40:35.763914+00:00 [running]> on host VMEnricolm.myguest.virtualbox.org
[2023-09-04T16:40:37.225-0300] {taskinstance.py:1545} INFO - Exporting env vars: AIRFLOW_CTX_DAG_OWNER='airflow' AIRFLOW_CTX_DAG_ID='Investimento_api' AIRFLOW_CTX_TASK_ID='Extracao_Invest' AIRFLOW_CTX_EXECUTION_DATE='2023-09-04T19:40:35.763914+00:00' AIRFLOW_CTX_TRY_NUMBER='1' AIRFLOW_CTX_DAG_RUN_ID='manual__2023-09-04T19:40:35.763914+00:00'
[2023-09-04T16:40:37.247-0300] {base.py:73} INFO - Using connection ID 'spark_default' for task execution.
[2023-09-04T16:40:37.249-0300] {spark_submit.py:340} INFO - Spark-Submit cmd: spark-submit --master local --name Extracao_Invest --queue root.default /home/enricolm/Documents/Sprinklr_Airflow/dadosvm/Airflow_Investimento/Scripts/Operators/Raw_Operator.py
[2023-09-04T16:40:42.510-0300] {spark_submit.py:491} INFO - 23/09/04 16:40:42 WARN Utils: Your hostname, VMEnricolm resolves to a loopback address: 127.0.1.1; using 192.168.0.53 instead (on interface enp0s3)
[2023-09-04T16:40:42.513-0300] {spark_submit.py:491} INFO - 23/09/04 16:40:42 WARN Utils: Set SPARK_LOCAL_IP if you need to bind to another address
[2023-09-04T16:40:46.340-0300] {spark_submit.py:491} INFO - 23/09/04 16:40:46 INFO SparkContext: Running Spark version 3.4.1
[2023-09-04T16:40:46.446-0300] {spark_submit.py:491} INFO - 23/09/04 16:40:46 WARN NativeCodeLoader: Unable to load native-hadoop library for your platform... using builtin-java classes where applicable
[2023-09-04T16:40:46.577-0300] {spark_submit.py:491} INFO - 23/09/04 16:40:46 INFO ResourceUtils: ==============================================================
[2023-09-04T16:40:46.578-0300] {spark_submit.py:491} INFO - 23/09/04 16:40:46 INFO ResourceUtils: No custom resources configured for spark.driver.
[2023-09-04T16:40:46.580-0300] {spark_submit.py:491} INFO - 23/09/04 16:40:46 INFO ResourceUtils: ==============================================================
[2023-09-04T16:40:46.581-0300] {spark_submit.py:491} INFO - 23/09/04 16:40:46 INFO SparkContext: Submitted application: extracao_Finance
[2023-09-04T16:40:46.783-0300] {spark_submit.py:491} INFO - 23/09/04 16:40:46 INFO ResourceProfile: Default ResourceProfile created, executor resources: Map(cores -> name: cores, amount: 1, script: , vendor: , memory -> name: memory, amount: 1024, script: , vendor: , offHeap -> name: offHeap, amount: 0, script: , vendor: ), task resources: Map(cpus -> name: cpus, amount: 1.0)
[2023-09-04T16:40:46.801-0300] {spark_submit.py:491} INFO - 23/09/04 16:40:46 INFO ResourceProfile: Limiting resource is cpu
[2023-09-04T16:40:46.802-0300] {spark_submit.py:491} INFO - 23/09/04 16:40:46 INFO ResourceProfileManager: Added ResourceProfile id: 0
[2023-09-04T16:40:46.940-0300] {spark_submit.py:491} INFO - 23/09/04 16:40:46 INFO SecurityManager: Changing view acls to: enricolm
[2023-09-04T16:40:46.942-0300] {spark_submit.py:491} INFO - 23/09/04 16:40:46 INFO SecurityManager: Changing modify acls to: enricolm
[2023-09-04T16:40:46.943-0300] {spark_submit.py:491} INFO - 23/09/04 16:40:46 INFO SecurityManager: Changing view acls groups to:
[2023-09-04T16:40:46.943-0300] {spark_submit.py:491} INFO - 23/09/04 16:40:46 INFO SecurityManager: Changing modify acls groups to:
[2023-09-04T16:40:46.944-0300] {spark_submit.py:491} INFO - 23/09/04 16:40:46 INFO SecurityManager: SecurityManager: authentication disabled; ui acls disabled; users with view permissions: enricolm; groups with view permissions: EMPTY; users with modify permissions: enricolm; groups with modify permissions: EMPTY
[2023-09-04T16:40:47.375-0300] {spark_submit.py:491} INFO - 23/09/04 16:40:47 INFO Utils: Successfully started service 'sparkDriver' on port 35835.
[2023-09-04T16:40:47.542-0300] {spark_submit.py:491} INFO - 23/09/04 16:40:47 INFO SparkEnv: Registering MapOutputTracker
[2023-09-04T16:40:47.695-0300] {spark_submit.py:491} INFO - 23/09/04 16:40:47 INFO SparkEnv: Registering BlockManagerMaster
[2023-09-04T16:40:47.774-0300] {spark_submit.py:491} INFO - 23/09/04 16:40:47 INFO BlockManagerMasterEndpoint: Using org.apache.spark.storage.DefaultTopologyMapper for getting topology information
[2023-09-04T16:40:47.776-0300] {spark_submit.py:491} INFO - 23/09/04 16:40:47 INFO BlockManagerMasterEndpoint: BlockManagerMasterEndpoint up
[2023-09-04T16:40:47.785-0300] {spark_submit.py:491} INFO - 23/09/04 16:40:47 INFO SparkEnv: Registering BlockManagerMasterHeartbeat
[2023-09-04T16:40:47.887-0300] {spark_submit.py:491} INFO - 23/09/04 16:40:47 INFO DiskBlockManager: Created local directory at /tmp/blockmgr-f1d961c6-eef3-4652-926f-34a0ed6cdfda
[2023-09-04T16:40:47.939-0300] {spark_submit.py:491} INFO - 23/09/04 16:40:47 INFO MemoryStore: MemoryStore started with capacity 434.4 MiB
[2023-09-04T16:40:47.971-0300] {spark_submit.py:491} INFO - 23/09/04 16:40:47 INFO SparkEnv: Registering OutputCommitCoordinator
[2023-09-04T16:40:48.571-0300] {spark_submit.py:491} INFO - 23/09/04 16:40:48 INFO JettyUtils: Start Jetty 0.0.0.0:4040 for SparkUI
[2023-09-04T16:40:48.854-0300] {spark_submit.py:491} INFO - 23/09/04 16:40:48 INFO Utils: Successfully started service 'SparkUI' on port 4040.
[2023-09-04T16:40:49.146-0300] {spark_submit.py:491} INFO - 23/09/04 16:40:49 INFO Executor: Starting executor ID driver on host 192.168.0.53
[2023-09-04T16:40:49.155-0300] {spark_submit.py:491} INFO - 23/09/04 16:40:49 INFO Executor: Starting executor with user classpath (userClassPathFirst = false): ''
[2023-09-04T16:40:49.234-0300] {spark_submit.py:491} INFO - 23/09/04 16:40:49 INFO Utils: Successfully started service 'org.apache.spark.network.netty.NettyBlockTransferService' on port 45685.
[2023-09-04T16:40:49.235-0300] {spark_submit.py:491} INFO - 23/09/04 16:40:49 INFO NettyBlockTransferService: Server created on 192.168.0.53:45685
[2023-09-04T16:40:49.243-0300] {spark_submit.py:491} INFO - 23/09/04 16:40:49 INFO BlockManager: Using org.apache.spark.storage.RandomBlockReplicationPolicy for block replication policy
[2023-09-04T16:40:49.256-0300] {spark_submit.py:491} INFO - 23/09/04 16:40:49 INFO BlockManagerMaster: Registering BlockManager BlockManagerId(driver, 192.168.0.53, 45685, None)
[2023-09-04T16:40:49.263-0300] {spark_submit.py:491} INFO - 23/09/04 16:40:49 INFO BlockManagerMasterEndpoint: Registering block manager 192.168.0.53:45685 with 434.4 MiB RAM, BlockManagerId(driver, 192.168.0.53, 45685, None)
[2023-09-04T16:40:49.288-0300] {spark_submit.py:491} INFO - 23/09/04 16:40:49 INFO BlockManagerMaster: Registered BlockManager BlockManagerId(driver, 192.168.0.53, 45685, None)
[2023-09-04T16:40:49.290-0300] {spark_submit.py:491} INFO - 23/09/04 16:40:49 INFO BlockManager: Initialized BlockManager: BlockManagerId(driver, 192.168.0.53, 45685, None)
[2023-09-04T16:40:49.905-0300] {spark_submit.py:491} INFO - Criando pasta
[2023-09-04T16:40:52.734-0300] {spark_submit.py:491} INFO - 23/09/04 16:40:52 INFO SharedState: Setting hive.metastore.warehouse.dir ('null') to the value of spark.sql.warehouse.dir.
[2023-09-04T16:40:52.783-0300] {spark_submit.py:491} INFO - 23/09/04 16:40:52 INFO SharedState: Warehouse path is 'file:/home/enricolm/Documents/Sprinklr_Airflow/dadosvm/Airflow_Investimento/spark-warehouse'.
[2023-09-04T16:40:58.654-0300] {spark_submit.py:491} INFO - 23/09/04 16:40:58 INFO HashAggregateExec: spark.sql.codegen.aggregate.map.twolevel.enabled is set to true, but current version of codegened fast hashmap does not support this aggregate.
[2023-09-04T16:40:59.156-0300] {spark_submit.py:491} INFO - 23/09/04 16:40:59 INFO CodeGenerator: Code generated in 367.073896 ms
[2023-09-04T16:40:59.348-0300] {spark_submit.py:491} INFO - 23/09/04 16:40:59 INFO DAGScheduler: Registering RDD 6 (isEmpty at NativeMethodAccessorImpl.java:0) as input to shuffle 0
[2023-09-04T16:40:59.363-0300] {spark_submit.py:491} INFO - 23/09/04 16:40:59 INFO DAGScheduler: Got map stage job 0 (isEmpty at NativeMethodAccessorImpl.java:0) with 1 output partitions
[2023-09-04T16:40:59.365-0300] {spark_submit.py:491} INFO - 23/09/04 16:40:59 INFO DAGScheduler: Final stage: ShuffleMapStage 0 (isEmpty at NativeMethodAccessorImpl.java:0)
[2023-09-04T16:40:59.366-0300] {spark_submit.py:491} INFO - 23/09/04 16:40:59 INFO DAGScheduler: Parents of final stage: List()
[2023-09-04T16:40:59.367-0300] {spark_submit.py:491} INFO - 23/09/04 16:40:59 INFO DAGScheduler: Missing parents: List()
[2023-09-04T16:40:59.379-0300] {spark_submit.py:491} INFO - 23/09/04 16:40:59 INFO DAGScheduler: Submitting ShuffleMapStage 0 (MapPartitionsRDD[6] at isEmpty at NativeMethodAccessorImpl.java:0), which has no missing parents
[2023-09-04T16:40:59.674-0300] {spark_submit.py:491} INFO - 23/09/04 16:40:59 INFO MemoryStore: Block broadcast_0 stored as values in memory (estimated size 30.5 KiB, free 434.4 MiB)
[2023-09-04T16:40:59.765-0300] {spark_submit.py:491} INFO - 23/09/04 16:40:59 INFO MemoryStore: Block broadcast_0_piece0 stored as bytes in memory (estimated size 14.2 KiB, free 434.4 MiB)
[2023-09-04T16:40:59.769-0300] {spark_submit.py:491} INFO - 23/09/04 16:40:59 INFO BlockManagerInfo: Added broadcast_0_piece0 in memory on 192.168.0.53:45685 (size: 14.2 KiB, free: 434.4 MiB)
[2023-09-04T16:40:59.776-0300] {spark_submit.py:491} INFO - 23/09/04 16:40:59 INFO SparkContext: Created broadcast 0 from broadcast at DAGScheduler.scala:1535
[2023-09-04T16:40:59.794-0300] {spark_submit.py:491} INFO - 23/09/04 16:40:59 INFO DAGScheduler: Submitting 1 missing tasks from ShuffleMapStage 0 (MapPartitionsRDD[6] at isEmpty at NativeMethodAccessorImpl.java:0) (first 15 tasks are for partitions Vector(0))
[2023-09-04T16:40:59.795-0300] {spark_submit.py:491} INFO - 23/09/04 16:40:59 INFO TaskSchedulerImpl: Adding task set 0.0 with 1 tasks resource profile 0
[2023-09-04T16:40:59.890-0300] {spark_submit.py:491} INFO - 23/09/04 16:40:59 INFO TaskSetManager: Starting task 0.0 in stage 0.0 (TID 0) (192.168.0.53, executor driver, partition 0, PROCESS_LOCAL, 19140 bytes)
[2023-09-04T16:40:59.955-0300] {spark_submit.py:491} INFO - 23/09/04 16:40:59 INFO Executor: Running task 0.0 in stage 0.0 (TID 0)
[2023-09-04T16:41:01.175-0300] {spark_submit.py:491} INFO - 23/09/04 16:41:01 INFO CodeGenerator: Code generated in 92.145404 ms
[2023-09-04T16:41:01.291-0300] {spark_submit.py:491} INFO - 23/09/04 16:41:01 INFO CodeGenerator: Code generated in 51.556613 ms
[2023-09-04T16:41:01.349-0300] {spark_submit.py:491} INFO - 23/09/04 16:41:01 INFO CodeGenerator: Code generated in 42.952991 ms
[2023-09-04T16:41:01.645-0300] {spark_submit.py:491} INFO - 23/09/04 16:41:01 INFO PythonRunner: Times: total = 821, boot = 691, init = 130, finish = 0
[2023-09-04T16:41:02.112-0300] {spark_submit.py:491} INFO - 23/09/04 16:41:02 INFO Executor: Finished task 0.0 in stage 0.0 (TID 0). 3014 bytes result sent to driver
[2023-09-04T16:41:02.165-0300] {spark_submit.py:491} INFO - 23/09/04 16:41:02 INFO TaskSetManager: Finished task 0.0 in stage 0.0 (TID 0) in 2310 ms on 192.168.0.53 (executor driver) (1/1)
[2023-09-04T16:41:02.177-0300] {spark_submit.py:491} INFO - 23/09/04 16:41:02 INFO TaskSchedulerImpl: Removed TaskSet 0.0, whose tasks have all completed, from pool
[2023-09-04T16:41:02.183-0300] {spark_submit.py:491} INFO - 23/09/04 16:41:02 INFO PythonAccumulatorV2: Connected to AccumulatorServer at host: 127.0.0.1 port: 46029
[2023-09-04T16:41:02.200-0300] {spark_submit.py:491} INFO - 23/09/04 16:41:02 INFO DAGScheduler: ShuffleMapStage 0 (isEmpty at NativeMethodAccessorImpl.java:0) finished in 2,793 s
[2023-09-04T16:41:02.202-0300] {spark_submit.py:491} INFO - 23/09/04 16:41:02 INFO DAGScheduler: looking for newly runnable stages
[2023-09-04T16:41:02.202-0300] {spark_submit.py:491} INFO - 23/09/04 16:41:02 INFO DAGScheduler: running: HashSet()
[2023-09-04T16:41:02.203-0300] {spark_submit.py:491} INFO - 23/09/04 16:41:02 INFO DAGScheduler: waiting: HashSet()
[2023-09-04T16:41:02.203-0300] {spark_submit.py:491} INFO - 23/09/04 16:41:02 INFO DAGScheduler: failed: HashSet()
[2023-09-04T16:41:02.261-0300] {spark_submit.py:491} INFO - 23/09/04 16:41:02 INFO ShufflePartitionsUtil: For shuffle(0), advisory target size: 67108864, actual target size 1048576, minimum partition size: 1048576
[2023-09-04T16:41:02.300-0300] {spark_submit.py:491} INFO - 23/09/04 16:41:02 INFO HashAggregateExec: spark.sql.codegen.aggregate.map.twolevel.enabled is set to true, but current version of codegened fast hashmap does not support this aggregate.
[2023-09-04T16:41:02.359-0300] {spark_submit.py:491} INFO - 23/09/04 16:41:02 INFO CodeGenerator: Code generated in 55.379651 ms
[2023-09-04T16:41:02.404-0300] {spark_submit.py:491} INFO - 23/09/04 16:41:02 INFO SparkContext: Starting job: isEmpty at NativeMethodAccessorImpl.java:0
[2023-09-04T16:41:02.407-0300] {spark_submit.py:491} INFO - 23/09/04 16:41:02 INFO DAGScheduler: Got job 1 (isEmpty at NativeMethodAccessorImpl.java:0) with 1 output partitions
[2023-09-04T16:41:02.408-0300] {spark_submit.py:491} INFO - 23/09/04 16:41:02 INFO DAGScheduler: Final stage: ResultStage 2 (isEmpty at NativeMethodAccessorImpl.java:0)
[2023-09-04T16:41:02.410-0300] {spark_submit.py:491} INFO - 23/09/04 16:41:02 INFO DAGScheduler: Parents of final stage: List(ShuffleMapStage 1)
[2023-09-04T16:41:02.411-0300] {spark_submit.py:491} INFO - 23/09/04 16:41:02 INFO DAGScheduler: Missing parents: List()
[2023-09-04T16:41:02.433-0300] {spark_submit.py:491} INFO - 23/09/04 16:41:02 INFO DAGScheduler: Submitting ResultStage 2 (MapPartitionsRDD[9] at isEmpty at NativeMethodAccessorImpl.java:0), which has no missing parents
[2023-09-04T16:41:02.504-0300] {spark_submit.py:491} INFO - 23/09/04 16:41:02 INFO MemoryStore: Block broadcast_1 stored as values in memory (estimated size 33.3 KiB, free 434.3 MiB)
[2023-09-04T16:41:02.524-0300] {spark_submit.py:491} INFO - 23/09/04 16:41:02 INFO MemoryStore: Block broadcast_1_piece0 stored as bytes in memory (estimated size 15.7 KiB, free 434.3 MiB)
[2023-09-04T16:41:02.525-0300] {spark_submit.py:491} INFO - 23/09/04 16:41:02 INFO BlockManagerInfo: Added broadcast_1_piece0 in memory on 192.168.0.53:45685 (size: 15.7 KiB, free: 434.4 MiB)
[2023-09-04T16:41:02.542-0300] {spark_submit.py:491} INFO - 23/09/04 16:41:02 INFO SparkContext: Created broadcast 1 from broadcast at DAGScheduler.scala:1535
[2023-09-04T16:41:02.545-0300] {spark_submit.py:491} INFO - 23/09/04 16:41:02 INFO DAGScheduler: Submitting 1 missing tasks from ResultStage 2 (MapPartitionsRDD[9] at isEmpty at NativeMethodAccessorImpl.java:0) (first 15 tasks are for partitions Vector(0))
[2023-09-04T16:41:02.545-0300] {spark_submit.py:491} INFO - 23/09/04 16:41:02 INFO TaskSchedulerImpl: Adding task set 2.0 with 1 tasks resource profile 0
[2023-09-04T16:41:02.567-0300] {spark_submit.py:491} INFO - 23/09/04 16:41:02 INFO TaskSetManager: Starting task 0.0 in stage 2.0 (TID 1) (192.168.0.53, executor driver, partition 0, NODE_LOCAL, 7437 bytes)
[2023-09-04T16:41:02.582-0300] {spark_submit.py:491} INFO - 23/09/04 16:41:02 INFO Executor: Running task 0.0 in stage 2.0 (TID 1)
[2023-09-04T16:41:02.682-0300] {spark_submit.py:491} INFO - 23/09/04 16:41:02 INFO BlockManagerInfo: Removed broadcast_0_piece0 on 192.168.0.53:45685 in memory (size: 14.2 KiB, free: 434.4 MiB)
[2023-09-04T16:41:02.816-0300] {spark_submit.py:491} INFO - 23/09/04 16:41:02 INFO ShuffleBlockFetcherIterator: Getting 1 (12.3 KiB) non-empty blocks including 1 (12.3 KiB) local and 0 (0.0 B) host-local and 0 (0.0 B) push-merged-local and 0 (0.0 B) remote blocks
[2023-09-04T16:41:02.820-0300] {spark_submit.py:491} INFO - 23/09/04 16:41:02 INFO ShuffleBlockFetcherIterator: Started 0 remote fetches in 22 ms
[2023-09-04T16:41:02.923-0300] {spark_submit.py:491} INFO - 23/09/04 16:41:02 INFO Executor: Finished task 0.0 in stage 2.0 (TID 1). 5358 bytes result sent to driver
[2023-09-04T16:41:02.940-0300] {spark_submit.py:491} INFO - 23/09/04 16:41:02 INFO TaskSetManager: Finished task 0.0 in stage 2.0 (TID 1) in 377 ms on 192.168.0.53 (executor driver) (1/1)
[2023-09-04T16:41:02.942-0300] {spark_submit.py:491} INFO - 23/09/04 16:41:02 INFO TaskSchedulerImpl: Removed TaskSet 2.0, whose tasks have all completed, from pool
[2023-09-04T16:41:02.949-0300] {spark_submit.py:491} INFO - 23/09/04 16:41:02 INFO DAGScheduler: ResultStage 2 (isEmpty at NativeMethodAccessorImpl.java:0) finished in 0,465 s
[2023-09-04T16:41:02.949-0300] {spark_submit.py:491} INFO - 23/09/04 16:41:02 INFO DAGScheduler: Job 1 is finished. Cancelling potential speculative or zombie tasks for this job
[2023-09-04T16:41:02.949-0300] {spark_submit.py:491} INFO - 23/09/04 16:41:02 INFO TaskSchedulerImpl: Killing all running tasks in stage 2: Stage finished
[2023-09-04T16:41:02.949-0300] {spark_submit.py:491} INFO - 23/09/04 16:41:02 INFO DAGScheduler: Job 1 finished: isEmpty at NativeMethodAccessorImpl.java:0, took 0,540813 s
[2023-09-04T16:41:03.349-0300] {spark_submit.py:491} INFO - 23/09/04 16:41:03 INFO CodeGenerator: Code generated in 132.926429 ms
[2023-09-04T16:41:03.381-0300] {spark_submit.py:491} INFO - 23/09/04 16:41:03 INFO DAGScheduler: Registering RDD 11 (toPandas at /home/enricolm/Documents/Sprinklr_Airflow/dadosvm/Airflow_Investimento/Scripts/Operators/Raw_Operator.py:60) as input to shuffle 1
[2023-09-04T16:41:03.381-0300] {spark_submit.py:491} INFO - 23/09/04 16:41:03 INFO DAGScheduler: Got map stage job 2 (toPandas at /home/enricolm/Documents/Sprinklr_Airflow/dadosvm/Airflow_Investimento/Scripts/Operators/Raw_Operator.py:60) with 1 output partitions
[2023-09-04T16:41:03.382-0300] {spark_submit.py:491} INFO - 23/09/04 16:41:03 INFO DAGScheduler: Final stage: ShuffleMapStage 3 (toPandas at /home/enricolm/Documents/Sprinklr_Airflow/dadosvm/Airflow_Investimento/Scripts/Operators/Raw_Operator.py:60)
[2023-09-04T16:41:03.382-0300] {spark_submit.py:491} INFO - 23/09/04 16:41:03 INFO DAGScheduler: Parents of final stage: List()
[2023-09-04T16:41:03.382-0300] {spark_submit.py:491} INFO - 23/09/04 16:41:03 INFO DAGScheduler: Missing parents: List()
[2023-09-04T16:41:03.401-0300] {spark_submit.py:491} INFO - 23/09/04 16:41:03 INFO DAGScheduler: Submitting ShuffleMapStage 3 (MapPartitionsRDD[11] at toPandas at /home/enricolm/Documents/Sprinklr_Airflow/dadosvm/Airflow_Investimento/Scripts/Operators/Raw_Operator.py:60), which has no missing parents
[2023-09-04T16:41:03.427-0300] {spark_submit.py:491} INFO - 23/09/04 16:41:03 INFO MemoryStore: Block broadcast_2 stored as values in memory (estimated size 50.5 KiB, free 434.3 MiB)
[2023-09-04T16:41:03.468-0300] {spark_submit.py:491} INFO - 23/09/04 16:41:03 INFO MemoryStore: Block broadcast_2_piece0 stored as bytes in memory (estimated size 21.0 KiB, free 434.3 MiB)
[2023-09-04T16:41:03.480-0300] {spark_submit.py:491} INFO - 23/09/04 16:41:03 INFO BlockManagerInfo: Added broadcast_2_piece0 in memory on 192.168.0.53:45685 (size: 21.0 KiB, free: 434.4 MiB)
[2023-09-04T16:41:03.480-0300] {spark_submit.py:491} INFO - 23/09/04 16:41:03 INFO SparkContext: Created broadcast 2 from broadcast at DAGScheduler.scala:1535
[2023-09-04T16:41:03.488-0300] {spark_submit.py:491} INFO - 23/09/04 16:41:03 INFO DAGScheduler: Submitting 1 missing tasks from ShuffleMapStage 3 (MapPartitionsRDD[11] at toPandas at /home/enricolm/Documents/Sprinklr_Airflow/dadosvm/Airflow_Investimento/Scripts/Operators/Raw_Operator.py:60) (first 15 tasks are for partitions Vector(0))
[2023-09-04T16:41:03.490-0300] {spark_submit.py:491} INFO - 23/09/04 16:41:03 INFO TaskSchedulerImpl: Adding task set 3.0 with 1 tasks resource profile 0
[2023-09-04T16:41:03.490-0300] {spark_submit.py:491} INFO - 23/09/04 16:41:03 INFO BlockManagerInfo: Removed broadcast_1_piece0 on 192.168.0.53:45685 in memory (size: 15.7 KiB, free: 434.4 MiB)
[2023-09-04T16:41:03.490-0300] {spark_submit.py:491} INFO - 23/09/04 16:41:03 INFO TaskSetManager: Starting task 0.0 in stage 3.0 (TID 2) (192.168.0.53, executor driver, partition 0, PROCESS_LOCAL, 19140 bytes)
[2023-09-04T16:41:03.490-0300] {spark_submit.py:491} INFO - 23/09/04 16:41:03 INFO Executor: Running task 0.0 in stage 3.0 (TID 2)
[2023-09-04T16:41:03.643-0300] {spark_submit.py:491} INFO - 23/09/04 16:41:03 INFO CodeGenerator: Code generated in 12.713836 ms
[2023-09-04T16:41:03.713-0300] {spark_submit.py:491} INFO - 23/09/04 16:41:03 INFO CodeGenerator: Code generated in 54.003701 ms
[2023-09-04T16:41:03.803-0300] {spark_submit.py:491} INFO - 23/09/04 16:41:03 INFO PythonRunner: Times: total = 65, boot = -2402, init = 2467, finish = 0
[2023-09-04T16:41:03.858-0300] {spark_submit.py:491} INFO - 23/09/04 16:41:03 INFO Executor: Finished task 0.0 in stage 3.0 (TID 2). 3014 bytes result sent to driver
[2023-09-04T16:41:03.894-0300] {spark_submit.py:491} INFO - 23/09/04 16:41:03 INFO TaskSetManager: Finished task 0.0 in stage 3.0 (TID 2) in 406 ms on 192.168.0.53 (executor driver) (1/1)
[2023-09-04T16:41:03.896-0300] {spark_submit.py:491} INFO - 23/09/04 16:41:03 INFO TaskSchedulerImpl: Removed TaskSet 3.0, whose tasks have all completed, from pool
[2023-09-04T16:41:03.897-0300] {spark_submit.py:491} INFO - 23/09/04 16:41:03 INFO DAGScheduler: ShuffleMapStage 3 (toPandas at /home/enricolm/Documents/Sprinklr_Airflow/dadosvm/Airflow_Investimento/Scripts/Operators/Raw_Operator.py:60) finished in 0,493 s
[2023-09-04T16:41:03.897-0300] {spark_submit.py:491} INFO - 23/09/04 16:41:03 INFO DAGScheduler: looking for newly runnable stages
[2023-09-04T16:41:03.898-0300] {spark_submit.py:491} INFO - 23/09/04 16:41:03 INFO DAGScheduler: running: HashSet()
[2023-09-04T16:41:03.899-0300] {spark_submit.py:491} INFO - 23/09/04 16:41:03 INFO DAGScheduler: waiting: HashSet()
[2023-09-04T16:41:03.899-0300] {spark_submit.py:491} INFO - 23/09/04 16:41:03 INFO DAGScheduler: failed: HashSet()
[2023-09-04T16:41:03.921-0300] {spark_submit.py:491} INFO - 23/09/04 16:41:03 INFO ShufflePartitionsUtil: For shuffle(1), advisory target size: 67108864, actual target size 1048576, minimum partition size: 1048576
[2023-09-04T16:41:03.936-0300] {spark_submit.py:491} INFO - 23/09/04 16:41:03 INFO HashAggregateExec: spark.sql.codegen.aggregate.map.twolevel.enabled is set to true, but current version of codegened fast hashmap does not support this aggregate.
[2023-09-04T16:41:04.007-0300] {spark_submit.py:491} INFO - 23/09/04 16:41:04 INFO CodeGenerator: Code generated in 25.708897 ms
[2023-09-04T16:41:04.060-0300] {spark_submit.py:491} INFO - 23/09/04 16:41:04 INFO SparkContext: Starting job: toPandas at /home/enricolm/Documents/Sprinklr_Airflow/dadosvm/Airflow_Investimento/Scripts/Operators/Raw_Operator.py:60
[2023-09-04T16:41:04.061-0300] {spark_submit.py:491} INFO - 23/09/04 16:41:04 INFO DAGScheduler: Got job 3 (toPandas at /home/enricolm/Documents/Sprinklr_Airflow/dadosvm/Airflow_Investimento/Scripts/Operators/Raw_Operator.py:60) with 1 output partitions
[2023-09-04T16:41:04.062-0300] {spark_submit.py:491} INFO - 23/09/04 16:41:04 INFO DAGScheduler: Final stage: ResultStage 5 (toPandas at /home/enricolm/Documents/Sprinklr_Airflow/dadosvm/Airflow_Investimento/Scripts/Operators/Raw_Operator.py:60)
[2023-09-04T16:41:04.062-0300] {spark_submit.py:491} INFO - 23/09/04 16:41:04 INFO DAGScheduler: Parents of final stage: List(ShuffleMapStage 4)
[2023-09-04T16:41:04.062-0300] {spark_submit.py:491} INFO - 23/09/04 16:41:04 INFO DAGScheduler: Missing parents: List()
[2023-09-04T16:41:04.069-0300] {spark_submit.py:491} INFO - 23/09/04 16:41:04 INFO DAGScheduler: Submitting ResultStage 5 (MapPartitionsRDD[14] at toPandas at /home/enricolm/Documents/Sprinklr_Airflow/dadosvm/Airflow_Investimento/Scripts/Operators/Raw_Operator.py:60), which has no missing parents
[2023-09-04T16:41:04.074-0300] {spark_submit.py:491} INFO - 23/09/04 16:41:04 INFO MemoryStore: Block broadcast_3 stored as values in memory (estimated size 54.6 KiB, free 434.3 MiB)
[2023-09-04T16:41:04.123-0300] {spark_submit.py:491} INFO - 23/09/04 16:41:04 INFO MemoryStore: Block broadcast_3_piece0 stored as bytes in memory (estimated size 22.0 KiB, free 434.3 MiB)
[2023-09-04T16:41:04.127-0300] {spark_submit.py:491} INFO - 23/09/04 16:41:04 INFO BlockManagerInfo: Added broadcast_3_piece0 in memory on 192.168.0.53:45685 (size: 22.0 KiB, free: 434.4 MiB)
[2023-09-04T16:41:04.136-0300] {spark_submit.py:491} INFO - 23/09/04 16:41:04 INFO SparkContext: Created broadcast 3 from broadcast at DAGScheduler.scala:1535
[2023-09-04T16:41:04.162-0300] {spark_submit.py:491} INFO - 23/09/04 16:41:04 INFO BlockManagerInfo: Removed broadcast_2_piece0 on 192.168.0.53:45685 in memory (size: 21.0 KiB, free: 434.4 MiB)
[2023-09-04T16:41:04.162-0300] {spark_submit.py:491} INFO - 23/09/04 16:41:04 INFO DAGScheduler: Submitting 1 missing tasks from ResultStage 5 (MapPartitionsRDD[14] at toPandas at /home/enricolm/Documents/Sprinklr_Airflow/dadosvm/Airflow_Investimento/Scripts/Operators/Raw_Operator.py:60) (first 15 tasks are for partitions Vector(0))
[2023-09-04T16:41:04.163-0300] {spark_submit.py:491} INFO - 23/09/04 16:41:04 INFO TaskSchedulerImpl: Adding task set 5.0 with 1 tasks resource profile 0
[2023-09-04T16:41:04.176-0300] {spark_submit.py:491} INFO - 23/09/04 16:41:04 INFO TaskSetManager: Starting task 0.0 in stage 5.0 (TID 3) (192.168.0.53, executor driver, partition 0, NODE_LOCAL, 7437 bytes)
[2023-09-04T16:41:04.176-0300] {spark_submit.py:491} INFO - 23/09/04 16:41:04 INFO Executor: Running task 0.0 in stage 5.0 (TID 3)
[2023-09-04T16:41:04.237-0300] {spark_submit.py:491} INFO - 23/09/04 16:41:04 INFO ShuffleBlockFetcherIterator: Getting 1 (18.0 KiB) non-empty blocks including 1 (18.0 KiB) local and 0 (0.0 B) host-local and 0 (0.0 B) push-merged-local and 0 (0.0 B) remote blocks
[2023-09-04T16:41:04.238-0300] {spark_submit.py:491} INFO - 23/09/04 16:41:04 INFO ShuffleBlockFetcherIterator: Started 0 remote fetches in 4 ms
[2023-09-04T16:41:04.345-0300] {spark_submit.py:491} INFO - 23/09/04 16:41:04 INFO Executor: Finished task 0.0 in stage 5.0 (TID 3). 10818 bytes result sent to driver
[2023-09-04T16:41:04.349-0300] {spark_submit.py:491} INFO - 23/09/04 16:41:04 INFO TaskSetManager: Finished task 0.0 in stage 5.0 (TID 3) in 189 ms on 192.168.0.53 (executor driver) (1/1)
[2023-09-04T16:41:04.350-0300] {spark_submit.py:491} INFO - 23/09/04 16:41:04 INFO TaskSchedulerImpl: Removed TaskSet 5.0, whose tasks have all completed, from pool
[2023-09-04T16:41:04.359-0300] {spark_submit.py:491} INFO - 23/09/04 16:41:04 INFO DAGScheduler: ResultStage 5 (toPandas at /home/enricolm/Documents/Sprinklr_Airflow/dadosvm/Airflow_Investimento/Scripts/Operators/Raw_Operator.py:60) finished in 0,280 s
[2023-09-04T16:41:04.360-0300] {spark_submit.py:491} INFO - 23/09/04 16:41:04 INFO DAGScheduler: Job 3 is finished. Cancelling potential speculative or zombie tasks for this job
[2023-09-04T16:41:04.361-0300] {spark_submit.py:491} INFO - 23/09/04 16:41:04 INFO TaskSchedulerImpl: Killing all running tasks in stage 5: Stage finished
[2023-09-04T16:41:04.361-0300] {spark_submit.py:491} INFO - 23/09/04 16:41:04 INFO DAGScheduler: Job 3 finished: toPandas at /home/enricolm/Documents/Sprinklr_Airflow/dadosvm/Airflow_Investimento/Scripts/Operators/Raw_Operator.py:60, took 0,291159 s
[2023-09-04T16:41:04.539-0300] {spark_submit.py:491} INFO - 23/09/04 16:41:04 INFO SparkContext: SparkContext is stopping with exitCode 0.
[2023-09-04T16:41:04.581-0300] {spark_submit.py:491} INFO - 23/09/04 16:41:04 INFO SparkUI: Stopped Spark web UI at http://192.168.0.53:4040
[2023-09-04T16:41:04.703-0300] {spark_submit.py:491} INFO - 23/09/04 16:41:04 INFO MapOutputTrackerMasterEndpoint: MapOutputTrackerMasterEndpoint stopped!
[2023-09-04T16:41:04.766-0300] {spark_submit.py:491} INFO - 23/09/04 16:41:04 INFO MemoryStore: MemoryStore cleared
[2023-09-04T16:41:04.767-0300] {spark_submit.py:491} INFO - 23/09/04 16:41:04 INFO BlockManager: BlockManager stopped
[2023-09-04T16:41:04.793-0300] {spark_submit.py:491} INFO - 23/09/04 16:41:04 INFO BlockManagerMaster: BlockManagerMaster stopped
[2023-09-04T16:41:04.820-0300] {spark_submit.py:491} INFO - 23/09/04 16:41:04 INFO OutputCommitCoordinator$OutputCommitCoordinatorEndpoint: OutputCommitCoordinator stopped!
[2023-09-04T16:41:04.843-0300] {spark_submit.py:491} INFO - 23/09/04 16:41:04 INFO SparkContext: Successfully stopped SparkContext
[2023-09-04T16:41:05.502-0300] {spark_submit.py:491} INFO - 23/09/04 16:41:05 INFO ShutdownHookManager: Shutdown hook called
[2023-09-04T16:41:05.502-0300] {spark_submit.py:491} INFO - 23/09/04 16:41:05 INFO ShutdownHookManager: Deleting directory /tmp/spark-ed65c4bc-c49d-4831-ab22-90a524429759/pyspark-4aecffa2-a6a2-4eed-91a6-334fb0cc67ce
[2023-09-04T16:41:05.512-0300] {spark_submit.py:491} INFO - 23/09/04 16:41:05 INFO ShutdownHookManager: Deleting directory /tmp/spark-ed65c4bc-c49d-4831-ab22-90a524429759
[2023-09-04T16:41:05.520-0300] {spark_submit.py:491} INFO - 23/09/04 16:41:05 INFO ShutdownHookManager: Deleting directory /tmp/spark-e494f500-4a52-401b-bfcd-b75bafded0f9
[2023-09-04T16:41:05.613-0300] {taskinstance.py:1345} INFO - Marking task as SUCCESS. dag_id=Investimento_api, task_id=Extracao_Invest, execution_date=20230904T194035, start_date=20230904T194036, end_date=20230904T194105
[2023-09-04T16:41:05.657-0300] {local_task_job_runner.py:225} INFO - Task exited with return code 0
[2023-09-04T16:41:05.698-0300] {taskinstance.py:2653} INFO - 1 downstream tasks scheduled from follow-on schedule check
