[2023-08-09T17:51:15.074-0300] {taskinstance.py:1103} INFO - Dependencies all met for dep_context=non-requeueable deps ti=<TaskInstance: Investimento_api.Extracao_Invest manual__2023-08-09T20:51:12.198096+00:00 [queued]>
[2023-08-09T17:51:15.078-0300] {taskinstance.py:1103} INFO - Dependencies all met for dep_context=requeueable deps ti=<TaskInstance: Investimento_api.Extracao_Invest manual__2023-08-09T20:51:12.198096+00:00 [queued]>
[2023-08-09T17:51:15.078-0300] {taskinstance.py:1308} INFO - Starting attempt 1 of 1
[2023-08-09T17:51:15.096-0300] {taskinstance.py:1327} INFO - Executing <Task(SparkSubmitOperator): Extracao_Invest> on 2023-08-09 20:51:12.198096+00:00
[2023-08-09T17:51:15.103-0300] {standard_task_runner.py:57} INFO - Started process 6804 to run task
[2023-08-09T17:51:15.106-0300] {standard_task_runner.py:84} INFO - Running: ['airflow', 'tasks', 'run', 'Investimento_api', 'Extracao_Invest', 'manual__2023-08-09T20:51:12.198096+00:00', '--job-id', '22', '--raw', '--subdir', 'DAGS_FOLDER/dag.py', '--cfg-path', '/tmp/tmppm3b7cmx']
[2023-08-09T17:51:15.107-0300] {standard_task_runner.py:85} INFO - Job 22: Subtask Extracao_Invest
[2023-08-09T17:51:15.158-0300] {task_command.py:410} INFO - Running <TaskInstance: Investimento_api.Extracao_Invest manual__2023-08-09T20:51:12.198096+00:00 [running]> on host VMEnricolm.myguest.virtualbox.org
[2023-08-09T17:51:15.211-0300] {taskinstance.py:1545} INFO - Exporting env vars: AIRFLOW_CTX_DAG_OWNER='airflow' AIRFLOW_CTX_DAG_ID='Investimento_api' AIRFLOW_CTX_TASK_ID='Extracao_Invest' AIRFLOW_CTX_EXECUTION_DATE='2023-08-09T20:51:12.198096+00:00' AIRFLOW_CTX_TRY_NUMBER='1' AIRFLOW_CTX_DAG_RUN_ID='manual__2023-08-09T20:51:12.198096+00:00'
[2023-08-09T17:51:15.215-0300] {base.py:73} INFO - Using connection ID 'spark_default' for task execution.
[2023-08-09T17:51:15.216-0300] {spark_submit.py:340} INFO - Spark-Submit cmd: spark-submit --master local --name Extracao_Invest /home/enricolm/Documents/Sprinklr_Airflow/dadosvm/Airflow_Investimento/Scripts/Operators/Raw_Operator.py
[2023-08-09T17:51:16.757-0300] {spark_submit.py:491} INFO - 23/08/09 17:51:16 WARN Utils: Your hostname, VMEnricolm resolves to a loopback address: 127.0.1.1; using 192.168.0.63 instead (on interface enp0s3)
[2023-08-09T17:51:16.760-0300] {spark_submit.py:491} INFO - 23/08/09 17:51:16 WARN Utils: Set SPARK_LOCAL_IP if you need to bind to another address
[2023-08-09T17:51:17.514-0300] {spark_submit.py:491} INFO - Traceback (most recent call last):
[2023-08-09T17:51:17.514-0300] {spark_submit.py:491} INFO - File "/home/enricolm/Documents/Sprinklr_Airflow/dadosvm/Airflow_Investimento/Scripts/Operators/Raw_Operator.py", line 2, in <module>
[2023-08-09T17:51:17.514-0300] {spark_submit.py:491} INFO - import yfinance
[2023-08-09T17:51:17.514-0300] {spark_submit.py:491} INFO - ModuleNotFoundError: No module named 'yfinance'
[2023-08-09T17:51:17.537-0300] {spark_submit.py:491} INFO - 23/08/09 17:51:17 INFO ShutdownHookManager: Shutdown hook called
[2023-08-09T17:51:17.539-0300] {spark_submit.py:491} INFO - 23/08/09 17:51:17 INFO ShutdownHookManager: Deleting directory /tmp/spark-df4aee2e-3851-400b-9b36-582ba727df5c
[2023-08-09T17:51:17.578-0300] {taskinstance.py:1824} ERROR - Task failed with exception
Traceback (most recent call last):
  File "/home/enricolm/Documents/Sprinklr_Airflow/dadosvm/Airflow_Investimento/venv/lib/python3.10/site-packages/airflow/providers/apache/spark/operators/spark_submit.py", line 156, in execute
    self._hook.submit(self._application)
  File "/home/enricolm/Documents/Sprinklr_Airflow/dadosvm/Airflow_Investimento/venv/lib/python3.10/site-packages/airflow/providers/apache/spark/hooks/spark_submit.py", line 422, in submit
    raise AirflowException(
airflow.exceptions.AirflowException: Cannot execute: spark-submit --master local --name Extracao_Invest /home/enricolm/Documents/Sprinklr_Airflow/dadosvm/Airflow_Investimento/Scripts/Operators/Raw_Operator.py. Error code is: 1.
[2023-08-09T17:51:17.580-0300] {taskinstance.py:1345} INFO - Marking task as FAILED. dag_id=Investimento_api, task_id=Extracao_Invest, execution_date=20230809T205112, start_date=20230809T205115, end_date=20230809T205117
[2023-08-09T17:51:17.592-0300] {standard_task_runner.py:104} ERROR - Failed to execute job 22 for task Extracao_Invest (Cannot execute: spark-submit --master local --name Extracao_Invest /home/enricolm/Documents/Sprinklr_Airflow/dadosvm/Airflow_Investimento/Scripts/Operators/Raw_Operator.py. Error code is: 1.; 6804)
[2023-08-09T17:51:17.612-0300] {local_task_job_runner.py:225} INFO - Task exited with return code 1
[2023-08-09T17:51:17.622-0300] {taskinstance.py:2653} INFO - 0 downstream tasks scheduled from follow-on schedule check
