[2023-08-09T18:02:43.609-0300] {taskinstance.py:1103} INFO - Dependencies all met for dep_context=non-requeueable deps ti=<TaskInstance: Investimento_api.Extracao_Invest manual__2023-08-09T21:02:40.697958+00:00 [queued]>
[2023-08-09T18:02:43.616-0300] {taskinstance.py:1103} INFO - Dependencies all met for dep_context=requeueable deps ti=<TaskInstance: Investimento_api.Extracao_Invest manual__2023-08-09T21:02:40.697958+00:00 [queued]>
[2023-08-09T18:02:43.616-0300] {taskinstance.py:1308} INFO - Starting attempt 1 of 1
[2023-08-09T18:02:43.663-0300] {taskinstance.py:1327} INFO - Executing <Task(SparkSubmitOperator): Extracao_Invest> on 2023-08-09 21:02:40.697958+00:00
[2023-08-09T18:02:43.665-0300] {standard_task_runner.py:57} INFO - Started process 7544 to run task
[2023-08-09T18:02:43.669-0300] {standard_task_runner.py:84} INFO - Running: ['airflow', 'tasks', 'run', 'Investimento_api', 'Extracao_Invest', 'manual__2023-08-09T21:02:40.697958+00:00', '--job-id', '26', '--raw', '--subdir', 'DAGS_FOLDER/dag.py', '--cfg-path', '/tmp/tmp_v4ldopw']
[2023-08-09T18:02:43.670-0300] {standard_task_runner.py:85} INFO - Job 26: Subtask Extracao_Invest
[2023-08-09T18:02:43.712-0300] {task_command.py:410} INFO - Running <TaskInstance: Investimento_api.Extracao_Invest manual__2023-08-09T21:02:40.697958+00:00 [running]> on host VMEnricolm.myguest.virtualbox.org
[2023-08-09T18:02:43.762-0300] {taskinstance.py:1545} INFO - Exporting env vars: AIRFLOW_CTX_DAG_OWNER='airflow' AIRFLOW_CTX_DAG_ID='Investimento_api' AIRFLOW_CTX_TASK_ID='Extracao_Invest' AIRFLOW_CTX_EXECUTION_DATE='2023-08-09T21:02:40.697958+00:00' AIRFLOW_CTX_TRY_NUMBER='1' AIRFLOW_CTX_DAG_RUN_ID='manual__2023-08-09T21:02:40.697958+00:00'
[2023-08-09T18:02:43.765-0300] {base.py:73} INFO - Using connection ID 'spark_default' for task execution.
[2023-08-09T18:02:43.766-0300] {spark_submit.py:340} INFO - Spark-Submit cmd: spark-submit --master local --name Extracao_Invest /home/enricolm/Documents/Sprinklr_Airflow/dadosvm/Airflow_Investimento/Scripts/Operators/Raw_Operator.py
[2023-08-09T18:02:45.483-0300] {spark_submit.py:491} INFO - 23/08/09 18:02:45 WARN Utils: Your hostname, VMEnricolm resolves to a loopback address: 127.0.1.1; using 192.168.0.63 instead (on interface enp0s3)
[2023-08-09T18:02:45.488-0300] {spark_submit.py:491} INFO - 23/08/09 18:02:45 WARN Utils: Set SPARK_LOCAL_IP if you need to bind to another address
[2023-08-09T18:02:47.704-0300] {spark_submit.py:491} INFO - 23/08/09 18:02:47 INFO SparkContext: Running Spark version 3.4.1
[2023-08-09T18:02:47.817-0300] {spark_submit.py:491} INFO - 23/08/09 18:02:47 WARN NativeCodeLoader: Unable to load native-hadoop library for your platform... using builtin-java classes where applicable
[2023-08-09T18:02:48.090-0300] {spark_submit.py:491} INFO - 23/08/09 18:02:48 INFO ResourceUtils: ==============================================================
[2023-08-09T18:02:48.091-0300] {spark_submit.py:491} INFO - 23/08/09 18:02:48 INFO ResourceUtils: No custom resources configured for spark.driver.
[2023-08-09T18:02:48.091-0300] {spark_submit.py:491} INFO - 23/08/09 18:02:48 INFO ResourceUtils: ==============================================================
[2023-08-09T18:02:48.091-0300] {spark_submit.py:491} INFO - 23/08/09 18:02:48 INFO SparkContext: Submitted application: extracao_Finance
[2023-08-09T18:02:48.143-0300] {spark_submit.py:491} INFO - 23/08/09 18:02:48 INFO ResourceProfile: Default ResourceProfile created, executor resources: Map(cores -> name: cores, amount: 1, script: , vendor: , memory -> name: memory, amount: 1024, script: , vendor: , offHeap -> name: offHeap, amount: 0, script: , vendor: ), task resources: Map(cpus -> name: cpus, amount: 1.0)
[2023-08-09T18:02:48.208-0300] {spark_submit.py:491} INFO - 23/08/09 18:02:48 INFO ResourceProfile: Limiting resource is cpu
[2023-08-09T18:02:48.209-0300] {spark_submit.py:491} INFO - 23/08/09 18:02:48 INFO ResourceProfileManager: Added ResourceProfile id: 0
[2023-08-09T18:02:48.441-0300] {spark_submit.py:491} INFO - 23/08/09 18:02:48 INFO SecurityManager: Changing view acls to: enricolm
[2023-08-09T18:02:48.442-0300] {spark_submit.py:491} INFO - 23/08/09 18:02:48 INFO SecurityManager: Changing modify acls to: enricolm
[2023-08-09T18:02:48.442-0300] {spark_submit.py:491} INFO - 23/08/09 18:02:48 INFO SecurityManager: Changing view acls groups to:
[2023-08-09T18:02:48.443-0300] {spark_submit.py:491} INFO - 23/08/09 18:02:48 INFO SecurityManager: Changing modify acls groups to:
[2023-08-09T18:02:48.443-0300] {spark_submit.py:491} INFO - 23/08/09 18:02:48 INFO SecurityManager: SecurityManager: authentication disabled; ui acls disabled; users with view permissions: enricolm; groups with view permissions: EMPTY; users with modify permissions: enricolm; groups with modify permissions: EMPTY
[2023-08-09T18:02:48.985-0300] {spark_submit.py:491} INFO - 23/08/09 18:02:48 INFO Utils: Successfully started service 'sparkDriver' on port 45033.
[2023-08-09T18:02:49.075-0300] {spark_submit.py:491} INFO - 23/08/09 18:02:49 INFO SparkEnv: Registering MapOutputTracker
[2023-08-09T18:02:49.146-0300] {spark_submit.py:491} INFO - 23/08/09 18:02:49 INFO SparkEnv: Registering BlockManagerMaster
[2023-08-09T18:02:49.172-0300] {spark_submit.py:491} INFO - 23/08/09 18:02:49 INFO BlockManagerMasterEndpoint: Using org.apache.spark.storage.DefaultTopologyMapper for getting topology information
[2023-08-09T18:02:49.172-0300] {spark_submit.py:491} INFO - 23/08/09 18:02:49 INFO BlockManagerMasterEndpoint: BlockManagerMasterEndpoint up
[2023-08-09T18:02:49.176-0300] {spark_submit.py:491} INFO - 23/08/09 18:02:49 INFO SparkEnv: Registering BlockManagerMasterHeartbeat
[2023-08-09T18:02:49.246-0300] {spark_submit.py:491} INFO - 23/08/09 18:02:49 INFO DiskBlockManager: Created local directory at /tmp/blockmgr-2f518a4e-f062-471d-bd80-cb3b09d35ae6
[2023-08-09T18:02:49.275-0300] {spark_submit.py:491} INFO - 23/08/09 18:02:49 INFO MemoryStore: MemoryStore started with capacity 434.4 MiB
[2023-08-09T18:02:49.288-0300] {spark_submit.py:491} INFO - 23/08/09 18:02:49 INFO SparkEnv: Registering OutputCommitCoordinator
[2023-08-09T18:02:49.603-0300] {spark_submit.py:491} INFO - 23/08/09 18:02:49 INFO JettyUtils: Start Jetty 0.0.0.0:4040 for SparkUI
[2023-08-09T18:02:49.678-0300] {spark_submit.py:491} INFO - 23/08/09 18:02:49 INFO Utils: Successfully started service 'SparkUI' on port 4040.
[2023-08-09T18:02:49.817-0300] {spark_submit.py:491} INFO - 23/08/09 18:02:49 INFO Executor: Starting executor ID driver on host 192.168.0.63
[2023-08-09T18:02:49.838-0300] {spark_submit.py:491} INFO - 23/08/09 18:02:49 INFO Executor: Starting executor with user classpath (userClassPathFirst = false): ''
[2023-08-09T18:02:49.869-0300] {spark_submit.py:491} INFO - 23/08/09 18:02:49 INFO Utils: Successfully started service 'org.apache.spark.network.netty.NettyBlockTransferService' on port 34597.
[2023-08-09T18:02:49.869-0300] {spark_submit.py:491} INFO - 23/08/09 18:02:49 INFO NettyBlockTransferService: Server created on 192.168.0.63:34597
[2023-08-09T18:02:49.870-0300] {spark_submit.py:491} INFO - 23/08/09 18:02:49 INFO BlockManager: Using org.apache.spark.storage.RandomBlockReplicationPolicy for block replication policy
[2023-08-09T18:02:49.881-0300] {spark_submit.py:491} INFO - 23/08/09 18:02:49 INFO BlockManagerMaster: Registering BlockManager BlockManagerId(driver, 192.168.0.63, 34597, None)
[2023-08-09T18:02:49.884-0300] {spark_submit.py:491} INFO - 23/08/09 18:02:49 INFO BlockManagerMasterEndpoint: Registering block manager 192.168.0.63:34597 with 434.4 MiB RAM, BlockManagerId(driver, 192.168.0.63, 34597, None)
[2023-08-09T18:02:49.887-0300] {spark_submit.py:491} INFO - 23/08/09 18:02:49 INFO BlockManagerMaster: Registered BlockManager BlockManagerId(driver, 192.168.0.63, 34597, None)
[2023-08-09T18:02:49.889-0300] {spark_submit.py:491} INFO - 23/08/09 18:02:49 INFO BlockManager: Initialized BlockManager: BlockManagerId(driver, 192.168.0.63, 34597, None)
[2023-08-09T18:02:50.989-0300] {spark_submit.py:491} INFO - 23/08/09 18:02:50 INFO SharedState: Setting hive.metastore.warehouse.dir ('null') to the value of spark.sql.warehouse.dir.
[2023-08-09T18:02:50.996-0300] {spark_submit.py:491} INFO - 23/08/09 18:02:50 INFO SharedState: Warehouse path is 'file:/home/enricolm/Documents/Sprinklr_Airflow/dadosvm/Airflow_Investimento/spark-warehouse'.
[2023-08-09T18:02:56.410-0300] {spark_submit.py:491} INFO - 23/08/09 18:02:56 INFO FileOutputCommitter: File Output Committer Algorithm version is 1
[2023-08-09T18:02:56.410-0300] {spark_submit.py:491} INFO - 23/08/09 18:02:56 INFO FileOutputCommitter: FileOutputCommitter skip cleanup _temporary folders under output directory:false, ignore cleanup failures: false
[2023-08-09T18:02:56.411-0300] {spark_submit.py:491} INFO - 23/08/09 18:02:56 INFO SQLHadoopMapReduceCommitProtocol: Using output committer class org.apache.hadoop.mapreduce.lib.output.FileOutputCommitter
[2023-08-09T18:02:57.050-0300] {spark_submit.py:491} INFO - 23/08/09 18:02:57 INFO CodeGenerator: Code generated in 225.029182 ms
[2023-08-09T18:02:57.133-0300] {spark_submit.py:491} INFO - 23/08/09 18:02:57 INFO SparkContext: Starting job: csv at NativeMethodAccessorImpl.java:0
[2023-08-09T18:02:57.282-0300] {spark_submit.py:491} INFO - 23/08/09 18:02:57 INFO DAGScheduler: Got job 0 (csv at NativeMethodAccessorImpl.java:0) with 1 output partitions
[2023-08-09T18:02:57.282-0300] {spark_submit.py:491} INFO - 23/08/09 18:02:57 INFO DAGScheduler: Final stage: ResultStage 0 (csv at NativeMethodAccessorImpl.java:0)
[2023-08-09T18:02:57.283-0300] {spark_submit.py:491} INFO - 23/08/09 18:02:57 INFO DAGScheduler: Parents of final stage: List()
[2023-08-09T18:02:57.285-0300] {spark_submit.py:491} INFO - 23/08/09 18:02:57 INFO DAGScheduler: Missing parents: List()
[2023-08-09T18:02:57.288-0300] {spark_submit.py:491} INFO - 23/08/09 18:02:57 INFO DAGScheduler: Submitting ResultStage 0 (MapPartitionsRDD[7] at csv at NativeMethodAccessorImpl.java:0), which has no missing parents
[2023-08-09T18:02:57.647-0300] {spark_submit.py:491} INFO - 23/08/09 18:02:57 INFO MemoryStore: Block broadcast_0 stored as values in memory (estimated size 219.4 KiB, free 434.2 MiB)
[2023-08-09T18:02:57.749-0300] {spark_submit.py:491} INFO - 23/08/09 18:02:57 INFO MemoryStore: Block broadcast_0_piece0 stored as bytes in memory (estimated size 79.6 KiB, free 434.1 MiB)
[2023-08-09T18:02:57.775-0300] {spark_submit.py:491} INFO - 23/08/09 18:02:57 INFO BlockManagerInfo: Added broadcast_0_piece0 in memory on 192.168.0.63:34597 (size: 79.6 KiB, free: 434.3 MiB)
[2023-08-09T18:02:57.778-0300] {spark_submit.py:491} INFO - 23/08/09 18:02:57 INFO SparkContext: Created broadcast 0 from broadcast at DAGScheduler.scala:1535
[2023-08-09T18:02:57.802-0300] {spark_submit.py:491} INFO - 23/08/09 18:02:57 INFO DAGScheduler: Submitting 1 missing tasks from ResultStage 0 (MapPartitionsRDD[7] at csv at NativeMethodAccessorImpl.java:0) (first 15 tasks are for partitions Vector(0))
[2023-08-09T18:02:57.803-0300] {spark_submit.py:491} INFO - 23/08/09 18:02:57 INFO TaskSchedulerImpl: Adding task set 0.0 with 1 tasks resource profile 0
[2023-08-09T18:02:57.880-0300] {spark_submit.py:491} INFO - 23/08/09 18:02:57 INFO TaskSetManager: Starting task 0.0 in stage 0.0 (TID 0) (192.168.0.63, executor driver, partition 0, PROCESS_LOCAL, 7756 bytes)
[2023-08-09T18:02:57.926-0300] {spark_submit.py:491} INFO - 23/08/09 18:02:57 INFO Executor: Running task 0.0 in stage 0.0 (TID 0)
[2023-08-09T18:02:58.335-0300] {spark_submit.py:491} INFO - 23/08/09 18:02:58 INFO FileOutputCommitter: File Output Committer Algorithm version is 1
[2023-08-09T18:02:58.335-0300] {spark_submit.py:491} INFO - 23/08/09 18:02:58 INFO FileOutputCommitter: FileOutputCommitter skip cleanup _temporary folders under output directory:false, ignore cleanup failures: false
[2023-08-09T18:02:58.336-0300] {spark_submit.py:491} INFO - 23/08/09 18:02:58 INFO SQLHadoopMapReduceCommitProtocol: Using output committer class org.apache.hadoop.mapreduce.lib.output.FileOutputCommitter
[2023-08-09T18:02:59.256-0300] {spark_submit.py:491} INFO - 23/08/09 18:02:59 INFO PythonRunner: Times: total = 699, boot = 611, init = 88, finish = 0
[2023-08-09T18:02:59.300-0300] {spark_submit.py:491} INFO - 23/08/09 18:02:59 INFO FileOutputCommitter: Saved output of task 'attempt_202308091802576679823191572736382_0000_m_000000_0' to file:/home/enricolm/Documents/Sprinklr_Airflow/dadosvm/Airflow_Investimento/datalake/Raw/Data=2023-08-08/_temporary/0/task_202308091802576679823191572736382_0000_m_000000
[2023-08-09T18:02:59.303-0300] {spark_submit.py:491} INFO - 23/08/09 18:02:59 INFO SparkHadoopMapRedUtil: attempt_202308091802576679823191572736382_0000_m_000000_0: Committed. Elapsed time: 2 ms.
[2023-08-09T18:02:59.332-0300] {spark_submit.py:491} INFO - 23/08/09 18:02:59 INFO Executor: Finished task 0.0 in stage 0.0 (TID 0). 3219 bytes result sent to driver
[2023-08-09T18:02:59.348-0300] {spark_submit.py:491} INFO - 23/08/09 18:02:59 INFO TaskSetManager: Finished task 0.0 in stage 0.0 (TID 0) in 1478 ms on 192.168.0.63 (executor driver) (1/1)
[2023-08-09T18:02:59.361-0300] {spark_submit.py:491} INFO - 23/08/09 18:02:59 INFO TaskSchedulerImpl: Removed TaskSet 0.0, whose tasks have all completed, from pool
[2023-08-09T18:02:59.362-0300] {spark_submit.py:491} INFO - 23/08/09 18:02:59 INFO PythonAccumulatorV2: Connected to AccumulatorServer at host: 127.0.0.1 port: 44881
[2023-08-09T18:02:59.477-0300] {spark_submit.py:491} INFO - 23/08/09 18:02:59 INFO DAGScheduler: ResultStage 0 (csv at NativeMethodAccessorImpl.java:0) finished in 2,054 s
[2023-08-09T18:02:59.480-0300] {spark_submit.py:491} INFO - 23/08/09 18:02:59 INFO DAGScheduler: Job 0 is finished. Cancelling potential speculative or zombie tasks for this job
[2023-08-09T18:02:59.481-0300] {spark_submit.py:491} INFO - 23/08/09 18:02:59 INFO TaskSchedulerImpl: Killing all running tasks in stage 0: Stage finished
[2023-08-09T18:02:59.482-0300] {spark_submit.py:491} INFO - 23/08/09 18:02:59 INFO DAGScheduler: Job 0 finished: csv at NativeMethodAccessorImpl.java:0, took 2,350598 s
[2023-08-09T18:02:59.485-0300] {spark_submit.py:491} INFO - 23/08/09 18:02:59 INFO FileFormatWriter: Start to commit write Job 486c4a5d-b0eb-4522-a2bc-f2cd77256ea9.
[2023-08-09T18:02:59.513-0300] {spark_submit.py:491} INFO - 23/08/09 18:02:59 INFO FileFormatWriter: Write Job 486c4a5d-b0eb-4522-a2bc-f2cd77256ea9 committed. Elapsed time: 25 ms.
[2023-08-09T18:02:59.514-0300] {spark_submit.py:491} INFO - 23/08/09 18:02:59 INFO FileFormatWriter: Finished processing stats for write job 486c4a5d-b0eb-4522-a2bc-f2cd77256ea9.
[2023-08-09T18:02:59.524-0300] {spark_submit.py:491} INFO - [[34m2023-08-09T18:02:59.522-0300[0m] {[34mclientserver.py:[0m543} INFO[0m - Closing down clientserver connection[0m
[2023-08-09T18:02:59.729-0300] {spark_submit.py:491} INFO - 23/08/09 18:02:59 INFO SparkContext: Invoking stop() from shutdown hook
[2023-08-09T18:02:59.730-0300] {spark_submit.py:491} INFO - 23/08/09 18:02:59 INFO SparkContext: SparkContext is stopping with exitCode 0.
[2023-08-09T18:02:59.825-0300] {spark_submit.py:491} INFO - 23/08/09 18:02:59 INFO SparkUI: Stopped Spark web UI at http://192.168.0.63:4040
[2023-08-09T18:02:59.877-0300] {spark_submit.py:491} INFO - 23/08/09 18:02:59 INFO MapOutputTrackerMasterEndpoint: MapOutputTrackerMasterEndpoint stopped!
[2023-08-09T18:02:59.941-0300] {spark_submit.py:491} INFO - 23/08/09 18:02:59 INFO MemoryStore: MemoryStore cleared
[2023-08-09T18:02:59.942-0300] {spark_submit.py:491} INFO - 23/08/09 18:02:59 INFO BlockManager: BlockManager stopped
[2023-08-09T18:02:59.948-0300] {spark_submit.py:491} INFO - 23/08/09 18:02:59 INFO BlockManagerMaster: BlockManagerMaster stopped
[2023-08-09T18:02:59.951-0300] {spark_submit.py:491} INFO - 23/08/09 18:02:59 INFO OutputCommitCoordinator$OutputCommitCoordinatorEndpoint: OutputCommitCoordinator stopped!
[2023-08-09T18:02:59.957-0300] {spark_submit.py:491} INFO - 23/08/09 18:02:59 INFO SparkContext: Successfully stopped SparkContext
[2023-08-09T18:02:59.957-0300] {spark_submit.py:491} INFO - 23/08/09 18:02:59 INFO ShutdownHookManager: Shutdown hook called
[2023-08-09T18:02:59.957-0300] {spark_submit.py:491} INFO - 23/08/09 18:02:59 INFO ShutdownHookManager: Deleting directory /tmp/spark-3110bc6c-debd-44d4-b193-d6c25b72f82a/pyspark-c51656ca-4088-4bd8-aab6-5a1c8c06a3a5
[2023-08-09T18:02:59.959-0300] {spark_submit.py:491} INFO - 23/08/09 18:02:59 INFO ShutdownHookManager: Deleting directory /tmp/spark-3110bc6c-debd-44d4-b193-d6c25b72f82a
[2023-08-09T18:02:59.961-0300] {spark_submit.py:491} INFO - 23/08/09 18:02:59 INFO ShutdownHookManager: Deleting directory /tmp/spark-7a1925a4-159e-4c7f-9eaf-3631213aab73
[2023-08-09T18:03:00.031-0300] {taskinstance.py:1345} INFO - Marking task as SUCCESS. dag_id=Investimento_api, task_id=Extracao_Invest, execution_date=20230809T210240, start_date=20230809T210243, end_date=20230809T210300
[2023-08-09T18:03:00.057-0300] {local_task_job_runner.py:225} INFO - Task exited with return code 0
[2023-08-09T18:03:00.065-0300] {taskinstance.py:2653} INFO - 0 downstream tasks scheduled from follow-on schedule check
